#
# There is insufficient memory for the Java Runtime Environment to continue.
# Native memory allocation (malloc) failed to allocate 1452976 bytes for Chunk::new
# Possible reasons:
#   The system is out of physical RAM or swap space
#   The process is running with CompressedOops enabled, and the Java Heap may be blocking the growth of the native heap
# Possible solutions:
#   Reduce memory load on the system
#   Increase physical memory or swap space
#   Check if swap backing store is full
#   Decrease Java heap size (-Xmx/-Xms)
#   Decrease number of Java threads
#   Decrease Java thread stack sizes (-Xss)
#   Set larger code cache with -XX:ReservedCodeCacheSize=
#   JVM is running with Unscaled Compressed Oops mode in which the Java heap is
#     placed in the first 4GB address space. The Java Heap base address is the
#     maximum limit for the native heap growth. Please use -XX:HeapBaseMinAddress
#     to set the Java Heap base and to place the Java Heap above 4GB virtual address.
# This output file may be truncated or incomplete.
#
#  Out of Memory Error (arena.cpp:189), pid=36876, tid=29552
#
# JRE version: OpenJDK Runtime Environment Temurin-17.0.3+7 (17.0.3+7) (build 17.0.3+7)
# Java VM: OpenJDK 64-Bit Server VM Temurin-17.0.3+7 (17.0.3+7, mixed mode, tiered, compressed oops, compressed class ptrs, parallel gc, windows-amd64)
# No core dump will be written. Minidumps are not enabled by default on client versions of Windows
#

---------------  S U M M A R Y ------------

Command Line: --add-modules=ALL-SYSTEM --add-opens=java.base/java.util=ALL-UNNAMED --add-opens=java.base/java.lang=ALL-UNNAMED --add-opens=java.base/sun.nio.fs=ALL-UNNAMED -Declipse.application=org.eclipse.jdt.ls.core.id1 -Dosgi.bundles.defaultStartLevel=4 -Declipse.product=org.eclipse.jdt.ls.core.product -Djava.import.generatesMetadataFilesAtProjectRoot=false -Dfile.encoding=utf8 -DwatchParentProcess=false -XX:+UseParallelGC -XX:GCTimeRatio=4 -XX:AdaptiveSizePolicyWeight=90 -Dsun.zip.disableMemoryMapping=true -Xmx1G -Xms100m -XX:+HeapDumpOnOutOfMemoryError -XX:HeapDumpPath=c:\Users\timot\AppData\Roaming\Code\User\workspaceStorage\61590eb05be9bdaa79b5291ad44b48cc\redhat.java c:\Users\timot\.vscode\extensions\redhat.java-1.7.0-win32-x64\server\plugins\org.eclipse.equinox.launcher_1.6.400.v20210924-0641.jar -configuration c:\Users\timot\AppData\Roaming\Code\User\globalStorage\redhat.java\1.7.0\config_win -data c:\Users\timot\AppData\Roaming\Code\User\workspaceStorage\61590eb05be9bdaa79b5291ad44b48cc\redhat.java\jdt_ws

Host: Intel(R) Core(TM) i3-7020U CPU @ 2.30GHz, 4 cores, 3G,  Windows 10 , 64 bit Build 19041 (10.0.19041.1706)
Time: Sat Jun 18 11:17:02 2022 Paris, Madrid (heure duild 19041 (10.0.19041.1706) elapsed time: 7.222408 seconds (0d 0h 0m 7s)

---------------  T H R E A D  ---------------

Current thread (0x0000021fb79737f0):  JavaThread "C2 CompilerThread0" daemon [_thread_in_native, id=29552, stack(0x0000004e82200000,0x0000004e82300000)]


Current CompileTask:
C2:   7222 2993       4       jdk.internal.org.objectweb.asm.Frame::execute (2318 bytes)

Stack: [0x0000004e82200000,0x0000004e82300000]
Native frames: (J=compiled Java code, j=interpreted, Vv=VM code, C=native code)
V  [jvm.dll+0x675efa]
V  [jvm.dll+0x830a24]
V  [jvm.dll+0x8321ce]
V  [jvm.dll+0x832833]
V  [jvm.dll+0x2454b5]
V  [jvm.dll+0xabd7b]
V  [jvm.dll+0xac30c]
V  [jvm.dll+0x3635d2]
V  [jvm.dll+0x32dca1]
V  [jvm.dll+0x32d14a]
V  [jvm.dll+0x218361]
V  [jvm.dll+0x217781]
V  [jvm.dll+0x1a3ccd]
V  [jvm.dll+0x227178]
V  [jvm.dll+0x2252bc]
V  [jvm.dll+0x7e673b]
V  [jvm.dll+0x7e0cfa]
V  [jvm.dll+0x674d85]
C  [ucrtbase.dll+0x21bb2]
C  [KERNEL32.DLL+0x17034]
C  [ntdll.dll+0x52651]


---------------  P R O C E S S  ---------------

Threads class SMR info:
_java_thread_list=0x0000021fbb340560, length=23, elements={
0x0000021fa3b1e900, 0x0000021fb7930760, 0x0000021fb79314e0, 0x0000021fb795b2a0,
0x0000021fb795c020, 0x0000021fb795cda0, 0x0000021fb7960680, 0x0000021fb79737f0,
0x0000021fb7974940, 0x0000021fb797aba0, 0x0000021fb7830130, 0x0000021fb9548350,
0x0000021fb9e0bc10, 0x0000021fb9c861c0, 0x0000021fb9c86b40, 0x0000021fb9c6b6a0,
0x0000021fb9f1c020, 0x0000021fbacb2dc0, 0x0000021fbad4e660, 0x0000021fbadaded0,
0x0000021fbadacb90, 0x0000021fbadad060, 0x0000021fbb30c3c0
}

Java Threads: ( => current thread )
  0x0000021fa3b1e900 JavaThread "main" [_thread_in_native, id=39164, stack(0x0000004e81900000,0x0000004e81a00000)]
  0x0000021fb7930760 JavaThread "Reference Handler" daemon [_thread_blocked, id=45892, stack(0x0000004e81c00000,0x0000004e81d00000)]
  0x0000021fb79314e0 JavaThread "Finalizer" daemon [_thread_blocked, id=40460, stack(0x0000004e81d00000,0x0000004e81e00000)]
  0x0000021fb795b2a0 JavaThread "Signal Dispatcher" daemon [_thread_blocked, id=28108, stack(0x0000004e81e00000,0x0000004e81f00000)]
  0x0000021fb795c020 JavaThread "Attach Listener" daemon [_thread_blocked, id=34616, stack(0x0000004e81f00000,0x0000004e82000000)]
  0x0000021fb795cda0 JavaThread "Service Thread" daemon [_thread_blocked, id=45672, stack(0x0000004e82000000,0x0000004e82100000)]
  0x0000021fb7960680 JavaThread "Monitor Deflation Thread" daemon [_thread_blocked, id=45704, stack(0x0000004e82100000,0x0000004e82200000)]
=>0x0000021fb79737f0 JavaThread "C2 CompilerThread0" daemon [_thread_in_native, id=29552, stack(0x0000004e82200000,0x0000004e82300000)]
  0x0000021fb7974940 JavaThread "C1 CompilerThread0" daemon [_thread_in_native, id=45500, stack(0x0000004e82300000,0x0000004e82400000)]
  0x0000021fb797aba0 JavaThread "Sweeper thread" daemon [_thread_blocked, id=42144, stack(0x0000004e82400000,0x0000004e82500000)]
  0x0000021fb7830130 JavaThread "Common-Cleaner" daemon [_thread_blocked, id=1016, stack(0x0000004e82500000,0x0000004e82600000)]
  0x0000021fb9548350 JavaThread "Notification Thread" daemon [_thread_blocked, id=29472, stack(0x0000004e82600000,0x0000004e82700000)]
  0x0000021fb9e0bc10 JavaThread "Active Thread: Equinox Container: 9a8ae363-c087-4799-a7df-79d1ed5f5e7a" [_thread_blocked, id=46072, stack(0x0000004e82900000,0x0000004e82a00000)]
  0x0000021fb9c861c0 JavaThread "Framework Event Dispatcher: Equinox Container: 9a8ae363-c087-4799-a7df-79d1ed5f5e7a" daemon [_thread_blocked, id=1472, stack(0x0000004e82a00000,0x0000004e82b00000)]
  0x0000021fb9c86b40 JavaThread "Start Level: Equinox Container: 9a8ae363-c087-4799-a7df-79d1ed5f5e7a" daemon [_thread_blocked, id=23660, stack(0x0000004e82e00000,0x0000004e82f00000)]
  0x0000021fb9c6b6a0 JavaThread "SCR Component Actor" daemon [_thread_blocked, id=27652, stack(0x0000004e82f00000,0x0000004e83000000)]
  0x0000021fb9f1c020 JavaThread "Timer-0" [_thread_blocked, id=23016, stack(0x0000004e82800000,0x0000004e82900000)]
  0x0000021fbacb2dc0 JavaThread "Worker-JM" [_thread_blocked, id=36228, stack(0x0000004e83000000,0x0000004e83100000)]
  0x0000021fbad4e660 JavaThread "Worker-0: Updating Maven Dependencies" [_thread_in_Java, id=41688, stack(0x0000004e83200000,0x0000004e83300000)]
  0x0000021fbadaded0 JavaThread "Worker-1" [_thread_blocked, id=41836, stack(0x0000004e83300000,0x0000004e83400000)]
  0x0000021fbadacb90 JavaThread "Java indexing" daemon [_thread_blocked, id=13064, stack(0x0000004e83100000,0x0000004e83200000)]
  0x0000021fbadad060 JavaThread "Worker-2: Repository registry initialization" [_thread_blocked, id=33692, stack(0x0000004e83400000,0x0000004e83500000)]
  0x0000021fbb30c3c0 JavaThread "C2 CompilerThread1" daemon [_thread_in_native, id=14516, stack(0x0000004e83500000,0x0000004e83600000)]

Other Threads:
  0x0000021fb79182e0 VMThread "VM Thread" [stack: 0x0000004e81b00000,0x0000004e81c00000] [id=16420]
  0x0000021fb9548820 WatcherThread [stack: 0x0000004e82700000,0x0000004e82800000] [id=44716]
  0x0000021fa3b302e0 GCTaskThread "GC Thread#0" [stack: 0x0000004e81a00000,0x0000004e81b00000] [id=32340]
  0x0000021fb9ab5ad0 GCTaskThread "GC Thread#1" [stack: 0x0000004e82b00000,0x0000004e82c00000] [id=36980]
  0x0000021fb99412d0 GCTaskThread "GC Thread#2" [stack: 0x0000004e82c00000,0x0000004e82d00000] [id=36236]
  0x0000021fb9a80dc0 GCTaskThread "GC Thread#3" [stack: 0x0000004e82d00000,0x0000004e82e00000] [id=43740]

Threads with active compile tasks:
C2 CompilerThread0     7385 2993       4       jdk.internal.org.objectweb.asm.Frame::execute (2318 bytes)
C1 CompilerThread0     7385 3133   !   3       com.google.common.cache.LocalCache$Segment::get (210 bytes)
C2 CompilerThread1     7385 2923   !   4       org.eclipse.osgi.internal.loader.classpath.ClasspathManager::findLocalClass (210 bytes)

VM state: not at safepoint (normal execution)

VM Mutex/Monitor currently owned by a thread: None

Heap address: 0x00000000c0000000, size: 1024 MB, Compressed Oops mode: 32-bit

CDS archive(s) not mapped
Compressed class space mapped at: 0x0000000100000000-0x0000000140000000, reserved size: 1073741824
Narrow klass base: 0x0000000000000000, Narrow klass shift: 3, Narrow klass range: 0x140000000

GC Precious Log:
 CPUs: 4 total, 4 available
 Memory: 4007M
 Large Page Support: Disabled
 NUMA Support: Disabled
 Compressed Oops: Enabled (32-bit)
 Alignments: Space 512K, Generation 512K, Heap 2M
 Heap Min Capacity: 100M
 Heap Initial Capacity: 100M
 Heap Max Capacity: 1G
 Pre-touch: Disabled
 Parallel Workers: 4

Heap:
 PSYoungGen      total 29696K, used 9513K [0x00000000eab00000, 0x00000000ecc00000, 0x0000000100000000)
  eden space 25600K, 37% used [0x00000000eab00000,0x00000000eb44a778,0x00000000ec400000)
  from space 4096K, 0% used [0x00000000ec400000,0x00000000ec400000,0x00000000ec800000)
  to   space 4096K, 0% used [0x00000000ec800000,0x00000000ec800000,0x00000000ecc00000)
 ParOldGen       total 68608K, used 11530K [0x00000000c0000000, 0x00000000c4300000, 0x00000000eab00000)
  object space 68608K, 16% used [0x00000000c0000000,0x00000000c0b42b48,0x00000000c4300000)
 Metaspace       used 37812K, committed 38464K, reserved 1089536K
  class space    used 4029K, committed 4352K, reserved 1048576K

Card table byte_map: [0x0000021fa3510000,0x0000021fa3720000] _byte_map_base: 0x0000021fa2f10000

Marking Bits: (ParMarkBitMap*) 0x00007ff90bb04b80
 Begin Bits: [0x0000021fb57b0000, 0x0000021fb67b0000)
 End Bits:   [0x0000021fb67b0000, 0x0000021fb77b0000)

Polling page: 0x0000021fa3300000

Metaspace:

Usage:
  Non-class:     32.99 MB used.
      Class:      3.94 MB used.
       Both:     36.93 MB used.

Virtual space:
  Non-class space:       40.00 MB reserved,      33.31 MB ( 83%) committed,  5 nodes.
      Class space:        1.00 GB reserved,       4.25 MB ( <1%) committed,  1 nodes.
             Both:        1.04 GB reserved,      37.56 MB (  4%) committed. 

Chunk freelists:
   Non-Class:  2.03 MB
       Class:  3.61 MB
        Both:  5.64 MB

MaxMetaspaceSize: unlimited
CompressedClassSpaceSize: 1.00 GB
Initial GC threshold: 21.00 MB
Current GC threshold: 58.38 MB
CDS: off
MetaspaceReclaimPolicy: balanced
 - commit_granule_bytes: 65536.
 - commit_granule_words: 8192.
 - virtual_space_node_default_size: 1048576.
 - enlarge_chunks_in_place: 1.
 - new_chunks_are_fully_committed: 0.
 - uncommit_free_chunks: 1.
 - use_allocation_guard: 0.
 - handle_deallocations: 1.


Internal statistics:

num_allocs_failed_limit: 6.
num_arena_births: 232.
num_arena_deaths: 0.
num_vsnodes_births: 6.
num_vsnodes_deaths: 0.
num_space_committed: 601.
num_space_uncommitted: 0.
num_chunks_returned_to_freelist: 6.
num_chunks_taken_from_freelist: 1426.
num_chunk_merges: 6.
num_chunk_splits: 965.
num_chunks_enlarged: 664.
num_purges: 0.
num_inconsistent_stats: 0.

CodeHeap 'non-profiled nmethods': size=120000Kb used=1325Kb max_used=1325Kb free=118675Kb
 bounds [0x0000021fae280000, 0x0000021fae4f0000, 0x0000021fb57b0000]
CodeHeap 'profiled nmethods': size=120000Kb used=6318Kb max_used=6318Kb free=113681Kb
 bounds [0x0000021fa6d50000, 0x0000021fa7380000, 0x0000021fae280000]
CodeHeap 'non-nmethods': size=5760Kb used=1256Kb max_used=1334Kb free=4503Kb
 bounds [0x0000021fa67b0000, 0x0000021fa6a20000, 0x0000021fa6d50000]
 total_blobs=3689 nmethods=3116 adapters=487
 compilation: enabled
              stopped_count=0, restarted_count=0
 full_count=0

Compilation events (20 events):
Event: 7.201 Thread 0x0000021fb7974940 3053       3       jdk.internal.org.objectweb.asm.MethodWriter::addSuccessorToCurrentBasicBlock (24 bytes)
Event: 7.202 Thread 0x0000021fb7974940 nmethod 3053 0x0000021fa7357b10 code [0x0000021fa7357cc0, 0x0000021fa7357f38]
Event: 7.202 Thread 0x0000021fb7974940 3054       1       java.lang.reflect.Constructor::getSignature (5 bytes)
Event: 7.203 Thread 0x0000021fb7974940 nmethod 3054 0x0000021fae3c8410 code [0x0000021fae3c85a0, 0x0000021fae3c8678]
Event: 7.203 Thread 0x0000021fb7974940 3055       3       com.google.inject.spi.Elements$RecordingBinder::withSource (6 bytes)
Event: 7.203 Thread 0x0000021fb7974940 nmethod 3055 0x0000021fa7358090 code [0x0000021fa7358240, 0x0000021fa7358388]
Event: 7.203 Thread 0x0000021fb7974940 3056       3       com.google.inject.spi.Elements$RecordingBinder::withSource (23 bytes)
Event: 7.203 Thread 0x0000021fb7974940 nmethod 3056 0x0000021fa7358410 code [0x0000021fa73585c0, 0x0000021fa73587e8]
Event: 7.203 Thread 0x0000021fb7974940 3057       3       java.lang.PublicMethods$Key::hashCode (19 bytes)
Event: 7.204 Thread 0x0000021fb7974940 nmethod 3057 0x0000021fa7358890 code [0x0000021fa7358a40, 0x0000021fa7358bd8]
Event: 7.204 Thread 0x0000021fb7974940 3058       3       jdk.internal.org.objectweb.asm.Frame::getConcreteOutputType (111 bytes)
Event: 7.204 Thread 0x0000021fb7974940 nmethod 3058 0x0000021fa7358c90 code [0x0000021fa7358e40, 0x0000021fa7359218]
Event: 7.204 Thread 0x0000021fb7974940 3059       1       com.google.inject.spi.InjectionPoint::getDependencies (5 bytes)
Event: 7.204 Thread 0x0000021fb7974940 nmethod 3059 0x0000021fae3c8710 code [0x0000021fae3c88a0, 0x0000021fae3c8978]
Event: 7.204 Thread 0x0000021fb7974940 3060       3       jdk.internal.org.objectweb.asm.Frame::putAbstractType (379 bytes)
Event: 7.207 Thread 0x0000021fb7974940 nmethod 3060 0x0000021fa7359390 code [0x0000021fa73597c0, 0x0000021fa735aed8]
Event: 7.209 Thread 0x0000021fb7974940 3061       3       java.lang.reflect.Field::getAnnotation (23 bytes)
Event: 7.210 Thread 0x0000021fb7974940 nmethod 3061 0x0000021fa735b910 code [0x0000021fa735bb20, 0x0000021fa735c1a8]
Event: 7.215 Thread 0x0000021fb7974940 3062       3       java.util.HashMap::prepareArray (38 bytes)
Event: 7.216 Thread 0x0000021fb7974940 nmethod 3062 0x0000021fa735c410 code [0x0000021fa735c600, 0x0000021fa735cb98]

GC Heap History (14 events):
Event: 2.163 GC heap before
{Heap before GC invocations=1 (full 0):
 PSYoungGen      total 29696K, used 25600K [0x00000000eab00000, 0x00000000ecc00000, 0x0000000100000000)
  eden space 25600K, 100% used [0x00000000eab00000,0x00000000ec400000,0x00000000ec400000)
  from space 4096K, 0% used [0x00000000ec800000,0x00000000ec800000,0x00000000ecc00000)
  to   space 4096K, 0% used [0x00000000ec400000,0x00000000ec400000,0x00000000ec800000)
 ParOldGen       total 68608K, used 0K [0x00000000c0000000, 0x00000000c4300000, 0x00000000eab00000)
  object space 68608K, 0% used [0x00000000c0000000,0x00000000c0000000,0x00000000c4300000)
 Metaspace       used 12833K, committed 13056K, reserved 1064960K
  class space    used 1290K, committed 1408K, reserved 1048576K
}
Event: 2.173 GC heap after
{Heap after GC invocations=1 (full 0):
 PSYoungGen      total 29696K, used 4072K [0x00000000eab00000, 0x00000000ecc00000, 0x0000000100000000)
  eden space 25600K, 0% used [0x00000000eab00000,0x00000000eab00000,0x00000000ec400000)
  from space 4096K, 99% used [0x00000000ec400000,0x00000000ec7fa2d8,0x00000000ec800000)
  to   space 4096K, 0% used [0x00000000ec800000,0x00000000ec800000,0x00000000ecc00000)
 ParOldGen       total 68608K, used 532K [0x00000000c0000000, 0x00000000c4300000, 0x00000000eab00000)
  object space 68608K, 0% used [0x00000000c0000000,0x00000000c0085030,0x00000000c4300000)
 Metaspace       used 12833K, committed 13056K, reserved 1064960K
  class space    used 1290K, committed 1408K, reserved 1048576K
}
Event: 4.304 GC heap before
{Heap before GC invocations=2 (full 0):
 PSYoungGen      total 29696K, used 29672K [0x00000000eab00000, 0x00000000ecc00000, 0x0000000100000000)
  eden space 25600K, 100% used [0x00000000eab00000,0x00000000ec400000,0x00000000ec400000)
  from space 4096K, 99% used [0x00000000ec400000,0x00000000ec7fa2d8,0x00000000ec800000)
  to   space 4096K, 0% used [0x00000000ec800000,0x00000000ec800000,0x00000000ecc00000)
 ParOldGen       total 68608K, used 532K [0x00000000c0000000, 0x00000000c4300000, 0x00000000eab00000)
  object space 68608K, 0% used [0x00000000c0000000,0x00000000c0085030,0x00000000c4300000)
 Metaspace       used 21117K, committed 21504K, reserved 1073152K
  class space    used 2180K, committed 2368K, reserved 1048576K
}
Event: 4.320 GC heap after
{Heap after GC invocations=2 (full 0):
 PSYoungGen      total 29696K, used 4078K [0x00000000eab00000, 0x00000000ecc00000, 0x0000000100000000)
  eden space 25600K, 0% used [0x00000000eab00000,0x00000000eab00000,0x00000000ec400000)
  from space 4096K, 99% used [0x00000000ec800000,0x00000000ecbfb908,0x00000000ecc00000)
  to   space 4096K, 0% used [0x00000000ec400000,0x00000000ec400000,0x00000000ec800000)
 ParOldGen       total 68608K, used 3856K [0x00000000c0000000, 0x00000000c4300000, 0x00000000eab00000)
  object space 68608K, 5% used [0x00000000c0000000,0x00000000c03c41b8,0x00000000c4300000)
 Metaspace       used 21117K, committed 21504K, reserved 1073152K
  class space    used 2180K, committed 2368K, reserved 1048576K
}
Event: 4.320 GC heap before
{Heap before GC invocations=3 (full 1):
 PSYoungGen      total 29696K, used 4078K [0x00000000eab00000, 0x00000000ecc00000, 0x0000000100000000)
  eden space 25600K, 0% used [0x00000000eab00000,0x00000000eab00000,0x00000000ec400000)
  from space 4096K, 99% used [0x00000000ec800000,0x00000000ecbfb908,0x00000000ecc00000)
  to   space 4096K, 0% used [0x00000000ec400000,0x00000000ec400000,0x00000000ec800000)
 ParOldGen       total 68608K, used 3856K [0x00000000c0000000, 0x00000000c4300000, 0x00000000eab00000)
  object space 68608K, 5% used [0x00000000c0000000,0x00000000c03c41b8,0x00000000c4300000)
 Metaspace       used 21117K, committed 21504K, reserved 1073152K
  class space    used 2180K, committed 2368K, reserved 1048576K
}
Event: 4.369 GC heap after
{Heap after GC invocations=3 (full 1):
 PSYoungGen      total 29696K, used 0K [0x00000000eab00000, 0x00000000ecc00000, 0x0000000100000000)
  eden space 25600K, 0% used [0x00000000eab00000,0x00000000eab00000,0x00000000ec400000)
  from space 4096K, 0% used [0x00000000ec800000,0x00000000ec800000,0x00000000ecc00000)
  to   space 4096K, 0% used [0x00000000ec400000,0x00000000ec400000,0x00000000ec800000)
 ParOldGen       total 68608K, used 7846K [0x00000000c0000000, 0x00000000c4300000, 0x00000000eab00000)
  object space 68608K, 11% used [0x00000000c0000000,0x00000000c07a9ba0,0x00000000c4300000)
 Metaspace       used 21117K, committed 21504K, reserved 1073152K
  class space    used 2180K, committed 2368K, reserved 1048576K
}
Event: 5.140 GC heap before
{Heap before GC invocations=4 (full 1):
 PSYoungGen      total 29696K, used 25600K [0x00000000eab00000, 0x00000000ecc00000, 0x0000000100000000)
  eden space 25600K, 100% used [0x00000000eab00000,0x00000000ec400000,0x00000000ec400000)
  from space 4096K, 0% used [0x00000000ec800000,0x00000000ec800000,0x00000000ecc00000)
  to   space 4096K, 0% used [0x00000000ec400000,0x00000000ec400000,0x00000000ec800000)
 ParOldGen       total 68608K, used 7846K [0x00000000c0000000, 0x00000000c4300000, 0x00000000eab00000)
  object space 68608K, 11% used [0x00000000c0000000,0x00000000c07a9ba0,0x00000000c4300000)
 Metaspace       used 28320K, committed 28736K, reserved 1081344K
  class space    used 2788K, committed 2944K, reserved 1048576K
}
Event: 5.142 GC heap after
{Heap after GC invocations=4 (full 1):
 PSYoungGen      total 29696K, used 1916K [0x00000000eab00000, 0x00000000ecc00000, 0x0000000100000000)
  eden space 25600K, 0% used [0x00000000eab00000,0x00000000eab00000,0x00000000ec400000)
  from space 4096K, 46% used [0x00000000ec400000,0x00000000ec5df0a8,0x00000000ec800000)
  to   space 4096K, 0% used [0x00000000ec800000,0x00000000ec800000,0x00000000ecc00000)
 ParOldGen       total 68608K, used 7854K [0x00000000c0000000, 0x00000000c4300000, 0x00000000eab00000)
  object space 68608K, 11% used [0x00000000c0000000,0x00000000c07abba0,0x00000000c4300000)
 Metaspace       used 28320K, committed 28736K, reserved 1081344K
  class space    used 2788K, committed 2944K, reserved 1048576K
}
Event: 6.511 GC heap before
{Heap before GC invocations=5 (full 1):
 PSYoungGen      total 29696K, used 27516K [0x00000000eab00000, 0x00000000ecc00000, 0x0000000100000000)
  eden space 25600K, 100% used [0x00000000eab00000,0x00000000ec400000,0x00000000ec400000)
  from space 4096K, 46% used [0x00000000ec400000,0x00000000ec5df0a8,0x00000000ec800000)
  to   space 4096K, 0% used [0x00000000ec800000,0x00000000ec800000,0x00000000ecc00000)
 ParOldGen       total 68608K, used 7854K [0x00000000c0000000, 0x00000000c4300000, 0x00000000eab00000)
  object space 68608K, 11% used [0x00000000c0000000,0x00000000c07abba0,0x00000000c4300000)
 Metaspace       used 34172K, committed 34688K, reserved 1081344K
  class space    used 3544K, committed 3776K, reserved 1048576K
}
Event: 6.514 GC heap after
{Heap after GC invocations=5 (full 1):
 PSYoungGen      total 29696K, used 3610K [0x00000000eab00000, 0x00000000ecc00000, 0x0000000100000000)
  eden space 25600K, 0% used [0x00000000eab00000,0x00000000eab00000,0x00000000ec400000)
  from space 4096K, 88% used [0x00000000ec800000,0x00000000ecb86b70,0x00000000ecc00000)
  to   space 4096K, 0% used [0x00000000ec400000,0x00000000ec400000,0x00000000ec800000)
 ParOldGen       total 68608K, used 7862K [0x00000000c0000000, 0x00000000c4300000, 0x00000000eab00000)
  object space 68608K, 11% used [0x00000000c0000000,0x00000000c07adba0,0x00000000c4300000)
 Metaspace       used 34172K, committed 34688K, reserved 1081344K
  class space    used 3544K, committed 3776K, reserved 1048576K
}
Event: 6.734 GC heap before
{Heap before GC invocations=6 (full 1):
 PSYoungGen      total 29696K, used 8736K [0x00000000eab00000, 0x00000000ecc00000, 0x0000000100000000)
  eden space 25600K, 20% used [0x00000000eab00000,0x00000000eb0014d0,0x00000000ec400000)
  from space 4096K, 88% used [0x00000000ec800000,0x00000000ecb86b70,0x00000000ecc00000)
  to   space 4096K, 0% used [0x00000000ec400000,0x00000000ec400000,0x00000000ec800000)
 ParOldGen       total 68608K, used 7862K [0x00000000c0000000, 0x00000000c4300000, 0x00000000eab00000)
  object space 68608K, 11% used [0x00000000c0000000,0x00000000c07adba0,0x00000000c4300000)
 Metaspace       used 35301K, committed 35840K, reserved 1081344K
  class space    used 3677K, committed 3968K, reserved 1048576K
}
Event: 6.741 GC heap after
{Heap after GC invocations=6 (full 1):
 PSYoungGen      total 29696K, used 3879K [0x00000000eab00000, 0x00000000ecc00000, 0x0000000100000000)
  eden space 25600K, 0% used [0x00000000eab00000,0x00000000eab00000,0x00000000ec400000)
  from space 4096K, 94% used [0x00000000ec400000,0x00000000ec7c9d38,0x00000000ec800000)
  to   space 4096K, 0% used [0x00000000ec800000,0x00000000ec800000,0x00000000ecc00000)
 ParOldGen       total 68608K, used 7870K [0x00000000c0000000, 0x00000000c4300000, 0x00000000eab00000)
  object space 68608K, 11% used [0x00000000c0000000,0x00000000c07afba0,0x00000000c4300000)
 Metaspace       used 35301K, committed 35840K, reserved 1081344K
  class space    used 3677K, committed 3968K, reserved 1048576K
}
Event: 6.741 GC heap before
{Heap before GC invocations=7 (full 2):
 PSYoungGen      total 29696K, used 3879K [0x00000000eab00000, 0x00000000ecc00000, 0x0000000100000000)
  eden space 25600K, 0% used [0x00000000eab00000,0x00000000eab00000,0x00000000ec400000)
  from space 4096K, 94% used [0x00000000ec400000,0x00000000ec7c9d38,0x00000000ec800000)
  to   space 4096K, 0% used [0x00000000ec800000,0x00000000ec800000,0x00000000ecc00000)
 ParOldGen       total 68608K, used 7870K [0x00000000c0000000, 0x00000000c4300000, 0x00000000eab00000)
  object space 68608K, 11% used [0x00000000c0000000,0x00000000c07afba0,0x00000000c4300000)
 Metaspace       used 35301K, committed 35840K, reserved 1081344K
  class space    used 3677K, committed 3968K, reserved 1048576K
}
Event: 6.812 GC heap after
{Heap after GC invocations=7 (full 2):
 PSYoungGen      total 29696K, used 0K [0x00000000eab00000, 0x00000000ecc00000, 0x0000000100000000)
  eden space 25600K, 0% used [0x00000000eab00000,0x00000000eab00000,0x00000000ec400000)
  from space 4096K, 0% used [0x00000000ec400000,0x00000000ec400000,0x00000000ec800000)
  to   space 4096K, 0% used [0x00000000ec800000,0x00000000ec800000,0x00000000ecc00000)
 ParOldGen       total 68608K, used 11530K [0x00000000c0000000, 0x00000000c4300000, 0x00000000eab00000)
  object space 68608K, 16% used [0x00000000c0000000,0x00000000c0b42b48,0x00000000c4300000)
 Metaspace       used 35301K, committed 35840K, reserved 1081344K
  class space    used 3677K, committed 3968K, reserved 1048576K
}

Deoptimization events (20 events):
Event: 6.393 Thread 0x0000021fbad4e660 Uncommon trap: trap_request=0xffffffde fr.pc=0x0000021fae322350 relative=0x00000000000002b0
Event: 6.393 Thread 0x0000021fbad4e660 Uncommon trap: reason=class_check action=maybe_recompile pc=0x0000021fae322350 method=java.io.FilterInputStream.read()I @ 4 c2
Event: 6.393 Thread 0x0000021fbad4e660 DEOPT PACKING pc=0x0000021fae322350 sp=0x0000004e832fe740
Event: 6.393 Thread 0x0000021fbad4e660 DEOPT UNPACKING pc=0x0000021fa68020a3 sp=0x0000004e832fe700 mode 2
Event: 6.404 Thread 0x0000021fbad4e660 Uncommon trap: trap_request=0xffffffde fr.pc=0x0000021fae322350 relative=0x00000000000002b0
Event: 6.404 Thread 0x0000021fbad4e660 Uncommon trap: reason=class_check action=maybe_recompile pc=0x0000021fae322350 method=java.io.FilterInputStream.read()I @ 4 c2
Event: 6.404 Thread 0x0000021fbad4e660 DEOPT PACKING pc=0x0000021fae322350 sp=0x0000004e832fe740
Event: 6.404 Thread 0x0000021fbad4e660 DEOPT UNPACKING pc=0x0000021fa68020a3 sp=0x0000004e832fe700 mode 2
Event: 6.409 Thread 0x0000021fbad4e660 Uncommon trap: trap_request=0xffffffde fr.pc=0x0000021fae322350 relative=0x00000000000002b0
Event: 6.409 Thread 0x0000021fbad4e660 Uncommon trap: reason=class_check action=maybe_recompile pc=0x0000021fae322350 method=java.io.FilterInputStream.read()I @ 4 c2
Event: 6.409 Thread 0x0000021fbad4e660 DEOPT PACKING pc=0x0000021fae322350 sp=0x0000004e832fe740
Event: 6.409 Thread 0x0000021fbad4e660 DEOPT UNPACKING pc=0x0000021fa68020a3 sp=0x0000004e832fe700 mode 2
Event: 6.410 Thread 0x0000021fbad4e660 Uncommon trap: trap_request=0xffffffde fr.pc=0x0000021fae322350 relative=0x00000000000002b0
Event: 6.410 Thread 0x0000021fbad4e660 Uncommon trap: reason=class_check action=maybe_recompile pc=0x0000021fae322350 method=java.io.FilterInputStream.read()I @ 4 c2
Event: 6.410 Thread 0x0000021fbad4e660 DEOPT PACKING pc=0x0000021fae322350 sp=0x0000004e832fe740
Event: 6.410 Thread 0x0000021fbad4e660 DEOPT UNPACKING pc=0x0000021fa68020a3 sp=0x0000004e832fe700 mode 2
Event: 6.453 Thread 0x0000021fbad4e660 DEOPT PACKING pc=0x0000021fa72c31d9 sp=0x0000004e832fe570
Event: 6.453 Thread 0x0000021fbad4e660 DEOPT UNPACKING pc=0x0000021fa6802843 sp=0x0000004e832fd9c8 mode 0
Event: 6.555 Thread 0x0000021fa3b1e900 DEOPT PACKING pc=0x0000021fa70e4e4e sp=0x0000004e819f8b30
Event: 6.555 Thread 0x0000021fa3b1e900 DEOPT UNPACKING pc=0x0000021fa6802843 sp=0x0000004e819f7f78 mode 0

Classes unloaded (0 events):
No events

Classes redefined (0 events):
No events

Internal exceptions (20 events):
Event: 3.985 Thread 0x0000021fb9c86b40 Exception <a 'java/lang/NoSuchMethodError'{0x00000000ebc23140}: 'int java.lang.invoke.DirectMethodHandle$Holder.invokeStaticInit(java.lang.Object, java.lang.Object, java.lang.Object)'> (0x00000000ebc23140) 
thrown [e:\jenkins\tmp\workspace\build\src\src\hotspot\share\interpreter\linkResolver.cpp, line 766]
Event: 3.995 Thread 0x0000021fb9c86b40 Exception <a 'java/lang/IncompatibleClassChangeError'{0x00000000ebc57180}: Found class java.lang.Object, but interface was expected> (0x00000000ebc57180) 
thrown [e:\jenkins\tmp\workspace\build\src\src\hotspot\share\interpreter\linkResolver.cpp, line 833]
Event: 4.110 Thread 0x0000021fb9c86b40 Exception <a 'java/lang/NoClassDefFoundError'{0x00000000ebe70598}: org/slf4j/impl/StaticLoggerBinder> (0x00000000ebe70598) 
thrown [e:\jenkins\tmp\workspace\build\src\src\hotspot\share\classfile\systemDictionary.cpp, line 245]
Event: 4.115 Thread 0x0000021fb9c86b40 Exception <a 'java/lang/NullPointerException'{0x00000000ebe83370}> (0x00000000ebe83370) 
thrown [e:\jenkins\tmp\workspace\build\src\src\hotspot\share\interpreter\linkResolver.cpp, line 1357]
Event: 4.115 Thread 0x0000021fb9c86b40 Exception <a 'java/lang/NullPointerException'{0x00000000ebe83e40}> (0x00000000ebe83e40) 
thrown [e:\jenkins\tmp\workspace\build\src\src\hotspot\share\interpreter\linkResolver.cpp, line 1357]
Event: 4.383 Thread 0x0000021fb9c86b40 Exception <a 'java/lang/NoSuchMethodError'{0x00000000eab984e0}: 'void java.lang.invoke.DirectMethodHandle$Holder.invokeSpecial(java.lang.Object, java.lang.Object, java.lang.Object, int)'> (0x00000000eab984e0) 
thrown [e:\jenkins\tmp\workspace\build\src\src\hotspot\share\interpreter\linkResolver.cpp, line 766]
Event: 5.009 Thread 0x0000021fb9c86b40 Exception <a 'java/lang/ClassNotFoundException'{0x00000000ec16c5d8}: com/sun/org/apache/xerces/internal/impl/msg/spi/DOMMessagesProvider> (0x00000000ec16c5d8) 
thrown [e:\jenkins\tmp\workspace\build\src\src\hotspot\share\classfile\systemDictionary.cpp, line 256]
Event: 5.015 Thread 0x0000021fb9c86b40 Exception <a 'java/lang/ClassNotFoundException'{0x00000000ec1948d8}: com/sun/org/apache/xerces/internal/impl/msg/spi/XMLSerializerMessagesProvider> (0x00000000ec1948d8) 
thrown [e:\jenkins\tmp\workspace\build\src\src\hotspot\share\classfile\systemDictionary.cpp, line 256]
Event: 5.017 Thread 0x0000021fb9c86b40 Exception <a 'java/lang/ClassNotFoundException'{0x00000000ec1acf20}: com/sun/org/apache/xerces/internal/impl/msg/spi/XMLMessagesProvider> (0x00000000ec1acf20) 
thrown [e:\jenkins\tmp\workspace\build\src\src\hotspot\share\classfile\systemDictionary.cpp, line 256]
Event: 5.176 Thread 0x0000021fb9c86b40 Exception <a 'java/lang/ClassNotFoundException'{0x00000000eab42d80}: com/sun/org/apache/xml/internal/serializer/spi/XMLEntitiesProvider> (0x00000000eab42d80) 
thrown [e:\jenkins\tmp\workspace\build\src\src\hotspot\share\classfile\systemDictionary.cpp, line 256]
Event: 5.365 Thread 0x0000021fb9c86b40 Exception <a 'java/io/FileNotFoundException'{0x00000000eadd6388}> (0x00000000eadd6388) 
thrown [e:\jenkins\tmp\workspace\build\src\src\hotspot\share\prims\jni.cpp, line 516]
Event: 5.429 Thread 0x0000021fbad4e660 Exception <a 'java/lang/NoSuchMethodError'{0x00000000eabc49f8}: 'java.lang.Object java.lang.invoke.DirectMethodHandle$Holder.newInvokeSpecial(java.lang.Object, java.lang.Object, java.lang.Object, java.lang.Object, java.lang.Object)'> (0x00000000eabc49f8) 
thrown [e:\jenkins\tmp\workspace\build\src\src\hotspot\share\interpreter\linkResolver.cpp, line 766]
Event: 6.065 Thread 0x0000021fb9c86b40 Exception <a 'java/lang/UnsatisfiedLinkError'{0x00000000eb4d7718}: La procédure spécifiée est introuvable.
> (0x00000000eb4d7718) 
thrown [e:\jenkins\tmp\workspace\build\src\src\hotspot\share\prims\jni.cpp, line 535]
Event: 6.075 Thread 0x0000021fb9c86b40 Exception <a 'java/io/FileNotFoundException'{0x00000000eb4e3740}> (0x00000000eb4e3740) 
thrown [e:\jenkins\tmp\workspace\build\src\src\hotspot\share\prims\jni.cpp, line 516]
Event: 6.090 Thread 0x0000021fb9c86b40 Exception <a 'java/io/FileNotFoundException'{0x00000000eb50db40}> (0x00000000eb50db40) 
thrown [e:\jenkins\tmp\workspace\build\src\src\hotspot\share\prims\jni.cpp, line 516]
Event: 6.119 Thread 0x0000021fb9c86b40 Exception <a 'java/lang/UnsatisfiedLinkError'{0x00000000eb6a93b0}: La procédure spécifiée est introuvable.
> (0x00000000eb6a93b0) 
thrown [e:\jenkins\tmp\workspace\build\src\src\hotspot\share\prims\jni.cpp, line 535]
Event: 6.179 Thread 0x0000021fbad4e660 Exception <a 'java/lang/NoClassDefFoundError'{0x00000000eb7d62e8}: javax/enterprise/inject/Typed> (0x00000000eb7d62e8) 
thrown [e:\jenkins\tmp\workspace\build\src\src\hotspot\share\classfile\systemDictionary.cpp, line 245]
Event: 6.225 Thread 0x0000021fbad4e660 Implicit null exception at 0x0000021fae3255d7 to 0x0000021fae325870
Event: 6.236 Thread 0x0000021fbad4e660 Implicit null exception at 0x0000021fae307fd6 to 0x0000021fae30823c
Event: 7.134 Thread 0x0000021fa3b1e900 Exception <a 'java/lang/NoSuchMethodError'{0x00000000eaeffce0}: 'void java.lang.invoke.DirectMethodHandle$Holder.invokeStatic(java.lang.Object, java.lang.Object, java.lang.Object, java.lang.Object)'> (0x00000000eaeffce0) 
thrown [e:\jenkins\tmp\workspace\build\src\src\hotspot\share\interpreter\linkResolver.cpp, line 766]

VM Operations (20 events):
Event: 5.438 Executing VM operation: HandshakeAllThreads
Event: 5.438 Executing VM operation: HandshakeAllThreads done
Event: 5.460 Executing VM operation: HandshakeAllThreads
Event: 5.460 Executing VM operation: HandshakeAllThreads done
Event: 6.034 Executing VM operation: HandshakeAllThreads
Event: 6.034 Executing VM operation: HandshakeAllThreads done
Event: 6.044 Executing VM operation: HandshakeAllThreads
Event: 6.044 Executing VM operation: HandshakeAllThreads done
Event: 6.092 Executing VM operation: HandshakeAllThreads
Event: 6.092 Executing VM operation: HandshakeAllThreads done
Event: 6.353 Executing VM operation: ICBufferFull
Event: 6.355 Executing VM operation: ICBufferFull done
Event: 6.438 Executing VM operation: HandshakeAllThreads
Event: 6.438 Executing VM operation: HandshakeAllThreads done
Event: 6.510 Executing VM operation: ParallelGCFailedAllocation
Event: 6.515 Executing VM operation: ParallelGCFailedAllocation done
Event: 6.640 Executing VM operation: HandshakeAllThreads
Event: 6.640 Executing VM operation: HandshakeAllThreads done
Event: 6.734 Executing VM operation: CollectForMetadataAllocation
Event: 6.850 Executing VM operation: CollectForMetadataAllocation done

Events (20 events):
Event: 7.057 loading class java/util/stream/Nodes$ArrayNode done
Event: 7.057 loading class java/util/stream/Nodes$FixedNodeBuilder done
Event: 7.058 loading class sun/reflect/generics/scope/MethodScope
Event: 7.058 loading class sun/reflect/generics/scope/MethodScope done
Event: 7.058 loading class sun/reflect/generics/repository/MethodRepository
Event: 7.058 loading class sun/reflect/generics/repository/ConstructorRepository
Event: 7.058 loading class sun/reflect/generics/repository/ConstructorRepository done
Event: 7.058 loading class sun/reflect/generics/repository/MethodRepository done
Event: 7.058 loading class sun/reflect/generics/tree/MethodTypeSignature
Event: 7.058 loading class sun/reflect/generics/tree/MethodTypeSignature done
Event: 7.097 loading class sun/reflect/generics/scope/ConstructorScope
Event: 7.097 loading class sun/reflect/generics/scope/ConstructorScope done
Event: 7.097 loading class sun/reflect/generics/tree/VoidDescriptor
Event: 7.097 loading class sun/reflect/generics/tree/VoidDescriptor done
Event: 7.137 loading class jdk/internal/vm/annotation/IntrinsicCandidate
Event: 7.137 loading class jdk/internal/vm/annotation/IntrinsicCandidate done
Event: 7.191 loading class javax/net/ssl/SSLSocketFactory
Event: 7.193 loading class javax/net/SocketFactory
Event: 7.194 loading class javax/net/SocketFactory done
Event: 7.194 loading class javax/net/ssl/SSLSocketFactory done


Dynamic libraries:
0x00007ff7d08a0000 - 0x00007ff7d08ae000 	c:\Users\timot\.vscode\extensions\redhat.java-1.7.0-win32-x64\jre\17.0.3-win32-x86_64\bin\java.exe
0x00007ff958950000 - 0x00007ff958b45000 	C:\WINDOWS\SYSTEM32\ntdll.dll
0x00007ff958850000 - 0x00007ff95890d000 	C:\WINDOWS\System32\KERNEL32.DLL
0x00007ff956060000 - 0x00007ff95632d000 	C:\WINDOWS\System32\KERNELBASE.dll
0x00007ff9568a0000 - 0x00007ff9569a0000 	C:\WINDOWS\System32\ucrtbase.dll
0x00007ff94df60000 - 0x00007ff94df78000 	c:\Users\timot\.vscode\extensions\redhat.java-1.7.0-win32-x64\jre\17.0.3-win32-x86_64\bin\jli.dll
0x00007ff931d20000 - 0x00007ff931d39000 	c:\Users\timot\.vscode\extensions\redhat.java-1.7.0-win32-x64\jre\17.0.3-win32-x86_64\bin\VCRUNTIME140.dll
0x00007ff957e90000 - 0x00007ff958030000 	C:\WINDOWS\System32\USER32.dll
0x00007ff9564e0000 - 0x00007ff956502000 	C:\WINDOWS\System32\win32u.dll
0x00007ff956a50000 - 0x00007ff956a7a000 	C:\WINDOWS\System32\GDI32.dll
0x00007ff956590000 - 0x00007ff95669b000 	C:\WINDOWS\System32\gdi32full.dll
0x00007ff930e60000 - 0x00007ff9310fa000 	C:\WINDOWS\WinSxS\amd64_microsoft.windows.common-controls_6595b64144ccf1df_6.0.19041.1110_none_60b5254171f9507e\COMCTL32.dll
0x00007ff956800000 - 0x00007ff95689d000 	C:\WINDOWS\System32\msvcp_win.dll
0x00007ff958030000 - 0x00007ff9580ce000 	C:\WINDOWS\System32\msvcrt.dll
0x00007ff958340000 - 0x00007ff958370000 	C:\WINDOWS\System32\IMM32.DLL
0x00007ff9517a0000 - 0x00007ff9517ac000 	c:\Users\timot\.vscode\extensions\redhat.java-1.7.0-win32-x64\jre\17.0.3-win32-x86_64\bin\vcruntime140_1.dll
0x00007ff9217a0000 - 0x00007ff921831000 	c:\Users\timot\.vscode\extensions\redhat.java-1.7.0-win32-x64\jre\17.0.3-win32-x86_64\bin\msvcp140.dll
0x00007ff90af80000 - 0x00007ff90bbc8000 	c:\Users\timot\.vscode\extensions\redhat.java-1.7.0-win32-x64\jre\17.0.3-win32-x86_64\bin\server\jvm.dll
0x00007ff956a80000 - 0x00007ff956b2e000 	C:\WINDOWS\System32\ADVAPI32.dll
0x00007ff957740000 - 0x00007ff9577dc000 	C:\WINDOWS\System32\sechost.dll
0x00007ff957b40000 - 0x00007ff957c65000 	C:\WINDOWS\System32\RPCRT4.dll
0x00007ff956b30000 - 0x00007ff956b38000 	C:\WINDOWS\System32\PSAPI.DLL
0x00007ff942960000 - 0x00007ff942969000 	C:\WINDOWS\SYSTEM32\WSOCK32.dll
0x00007ff949720000 - 0x00007ff949747000 	C:\WINDOWS\SYSTEM32\WINMM.dll
0x00007ff9581c0000 - 0x00007ff95822b000 	C:\WINDOWS\System32\WS2_32.dll
0x00007ff950d50000 - 0x00007ff950d5a000 	C:\WINDOWS\SYSTEM32\VERSION.dll
0x00007ff9548b0000 - 0x00007ff9548c2000 	C:\WINDOWS\SYSTEM32\kernel.appcore.dll
0x00007ff951770000 - 0x00007ff95177a000 	c:\Users\timot\.vscode\extensions\redhat.java-1.7.0-win32-x64\jre\17.0.3-win32-x86_64\bin\jimage.dll
0x00007ff953cd0000 - 0x00007ff953eb4000 	C:\WINDOWS\SYSTEM32\DBGHELP.DLL
0x00007ff948a30000 - 0x00007ff948a5c000 	C:\WINDOWS\SYSTEM32\dbgcore.DLL
0x00007ff9563e0000 - 0x00007ff956462000 	C:\WINDOWS\System32\bcryptPrimitives.dll
0x00007ff92d860000 - 0x00007ff92d885000 	c:\Users\timot\.vscode\extensions\redhat.java-1.7.0-win32-x64\jre\17.0.3-win32-x86_64\bin\java.dll
0x00007ff931580000 - 0x00007ff931598000 	c:\Users\timot\.vscode\extensions\redhat.java-1.7.0-win32-x64\jre\17.0.3-win32-x86_64\bin\zip.dll
0x00007ff956ea0000 - 0x00007ff9575e4000 	C:\WINDOWS\System32\SHELL32.dll
0x00007ff954100000 - 0x00007ff954894000 	C:\WINDOWS\SYSTEM32\windows.storage.dll
0x00007ff956b40000 - 0x00007ff956e94000 	C:\WINDOWS\System32\combase.dll
0x00007ff955910000 - 0x00007ff95593c000 	C:\WINDOWS\SYSTEM32\Wldp.dll
0x00007ff9569a0000 - 0x00007ff956a4d000 	C:\WINDOWS\System32\SHCORE.dll
0x00007ff9582e0000 - 0x00007ff958335000 	C:\WINDOWS\System32\shlwapi.dll
0x00007ff955fa0000 - 0x00007ff955fbf000 	C:\WINDOWS\SYSTEM32\profapi.dll
0x00007ff92d840000 - 0x00007ff92d859000 	C:\Users\timot\.vscode\extensions\redhat.java-1.7.0-win32-x64\jre\17.0.3-win32-x86_64\bin\net.dll
0x00007ff94e9b0000 - 0x00007ff94eaba000 	C:\WINDOWS\SYSTEM32\WINHTTP.dll
0x00007ff9556f0000 - 0x00007ff95575a000 	C:\WINDOWS\system32\mswsock.dll
0x00007ff92d820000 - 0x00007ff92d835000 	C:\Users\timot\.vscode\extensions\redhat.java-1.7.0-win32-x64\jre\17.0.3-win32-x86_64\bin\nio.dll
0x00007ff9559c0000 - 0x00007ff9559d8000 	C:\WINDOWS\SYSTEM32\CRYPTSP.dll
0x00007ff955090000 - 0x00007ff9550c4000 	C:\WINDOWS\system32\rsaenh.dll
0x00007ff956560000 - 0x00007ff956587000 	C:\WINDOWS\System32\bcrypt.dll
0x00007ff955f60000 - 0x00007ff955f8e000 	C:\WINDOWS\SYSTEM32\USERENV.dll
0x00007ff955880000 - 0x00007ff95588c000 	C:\WINDOWS\SYSTEM32\CRYPTBASE.dll
0x00007ff955400000 - 0x00007ff95543b000 	C:\WINDOWS\SYSTEM32\IPHLPAPI.DLL
0x00007ff9577e0000 - 0x00007ff9577e8000 	C:\WINDOWS\System32\NSI.dll
0x00007ff94f740000 - 0x00007ff94f757000 	C:\WINDOWS\SYSTEM32\dhcpcsvc6.DLL
0x00007ff94f6a0000 - 0x00007ff94f6bd000 	C:\WINDOWS\SYSTEM32\dhcpcsvc.DLL
0x00007ff955440000 - 0x00007ff95550b000 	C:\WINDOWS\SYSTEM32\DNSAPI.dll
0x00007ff92c550000 - 0x00007ff92c58e000 	C:\Users\timot\AppData\Roaming\Code\User\globalStorage\redhat.java\1.7.0\config_win\org.eclipse.equinox.launcher\org.eclipse.equinox.launcher.win32.win32.x86_64_1.2.400.v20211117-0650\eclipse_11602.dll
0x00007ff957c70000 - 0x00007ff957d9a000 	C:\WINDOWS\System32\ole32.dll
0x00007ff950bc0000 - 0x00007ff950bd0000 	c:\Users\timot\.vscode\extensions\redhat.java-1.7.0-win32-x64\jre\17.0.3-win32-x86_64\bin\verify.dll
0x00007ff920b20000 - 0x00007ff920b64000 	C:\Users\timot\AppData\Local\Temp\jna-110364797\jna9698081933062837068.dll

dbghelp: loaded successfully - version: 4.0.5 - missing functions: none
symbol engine: initialized successfully - sym options: 0x614 - pdb path: .;c:\Users\timot\.vscode\extensions\redhat.java-1.7.0-win32-x64\jre\17.0.3-win32-x86_64\bin;C:\WINDOWS\SYSTEM32;C:\WINDOWS\WinSxS\amd64_microsoft.windows.common-controls_6595b64144ccf1df_6.0.19041.1110_none_60b5254171f9507e;c:\Users\timot\.vscode\extensions\redhat.java-1.7.0-win32-x64\jre\17.0.3-win32-x86_64\bin\server;C:\Users\timot\AppData\Roaming\Code\User\globalStorage\redhat.java\1.7.0\config_win\org.eclipse.equinox.launcher\org.eclipse.equinox.launcher.win32.win32.x86_64_1.2.400.v20211117-0650;C:\Users\timot\AppData\Local\Temp\jna-110364797

VM Arguments:
jvm_args: --add-modules=ALL-SYSTEM --add-opens=java.base/java.util=ALL-UNNAMED --add-opens=java.base/java.lang=ALL-UNNAMED --add-opens=java.base/sun.nio.fs=ALL-UNNAMED -Declipse.application=org.eclipse.jdt.ls.core.id1 -Dosgi.bundles.defaultStartLevel=4 -Declipse.product=org.eclipse.jdt.ls.core.product -Djava.import.generatesMetadataFilesAtProjectRoot=false -Dfile.encoding=utf8 -DwatchParentProcess=false -XX:+UseParallelGC -XX:GCTimeRatio=4 -XX:AdaptiveSizePolicyWeight=90 -Dsun.zip.disableMemoryMapping=true -Xmx1G -Xms100m -XX:+HeapDumpOnOutOfMemoryError -XX:HeapDumpPath=c:\Users\timot\AppData\Roaming\Code\User\workspaceStorage\61590eb05be9bdaa79b5291ad44b48cc\redhat.java 
java_command: c:\Users\timot\.vscode\extensions\redhat.java-1.7.0-win32-x64\server\plugins\org.eclipse.equinox.launcher_1.6.400.v20210924-0641.jar -configuration c:\Users\timot\AppData\Roaming\Code\User\globalStorage\redhat.java\1.7.0\config_win -data c:\Users\timot\AppData\Roaming\Code\User\workspaceStorage\61590eb05be9bdaa79b5291ad44b48cc\redhat.java\jdt_ws
java_class_path (initial): c:\Users\timot\.vscode\extensions\redhat.java-1.7.0-win32-x64\server\plugins\org.eclipse.equinox.launcher_1.6.400.v20210924-0641.jar
Launcher Type: SUN_STANDARD

[Global flags]
    uintx AdaptiveSizePolicyWeight                 = 90                                        {product} {command line}
     intx CICompilerCount                          = 3                                         {product} {ergonomic}
    uintx GCTimeRatio                              = 4                                         {product} {command line}
     bool HeapDumpOnOutOfMemoryError               = true                                   {manageable} {command line}
    ccstr HeapDumpPath                             = c:\Users\timot\AppData\Roaming\Code\User\workspaceStorage\61590eb05be9bdaa79b5291ad44b48cc\redhat.java         {manageable} {command line}
   size_t InitialHeapSize                          = 104857600                                 {product} {command line}
   size_t MaxHeapSize                              = 1073741824                                {product} {command line}
   size_t MaxNewSize                               = 357564416                                 {product} {ergonomic}
   size_t MinHeapDeltaBytes                        = 524288                                    {product} {ergonomic}
   size_t MinHeapSize                              = 104857600                                 {product} {command line}
   size_t NewSize                                  = 34603008                                  {product} {ergonomic}
    uintx NonNMethodCodeHeapSize                   = 5832780                                {pd product} {ergonomic}
    uintx NonProfiledCodeHeapSize                  = 122912730                              {pd product} {ergonomic}
   size_t OldSize                                  = 70254592                                  {product} {ergonomic}
    uintx ProfiledCodeHeapSize                     = 122912730                              {pd product} {ergonomic}
    uintx ReservedCodeCacheSize                    = 251658240                              {pd product} {ergonomic}
     bool SegmentedCodeCache                       = true                                      {product} {ergonomic}
   size_t SoftMaxHeapSize                          = 1073741824                             {manageable} {ergonomic}
     bool UseCompressedClassPointers               = true                           {product lp64_product} {ergonomic}
     bool UseCompressedOops                        = true                           {product lp64_product} {ergonomic}
     bool UseLargePagesIndividualAllocation        = false                                  {pd product} {ergonomic}
     bool UseParallelGC                            = true                                      {product} {command line}

Logging:
Log output configuration:
 #0: stdout all=warning uptime,level,tags
 #1: stderr all=off uptime,level,tags

Environment Variables:
CLASSPATH=..\class
PATH=C:\Program Files\Java\jdk-16.0.2\bin;C:\Program Files\Common Files\Oracle\Java\javapath;C:\Program Files (x86)\Common Files\Oracle\Java\javapath;C:\oracle\app\oracle\product\11.2.0\server\bin;C:\WINDOWS\system32;C:\WINDOWS;C:\WINDOWS\System32\Wbem;C:\WINDOWS\System32\WindowsPowerShell\v1.0\;C:\WINDOWS\System32\OpenSSH\;C:\Program Files\Git\cmd;C:\Program Files\MySQL\MySQL Shell 8.0\bin\;C:\Users\timot\AppData\Local\Microsoft\WindowsApps;C:\Users\timot\AppData\Local\Programs\Microsoft VS Code\bin;
USERNAME=timot
OS=Windows_NT
PROCESSOR_IDENTIFIER=Intel64 Family 6 Model 142 Stepping 9, GenuineIntel



---------------  S Y S T E M  ---------------

OS:
 Windows 10 , 64 bit Build 19041 (10.0.19041.1706)
OS uptime: 26 days 2:36 hours
Hyper-V role detected

CPU: total 4 (initial active 4) (2 cores per cpu, 2 threads per core) family 6 model 142 stepping 9 microcode 0xde, cx8, cmov, fxsr, ht, mmx, 3dnowpref, sse, sse2, sse3, ssse3, sse4.1, sse4.2, popcnt, lzcnt, tsc, tscinvbit, avx, avx2, aes, erms, clmul, bmi1, bmi2, adx, fma, vzeroupper, clflush, clflushopt, hv

Memory: 4k page, system-wide physical 4007M (340M free)
TotalPageFile size 16295M (AvailPageFile size 5M)
current process WorkingSet (physical memory assigned to process): 172M, peak: 172M
current process commit charge ("private bytes"): 261M, peak: 261M

vm_info: OpenJDK 64-Bit Server VM (17.0.3+7) for windows-amd64 JRE (17.0.3+7), built on Apr 19 2022 16:55:35 by "" with MS VC++ 16.7 (VS2019)

END.
