#
# There is insufficient memory for the Java Runtime Environment to continue.
# Native memory allocation (malloc) failed to allocate 32744 bytes for ChunkPool::allocate
# Possible reasons:
#   The system is out of physical RAM or swap space
#   The process is running with CompressedOops enabled, and the Java Heap may be blocking the growth of the native heap
# Possible solutions:
#   Reduce memory load on the system
#   Increase physical memory or swap space
#   Check if swap backing store is full
#   Decrease Java heap size (-Xmx/-Xms)
#   Decrease number of Java threads
#   Decrease Java thread stack sizes (-Xss)
#   Set larger code cache with -XX:ReservedCodeCacheSize=
#   JVM is running with Unscaled Compressed Oops mode in which the Java heap is
#     placed in the first 4GB address space. The Java Heap base address is the
#     maximum limit for the native heap growth. Please use -XX:HeapBaseMinAddress
#     to set the Java Heap base and to place the Java Heap above 4GB virtual address.
# This output file may be truncated or incomplete.
#
#  Out of Memory Error (arena.cpp:79), pid=30976, tid=15304
#
# JRE version: Java(TM) SE Runtime Environment (16.0.2+7) (build 16.0.2+7-67)
# Java VM: Java HotSpot(TM) 64-Bit Server VM (16.0.2+7-67, mixed mode, sharing, tiered, compressed oops, compressed class ptrs, g1 gc, windows-amd64)
# No core dump will be written. Minidumps are not enabled by default on client versions of Windows
#

---------------  S U M M A R Y ------------

Command Line: -agentlib:jdwp=transport=dt_socket,server=n,suspend=y,address=localhost:55256 --module-path=./javafx-sdk-17.0.2/lib --add-modules=javafx.controls,javafx.fxml -XX:+ShowCodeDetailsInExceptionMessages view.login_page.Main

Host: Intel(R) Core(TM) i3-7020U CPU @ 2.30GHz, 4 cores, 3G,  Windows 10 , 64 bit Build 19041 (10.0.19041.1706)
Time: Thu Jun 16 23:03:13 2022 Paris, Madrid (heure duild 19041 (10.0.19041.1706) elapsed time: 20.596553 seconds (0d 0h 0m 20s)

---------------  T H R E A D  ---------------

Current thread (0x000001c85de3e730):  JavaThread "C1 CompilerThread0" daemon [_thread_in_native, id=15304, stack(0x00000005fcb00000,0x00000005fcc00000)]


Current CompileTask:
C1:  20596 2109       3       java.lang.reflect.AccessibleObject::checkCanSetAccessible (386 bytes)

Stack: [0x00000005fcb00000,0x00000005fcc00000]
Native frames: (J=compiled Java code, j=interpreted, Vv=VM code, C=native code)
V  [jvm.dll+0x6681ca]
V  [jvm.dll+0x7c9e69]
V  [jvm.dll+0x7cb61e]
V  [jvm.dll+0x7cbc73]
V  [jvm.dll+0x242c55]
V  [jvm.dll+0xae10f]
V  [jvm.dll+0xae45c]
V  [jvm.dll+0x11a3b5]
V  [jvm.dll+0x17fc26]
V  [jvm.dll+0x1816bd]
V  [jvm.dll+0x180d3b]
V  [jvm.dll+0x14868b]
V  [jvm.dll+0x132828]
V  [jvm.dll+0x1329d0]
V  [jvm.dll+0x132c99]
V  [jvm.dll+0x1320ff]
V  [jvm.dll+0x133ec1]
V  [jvm.dll+0x225158]
V  [jvm.dll+0x22319c]
V  [jvm.dll+0x77fa62]
V  [jvm.dll+0x7795aa]
V  [jvm.dll+0x667066]
C  [ucrtbase.dll+0x21bb2]
C  [KERNEL32.DLL+0x17034]
C  [ntdll.dll+0x52651]


---------------  P R O C E S S  ---------------

Threads class SMR info:
_java_thread_list=0x000001c86410a800, length=22, elements={
0x000001c842d0d2e0, 0x000001c85de18c00, 0x000001c85de199d0, 0x000001c85de2bfe0,
0x000001c85de2e900, 0x000001c85de2f210, 0x000001c85de33020, 0x000001c85de3bd20,
0x000001c85de3e730, 0x000001c85de4b480, 0x000001c842debdb0, 0x000001c85ea26090,
0x000001c85eaac450, 0x000001c85eb2d940, 0x000001c85eb31d90, 0x000001c85eca1540,
0x000001c85ed00830, 0x000001c85ed02d00, 0x000001c85f3704f0, 0x000001c85f370a10,
0x000001c85f440090, 0x000001c85ecc72d0
}

Java Threads: ( => current thread )
  0x000001c842d0d2e0 JavaThread "main" [_thread_blocked, id=10368, stack(0x00000005fbd00000,0x00000005fbe00000)]
  0x000001c85de18c00 JavaThread "Reference Handler" daemon [_thread_blocked, id=32672, stack(0x00000005fc400000,0x00000005fc500000)]
  0x000001c85de199d0 JavaThread "Finalizer" daemon [_thread_blocked, id=37212, stack(0x00000005fc500000,0x00000005fc600000)]
  0x000001c85de2bfe0 JavaThread "Signal Dispatcher" daemon [_thread_blocked, id=24172, stack(0x00000005fc600000,0x00000005fc700000)]
  0x000001c85de2e900 JavaThread "Attach Listener" daemon [_thread_blocked, id=37528, stack(0x00000005fc700000,0x00000005fc800000)]
  0x000001c85de2f210 JavaThread "Service Thread" daemon [_thread_blocked, id=37284, stack(0x00000005fc800000,0x00000005fc900000)]
  0x000001c85de33020 JavaThread "Monitor Deflation Thread" daemon [_thread_blocked, id=36044, stack(0x00000005fc900000,0x00000005fca00000)]
  0x000001c85de3bd20 JavaThread "C2 CompilerThread0" daemon [_thread_in_native, id=36328, stack(0x00000005fca00000,0x00000005fcb00000)]
=>0x000001c85de3e730 JavaThread "C1 CompilerThread0" daemon [_thread_in_native, id=15304, stack(0x00000005fcb00000,0x00000005fcc00000)]
  0x000001c85de4b480 JavaThread "Sweeper thread" daemon [_thread_blocked, id=19080, stack(0x00000005fcc00000,0x00000005fcd00000)]
  0x000001c842debdb0 JavaThread "Common-Cleaner" daemon [_thread_blocked, id=36924, stack(0x00000005fcd00000,0x00000005fce00000)]
  0x000001c85ea26090 JavaThread "JDWP Transport Listener: dt_socket" daemon [_thread_blocked, id=37316, stack(0x00000005fce00000,0x00000005fcf00000)]
  0x000001c85eaac450 JavaThread "JDWP Event Helper Thread" daemon [_thread_blocked, id=37416, stack(0x00000005fcf00000,0x00000005fd000000)]
  0x000001c85eb2d940 JavaThread "JDWP Command Reader" daemon [_thread_in_native, id=32716, stack(0x00000005fd000000,0x00000005fd100000)]
  0x000001c85eb31d90 JavaThread "Notification Thread" daemon [_thread_blocked, id=7800, stack(0x00000005fd100000,0x00000005fd200000)]
  0x000001c85eca1540 JavaThread "QuantumRenderer-0" daemon [_thread_in_native, id=32188, stack(0x00000005fd300000,0x00000005fd400000)]
  0x000001c85ed00830 JavaThread "InvokeLaterDispatcher" daemon [_thread_blocked, id=14632, stack(0x00000005fd400000,0x00000005fd500000)]
  0x000001c85ed02d00 JavaThread "JavaFX Application Thread" [_thread_in_native, id=7760, stack(0x00000005fd500000,0x00000005fd600000)]
  0x000001c85f3704f0 JavaThread "Thread-1" daemon [_thread_in_native, id=38732, stack(0x00000005fdc00000,0x00000005fdd00000)]
  0x000001c85f370a10 JavaThread "JavaFX-Launcher" [_thread_blocked, id=36752, stack(0x00000005fdd00000,0x00000005fde00000)]
  0x000001c85f440090 JavaThread "Prism Font Disposer" daemon [_thread_blocked, id=5268, stack(0x00000005fde00000,0x00000005fdf00000)]
  0x000001c85ecc72d0 JavaThread "Cleaner-0" daemon [_thread_blocked, id=36568, stack(0x00000005fe200000,0x00000005fe300000)]

Other Threads:
  0x000001c85de142d0 VMThread "VM Thread" [stack: 0x00000005fc300000,0x00000005fc400000] [id=32136]
  0x000001c842d0e1f0 WatcherThread [stack: 0x00000005fd200000,0x00000005fd300000] [id=37292]
  0x000001c842d3aea0 GCTaskThread "GC Thread#0" [stack: 0x00000005fbe00000,0x00000005fbf00000] [id=9200]
  0x000001c85f18d3a0 GCTaskThread "GC Thread#1" [stack: 0x00000005fd600000,0x00000005fd700000] [id=11444]
  0x000001c85f1916c0 GCTaskThread "GC Thread#2" [stack: 0x00000005fd700000,0x00000005fd800000] [id=31668]
  0x000001c85f1919d0 GCTaskThread "GC Thread#3" [stack: 0x00000005fd800000,0x00000005fd900000] [id=20820]
  0x000001c842d43c30 ConcurrentGCThread "G1 Main Marker" [stack: 0x00000005fbf00000,0x00000005fc000000] [id=35940]
  0x000001c842d44dd0 ConcurrentGCThread "G1 Conc#0" [stack: 0x00000005fc000000,0x00000005fc100000] [id=36576]
  0x000001c842d99f70 ConcurrentGCThread "G1 Refine#0" [stack: 0x00000005fc100000,0x00000005fc200000] [id=38156]
  0x000001c842d9a980 ConcurrentGCThread "G1 Service" [stack: 0x00000005fc200000,0x00000005fc300000] [id=13176]

Threads with active compile tasks:
C2 CompilerThread0    20949 2082       4       java.lang.invoke.MethodType::makeImpl (108 bytes)
C1 CompilerThread0    20950 2109       3       java.lang.reflect.AccessibleObject::checkCanSetAccessible (386 bytes)

VM state: not at safepoint (normal execution)

VM Mutex/Monitor currently owned by a thread: None

Heap address: 0x00000000c1600000, size: 1002 MB, Compressed Oops mode: 32-bit

CDS archive(s) mapped at: [0x0000000800000000-0x0000000800bb0000-0x0000000800bb0000), size 12255232, SharedBaseAddress: 0x0000000800000000, ArchiveRelocationMode: 0.
Compressed class space mapped at: 0x0000000800c00000-0x0000000840c00000, reserved size: 1073741824
Narrow klass base: 0x0000000800000000, Narrow klass shift: 3, Narrow klass range: 0x100000000

GC Precious Log:
 CPUs: 4 total, 4 available
 Memory: 4007M
 Large Page Support: Disabled
 NUMA Support: Disabled
 Compressed Oops: Enabled (32-bit)
 Heap Region Size: 1M
 Heap Min Capacity: 8M
 Heap Initial Capacity: 64M
 Heap Max Capacity: 1002M
 Pre-touch: Disabled
 Parallel Workers: 4
 Concurrent Workers: 1
 Concurrent Refinement Workers: 4
 Periodic GC: Disabled

Heap:
 garbage-first heap   total 65536K, used 36391K [0x00000000c1600000, 0x0000000100000000)
  region size 1024K, 21 young (21504K), 3 survivors (3072K)
 Metaspace       used 15405K, committed 15616K, reserved 1064960K
  class space    used 2201K, committed 2304K, reserved 1048576K

Heap Regions: E=young(eden), S=young(survivor), O=old, HS=humongous(starts), HC=humongous(continues), CS=collection set, F=free, OA=open archive, CA=closed archive, TAMS=top-at-mark-start (previous, next)
|   0|0x00000000c1600000, 0x00000000c1700000, 0x00000000c1700000|100%| O|  |TAMS 0x00000000c1600000, 0x00000000c1600000| Untracked 
|   1|0x00000000c1700000, 0x00000000c1800000, 0x00000000c1800000|100%| O|  |TAMS 0x00000000c1700000, 0x00000000c1700000| Untracked 
|   2|0x00000000c1800000, 0x00000000c1900000, 0x00000000c1900000|100%| O|  |TAMS 0x00000000c1800000, 0x00000000c1800000| Untracked 
|   3|0x00000000c1900000, 0x00000000c1a00000, 0x00000000c1a00000|100%|HS|  |TAMS 0x00000000c1900000, 0x00000000c1900000| Complete 
|   4|0x00000000c1a00000, 0x00000000c1b00000, 0x00000000c1b00000|100%|HC|  |TAMS 0x00000000c1a00000, 0x00000000c1a00000| Complete 
|   5|0x00000000c1b00000, 0x00000000c1c00000, 0x00000000c1c00000|100%|HC|  |TAMS 0x00000000c1b00000, 0x00000000c1b00000| Complete 
|   6|0x00000000c1c00000, 0x00000000c1d00000, 0x00000000c1d00000|100%|HC|  |TAMS 0x00000000c1c00000, 0x00000000c1c00000| Complete 
|   7|0x00000000c1d00000, 0x00000000c1e00000, 0x00000000c1e00000|100%|HC|  |TAMS 0x00000000c1d00000, 0x00000000c1d00000| Complete 
|   8|0x00000000c1e00000, 0x00000000c1f00000, 0x00000000c1f00000|100%|HC|  |TAMS 0x00000000c1e00000, 0x00000000c1e00000| Complete 
|   9|0x00000000c1f00000, 0x00000000c2000000, 0x00000000c2000000|100%|HC|  |TAMS 0x00000000c1f00000, 0x00000000c1f00000| Complete 
|  10|0x00000000c2000000, 0x00000000c2100000, 0x00000000c2100000|100%|HC|  |TAMS 0x00000000c2000000, 0x00000000c2000000| Complete 
|  11|0x00000000c2100000, 0x00000000c2200000, 0x00000000c2200000|100%|HC|  |TAMS 0x00000000c2100000, 0x00000000c2100000| Complete 
|  12|0x00000000c2200000, 0x00000000c2300000, 0x00000000c2300000|100%|HC|  |TAMS 0x00000000c2200000, 0x00000000c2200000| Complete 
|  13|0x00000000c2300000, 0x00000000c2400000, 0x00000000c2400000|100%| O|  |TAMS 0x00000000c2300000, 0x00000000c2300000| Untracked 
|  14|0x00000000c2400000, 0x00000000c24f5e00, 0x00000000c2500000| 96%| O|  |TAMS 0x00000000c2400000, 0x00000000c2400000| Untracked 
|  15|0x00000000c2500000, 0x00000000c2600000, 0x00000000c2600000|100%|HS|  |TAMS 0x00000000c2500000, 0x00000000c2500000| Complete 
|  16|0x00000000c2600000, 0x00000000c2700000, 0x00000000c2700000|100%|HC|  |TAMS 0x00000000c2600000, 0x00000000c2600000| Complete 
|  17|0x00000000c2700000, 0x00000000c2700000, 0x00000000c2800000|  0%| F|  |TAMS 0x00000000c2700000, 0x00000000c2700000| Untracked 
|  18|0x00000000c2800000, 0x00000000c2800000, 0x00000000c2900000|  0%| F|  |TAMS 0x00000000c2800000, 0x00000000c2800000| Untracked 
|  19|0x00000000c2900000, 0x00000000c2900000, 0x00000000c2a00000|  0%| F|  |TAMS 0x00000000c2900000, 0x00000000c2900000| Untracked 
|  20|0x00000000c2a00000, 0x00000000c2a00000, 0x00000000c2b00000|  0%| F|  |TAMS 0x00000000c2a00000, 0x00000000c2a00000| Untracked 
|  21|0x00000000c2b00000, 0x00000000c2b00000, 0x00000000c2c00000|  0%| F|  |TAMS 0x00000000c2b00000, 0x00000000c2b00000| Untracked 
|  22|0x00000000c2c00000, 0x00000000c2c00000, 0x00000000c2d00000|  0%| F|  |TAMS 0x00000000c2c00000, 0x00000000c2c00000| Untracked 
|  23|0x00000000c2d00000, 0x00000000c2d00000, 0x00000000c2e00000|  0%| F|  |TAMS 0x00000000c2d00000, 0x00000000c2d00000| Untracked 
|  24|0x00000000c2e00000, 0x00000000c2e00000, 0x00000000c2f00000|  0%| F|  |TAMS 0x00000000c2e00000, 0x00000000c2e00000| Untracked 
|  25|0x00000000c2f00000, 0x00000000c2f00000, 0x00000000c3000000|  0%| F|  |TAMS 0x00000000c2f00000, 0x00000000c2f00000| Untracked 
|  26|0x00000000c3000000, 0x00000000c3000000, 0x00000000c3100000|  0%| F|  |TAMS 0x00000000c3000000, 0x00000000c3000000| Untracked 
|  27|0x00000000c3100000, 0x00000000c3100000, 0x00000000c3200000|  0%| F|  |TAMS 0x00000000c3100000, 0x00000000c3100000| Untracked 
|  28|0x00000000c3200000, 0x00000000c3200000, 0x00000000c3300000|  0%| F|  |TAMS 0x00000000c3200000, 0x00000000c3200000| Untracked 
|  29|0x00000000c3300000, 0x00000000c3300000, 0x00000000c3400000|  0%| F|  |TAMS 0x00000000c3300000, 0x00000000c3300000| Untracked 
|  30|0x00000000c3400000, 0x00000000c3400000, 0x00000000c3500000|  0%| F|  |TAMS 0x00000000c3400000, 0x00000000c3400000| Untracked 
|  31|0x00000000c3500000, 0x00000000c3500000, 0x00000000c3600000|  0%| F|  |TAMS 0x00000000c3500000, 0x00000000c3500000| Untracked 
|  32|0x00000000c3600000, 0x00000000c3600000, 0x00000000c3700000|  0%| F|  |TAMS 0x00000000c3600000, 0x00000000c3600000| Untracked 
|  33|0x00000000c3700000, 0x00000000c3700000, 0x00000000c3800000|  0%| F|  |TAMS 0x00000000c3700000, 0x00000000c3700000| Untracked 
|  34|0x00000000c3800000, 0x00000000c3800000, 0x00000000c3900000|  0%| F|  |TAMS 0x00000000c3800000, 0x00000000c3800000| Untracked 
|  35|0x00000000c3900000, 0x00000000c3900000, 0x00000000c3a00000|  0%| F|  |TAMS 0x00000000c3900000, 0x00000000c3900000| Untracked 
|  36|0x00000000c3a00000, 0x00000000c3a00000, 0x00000000c3b00000|  0%| F|  |TAMS 0x00000000c3a00000, 0x00000000c3a00000| Untracked 
|  37|0x00000000c3b00000, 0x00000000c3b00000, 0x00000000c3c00000|  0%| F|  |TAMS 0x00000000c3b00000, 0x00000000c3b00000| Untracked 
|  38|0x00000000c3c00000, 0x00000000c3c00000, 0x00000000c3d00000|  0%| F|  |TAMS 0x00000000c3c00000, 0x00000000c3c00000| Untracked 
|  39|0x00000000c3d00000, 0x00000000c3d00000, 0x00000000c3e00000|  0%| F|  |TAMS 0x00000000c3d00000, 0x00000000c3d00000| Untracked 
|  40|0x00000000c3e00000, 0x00000000c3e00000, 0x00000000c3f00000|  0%| F|  |TAMS 0x00000000c3e00000, 0x00000000c3e00000| Untracked 
|  41|0x00000000c3f00000, 0x00000000c3f00000, 0x00000000c4000000|  0%| F|  |TAMS 0x00000000c3f00000, 0x00000000c3f00000| Untracked 
|  42|0x00000000c4000000, 0x00000000c40941d8, 0x00000000c4100000| 57%| S|CS|TAMS 0x00000000c4000000, 0x00000000c4000000| Complete 
|  43|0x00000000c4100000, 0x00000000c4200000, 0x00000000c4200000|100%| S|CS|TAMS 0x00000000c4100000, 0x00000000c4100000| Complete 
|  44|0x00000000c4200000, 0x00000000c4300000, 0x00000000c4300000|100%| S|CS|TAMS 0x00000000c4200000, 0x00000000c4200000| Complete 
|  45|0x00000000c4300000, 0x00000000c4300000, 0x00000000c4400000|  0%| F|  |TAMS 0x00000000c4300000, 0x00000000c4300000| Untracked 
|  46|0x00000000c4400000, 0x00000000c44f6420, 0x00000000c4500000| 96%| E|  |TAMS 0x00000000c4400000, 0x00000000c4400000| Complete 
|  47|0x00000000c4500000, 0x00000000c4600000, 0x00000000c4600000|100%| E|CS|TAMS 0x00000000c4500000, 0x00000000c4500000| Complete 
|  48|0x00000000c4600000, 0x00000000c4700000, 0x00000000c4700000|100%| E|CS|TAMS 0x00000000c4600000, 0x00000000c4600000| Complete 
|  49|0x00000000c4700000, 0x00000000c4800000, 0x00000000c4800000|100%| E|CS|TAMS 0x00000000c4700000, 0x00000000c4700000| Complete 
|  50|0x00000000c4800000, 0x00000000c4900000, 0x00000000c4900000|100%| E|CS|TAMS 0x00000000c4800000, 0x00000000c4800000| Complete 
|  51|0x00000000c4900000, 0x00000000c4a00000, 0x00000000c4a00000|100%| E|CS|TAMS 0x00000000c4900000, 0x00000000c4900000| Complete 
|  52|0x00000000c4a00000, 0x00000000c4b00000, 0x00000000c4b00000|100%| E|CS|TAMS 0x00000000c4a00000, 0x00000000c4a00000| Complete 
|  53|0x00000000c4b00000, 0x00000000c4c00000, 0x00000000c4c00000|100%| E|CS|TAMS 0x00000000c4b00000, 0x00000000c4b00000| Complete 
|  54|0x00000000c4c00000, 0x00000000c4d00000, 0x00000000c4d00000|100%| E|CS|TAMS 0x00000000c4c00000, 0x00000000c4c00000| Complete 
|  55|0x00000000c4d00000, 0x00000000c4e00000, 0x00000000c4e00000|100%| E|CS|TAMS 0x00000000c4d00000, 0x00000000c4d00000| Complete 
|  56|0x00000000c4e00000, 0x00000000c4f00000, 0x00000000c4f00000|100%| E|CS|TAMS 0x00000000c4e00000, 0x00000000c4e00000| Complete 
|  57|0x00000000c4f00000, 0x00000000c5000000, 0x00000000c5000000|100%| E|CS|TAMS 0x00000000c4f00000, 0x00000000c4f00000| Complete 
|  58|0x00000000c5000000, 0x00000000c5100000, 0x00000000c5100000|100%| E|  |TAMS 0x00000000c5000000, 0x00000000c5000000| Complete 
|  59|0x00000000c5100000, 0x00000000c5200000, 0x00000000c5200000|100%| E|CS|TAMS 0x00000000c5100000, 0x00000000c5100000| Complete 
|  60|0x00000000c5200000, 0x00000000c5300000, 0x00000000c5300000|100%| E|CS|TAMS 0x00000000c5200000, 0x00000000c5200000| Complete 
|  61|0x00000000c5300000, 0x00000000c5400000, 0x00000000c5400000|100%| E|CS|TAMS 0x00000000c5300000, 0x00000000c5300000| Complete 
|  62|0x00000000c5400000, 0x00000000c5500000, 0x00000000c5500000|100%| E|CS|TAMS 0x00000000c5400000, 0x00000000c5400000| Complete 
|  63|0x00000000c5500000, 0x00000000c5600000, 0x00000000c5600000|100%| E|CS|TAMS 0x00000000c5500000, 0x00000000c5500000| Complete 

Card table byte_map: [0x000001c859690000,0x000001c859890000] _byte_map_base: 0x000001c859085000

Marking Bits (Prev, Next): (CMBitMap*) 0x000001c842d3b4a0, (CMBitMap*) 0x000001c842d3b4e0
 Prev Bits: [0x000001c859a90000, 0x000001c85aa38000)
 Next Bits: [0x000001c85aa40000, 0x000001c85b9e8000)

Polling page: 0x000001c840cf0000

Metaspace:

Usage:
  Non-class:     12.90 MB used.
      Class:      2.15 MB used.
       Both:     15.05 MB used.

Virtual space:
  Non-class space:       16.00 MB reserved,      13.00 MB ( 81%) committed,  2 nodes.
      Class space:        1.00 GB reserved,       2.25 MB ( <1%) committed,  1 nodes.
              Both:        1.02 GB reserved,      15.25 MB (  1%) committed. 

Chunk freelists:
   Non-Class:  2.34 MB
       Class:  1.63 MB
        Both:  3.97 MB

MaxMetaspaceSize: 17179869184.00 GB
CompressedClassSpaceSize: 1.00 GB
 - commit_granule_bytes: 65536.
 - commit_granule_words: 8192.
 - virtual_space_node_default_size: 1048576.
 - enlarge_chunks_in_place: 1.
 - new_chunks_are_fully_committed: 0.
 - uncommit_free_chunks: 1.
 - use_allocation_guard: 0.
 - handle_deallocations: 1.


Internal statistics:

num_allocs_failed_limit: 0.
num_arena_births: 210.
num_arena_deaths: 0.
num_vsnodes_births: 3.
num_vsnodes_deaths: 0.
num_space_committed: 244.
num_space_uncommitted: 0.
num_chunks_returned_to_freelist: 0.
num_chunks_taken_from_freelist: 698.
num_chunk_merges: 0.
num_chunk_splits: 472.
num_chunks_enlarged: 362.
num_purges: 0.

CodeHeap 'non-profiled nmethods': size=120000Kb used=710Kb max_used=710Kb free=119289Kb
 bounds [0x000001c851f60000, 0x000001c8521d0000, 0x000001c859490000]
CodeHeap 'profiled nmethods': size=120000Kb used=4021Kb max_used=4021Kb free=115978Kb
 bounds [0x000001c84aa30000, 0x000001c84ae20000, 0x000001c851f60000]
CodeHeap 'non-nmethods': size=5760Kb used=1515Kb max_used=1515Kb free=4245Kb
 bounds [0x000001c84a490000, 0x000001c84a700000, 0x000001c84aa30000]
 total_blobs=2915 nmethods=2107 adapters=720
 compilation: enabled
              stopped_count=0, restarted_count=0
 full_count=0

Compilation events (20 events):
Event: 20.440 Thread 0x000001c85de3e730 nmethod 2098 0x000001c84ae17590 code [0x000001c84ae17740, 0x000001c84ae178b8]
Event: 20.440 Thread 0x000001c85de3e730 2099       3       jdk.internal.misc.Unsafe::putByte (8 bytes)
Event: 20.441 Thread 0x000001c85de3e730 nmethod 2099 0x000001c84ae17990 code [0x000001c84ae17b20, 0x000001c84ae17c38]
Event: 20.441 Thread 0x000001c85de3e730 2101       3       sun.misc.Unsafe::getInt (8 bytes)
Event: 20.441 Thread 0x000001c85de3e730 nmethod 2101 0x000001c84ae17d10 code [0x000001c84ae17ec0, 0x000001c84ae18038]
Event: 20.441 Thread 0x000001c85de3e730 2102       3       sun.misc.Unsafe::putInt (9 bytes)
Event: 20.441 Thread 0x000001c85de3e730 nmethod 2102 0x000001c84ae18110 code [0x000001c84ae182c0, 0x000001c84ae18438]
Event: 20.442 Thread 0x000001c85de3e730 2103       3       jdk.internal.misc.Unsafe::putInt (8 bytes)
Event: 20.442 Thread 0x000001c85de3e730 nmethod 2103 0x000001c84ae18510 code [0x000001c84ae186a0, 0x000001c84ae187b8]
Event: 20.442 Thread 0x000001c85de3e730 2104       3       sun.misc.Unsafe::getByte (8 bytes)
Event: 20.443 Thread 0x000001c85de3e730 nmethod 2104 0x000001c84ae18890 code [0x000001c84ae18a40, 0x000001c84ae18bd8]
Event: 20.443 Thread 0x000001c85de3e730 2105       3       jdk.internal.misc.Unsafe::getByte (7 bytes)
Event: 20.443 Thread 0x000001c85de3e730 nmethod 2105 0x000001c84ae18c90 code [0x000001c84ae18e20, 0x000001c84ae18f38]
Event: 20.445 Thread 0x000001c85de3e730 2106       3       jdk.internal.reflect.Reflection::verifyMemberAccess (200 bytes)
Event: 20.449 Thread 0x000001c85de3e730 nmethod 2106 0x000001c84ae19010 code [0x000001c84ae19580, 0x000001c84ae1bfb8]
Event: 20.503 Thread 0x000001c85de3e730 2107       3       java.lang.reflect.AccessibleObject::checkPermission (16 bytes)
Event: 20.504 Thread 0x000001c85de3e730 nmethod 2107 0x000001c84ae1cc90 code [0x000001c84ae1ce60, 0x000001c84ae1d168]
Event: 20.504 Thread 0x000001c85de3e730 2108       3       java.lang.reflect.AccessibleObject::checkCanSetAccessible (9 bytes)
Event: 20.505 Thread 0x000001c85de3e730 nmethod 2108 0x000001c84ae1d290 code [0x000001c84ae1d440, 0x000001c84ae1d5a8]
Event: 20.505 Thread 0x000001c85de3e730 2109       3       java.lang.reflect.AccessibleObject::checkCanSetAccessible (386 bytes)

GC Heap History (6 events):
Event: 5.348 GC heap before
{Heap before GC invocations=0 (full 0):
 garbage-first heap   total 65536K, used 13312K [0x00000000c1600000, 0x0000000100000000)
  region size 1024K, 13 young (13312K), 0 survivors (0K)
 Metaspace       used 2476K, committed 2688K, reserved 1056768K
  class space    used 255K, committed 384K, reserved 1048576K
}
Event: 5.414 GC heap after
{Heap after GC invocations=1 (full 0):
 garbage-first heap   total 65536K, used 1621K [0x00000000c1600000, 0x0000000100000000)
  region size 1024K, 2 young (2048K), 2 survivors (2048K)
 Metaspace       used 2476K, committed 2688K, reserved 1056768K
  class space    used 255K, committed 384K, reserved 1048576K
}
Event: 11.030 GC heap before
{Heap before GC invocations=1 (full 0):
 garbage-first heap   total 65536K, used 13909K [0x00000000c1600000, 0x0000000100000000)
  region size 1024K, 15 young (15360K), 2 survivors (2048K)
 Metaspace       used 6793K, committed 7040K, reserved 1056768K
  class space    used 795K, committed 896K, reserved 1048576K
}
Event: 11.038 GC heap after
{Heap after GC invocations=2 (full 0):
 garbage-first heap   total 65536K, used 4920K [0x00000000c1600000, 0x0000000100000000)
  region size 1024K, 2 young (2048K), 2 survivors (2048K)
 Metaspace       used 6793K, committed 7040K, reserved 1056768K
  class space    used 795K, committed 896K, reserved 1048576K
}
Event: 13.498 GC heap before
{Heap before GC invocations=2 (full 0):
 garbage-first heap   total 65536K, used 32568K [0x00000000c1600000, 0x0000000100000000)
  region size 1024K, 19 young (19456K), 2 survivors (2048K)
 Metaspace       used 11170K, committed 11392K, reserved 1064960K
  class space    used 1466K, committed 1536K, reserved 1048576K
}
Event: 13.528 GC heap after
{Heap after GC invocations=3 (full 0):
 garbage-first heap   total 65536K, used 17959K [0x00000000c1600000, 0x0000000100000000)
  region size 1024K, 3 young (3072K), 3 survivors (3072K)
 Metaspace       used 11170K, committed 11392K, reserved 1064960K
  class space    used 1466K, committed 1536K, reserved 1048576K
}

Deoptimization events (20 events):
Event: 14.701 Thread 0x000001c85ed02d00 Uncommon trap: trap_request=0xffffffde fr.pc=0x000001c851fdf428 relative=0x0000000000000188
Event: 14.701 Thread 0x000001c85ed02d00 Uncommon trap: reason=class_check action=maybe_recompile pc=0x000001c851fdf428 method=java.lang.String.equals(Ljava/lang/Object;)Z @ 8 c2
Event: 14.701 Thread 0x000001c85ed02d00 DEOPT PACKING pc=0x000001c851fdf428 sp=0x00000005fd5fd4c0
Event: 14.701 Thread 0x000001c85ed02d00 DEOPT UNPACKING pc=0x000001c84a4dd72e sp=0x00000005fd5fd458 mode 2
Event: 14.701 Thread 0x000001c85ed02d00 Uncommon trap: trap_request=0xffffffde fr.pc=0x000001c851fdf428 relative=0x0000000000000188
Event: 14.701 Thread 0x000001c85ed02d00 Uncommon trap: reason=class_check action=maybe_recompile pc=0x000001c851fdf428 method=java.lang.String.equals(Ljava/lang/Object;)Z @ 8 c2
Event: 14.701 Thread 0x000001c85ed02d00 DEOPT PACKING pc=0x000001c851fdf428 sp=0x00000005fd5fd3d0
Event: 14.701 Thread 0x000001c85ed02d00 DEOPT UNPACKING pc=0x000001c84a4dd72e sp=0x00000005fd5fd368 mode 2
Event: 14.701 Thread 0x000001c85ed02d00 Uncommon trap: trap_request=0xffffffde fr.pc=0x000001c851fdf428 relative=0x0000000000000188
Event: 14.701 Thread 0x000001c85ed02d00 Uncommon trap: reason=class_check action=maybe_recompile pc=0x000001c851fdf428 method=java.lang.String.equals(Ljava/lang/Object;)Z @ 8 c2
Event: 14.701 Thread 0x000001c85ed02d00 DEOPT PACKING pc=0x000001c851fdf428 sp=0x00000005fd5fd3d0
Event: 14.701 Thread 0x000001c85ed02d00 DEOPT UNPACKING pc=0x000001c84a4dd72e sp=0x00000005fd5fd368 mode 2
Event: 14.703 Thread 0x000001c85ed02d00 Uncommon trap: trap_request=0xffffffde fr.pc=0x000001c851fdf428 relative=0x0000000000000188
Event: 14.704 Thread 0x000001c85ed02d00 Uncommon trap: reason=class_check action=maybe_recompile pc=0x000001c851fdf428 method=java.lang.String.equals(Ljava/lang/Object;)Z @ 8 c2
Event: 14.704 Thread 0x000001c85ed02d00 DEOPT PACKING pc=0x000001c851fdf428 sp=0x00000005fd5fd5b0
Event: 14.704 Thread 0x000001c85ed02d00 DEOPT UNPACKING pc=0x000001c84a4dd72e sp=0x00000005fd5fd548 mode 2
Event: 15.184 Thread 0x000001c85ed02d00 Uncommon trap: trap_request=0xffffff45 fr.pc=0x000001c851faaf50 relative=0x0000000000000430
Event: 15.184 Thread 0x000001c85ed02d00 Uncommon trap: reason=unstable_if action=reinterpret pc=0x000001c851faaf50 method=java.lang.StringUTF16.compress([CI[BII)I @ 20 c2
Event: 15.184 Thread 0x000001c85ed02d00 DEOPT PACKING pc=0x000001c851faaf50 sp=0x00000005fd5fc070
Event: 15.184 Thread 0x000001c85ed02d00 DEOPT UNPACKING pc=0x000001c84a4dd72e sp=0x00000005fd5fbff0 mode 2

Classes unloaded (0 events):
No events

Classes redefined (0 events):
No events

Internal exceptions (20 events):
Event: 13.169 Thread 0x000001c85ed02d00 Exception <a 'java/io/FileNotFoundException'{0x00000000c4a816e0}> (0x00000000c4a816e0) 
thrown [t:\workspace\open\src\hotspot\share\prims\jni.cpp, line 579]
Event: 13.433 Thread 0x000001c85ed02d00 Implicit null exception at 0x000001c851fb4ae0 to 0x000001c851fb4b7a
Event: 13.458 Thread 0x000001c85ed02d00 Implicit null exception at 0x000001c851fcccc1 to 0x000001c851fcd2b0
Event: 13.549 Thread 0x000001c85ed02d00 Implicit null exception at 0x000001c851fcb840 to 0x000001c851fcbdfc
Event: 13.549 Thread 0x000001c85ed02d00 Implicit null exception at 0x000001c851fcc8af to 0x000001c851fcc92d
Event: 16.930 Thread 0x000001c85ed02d00 Exception <a 'java/io/FileNotFoundException'{0x00000000c50932d0}> (0x00000000c50932d0) 
thrown [t:\workspace\open\src\hotspot\share\prims\jni.cpp, line 579]
Event: 16.932 Thread 0x000001c85ed02d00 Exception <a 'java/io/FileNotFoundException'{0x00000000c5094e68}> (0x00000000c5094e68) 
thrown [t:\workspace\open\src\hotspot\share\prims\jni.cpp, line 579]
Event: 17.066 Thread 0x000001c85ed02d00 Exception <a 'java/io/FileNotFoundException'{0x00000000c5099010}> (0x00000000c5099010) 
thrown [t:\workspace\open\src\hotspot\share\prims\jni.cpp, line 579]
Event: 17.067 Thread 0x000001c85ed02d00 Exception <a 'java/io/FileNotFoundException'{0x00000000c509a5e8}> (0x00000000c509a5e8) 
thrown [t:\workspace\open\src\hotspot\share\prims\jni.cpp, line 579]
Event: 17.653 Thread 0x000001c85ed02d00 Exception <a 'java/io/FileNotFoundException'{0x00000000c4f8e6b0}> (0x00000000c4f8e6b0) 
thrown [t:\workspace\open\src\hotspot\share\prims\jni.cpp, line 579]
Event: 17.654 Thread 0x000001c85ed02d00 Exception <a 'java/io/FileNotFoundException'{0x00000000c4f90068}> (0x00000000c4f90068) 
thrown [t:\workspace\open\src\hotspot\share\prims\jni.cpp, line 579]
Event: 17.655 Thread 0x000001c85ed02d00 Exception <a 'java/io/FileNotFoundException'{0x00000000c4f91708}> (0x00000000c4f91708) 
thrown [t:\workspace\open\src\hotspot\share\prims\jni.cpp, line 579]
Event: 17.818 Thread 0x000001c85ed02d00 Exception <a 'java/lang/NoSuchMethodError'{0x00000000c4fe2da8}: 'java.lang.Object java.lang.invoke.DirectMethodHandle$Holder.invokeInterface(java.lang.Object, java.lang.Object, java.lang.Object)'> (0x00000000c4fe2da8) 
thrown [t:\workspace\open\src\hotspot\share\interpreter\linkResolver.cpp, line 790]
Event: 17.819 Thread 0x000001c85ed02d00 Exception <a 'java/lang/IncompatibleClassChangeError'{0x00000000c4fe6928}: Found class java.lang.Object, but interface was expected> (0x00000000c4fe6928) 
thrown [t:\workspace\open\src\hotspot\share\interpreter\linkResolver.cpp, line 857]
Event: 18.316 Thread 0x000001c85ed02d00 Exception <a 'java/lang/ClassNotFoundException'{0x00000000c4c93e70}: com/sun/javafx/scene/control/skin/resources/controls> (0x00000000c4c93e70) 
thrown [t:\workspace\open\src\hotspot\share\prims\jni.cpp, line 600]
Event: 18.324 Thread 0x000001c85ed02d00 Exception <a 'java/lang/ClassNotFoundException'{0x00000000c4ca1e10}: com/sun/javafx/scene/control/skin/resources/controls_fr> (0x00000000c4ca1e10) 
thrown [t:\workspace\open\src\hotspot\share\prims\jni.cpp, line 600]
Event: 18.333 Thread 0x000001c85ed02d00 Exception <a 'java/lang/ClassNotFoundException'{0x00000000c4cafb48}: com/sun/javafx/scene/control/skin/resources/controls_fr_FR> (0x00000000c4cafb48) 
thrown [t:\workspace\open\src\hotspot\share\prims\jni.cpp, line 600]
Event: 18.434 Thread 0x000001c85ed02d00 Exception <a 'java/lang/NoSuchMethodError'{0x00000000c4a3b430}: 'void java.lang.invoke.DirectMethodHandle$Holder.invokeSpecial(java.lang.Object, java.lang.Object, java.lang.Object, java.lang.Object, java.lang.Object, java.lang.Object)'> (0x00000000c4a3b430) 
thrown [t:\workspace\open\src\hotspot\share\interpreter\linkResolver.cpp, line 790]
Event: 18.630 Thread 0x000001c85ed02d00 Exception <a 'java/lang/NoSuchMethodError'{0x00000000c48f52c0}: 'java.lang.Object java.lang.invoke.DirectMethodHandle$Holder.newInvokeSpecial(java.lang.Object, java.lang.Object, int)'> (0x00000000c48f52c0) 
thrown [t:\workspace\open\src\hotspot\share\interpreter\linkResolver.cpp, line 790]
Event: 19.099 Thread 0x000001c85eca1540 Exception <a 'java/lang/NoSuchMethodError'{0x00000000c47ba5f8}: 'int java.lang.invoke.DirectMethodHandle$Holder.invokeStaticInit(java.lang.Object, java.lang.Object)'> (0x00000000c47ba5f8) 
thrown [t:\workspace\open\src\hotspot\share\interpreter\linkResolver.cpp, line 790]

Events (20 events):
Event: 20.190 Executing  VM operation: HandshakeAllThreads done
Event: 20.192 loading class java/util/concurrent/ConcurrentLinkedQueue
Event: 20.204 loading class java/util/concurrent/ConcurrentLinkedQueue done
Event: 20.206 loading class java/util/concurrent/ConcurrentLinkedQueue$Node
Event: 20.206 loading class java/util/concurrent/ConcurrentLinkedQueue$Node done
Event: 20.219 loading class jdk/internal/ref/CleanerImpl$InnocuousThreadFactory
Event: 20.220 loading class jdk/internal/ref/CleanerImpl$InnocuousThreadFactory done
Event: 20.221 loading class jdk/internal/ref/CleanerImpl$InnocuousThreadFactory$1
Event: 20.221 loading class jdk/internal/ref/CleanerImpl$InnocuousThreadFactory$1 done
Event: 20.221 loading class jdk/internal/misc/InnocuousThread$1
Event: 20.231 loading class jdk/internal/misc/InnocuousThread$1 done
Event: 20.233 Thread 0x000001c85ecc72d0 Thread added: 0x000001c85ecc72d0
Event: 20.257 loading class jdk/internal/math/FDBigInteger
Event: 20.262 loading class jdk/internal/math/FDBigInteger done
Event: 20.282 loading class sun/misc/Unsafe
Event: 20.298 loading class sun/misc/Unsafe done
Event: 20.299 loading class jdk/internal/reflect/UnsafeQualifiedStaticObjectFieldAccessorImpl
Event: 20.330 loading class jdk/internal/reflect/UnsafeQualifiedStaticFieldAccessorImpl
Event: 20.335 loading class jdk/internal/reflect/UnsafeQualifiedStaticFieldAccessorImpl done
Event: 20.335 loading class jdk/internal/reflect/UnsafeQualifiedStaticObjectFieldAccessorImpl done


Dynamic libraries:
0x00007ff643450000 - 0x00007ff643460000 	C:\Program Files\Java\jdk-16.0.2\bin\java.exe
0x00007ff958950000 - 0x00007ff958b45000 	C:\WINDOWS\SYSTEM32\ntdll.dll
0x00007ff958850000 - 0x00007ff95890d000 	C:\WINDOWS\System32\KERNEL32.DLL
0x00007ff956060000 - 0x00007ff95632d000 	C:\WINDOWS\System32\KERNELBASE.dll
0x00007ff9568a0000 - 0x00007ff9569a0000 	C:\WINDOWS\System32\ucrtbase.dll
0x00007ff9345a0000 - 0x00007ff9345b9000 	C:\Program Files\Java\jdk-16.0.2\bin\VCRUNTIME140.dll
0x00007ff9308d0000 - 0x00007ff9308e8000 	C:\Program Files\Java\jdk-16.0.2\bin\jli.dll
0x00007ff956a80000 - 0x00007ff956b2e000 	C:\WINDOWS\System32\ADVAPI32.dll
0x00007ff958030000 - 0x00007ff9580ce000 	C:\WINDOWS\System32\msvcrt.dll
0x00007ff957740000 - 0x00007ff9577dc000 	C:\WINDOWS\System32\sechost.dll
0x00007ff957b40000 - 0x00007ff957c65000 	C:\WINDOWS\System32\RPCRT4.dll
0x00007ff957e90000 - 0x00007ff958030000 	C:\WINDOWS\System32\USER32.dll
0x00007ff9564e0000 - 0x00007ff956502000 	C:\WINDOWS\System32\win32u.dll
0x00007ff956a50000 - 0x00007ff956a7a000 	C:\WINDOWS\System32\GDI32.dll
0x00007ff956590000 - 0x00007ff95669b000 	C:\WINDOWS\System32\gdi32full.dll
0x00007ff956800000 - 0x00007ff95689d000 	C:\WINDOWS\System32\msvcp_win.dll
0x00007ff930e60000 - 0x00007ff9310fa000 	C:\WINDOWS\WinSxS\amd64_microsoft.windows.common-controls_6595b64144ccf1df_6.0.19041.1110_none_60b5254171f9507e\COMCTL32.dll
0x00007ff950d50000 - 0x00007ff950d5a000 	C:\WINDOWS\SYSTEM32\VERSION.dll
0x00007ff958340000 - 0x00007ff958370000 	C:\WINDOWS\System32\IMM32.DLL
0x00007ff93b0d0000 - 0x00007ff93b0dc000 	C:\Program Files\Java\jdk-16.0.2\bin\vcruntime140_1.dll
0x00007ff91cb20000 - 0x00007ff91cbb1000 	C:\Program Files\Java\jdk-16.0.2\bin\msvcp140.dll
0x00007ff8ca680000 - 0x00007ff8cb22b000 	C:\Program Files\Java\jdk-16.0.2\bin\server\jvm.dll
0x00007ff956b30000 - 0x00007ff956b38000 	C:\WINDOWS\System32\PSAPI.DLL
0x00007ff942960000 - 0x00007ff942969000 	C:\WINDOWS\SYSTEM32\WSOCK32.dll
0x00007ff949720000 - 0x00007ff949747000 	C:\WINDOWS\SYSTEM32\WINMM.dll
0x00007ff9581c0000 - 0x00007ff95822b000 	C:\WINDOWS\System32\WS2_32.dll
0x00007ff9548b0000 - 0x00007ff9548c2000 	C:\WINDOWS\SYSTEM32\kernel.appcore.dll
0x00007ff9352a0000 - 0x00007ff9352aa000 	C:\Program Files\Java\jdk-16.0.2\bin\jimage.dll
0x00007ff953cd0000 - 0x00007ff953eb4000 	C:\WINDOWS\SYSTEM32\DBGHELP.DLL
0x00007ff948a30000 - 0x00007ff948a5c000 	C:\WINDOWS\SYSTEM32\dbgcore.DLL
0x00007ff9563e0000 - 0x00007ff956462000 	C:\WINDOWS\System32\bcryptPrimitives.dll
0x00007ff920ec0000 - 0x00007ff920efb000 	C:\Program Files\Java\jdk-16.0.2\bin\jdwp.dll
0x00007ff92f6c0000 - 0x00007ff92f6e5000 	C:\Program Files\Java\jdk-16.0.2\bin\java.dll
0x00007ff956ea0000 - 0x00007ff9575e4000 	C:\WINDOWS\System32\SHELL32.dll
0x00007ff954100000 - 0x00007ff954894000 	C:\WINDOWS\SYSTEM32\windows.storage.dll
0x00007ff956b40000 - 0x00007ff956e94000 	C:\WINDOWS\System32\combase.dll
0x00007ff955910000 - 0x00007ff95593c000 	C:\WINDOWS\SYSTEM32\Wldp.dll
0x00007ff9569a0000 - 0x00007ff956a4d000 	C:\WINDOWS\System32\SHCORE.dll
0x00007ff9582e0000 - 0x00007ff958335000 	C:\WINDOWS\System32\shlwapi.dll
0x00007ff955fa0000 - 0x00007ff955fbf000 	C:\WINDOWS\SYSTEM32\profapi.dll
0x00007ff92f8f0000 - 0x00007ff92f909000 	C:\Program Files\Java\jdk-16.0.2\bin\net.dll
0x00007ff94e9b0000 - 0x00007ff94eaba000 	C:\WINDOWS\SYSTEM32\WINHTTP.dll
0x00007ff9556f0000 - 0x00007ff95575a000 	C:\WINDOWS\system32\mswsock.dll
0x00007ff92c330000 - 0x00007ff92c343000 	C:\Program Files\Java\jdk-16.0.2\bin\nio.dll
0x00007ff929100000 - 0x00007ff929118000 	C:\Program Files\Java\jdk-16.0.2\bin\zip.dll
0x00007ff935030000 - 0x00007ff93503c000 	C:\Program Files\Java\jdk-16.0.2\bin\dt_socket.dll
0x00007ff955400000 - 0x00007ff95543b000 	C:\WINDOWS\SYSTEM32\IPHLPAPI.DLL
0x00007ff955440000 - 0x00007ff95550b000 	C:\WINDOWS\SYSTEM32\DNSAPI.dll
0x00007ff9577e0000 - 0x00007ff9577e8000 	C:\WINDOWS\System32\NSI.dll
0x00007ff94e7e0000 - 0x00007ff94e7ea000 	C:\Windows\System32\rasadhlp.dll
0x00007ff94e840000 - 0x00007ff94e8c0000 	C:\WINDOWS\System32\fwpuclnt.dll
0x00007ff956560000 - 0x00007ff956587000 	C:\WINDOWS\System32\bcrypt.dll
0x000001c840d30000 - 0x000001c840d33000 	C:\BUT 1 INFO\R2.01\SAE\SAE_PNR\SAE-PNR\javafx-sdk-17.0.2\bin\api-ms-win-core-console-l1-1-0.dll
0x000001c842c50000 - 0x000001c842c53000 	C:\BUT 1 INFO\R2.01\SAE\SAE_PNR\SAE-PNR\javafx-sdk-17.0.2\bin\api-ms-win-core-console-l1-2-0.dll
0x000001c842c60000 - 0x000001c842c63000 	C:\BUT 1 INFO\R2.01\SAE\SAE_PNR\SAE-PNR\javafx-sdk-17.0.2\bin\api-ms-win-core-datetime-l1-1-0.dll
0x000001c842c70000 - 0x000001c842c73000 	C:\BUT 1 INFO\R2.01\SAE\SAE_PNR\SAE-PNR\javafx-sdk-17.0.2\bin\api-ms-win-core-debug-l1-1-0.dll
0x000001c842c80000 - 0x000001c842c83000 	C:\BUT 1 INFO\R2.01\SAE\SAE_PNR\SAE-PNR\javafx-sdk-17.0.2\bin\api-ms-win-core-errorhandling-l1-1-0.dll
0x000001c842c90000 - 0x000001c842c94000 	C:\BUT 1 INFO\R2.01\SAE\SAE_PNR\SAE-PNR\javafx-sdk-17.0.2\bin\api-ms-win-core-file-l1-1-0.dll
0x000001c842ca0000 - 0x000001c842ca3000 	C:\BUT 1 INFO\R2.01\SAE\SAE_PNR\SAE-PNR\javafx-sdk-17.0.2\bin\api-ms-win-core-file-l1-2-0.dll
0x000001c842cb0000 - 0x000001c842cb3000 	C:\BUT 1 INFO\R2.01\SAE\SAE_PNR\SAE-PNR\javafx-sdk-17.0.2\bin\api-ms-win-core-file-l2-1-0.dll
0x000001c842cc0000 - 0x000001c842cc3000 	C:\BUT 1 INFO\R2.01\SAE\SAE_PNR\SAE-PNR\javafx-sdk-17.0.2\bin\api-ms-win-core-handle-l1-1-0.dll
0x000001c842cd0000 - 0x000001c842cd3000 	C:\BUT 1 INFO\R2.01\SAE\SAE_PNR\SAE-PNR\javafx-sdk-17.0.2\bin\api-ms-win-core-heap-l1-1-0.dll
0x000001c842ce0000 - 0x000001c842ce3000 	C:\BUT 1 INFO\R2.01\SAE\SAE_PNR\SAE-PNR\javafx-sdk-17.0.2\bin\api-ms-win-core-interlocked-l1-1-0.dll
0x000001c85df20000 - 0x000001c85df23000 	C:\BUT 1 INFO\R2.01\SAE\SAE_PNR\SAE-PNR\javafx-sdk-17.0.2\bin\api-ms-win-core-libraryloader-l1-1-0.dll
0x000001c85df30000 - 0x000001c85df33000 	C:\BUT 1 INFO\R2.01\SAE\SAE_PNR\SAE-PNR\javafx-sdk-17.0.2\bin\api-ms-win-core-localization-l1-2-0.dll
0x000001c85df40000 - 0x000001c85df43000 	C:\BUT 1 INFO\R2.01\SAE\SAE_PNR\SAE-PNR\javafx-sdk-17.0.2\bin\api-ms-win-core-memory-l1-1-0.dll
0x000001c85df50000 - 0x000001c85df53000 	C:\BUT 1 INFO\R2.01\SAE\SAE_PNR\SAE-PNR\javafx-sdk-17.0.2\bin\api-ms-win-core-namedpipe-l1-1-0.dll
0x000001c85df60000 - 0x000001c85df63000 	C:\BUT 1 INFO\R2.01\SAE\SAE_PNR\SAE-PNR\javafx-sdk-17.0.2\bin\api-ms-win-core-processenvironment-l1-1-0.dll
0x000001c85df70000 - 0x000001c85df73000 	C:\BUT 1 INFO\R2.01\SAE\SAE_PNR\SAE-PNR\javafx-sdk-17.0.2\bin\api-ms-win-core-processthreads-l1-1-0.dll
0x000001c85df80000 - 0x000001c85df83000 	C:\BUT 1 INFO\R2.01\SAE\SAE_PNR\SAE-PNR\javafx-sdk-17.0.2\bin\api-ms-win-core-processthreads-l1-1-1.dll
0x000001c85df90000 - 0x000001c85df93000 	C:\BUT 1 INFO\R2.01\SAE\SAE_PNR\SAE-PNR\javafx-sdk-17.0.2\bin\api-ms-win-core-profile-l1-1-0.dll
0x000001c85dfa0000 - 0x000001c85dfa3000 	C:\BUT 1 INFO\R2.01\SAE\SAE_PNR\SAE-PNR\javafx-sdk-17.0.2\bin\api-ms-win-core-rtlsupport-l1-1-0.dll
0x000001c85dfb0000 - 0x000001c85dfb3000 	C:\BUT 1 INFO\R2.01\SAE\SAE_PNR\SAE-PNR\javafx-sdk-17.0.2\bin\api-ms-win-core-string-l1-1-0.dll
0x000001c85dfc0000 - 0x000001c85dfc3000 	C:\BUT 1 INFO\R2.01\SAE\SAE_PNR\SAE-PNR\javafx-sdk-17.0.2\bin\api-ms-win-core-synch-l1-1-0.dll
0x000001c85dfd0000 - 0x000001c85dfd3000 	C:\BUT 1 INFO\R2.01\SAE\SAE_PNR\SAE-PNR\javafx-sdk-17.0.2\bin\api-ms-win-core-synch-l1-2-0.dll
0x000001c85dfe0000 - 0x000001c85dfe3000 	C:\BUT 1 INFO\R2.01\SAE\SAE_PNR\SAE-PNR\javafx-sdk-17.0.2\bin\api-ms-win-core-sysinfo-l1-1-0.dll
0x000001c85dff0000 - 0x000001c85dff3000 	C:\BUT 1 INFO\R2.01\SAE\SAE_PNR\SAE-PNR\javafx-sdk-17.0.2\bin\api-ms-win-core-timezone-l1-1-0.dll
0x000001c85f070000 - 0x000001c85f073000 	C:\BUT 1 INFO\R2.01\SAE\SAE_PNR\SAE-PNR\javafx-sdk-17.0.2\bin\api-ms-win-core-util-l1-1-0.dll
0x000001c85f080000 - 0x000001c85f083000 	C:\BUT 1 INFO\R2.01\SAE\SAE_PNR\SAE-PNR\javafx-sdk-17.0.2\bin\api-ms-win-crt-conio-l1-1-0.dll
0x000001c85f090000 - 0x000001c85f094000 	C:\BUT 1 INFO\R2.01\SAE\SAE_PNR\SAE-PNR\javafx-sdk-17.0.2\bin\api-ms-win-crt-convert-l1-1-0.dll
0x000001c85f0a0000 - 0x000001c85f0a3000 	C:\BUT 1 INFO\R2.01\SAE\SAE_PNR\SAE-PNR\javafx-sdk-17.0.2\bin\api-ms-win-crt-environment-l1-1-0.dll
0x000001c85f0b0000 - 0x000001c85f0b3000 	C:\BUT 1 INFO\R2.01\SAE\SAE_PNR\SAE-PNR\javafx-sdk-17.0.2\bin\api-ms-win-crt-filesystem-l1-1-0.dll
0x000001c85f0c0000 - 0x000001c85f0c3000 	C:\BUT 1 INFO\R2.01\SAE\SAE_PNR\SAE-PNR\javafx-sdk-17.0.2\bin\api-ms-win-crt-heap-l1-1-0.dll
0x000001c85f0d0000 - 0x000001c85f0d3000 	C:\BUT 1 INFO\R2.01\SAE\SAE_PNR\SAE-PNR\javafx-sdk-17.0.2\bin\api-ms-win-crt-locale-l1-1-0.dll
0x000001c85f0e0000 - 0x000001c85f0e5000 	C:\BUT 1 INFO\R2.01\SAE\SAE_PNR\SAE-PNR\javafx-sdk-17.0.2\bin\api-ms-win-crt-math-l1-1-0.dll
0x000001c85f0f0000 - 0x000001c85f0f5000 	C:\BUT 1 INFO\R2.01\SAE\SAE_PNR\SAE-PNR\javafx-sdk-17.0.2\bin\api-ms-win-crt-multibyte-l1-1-0.dll
0x000001c85f100000 - 0x000001c85f110000 	C:\BUT 1 INFO\R2.01\SAE\SAE_PNR\SAE-PNR\javafx-sdk-17.0.2\bin\api-ms-win-crt-private-l1-1-0.dll
0x000001c85f110000 - 0x000001c85f113000 	C:\BUT 1 INFO\R2.01\SAE\SAE_PNR\SAE-PNR\javafx-sdk-17.0.2\bin\api-ms-win-crt-process-l1-1-0.dll
0x000001c85f120000 - 0x000001c85f124000 	C:\BUT 1 INFO\R2.01\SAE\SAE_PNR\SAE-PNR\javafx-sdk-17.0.2\bin\api-ms-win-crt-runtime-l1-1-0.dll
0x000001c85f130000 - 0x000001c85f134000 	C:\BUT 1 INFO\R2.01\SAE\SAE_PNR\SAE-PNR\javafx-sdk-17.0.2\bin\api-ms-win-crt-stdio-l1-1-0.dll
0x000001c85f140000 - 0x000001c85f144000 	C:\BUT 1 INFO\R2.01\SAE\SAE_PNR\SAE-PNR\javafx-sdk-17.0.2\bin\api-ms-win-crt-string-l1-1-0.dll
0x000001c85f150000 - 0x000001c85f153000 	C:\BUT 1 INFO\R2.01\SAE\SAE_PNR\SAE-PNR\javafx-sdk-17.0.2\bin\api-ms-win-crt-time-l1-1-0.dll
0x000001c85f160000 - 0x000001c85f163000 	C:\BUT 1 INFO\R2.01\SAE\SAE_PNR\SAE-PNR\javafx-sdk-17.0.2\bin\api-ms-win-crt-utility-l1-1-0.dll
0x00007ff913860000 - 0x00007ff91395c000 	C:\BUT 1 INFO\R2.01\SAE\SAE_PNR\SAE-PNR\javafx-sdk-17.0.2\bin\ucrtbase.dll
0x00007ff928610000 - 0x00007ff92862a000 	C:\BUT 1 INFO\R2.01\SAE\SAE_PNR\SAE-PNR\javafx-sdk-17.0.2\bin\vcruntime140.dll
0x00007ff930cb0000 - 0x00007ff930cbc000 	C:\BUT 1 INFO\R2.01\SAE\SAE_PNR\SAE-PNR\javafx-sdk-17.0.2\bin\vcruntime140_1.dll
0x00007ff91e270000 - 0x00007ff91e2fd000 	C:\BUT 1 INFO\R2.01\SAE\SAE_PNR\SAE-PNR\javafx-sdk-17.0.2\bin\msvcp140.dll
0x00007ff9272b0000 - 0x00007ff9272da000 	C:\BUT 1 INFO\R2.01\SAE\SAE_PNR\SAE-PNR\javafx-sdk-17.0.2\bin\prism_d3d.dll
0x00007ff911400000 - 0x00007ff9115cf000 	C:\WINDOWS\system32\d3d9.dll
0x00007ff953a70000 - 0x00007ff953a9f000 	C:\WINDOWS\SYSTEM32\dwmapi.dll
0x00007ff953680000 - 0x00007ff95371e000 	C:\WINDOWS\system32\uxtheme.dll
0x00007ff8f2580000 - 0x00007ff8f26e3000 	C:\WINDOWS\System32\DriverStore\FileRepository\igdlh64.inf_amd64_31f4e71363bfa9b6\igdumdim64.dll
0x00007ff957c70000 - 0x00007ff957d9a000 	C:\WINDOWS\System32\ole32.dll
0x00007ff8e0480000 - 0x00007ff8e4c8f000 	C:\WINDOWS\System32\DriverStore\FileRepository\igdlh64.inf_amd64_31f4e71363bfa9b6\igd9dxva64.dll
0x00007ff957670000 - 0x00007ff95773d000 	C:\WINDOWS\System32\OLEAUT32.dll
0x00007ff9583d0000 - 0x00007ff958841000 	C:\WINDOWS\System32\SETUPAPI.dll
0x00007ff956510000 - 0x00007ff95655e000 	C:\WINDOWS\System32\cfgmgr32.dll
0x00007ff93efc0000 - 0x00007ff93f26a000 	C:\WINDOWS\System32\DriverStore\FileRepository\igdlh64.inf_amd64_31f4e71363bfa9b6\igdgmm64.dll
0x00007ff920500000 - 0x00007ff920542000 	C:\BUT 1 INFO\R2.01\SAE\SAE_PNR\SAE-PNR\javafx-sdk-17.0.2\bin\glass.dll
0x00007ff957db0000 - 0x00007ff957e8b000 	C:\WINDOWS\System32\COMDLG32.dll
0x00007ff957810000 - 0x00007ff957925000 	C:\WINDOWS\System32\MSCTF.dll
0x00007ff925760000 - 0x00007ff925787000 	C:\WINDOWS\System32\DriverStore\FileRepository\igdlh64.inf_amd64_31f4e71363bfa9b6\igdinfo64.dll
0x00007ff93c430000 - 0x00007ff93efbf000 	C:\WINDOWS\System32\DriverStore\FileRepository\igdlh64.inf_amd64_31f4e71363bfa9b6\igc64.dll
0x00007ff9467d0000 - 0x00007ff94680b000 	C:\WINDOWS\SYSTEM32\dxcore.dll
0x00007ff922ab0000 - 0x00007ff922ac4000 	C:\BUT 1 INFO\R2.01\SAE\SAE_PNR\SAE-PNR\javafx-sdk-17.0.2\bin\javafx_font.dll
0x00007ff92ac70000 - 0x00007ff92aeef000 	C:\WINDOWS\SYSTEM32\dwrite.dll
0x00007ff9559c0000 - 0x00007ff9559d8000 	C:\WINDOWS\SYSTEM32\CRYPTSP.dll
0x00007ff955090000 - 0x00007ff9550c4000 	C:\WINDOWS\system32\rsaenh.dll
0x00007ff955f60000 - 0x00007ff955f8e000 	C:\WINDOWS\SYSTEM32\USERENV.dll
0x00007ff955880000 - 0x00007ff95588c000 	C:\WINDOWS\SYSTEM32\CRYPTBASE.dll
0x00007ff94f740000 - 0x00007ff94f757000 	C:\WINDOWS\SYSTEM32\dhcpcsvc6.DLL
0x00007ff94f6a0000 - 0x00007ff94f6bd000 	C:\WINDOWS\SYSTEM32\dhcpcsvc.DLL
0x00007ff958230000 - 0x00007ff9582d9000 	C:\WINDOWS\System32\clbcatq.dll
0x00007ff94d960000 - 0x00007ff94db14000 	C:\WINDOWS\SYSTEM32\WindowsCodecs.dll
0x00007ff946f60000 - 0x00007ff946f9e000 	C:\WINDOWS\system32\dataexchange.dll
0x00007ff951c50000 - 0x00007ff951eb4000 	C:\WINDOWS\system32\d3d11.dll
0x00007ff952550000 - 0x00007ff952735000 	C:\WINDOWS\system32\dcomp.dll
0x00007ff954a40000 - 0x00007ff954b33000 	C:\WINDOWS\system32\dxgi.dll

dbghelp: loaded successfully - version: 4.0.5 - missing functions: none
symbol engine: initialized successfully - sym options: 0x614 - pdb path: .;C:\Program Files\Java\jdk-16.0.2\bin;C:\WINDOWS\SYSTEM32;C:\WINDOWS\WinSxS\amd64_microsoft.windows.common-controls_6595b64144ccf1df_6.0.19041.1110_none_60b5254171f9507e;C:\Program Files\Java\jdk-16.0.2\bin\server;C:\BUT 1 INFO\R2.01\SAE\SAE_PNR\SAE-PNR\javafx-sdk-17.0.2\bin;C:\WINDOWS\System32\DriverStore\FileRepository\igdlh64.inf_amd64_31f4e71363bfa9b6;C:\Program Files\Common Files\Microsoft Shared\Ink

VM Arguments:
jvm_args: -agentlib:jdwp=transport=dt_socket,server=n,suspend=y,address=localhost:55256 --module-path=./javafx-sdk-17.0.2/lib --add-modules=javafx.controls,javafx.fxml -XX:+ShowCodeDetailsInExceptionMessages 
java_command: view.login_page.Main
java_class_path (initial): C:\Users\timot\AppData\Roaming\Code\User\workspaceStorage\61590eb05be9bdaa79b5291ad44b48cc\redhat.java\jdt_ws\SAE-PNR_d4391e8\bin;c:\BUT 1 INFO\R2.01\SAE\SAE_PNR\SAE-PNR\lib\javafx-swt.jar;c:\Users\timot\Downloads\mysql-connector-java-8.0.29\mysql-connector-java-8.0.29\mysql-connector-java-8.0.29.jar;c:\BUT 1 INFO\R2.01\SAE\SAE_PNR\SAE-PNR\lib\javafx.web.jar;c:\Program Files (x86)\MySQL\Connector J 8.0\mysql-connector-java-8.0.28.jar;c:\BUT 1 INFO\R2.01\SAE\SAE_PNR\SAE-PNR\lib\javafx.controls.jar;c:\BUT 1 INFO\R2.01\SAE\SAE_PNR\SAE-PNR\lib\javafx.graphics.jar;c:\BUT 1 INFO\R2.01\SAE\SAE_PNR\SAE-PNR\lib\ikonli-javafx-12.3.1.jar;c:\BUT 1 INFO\R2.01\SAE\SAE_PNR\SAE-PNR\lib\javafx.fxml.jar;c:\BUT 1 INFO\R2.01\SAE\SAE_PNR\SAE-PNR\lib\ikonli-win10-pack-12.3.1.jar;c:\BUT 1 INFO\R2.01\SAE\SAE_PNR\SAE-PNR\lib\ikonli-core-12.3.1.jar;c:\BUT 1 INFO\R2.01\SAE\SAE_PNR\SAE-PNR\lib\javafx.swing.jar;c:\BUT 1 INFO\R2.01\SAE\SAE_PNR\SAE-PNR\lib\javafx.media.jar;c:\BUT 1 INFO\R2.01\SAE\SAE_PNR\SAE-PNR\lib\javafx.base.jar;c:\BUT 1 INFO\R2.01\SAE\SAE_PNR\SAE-PNR\lib\materialfx-11.13.5-all.jar;c:\BUT 1 INFO\R2.01\SAE\SAE_PNR\SAE-PNR\lib\ikonli-fontawesome5-pack-12.3.1.jar
Launcher Type: SUN_STANDARD

[Global flags]
     intx CICompilerCount                          = 3                                         {product} {ergonomic}
     uint ConcGCThreads                            = 1                                         {product} {ergonomic}
     uint G1ConcRefinementThreads                  = 4                                         {product} {ergonomic}
   size_t G1HeapRegionSize                         = 1048576                                   {product} {ergonomic}
    uintx GCDrainStackTargetSize                   = 64                                        {product} {ergonomic}
   size_t InitialHeapSize                          = 67108864                                  {product} {ergonomic}
   size_t MarkStackSize                            = 4194304                                   {product} {ergonomic}
   size_t MaxHeapSize                              = 1050673152                                {product} {ergonomic}
   size_t MaxNewSize                               = 630194176                                 {product} {ergonomic}
   size_t MinHeapDeltaBytes                        = 1048576                                   {product} {ergonomic}
   size_t MinHeapSize                              = 8388608                                   {product} {ergonomic}
    uintx NonNMethodCodeHeapSize                   = 5832780                                {pd product} {ergonomic}
    uintx NonProfiledCodeHeapSize                  = 122912730                              {pd product} {ergonomic}
    uintx ProfiledCodeHeapSize                     = 122912730                              {pd product} {ergonomic}
    uintx ReservedCodeCacheSize                    = 251658240                              {pd product} {ergonomic}
     bool SegmentedCodeCache                       = true                                      {product} {ergonomic}
     bool ShowCodeDetailsInExceptionMessages       = true                                   {manageable} {command line}
   size_t SoftMaxHeapSize                          = 1050673152                             {manageable} {ergonomic}
     bool UseCompressedClassPointers               = true                           {product lp64_product} {ergonomic}
     bool UseCompressedOops                        = true                           {product lp64_product} {ergonomic}
     bool UseG1GC                                  = true                                      {product} {ergonomic}
     bool UseLargePagesIndividualAllocation        = false                                  {pd product} {ergonomic}

Logging:
Log output configuration:
 #0: stdout all=warning uptime,level,tags
 #1: stderr all=off uptime,level,tags

Environment Variables:
CLASSPATH=..\class
PATH=C:\Program Files\Java\jdk-16.0.2\bin;C:\Program Files\Common Files\Oracle\Java\javapath;C:\Program Files (x86)\Common Files\Oracle\Java\javapath;C:\oracle\app\oracle\product\11.2.0\server\bin;C:\WINDOWS\system32;C:\WINDOWS;C:\WINDOWS\System32\Wbem;C:\WINDOWS\System32\WindowsPowerShell\v1.0\;C:\WINDOWS\System32\OpenSSH\;C:\Program Files\Git\cmd;C:\Program Files\MySQL\MySQL Shell 8.0\bin\;C:\Users\timot\AppData\Local\Microsoft\WindowsApps;C:\Users\timot\AppData\Local\Programs\Microsoft VS Code\bin;
USERNAME=timot
LANG=fr_FR.UTF-8
OS=Windows_NT
PROCESSOR_IDENTIFIER=Intel64 Family 6 Model 142 Stepping 9, GenuineIntel



---------------  S Y S T E M  ---------------

OS:
 Windows 10 , 64 bit Build 19041 (10.0.19041.1706)
OS uptime: 24 days 14:22 hours
Hyper-V role detected

CPU: total 4 (initial active 4) (2 cores per cpu, 2 threads per core) family 6 model 142 stepping 9 microcode 0xde, cx8, cmov, fxsr, ht, mmx, 3dnowpref, sse, sse2, sse3, ssse3, sse4.1, sse4.2, popcnt, lzcnt, tsc, tscinvbit, avx, avx2, aes, erms, clmul, bmi1, bmi2, adx, fma, vzeroupper, clflush, clflushopt, hv

Memory: 4k page, system-wide physical 4007M (61M free)
TotalPageFile size 16295M (AvailPageFile size 0M)
current process WorkingSet (physical memory assigned to process): 196M, peak: 197M
current process commit charge ("private bytes"): 249M, peak: 253M

vm_info: Java HotSpot(TM) 64-Bit Server VM (16.0.2+7-67) for windows-amd64 JRE (16.0.2+7-67), built on Jun  8 2021 23:24:19 by "mach5one" with MS VC++ 16.7 (VS2019)

END.
