#
# There is insufficient memory for the Java Runtime Environment to continue.
# Native memory allocation (malloc) failed to allocate 1562192 bytes for Chunk::new
# Possible reasons:
#   The system is out of physical RAM or swap space
#   The process is running with CompressedOops enabled, and the Java Heap may be blocking the growth of the native heap
# Possible solutions:
#   Reduce memory load on the system
#   Increase physical memory or swap space
#   Check if swap backing store is full
#   Decrease Java heap size (-Xmx/-Xms)
#   Decrease number of Java threads
#   Decrease Java thread stack sizes (-Xss)
#   Set larger code cache with -XX:ReservedCodeCacheSize=
#   JVM is running with Unscaled Compressed Oops mode in which the Java heap is
#     placed in the first 4GB address space. The Java Heap base address is the
#     maximum limit for the native heap growth. Please use -XX:HeapBaseMinAddress
#     to set the Java Heap base and to place the Java Heap above 4GB virtual address.
# This output file may be truncated or incomplete.
#
#  Out of Memory Error (arena.cpp:189), pid=34448, tid=43692
#
# JRE version: OpenJDK Runtime Environment Temurin-17.0.3+7 (17.0.3+7) (build 17.0.3+7)
# Java VM: OpenJDK 64-Bit Server VM Temurin-17.0.3+7 (17.0.3+7, mixed mode, tiered, compressed oops, compressed class ptrs, parallel gc, windows-amd64)
# No core dump will be written. Minidumps are not enabled by default on client versions of Windows
#

---------------  S U M M A R Y ------------

Command Line: --add-modules=ALL-SYSTEM --add-opens=java.base/java.util=ALL-UNNAMED --add-opens=java.base/java.lang=ALL-UNNAMED --add-opens=java.base/sun.nio.fs=ALL-UNNAMED -Declipse.application=org.eclipse.jdt.ls.core.id1 -Dosgi.bundles.defaultStartLevel=4 -Declipse.product=org.eclipse.jdt.ls.core.product -Djava.import.generatesMetadataFilesAtProjectRoot=false -Dfile.encoding=utf8 -DwatchParentProcess=false -XX:+UseParallelGC -XX:GCTimeRatio=4 -XX:AdaptiveSizePolicyWeight=90 -Dsun.zip.disableMemoryMapping=true -Xmx1G -Xms100m -XX:+HeapDumpOnOutOfMemoryError -XX:HeapDumpPath=c:\Users\timot\AppData\Roaming\Code\User\workspaceStorage\61590eb05be9bdaa79b5291ad44b48cc\redhat.java c:\Users\timot\.vscode\extensions\redhat.java-1.7.0-win32-x64\server\plugins\org.eclipse.equinox.launcher_1.6.400.v20210924-0641.jar -configuration c:\Users\timot\AppData\Roaming\Code\User\globalStorage\redhat.java\1.7.0\config_win -data c:\Users\timot\AppData\Roaming\Code\User\workspaceStorage\61590eb05be9bdaa79b5291ad44b48cc\redhat.java\jdt_ws

Host: Intel(R) Core(TM) i3-7020U CPU @ 2.30GHz, 4 cores, 3G,  Windows 10 , 64 bit Build 19041 (10.0.19041.1706)
Time: Sat Jun 18 11:16:49 2022 Paris, Madrid (heure duild 19041 (10.0.19041.1706) elapsed time: 11.581007 seconds (0d 0h 0m 11s)

---------------  T H R E A D  ---------------

Current thread (0x0000017b51bf18d0):  JavaThread "C2 CompilerThread0" daemon [_thread_in_native, id=43692, stack(0x0000002f5c900000,0x0000002f5ca00000)]


Current CompileTask:
C2:  11581 2516   !   4       org.eclipse.osgi.internal.loader.classpath.ClasspathManager::findClassImpl (308 bytes)

Stack: [0x0000002f5c900000,0x0000002f5ca00000]
Native frames: (J=compiled Java code, j=interpreted, Vv=VM code, C=native code)
V  [jvm.dll+0x675efa]
V  [jvm.dll+0x830a24]
V  [jvm.dll+0x8321ce]
V  [jvm.dll+0x832833]
V  [jvm.dll+0x2454b5]
V  [jvm.dll+0xabd7b]
V  [jvm.dll+0xac30c]
V  [jvm.dll+0x363627]
V  [jvm.dll+0x1bba02]
V  [jvm.dll+0x2184b9]
V  [jvm.dll+0x217781]
V  [jvm.dll+0x1a3ccd]
V  [jvm.dll+0x227178]
V  [jvm.dll+0x2252bc]
V  [jvm.dll+0x7e673b]
V  [jvm.dll+0x7e0cfa]
V  [jvm.dll+0x674d85]
C  [ucrtbase.dll+0x21bb2]
C  [KERNEL32.DLL+0x17034]
C  [ntdll.dll+0x52651]


---------------  P R O C E S S  ---------------

Threads class SMR info:
_java_thread_list=0x0000017b55e78610, length=23, elements={
0x0000017b3dd9e590, 0x0000017b51bafb60, 0x0000017b51bb1300, 0x0000017b51be0e10,
0x0000017b51be7f60, 0x0000017b51bea990, 0x0000017b51bec3c0, 0x0000017b51bf18d0,
0x0000017b51bfaa50, 0x0000017b51c1b920, 0x0000017b51ab11d0, 0x0000017b53827390,
0x0000017b53c62480, 0x0000017b53cd57b0, 0x0000017b53cd6130, 0x0000017b53e4a040,
0x0000017b53ef68e0, 0x0000017b53ad4960, 0x0000017b53b249c0, 0x0000017b53c08940,
0x0000017b53c09c80, 0x0000017b53c0a620, 0x0000017b53c0aaf0
}

Java Threads: ( => current thread )
  0x0000017b3dd9e590 JavaThread "main" [_thread_blocked, id=28288, stack(0x0000002f5c000000,0x0000002f5c100000)]
  0x0000017b51bafb60 JavaThread "Reference Handler" daemon [_thread_blocked, id=15008, stack(0x0000002f5c300000,0x0000002f5c400000)]
  0x0000017b51bb1300 JavaThread "Finalizer" daemon [_thread_blocked, id=45788, stack(0x0000002f5c400000,0x0000002f5c500000)]
  0x0000017b51be0e10 JavaThread "Signal Dispatcher" daemon [_thread_blocked, id=36760, stack(0x0000002f5c500000,0x0000002f5c600000)]
  0x0000017b51be7f60 JavaThread "Attach Listener" daemon [_thread_blocked, id=41648, stack(0x0000002f5c600000,0x0000002f5c700000)]
  0x0000017b51bea990 JavaThread "Service Thread" daemon [_thread_blocked, id=28708, stack(0x0000002f5c700000,0x0000002f5c800000)]
  0x0000017b51bec3c0 JavaThread "Monitor Deflation Thread" daemon [_thread_blocked, id=32960, stack(0x0000002f5c800000,0x0000002f5c900000)]
=>0x0000017b51bf18d0 JavaThread "C2 CompilerThread0" daemon [_thread_in_native, id=43692, stack(0x0000002f5c900000,0x0000002f5ca00000)]
  0x0000017b51bfaa50 JavaThread "C1 CompilerThread0" daemon [_thread_in_vm, id=11460, stack(0x0000002f5ca00000,0x0000002f5cb00000)]
  0x0000017b51c1b920 JavaThread "Sweeper thread" daemon [_thread_blocked, id=12884, stack(0x0000002f5cb00000,0x0000002f5cc00000)]
  0x0000017b51ab11d0 JavaThread "Common-Cleaner" daemon [_thread_blocked, id=12972, stack(0x0000002f5cc00000,0x0000002f5cd00000)]
  0x0000017b53827390 JavaThread "Notification Thread" daemon [_thread_blocked, id=2632, stack(0x0000002f5cd00000,0x0000002f5ce00000)]
  0x0000017b53c62480 JavaThread "Active Thread: Equinox Container: 5c69eb2d-4855-4957-adc4-f4ee717adb73" [_thread_blocked, id=35916, stack(0x0000002f5cf00000,0x0000002f5d000000)]
  0x0000017b53cd57b0 JavaThread "Framework Event Dispatcher: Equinox Container: 5c69eb2d-4855-4957-adc4-f4ee717adb73" daemon [_thread_blocked, id=25240, stack(0x0000002f5d000000,0x0000002f5d100000)]
  0x0000017b53cd6130 JavaThread "Start Level: Equinox Container: 5c69eb2d-4855-4957-adc4-f4ee717adb73" daemon [_thread_in_vm, id=42676, stack(0x0000002f5d100000,0x0000002f5d200000)]
  0x0000017b53e4a040 JavaThread "SCR Component Actor" daemon [_thread_blocked, id=32912, stack(0x0000002f5d500000,0x0000002f5d600000)]
  0x0000017b53ef68e0 JavaThread "Timer-0" [_thread_blocked, id=39692, stack(0x0000002f5d600000,0x0000002f5d700000)]
  0x0000017b53ad4960 JavaThread "Worker-JM" [_thread_blocked, id=44628, stack(0x0000002f5d700000,0x0000002f5d800000)]
  0x0000017b53b249c0 JavaThread "Worker-0: Repository registry initialization" [_thread_blocked, id=6664, stack(0x0000002f5d800000,0x0000002f5d900000)]
  0x0000017b53c08940 JavaThread "Worker-1: Updating Maven Dependencies" [_thread_in_vm, id=41532, stack(0x0000002f5d900000,0x0000002f5da00000)]
  0x0000017b53c09c80 JavaThread "Java indexing" daemon [_thread_blocked, id=42808, stack(0x0000002f5da00000,0x0000002f5db00000)]
  0x0000017b53c0a620 JavaThread "Worker-2" [_thread_blocked, id=33076, stack(0x0000002f5db00000,0x0000002f5dc00000)]
  0x0000017b53c0aaf0 JavaThread "Worker-3" [_thread_blocked, id=2500, stack(0x0000002f5dc00000,0x0000002f5dd00000)]

Other Threads:
  0x0000017b51b968b0 VMThread "VM Thread" [stack: 0x0000002f5c200000,0x0000002f5c300000] [id=22584]
  0x0000017b53827860 WatcherThread [stack: 0x0000002f5ce00000,0x0000002f5cf00000] [id=45804]
  0x0000017b3bcfbf60 GCTaskThread "GC Thread#0" [stack: 0x0000002f5c100000,0x0000002f5c200000] [id=29180]
  0x0000017b53e2d440 GCTaskThread "GC Thread#1" [stack: 0x0000002f5d200000,0x0000002f5d300000] [id=35068]
  0x0000017b53cd7160 GCTaskThread "GC Thread#2" [stack: 0x0000002f5d300000,0x0000002f5d400000] [id=44216]
  0x0000017b53cd7410 GCTaskThread "GC Thread#3" [stack: 0x0000002f5d400000,0x0000002f5d500000] [id=44368]

Threads with active compile tasks:
C2 CompilerThread0    13600 2516   !   4       org.eclipse.osgi.internal.loader.classpath.ClasspathManager::findClassImpl (308 bytes)
C1 CompilerThread0    13600 3238       2       com.google.inject.internal.InjectorImpl::enterContext (65 bytes)

VM state: not at safepoint (normal execution)

VM Mutex/Monitor currently owned by a thread:  ([mutex/lock_event])
[0x0000017b3dd97d60] Metaspace_lock - owner thread: 0x0000017b51bfaa50
[0x0000017b3dd982c0] MethodData_lock - owner thread: 0x0000017b51bfaa50

Heap address: 0x00000000c0000000, size: 1024 MB, Compressed Oops mode: 32-bit

CDS archive(s) not mapped
Compressed class space mapped at: 0x0000000100000000-0x0000000140000000, reserved size: 1073741824
Narrow klass base: 0x0000000000000000, Narrow klass shift: 3, Narrow klass range: 0x140000000

GC Precious Log:
 CPUs: 4 total, 4 available
 Memory: 4007M
 Large Page Support: Disabled
 NUMA Support: Disabled
 Compressed Oops: Enabled (32-bit)
 Alignments: Space 512K, Generation 512K, Heap 2M
 Heap Min Capacity: 100M
 Heap Initial Capacity: 100M
 Heap Max Capacity: 1G
 Pre-touch: Disabled
 Parallel Workers: 4

Heap:
 PSYoungGen      total 29696K, used 9005K [0x00000000eab00000, 0x00000000ecc00000, 0x0000000100000000)
  eden space 25600K, 35% used [0x00000000eab00000,0x00000000eb3cb6f8,0x00000000ec400000)
  from space 4096K, 0% used [0x00000000ec400000,0x00000000ec400000,0x00000000ec800000)
  to   space 4096K, 0% used [0x00000000ec800000,0x00000000ec800000,0x00000000ecc00000)
 ParOldGen       total 68608K, used 11668K [0x00000000c0000000, 0x00000000c4300000, 0x00000000eab00000)
  object space 68608K, 17% used [0x00000000c0000000,0x00000000c0b65010,0x00000000c4300000)
 Metaspace       used 37306K, committed 37824K, reserved 1089536K
  class space    used 3964K, committed 4224K, reserved 1048576K

Card table byte_map: [0x0000017b3d760000,0x0000017b3d970000] _byte_map_base: 0x0000017b3d160000

Marking Bits: (ParMarkBitMap*) 0x00007ff8ff114b80
 Begin Bits: [0x0000017b4fa30000, 0x0000017b50a30000)
 End Bits:   [0x0000017b50a30000, 0x0000017b51a30000)

Polling page: 0x0000017b3bc70000

Metaspace:

Usage:
  Non-class:     32.56 MB used.
      Class:      3.87 MB used.
       Both:     36.43 MB used.

Virtual space:
  Non-class space:       40.00 MB reserved,      32.81 MB ( 82%) committed,  5 nodes.
      Class space:        1.00 GB reserved,       4.12 MB ( <1%) committed,  1 nodes.
             Both:        1.04 GB reserved,      36.94 MB (  3%) committed. 

Chunk freelists:
   Non-Class:  2.92 MB
       Class:  3.91 MB
        Both:  6.83 MB

MaxMetaspaceSize: unlimited
CompressedClassSpaceSize: 1.00 GB
Initial GC threshold: 21.00 MB
Current GC threshold: 58.38 MB
CDS: off
MetaspaceReclaimPolicy: balanced
 - commit_granule_bytes: 65536.
 - commit_granule_words: 8192.
 - virtual_space_node_default_size: 1048576.
 - enlarge_chunks_in_place: 1.
 - new_chunks_are_fully_committed: 0.
 - uncommit_free_chunks: 1.
 - use_allocation_guard: 0.
 - handle_deallocations: 1.


Internal statistics:

num_allocs_failed_limit: 6.
num_arena_births: 214.
num_arena_deaths: 0.
num_vsnodes_births: 6.
num_vsnodes_deaths: 0.
num_space_committed: 591.
num_space_uncommitted: 0.
num_chunks_returned_to_freelist: 6.
num_chunks_taken_from_freelist: 1351.
num_chunk_merges: 6.
num_chunk_splits: 916.
num_chunks_enlarged: 638.
num_purges: 0.
num_inconsistent_stats: 0.

CodeHeap 'non-profiled nmethods': size=120000Kb used=1033Kb max_used=1033Kb free=118966Kb
 bounds [0x0000017b48500000, 0x0000017b48770000, 0x0000017b4fa30000]
CodeHeap 'profiled nmethods': size=120000Kb used=6180Kb max_used=6180Kb free=113819Kb
 bounds [0x0000017b40fd0000, 0x0000017b415e0000, 0x0000017b48500000]
CodeHeap 'non-nmethods': size=5760Kb used=1249Kb max_used=1259Kb free=4510Kb
 bounds [0x0000017b40a30000, 0x0000017b40ca0000, 0x0000017b40fd0000]
 total_blobs=3766 nmethods=3199 adapters=481
 compilation: enabled
              stopped_count=0, restarted_count=0
 full_count=0

Compilation events (20 events):
Event: 11.243 Thread 0x0000017b51bfaa50 2518       3       org.eclipse.core.internal.registry.ConfigurationElementHandle::getName (8 bytes)
Event: 11.244 Thread 0x0000017b51bfaa50 nmethod 2518 0x0000017b414c7e90 code [0x0000017b414c8060, 0x0000017b414c85a8]
Event: 11.268 Thread 0x0000017b51bfaa50 2519       3       java.io.File::slashify (84 bytes)
Event: 11.270 Thread 0x0000017b51bfaa50 nmethod 2519 0x0000017b414c8790 code [0x0000017b414c8aa0, 0x0000017b414c9928]
Event: 11.270 Thread 0x0000017b51bfaa50 2520       3       java.io.File::toURL (40 bytes)
Event: 11.271 Thread 0x0000017b51bfaa50 nmethod 2520 0x0000017b414c9e90 code [0x0000017b414ca0e0, 0x0000017b414ca958]
Event: 11.278 Thread 0x0000017b51bfaa50 2522   !   3       java.lang.Class::getEnumConstantsShared (71 bytes)
Event: 11.280 Thread 0x0000017b51bfaa50 nmethod 2522 0x0000017b414cac90 code [0x0000017b414cafc0, 0x0000017b414cc2f8]
Event: 11.293 Thread 0x0000017b51bfaa50 2523       1       java.util.concurrent.CopyOnWriteArrayList::setArray (6 bytes)
Event: 11.294 Thread 0x0000017b51bfaa50 nmethod 2523 0x0000017b485ea690 code [0x0000017b485ea820, 0x0000017b485ea8f8]
Event: 11.373 Thread 0x0000017b51bfaa50 2524       3       java.util.concurrent.locks.AbstractQueuedSynchronizer::casTail (13 bytes)
Event: 11.373 Thread 0x0000017b51bfaa50 nmethod 2524 0x0000017b414ccb90 code [0x0000017b414ccd20, 0x0000017b414cce58]
Event: 11.405 Thread 0x0000017b51bfaa50 2525       3       java.io.FileOutputStream::write (20 bytes)
Event: 11.405 Thread 0x0000017b51bfaa50 nmethod 2525 0x0000017b414ccf10 code [0x0000017b414cd0c0, 0x0000017b414cd288]
Event: 11.405 Thread 0x0000017b51bfaa50 2526       3       java.io.FileDescriptor$1::getAppend (5 bytes)
Event: 11.405 Thread 0x0000017b51bfaa50 nmethod 2526 0x0000017b414cd390 code [0x0000017b414cd520, 0x0000017b414cd638]
Event: 11.476 Thread 0x0000017b51bfaa50 2528       3       jdk.internal.misc.Unsafe::putReferenceOpaque (9 bytes)
Event: 11.476 Thread 0x0000017b51bfaa50 nmethod 2528 0x0000017b414cd710 code [0x0000017b414cd8a0, 0x0000017b414cd9d8]
Event: 11.573 Thread 0x0000017b51bfaa50 2529       3       java.util.HashMap::getNode (150 bytes)
Event: 11.574 Thread 0x0000017b51bfaa50 nmethod 2529 0x0000017b414cda90 code [0x0000017b414cdcc0, 0x0000017b414ce858]

GC Heap History (8 events):
Event: 4.097 GC heap before
{Heap before GC invocations=1 (full 0):
 PSYoungGen      total 29696K, used 25600K [0x00000000eab00000, 0x00000000ecc00000, 0x0000000100000000)
  eden space 25600K, 100% used [0x00000000eab00000,0x00000000ec400000,0x00000000ec400000)
  from space 4096K, 0% used [0x00000000ec800000,0x00000000ec800000,0x00000000ecc00000)
  to   space 4096K, 0% used [0x00000000ec400000,0x00000000ec400000,0x00000000ec800000)
 ParOldGen       total 68608K, used 0K [0x00000000c0000000, 0x00000000c4300000, 0x00000000eab00000)
  object space 68608K, 0% used [0x00000000c0000000,0x00000000c0000000,0x00000000c4300000)
 Metaspace       used 12853K, committed 13056K, reserved 1064960K
  class space    used 1295K, committed 1408K, reserved 1048576K
}
Event: 4.136 GC heap after
{Heap after GC invocations=1 (full 0):
 PSYoungGen      total 29696K, used 4088K [0x00000000eab00000, 0x00000000ecc00000, 0x0000000100000000)
  eden space 25600K, 0% used [0x00000000eab00000,0x00000000eab00000,0x00000000ec400000)
  from space 4096K, 99% used [0x00000000ec400000,0x00000000ec7fe2e8,0x00000000ec800000)
  to   space 4096K, 0% used [0x00000000ec800000,0x00000000ec800000,0x00000000ecc00000)
 ParOldGen       total 68608K, used 526K [0x00000000c0000000, 0x00000000c4300000, 0x00000000eab00000)
  object space 68608K, 0% used [0x00000000c0000000,0x00000000c0083820,0x00000000c4300000)
 Metaspace       used 12853K, committed 13056K, reserved 1064960K
  class space    used 1295K, committed 1408K, reserved 1048576K
}
Event: 9.226 GC heap before
{Heap before GC invocations=2 (full 0):
 PSYoungGen      total 29696K, used 29688K [0x00000000eab00000, 0x00000000ecc00000, 0x0000000100000000)
  eden space 25600K, 100% used [0x00000000eab00000,0x00000000ec400000,0x00000000ec400000)
  from space 4096K, 99% used [0x00000000ec400000,0x00000000ec7fe2e8,0x00000000ec800000)
  to   space 4096K, 0% used [0x00000000ec800000,0x00000000ec800000,0x00000000ecc00000)
 ParOldGen       total 68608K, used 526K [0x00000000c0000000, 0x00000000c4300000, 0x00000000eab00000)
  object space 68608K, 0% used [0x00000000c0000000,0x00000000c0083820,0x00000000c4300000)
 Metaspace       used 21098K, committed 21504K, reserved 1073152K
  class space    used 2172K, committed 2368K, reserved 1048576K
}
Event: 9.242 GC heap after
{Heap after GC invocations=2 (full 0):
 PSYoungGen      total 29696K, used 4066K [0x00000000eab00000, 0x00000000ecc00000, 0x0000000100000000)
  eden space 25600K, 0% used [0x00000000eab00000,0x00000000eab00000,0x00000000ec400000)
  from space 4096K, 99% used [0x00000000ec800000,0x00000000ecbf8a68,0x00000000ecc00000)
  to   space 4096K, 0% used [0x00000000ec400000,0x00000000ec400000,0x00000000ec800000)
 ParOldGen       total 68608K, used 4318K [0x00000000c0000000, 0x00000000c4300000, 0x00000000eab00000)
  object space 68608K, 6% used [0x00000000c0000000,0x00000000c0437b30,0x00000000c4300000)
 Metaspace       used 21098K, committed 21504K, reserved 1073152K
  class space    used 2172K, committed 2368K, reserved 1048576K
}
Event: 9.242 GC heap before
{Heap before GC invocations=3 (full 1):
 PSYoungGen      total 29696K, used 4066K [0x00000000eab00000, 0x00000000ecc00000, 0x0000000100000000)
  eden space 25600K, 0% used [0x00000000eab00000,0x00000000eab00000,0x00000000ec400000)
  from space 4096K, 99% used [0x00000000ec800000,0x00000000ecbf8a68,0x00000000ecc00000)
  to   space 4096K, 0% used [0x00000000ec400000,0x00000000ec400000,0x00000000ec800000)
 ParOldGen       total 68608K, used 4318K [0x00000000c0000000, 0x00000000c4300000, 0x00000000eab00000)
  object space 68608K, 6% used [0x00000000c0000000,0x00000000c0437b30,0x00000000c4300000)
 Metaspace       used 21098K, committed 21504K, reserved 1073152K
  class space    used 2172K, committed 2368K, reserved 1048576K
}
Event: 9.276 GC heap after
{Heap after GC invocations=3 (full 1):
 PSYoungGen      total 29696K, used 0K [0x00000000eab00000, 0x00000000ecc00000, 0x0000000100000000)
  eden space 25600K, 0% used [0x00000000eab00000,0x00000000eab00000,0x00000000ec400000)
  from space 4096K, 0% used [0x00000000ec800000,0x00000000ec800000,0x00000000ecc00000)
  to   space 4096K, 0% used [0x00000000ec400000,0x00000000ec400000,0x00000000ec800000)
 ParOldGen       total 68608K, used 7875K [0x00000000c0000000, 0x00000000c4300000, 0x00000000eab00000)
  object space 68608K, 11% used [0x00000000c0000000,0x00000000c07b0e78,0x00000000c4300000)
 Metaspace       used 21098K, committed 21504K, reserved 1073152K
  class space    used 2172K, committed 2368K, reserved 1048576K
}
Event: 10.314 GC heap before
{Heap before GC invocations=4 (full 1):
 PSYoungGen      total 29696K, used 25600K [0x00000000eab00000, 0x00000000ecc00000, 0x0000000100000000)
  eden space 25600K, 100% used [0x00000000eab00000,0x00000000ec400000,0x00000000ec400000)
  from space 4096K, 0% used [0x00000000ec800000,0x00000000ec800000,0x00000000ecc00000)
  to   space 4096K, 0% used [0x00000000ec400000,0x00000000ec400000,0x00000000ec800000)
 ParOldGen       total 68608K, used 7875K [0x00000000c0000000, 0x00000000c4300000, 0x00000000eab00000)
  object space 68608K, 11% used [0x00000000c0000000,0x00000000c07b0e78,0x00000000c4300000)
 Metaspace       used 28359K, committed 28864K, reserved 1081344K
  class space    used 2781K, committed 3008K, reserved 1048576K
}
Event: 10.317 GC heap after
{Heap after GC invocations=4 (full 1):
 PSYoungGen      total 29696K, used 2118K [0x00000000eab00000, 0x00000000ecc00000, 0x0000000100000000)
  eden space 25600K, 0% used [0x00000000eab00000,0x00000000eab00000,0x00000000ec400000)
  from space 4096K, 51% used [0x00000000ec400000,0x00000000ec6119c8,0x00000000ec800000)
  to   space 4096K, 0% used [0x00000000ec800000,0x00000000ec800000,0x00000000ecc00000)
 ParOldGen       total 68608K, used 7883K [0x00000000c0000000, 0x00000000c4300000, 0x00000000eab00000)
  object space 68608K, 11% used [0x00000000c0000000,0x00000000c07b2e78,0x00000000c4300000)
 Metaspace       used 28359K, committed 28864K, reserved 1081344K
  class space    used 2781K, committed 3008K, reserved 1048576K
}

Deoptimization events (20 events):
Event: 10.348 Thread 0x0000017b53cd6130 Uncommon trap: trap_request=0xffffff45 fr.pc=0x0000017b485d3954 relative=0x0000000000000534
Event: 10.348 Thread 0x0000017b53cd6130 Uncommon trap: reason=unstable_if action=reinterpret pc=0x0000017b485d3954 method=java.util.HashMap.putVal(ILjava/lang/Object;Ljava/lang/Object;ZZ)Ljava/lang/Object; @ 193 c2
Event: 10.348 Thread 0x0000017b53cd6130 DEOPT PACKING pc=0x0000017b485d3954 sp=0x0000002f5d1fd8f0
Event: 10.348 Thread 0x0000017b53cd6130 DEOPT UNPACKING pc=0x0000017b40a820a3 sp=0x0000002f5d1fd860 mode 2
Event: 10.426 Thread 0x0000017b53cd6130 Uncommon trap: trap_request=0xffffff45 fr.pc=0x0000017b485d692c relative=0x000000000000064c
Event: 10.426 Thread 0x0000017b53cd6130 Uncommon trap: reason=unstable_if action=reinterpret pc=0x0000017b485d692c method=java.util.Properties.load0(Ljava/util/Properties$LineReader;)V @ 186 c2
Event: 10.426 Thread 0x0000017b53cd6130 DEOPT PACKING pc=0x0000017b485d692c sp=0x0000002f5d1fd7f0
Event: 10.426 Thread 0x0000017b53cd6130 DEOPT UNPACKING pc=0x0000017b40a820a3 sp=0x0000002f5d1fd768 mode 2
Event: 10.528 Thread 0x0000017b53c08940 Uncommon trap: trap_request=0xffffff45 fr.pc=0x0000017b485bdc08 relative=0x0000000000000f88
Event: 10.528 Thread 0x0000017b53c08940 Uncommon trap: reason=unstable_if action=reinterpret pc=0x0000017b485bdc08 method=java.util.Properties$LineReader.readLine()I @ 256 c2
Event: 10.528 Thread 0x0000017b53c08940 DEOPT PACKING pc=0x0000017b485bdc08 sp=0x0000002f5d9fe290
Event: 10.528 Thread 0x0000017b53c08940 DEOPT UNPACKING pc=0x0000017b40a820a3 sp=0x0000002f5d9fe228 mode 2
Event: 11.557 Thread 0x0000017b53c08940 Uncommon trap: trap_request=0xffffff45 fr.pc=0x0000017b485d5890 relative=0x0000000000000250
Event: 11.557 Thread 0x0000017b53c08940 Uncommon trap: reason=unstable_if action=reinterpret pc=0x0000017b485d5890 method=java.util.HashMap.getNode(Ljava/lang/Object;)Ljava/util/HashMap$Node; @ 66 c2
Event: 11.557 Thread 0x0000017b53c08940 DEOPT PACKING pc=0x0000017b485d5890 sp=0x0000002f5d9fed70
Event: 11.557 Thread 0x0000017b53c08940 DEOPT UNPACKING pc=0x0000017b40a820a3 sp=0x0000002f5d9fec88 mode 2
Event: 11.560 Thread 0x0000017b53c08940 Uncommon trap: trap_request=0xffffff45 fr.pc=0x0000017b48557340 relative=0x0000000000000280
Event: 11.561 Thread 0x0000017b53c08940 Uncommon trap: reason=unstable_if action=reinterpret pc=0x0000017b48557340 method=java.util.HashMap.getNode(Ljava/lang/Object;)Ljava/util/HashMap$Node; @ 66 c2
Event: 11.561 Thread 0x0000017b53c08940 DEOPT PACKING pc=0x0000017b48557340 sp=0x0000002f5d9febd0
Event: 11.561 Thread 0x0000017b53c08940 DEOPT UNPACKING pc=0x0000017b40a820a3 sp=0x0000002f5d9feb60 mode 2

Classes unloaded (0 events):
No events

Classes redefined (0 events):
No events

Internal exceptions (20 events):
Event: 3.653 Thread 0x0000017b3dd9e590 Exception <a 'java/lang/NoSuchMethodError'{0x00000000ec07f160}: 'java.lang.Object java.lang.invoke.DirectMethodHandle$Holder.newInvokeSpecial(java.lang.Object, int, java.lang.Object)'> (0x00000000ec07f160) 
thrown [e:\jenkins\tmp\workspace\build\src\src\hotspot\share\interpreter\linkResolver.cpp, line 766]
Event: 4.062 Thread 0x0000017b3dd9e590 Exception <a 'java/lang/UnsatisfiedLinkError'{0x00000000ec3cf570}: 'void org.eclipse.equinox.launcher.JNIBridge._update_splash()'> (0x00000000ec3cf570) 
thrown [e:\jenkins\tmp\workspace\build\src\src\hotspot\share\prims\nativeLookup.cpp, line 543]
Event: 4.401 Thread 0x0000017b53cd6130 Exception <a 'java/lang/NoSuchMethodError'{0x00000000ead26c90}: 'java.lang.Object java.lang.invoke.DirectMethodHandle$Holder.invokeStaticInit(java.lang.Object)'> (0x00000000ead26c90) 
thrown [e:\jenkins\tmp\workspace\build\src\src\hotspot\share\interpreter\linkResolver.cpp, line 766]
Event: 5.916 Thread 0x0000017b53cd6130 Exception <a 'java/io/FileNotFoundException'{0x00000000eb034150}> (0x00000000eb034150) 
thrown [e:\jenkins\tmp\workspace\build\src\src\hotspot\share\prims\jni.cpp, line 516]
Event: 7.286 Thread 0x0000017b53cd6130 Exception <a 'java/lang/NoSuchMethodError'{0x00000000eb633d38}: 'void java.lang.invoke.DirectMethodHandle$Holder.invokeInterface(java.lang.Object, java.lang.Object, java.lang.Object)'> (0x00000000eb633d38) 
thrown [e:\jenkins\tmp\workspace\build\src\src\hotspot\share\interpreter\linkResolver.cpp, line 766]
Event: 7.505 Thread 0x0000017b53cd6130 Exception <a 'java/lang/NoSuchMethodError'{0x00000000eb7d97a8}: 'java.lang.Object java.lang.invoke.Invokers$Holder.invokeExact_MT(java.lang.Object, java.lang.Object, java.lang.Object, java.lang.Object, java.lang.Object, java.lang.Object)'> (0x00000000eb7d97a8) 
thrown [e:\jenkins\tmp\workspace\build\src\src\hotspot\share\interpreter\linkResolver.cpp, line 766]
Event: 7.547 Thread 0x0000017b53cd6130 Exception <a 'java/io/FileNotFoundException'{0x00000000eb81ec78}> (0x00000000eb81ec78) 
thrown [e:\jenkins\tmp\workspace\build\src\src\hotspot\share\prims\jni.cpp, line 516]
Event: 8.100 Thread 0x0000017b53cd6130 Exception <a 'java/lang/NoSuchMethodError'{0x00000000ebbeef58}: 'int java.lang.invoke.DirectMethodHandle$Holder.invokeStaticInit(java.lang.Object, java.lang.Object, java.lang.Object)'> (0x00000000ebbeef58) 
thrown [e:\jenkins\tmp\workspace\build\src\src\hotspot\share\interpreter\linkResolver.cpp, line 766]
Event: 8.117 Thread 0x0000017b53cd6130 Exception <a 'java/lang/IncompatibleClassChangeError'{0x00000000ebc22490}: Found class java.lang.Object, but interface was expected> (0x00000000ebc22490) 
thrown [e:\jenkins\tmp\workspace\build\src\src\hotspot\share\interpreter\linkResolver.cpp, line 833]
Event: 8.915 Thread 0x0000017b53cd6130 Exception <a 'java/lang/NoClassDefFoundError'{0x00000000ebe68fa0}: org/slf4j/impl/StaticLoggerBinder> (0x00000000ebe68fa0) 
thrown [e:\jenkins\tmp\workspace\build\src\src\hotspot\share\classfile\systemDictionary.cpp, line 245]
Event: 8.924 Thread 0x0000017b53cd6130 Exception <a 'java/lang/NullPointerException'{0x00000000ebe7b9a8}> (0x00000000ebe7b9a8) 
thrown [e:\jenkins\tmp\workspace\build\src\src\hotspot\share\interpreter\linkResolver.cpp, line 1357]
Event: 8.924 Thread 0x0000017b53cd6130 Exception <a 'java/lang/NullPointerException'{0x00000000ebe7c478}> (0x00000000ebe7c478) 
thrown [e:\jenkins\tmp\workspace\build\src\src\hotspot\share\interpreter\linkResolver.cpp, line 1357]
Event: 9.301 Thread 0x0000017b53cd6130 Exception <a 'java/lang/NoSuchMethodError'{0x00000000eabbb5d0}: 'void java.lang.invoke.DirectMethodHandle$Holder.invokeSpecial(java.lang.Object, java.lang.Object, java.lang.Object, int)'> (0x00000000eabbb5d0) 
thrown [e:\jenkins\tmp\workspace\build\src\src\hotspot\share\interpreter\linkResolver.cpp, line 766]
Event: 10.157 Thread 0x0000017b53cd6130 Exception <a 'java/lang/ClassNotFoundException'{0x00000000ec1be448}: com/sun/org/apache/xerces/internal/impl/msg/spi/DOMMessagesProvider> (0x00000000ec1be448) 
thrown [e:\jenkins\tmp\workspace\build\src\src\hotspot\share\classfile\systemDictionary.cpp, line 256]
Event: 10.161 Thread 0x0000017b53cd6130 Exception <a 'java/lang/ClassNotFoundException'{0x00000000ec1e6748}: com/sun/org/apache/xerces/internal/impl/msg/spi/XMLSerializerMessagesProvider> (0x00000000ec1e6748) 
thrown [e:\jenkins\tmp\workspace\build\src\src\hotspot\share\classfile\systemDictionary.cpp, line 256]
Event: 10.163 Thread 0x0000017b53cd6130 Exception <a 'java/lang/ClassNotFoundException'{0x00000000ec1fed90}: com/sun/org/apache/xerces/internal/impl/msg/spi/XMLMessagesProvider> (0x00000000ec1fed90) 
thrown [e:\jenkins\tmp\workspace\build\src\src\hotspot\share\classfile\systemDictionary.cpp, line 256]
Event: 10.274 Thread 0x0000017b53cd6130 Exception <a 'sun/nio/fs/WindowsException'{0x00000000ec37a768}> (0x00000000ec37a768) 
thrown [e:\jenkins\tmp\workspace\build\src\src\hotspot\share\prims\jni.cpp, line 516]
Event: 10.368 Thread 0x0000017b53c08940 Exception <a 'java/lang/NoSuchMethodError'{0x00000000eac4c0d0}: 'java.lang.Object java.lang.invoke.DirectMethodHandle$Holder.newInvokeSpecial(java.lang.Object, java.lang.Object, java.lang.Object, java.lang.Object, java.lang.Object)'> (0x00000000eac4c0d0) 
thrown [e:\jenkins\tmp\workspace\build\src\src\hotspot\share\interpreter\linkResolver.cpp, line 766]
Event: 10.414 Thread 0x0000017b53cd6130 Exception <a 'java/lang/ClassNotFoundException'{0x00000000eac00fb0}: com/sun/org/apache/xml/internal/serializer/spi/XMLEntitiesProvider> (0x00000000eac00fb0) 
thrown [e:\jenkins\tmp\workspace\build\src\src\hotspot\share\classfile\systemDictionary.cpp, line 256]
Event: 11.260 Thread 0x0000017b53cd6130 Exception <a 'java/io/FileNotFoundException'{0x00000000eb16fb18}> (0x00000000eb16fb18) 
thrown [e:\jenkins\tmp\workspace\build\src\src\hotspot\share\prims\jni.cpp, line 516]

VM Operations (20 events):
Event: 9.226 Executing VM operation: CollectForMetadataAllocation
Event: 9.276 Executing VM operation: CollectForMetadataAllocation done
Event: 9.292 Executing VM operation: HandshakeAllThreads
Event: 9.292 Executing VM operation: HandshakeAllThreads done
Event: 9.293 Executing VM operation: HandshakeAllThreads
Event: 9.293 Executing VM operation: HandshakeAllThreads done
Event: 10.060 Executing VM operation: HandshakeAllThreads
Event: 10.060 Executing VM operation: HandshakeAllThreads done
Event: 10.284 Executing VM operation: HandshakeAllThreads
Event: 10.284 Executing VM operation: HandshakeAllThreads done
Event: 10.284 Executing VM operation: Cleanup
Event: 10.284 Executing VM operation: Cleanup done
Event: 10.314 Executing VM operation: ParallelGCFailedAllocation
Event: 10.317 Executing VM operation: ParallelGCFailedAllocation done
Event: 10.379 Executing VM operation: HandshakeAllThreads
Event: 10.379 Executing VM operation: HandshakeAllThreads done
Event: 10.411 Executing VM operation: HandshakeAllThreads
Event: 10.411 Executing VM operation: HandshakeAllThreads done
Event: 11.093 Executing VM operation: HandshakeAllThreads
Event: 11.093 Executing VM operation: HandshakeAllThreads done

Events (20 events):
Event: 11.155 loading class com/sun/org/apache/xml/internal/serializer/WriterToUTF8Buffered
Event: 11.155 loading class com/sun/org/apache/xml/internal/serializer/WriterChain
Event: 11.155 loading class com/sun/org/apache/xml/internal/serializer/WriterChain done
Event: 11.155 loading class com/sun/org/apache/xml/internal/serializer/WriterToUTF8Buffered done
Event: 11.155 loading class com/sun/org/apache/xml/internal/serializer/WriterToASCI
Event: 11.156 loading class com/sun/org/apache/xml/internal/serializer/WriterToASCI done
Event: 11.291 loading class java/nio/charset/IllegalCharsetNameException
Event: 11.291 loading class java/nio/charset/IllegalCharsetNameException done
Event: 11.371 loading class java/util/function/BiPredicate
Event: 11.371 loading class java/util/function/BiPredicate done
Event: 11.381 loading class java/util/concurrent/atomic/AtomicReferenceArray
Event: 11.382 loading class java/util/concurrent/atomic/AtomicReferenceArray done
Event: 11.382 loading class java/lang/invoke/VarHandleReferences$Array
Event: 11.382 loading class java/lang/invoke/VarHandleReferences$Array done
Event: 11.551 loading class java/util/AbstractMap$SimpleImmutableEntry
Event: 11.552 loading class java/util/AbstractMap$SimpleImmutableEntry done
Event: 11.558 loading class java/io/InvalidObjectException
Event: 11.558 loading class java/io/ObjectStreamException
Event: 11.558 loading class java/io/ObjectStreamException done
Event: 11.558 loading class java/io/InvalidObjectException done


Dynamic libraries:
0x00007ff7d08a0000 - 0x00007ff7d08ae000 	c:\Users\timot\.vscode\extensions\redhat.java-1.7.0-win32-x64\jre\17.0.3-win32-x86_64\bin\java.exe
0x00007ff958950000 - 0x00007ff958b45000 	C:\WINDOWS\SYSTEM32\ntdll.dll
0x00007ff958850000 - 0x00007ff95890d000 	C:\WINDOWS\System32\KERNEL32.DLL
0x00007ff956060000 - 0x00007ff95632d000 	C:\WINDOWS\System32\KERNELBASE.dll
0x00007ff9568a0000 - 0x00007ff9569a0000 	C:\WINDOWS\System32\ucrtbase.dll
0x00007ff92c5b0000 - 0x00007ff92c5c8000 	c:\Users\timot\.vscode\extensions\redhat.java-1.7.0-win32-x64\jre\17.0.3-win32-x86_64\bin\jli.dll
0x00007ff957e90000 - 0x00007ff958030000 	C:\WINDOWS\System32\USER32.dll
0x00007ff9564e0000 - 0x00007ff956502000 	C:\WINDOWS\System32\win32u.dll
0x00007ff956a50000 - 0x00007ff956a7a000 	C:\WINDOWS\System32\GDI32.dll
0x00007ff956590000 - 0x00007ff95669b000 	C:\WINDOWS\System32\gdi32full.dll
0x00007ff956800000 - 0x00007ff95689d000 	C:\WINDOWS\System32\msvcp_win.dll
0x00007ff92c240000 - 0x00007ff92c259000 	c:\Users\timot\.vscode\extensions\redhat.java-1.7.0-win32-x64\jre\17.0.3-win32-x86_64\bin\VCRUNTIME140.dll
0x00007ff930e60000 - 0x00007ff9310fa000 	C:\WINDOWS\WinSxS\amd64_microsoft.windows.common-controls_6595b64144ccf1df_6.0.19041.1110_none_60b5254171f9507e\COMCTL32.dll
0x00007ff958030000 - 0x00007ff9580ce000 	C:\WINDOWS\System32\msvcrt.dll
0x00007ff958340000 - 0x00007ff958370000 	C:\WINDOWS\System32\IMM32.DLL
0x00007ff9517a0000 - 0x00007ff9517ac000 	c:\Users\timot\.vscode\extensions\redhat.java-1.7.0-win32-x64\jre\17.0.3-win32-x86_64\bin\vcruntime140_1.dll
0x00007ff91d3f0000 - 0x00007ff91d481000 	c:\Users\timot\.vscode\extensions\redhat.java-1.7.0-win32-x64\jre\17.0.3-win32-x86_64\bin\msvcp140.dll
0x00007ff8fe590000 - 0x00007ff8ff1d8000 	c:\Users\timot\.vscode\extensions\redhat.java-1.7.0-win32-x64\jre\17.0.3-win32-x86_64\bin\server\jvm.dll
0x00007ff956a80000 - 0x00007ff956b2e000 	C:\WINDOWS\System32\ADVAPI32.dll
0x00007ff957740000 - 0x00007ff9577dc000 	C:\WINDOWS\System32\sechost.dll
0x00007ff957b40000 - 0x00007ff957c65000 	C:\WINDOWS\System32\RPCRT4.dll
0x00007ff956b30000 - 0x00007ff956b38000 	C:\WINDOWS\System32\PSAPI.DLL
0x00007ff942960000 - 0x00007ff942969000 	C:\WINDOWS\SYSTEM32\WSOCK32.dll
0x00007ff9581c0000 - 0x00007ff95822b000 	C:\WINDOWS\System32\WS2_32.dll
0x00007ff949720000 - 0x00007ff949747000 	C:\WINDOWS\SYSTEM32\WINMM.dll
0x00007ff950d50000 - 0x00007ff950d5a000 	C:\WINDOWS\SYSTEM32\VERSION.dll
0x00007ff9548b0000 - 0x00007ff9548c2000 	C:\WINDOWS\SYSTEM32\kernel.appcore.dll
0x00007ff951770000 - 0x00007ff95177a000 	c:\Users\timot\.vscode\extensions\redhat.java-1.7.0-win32-x64\jre\17.0.3-win32-x86_64\bin\jimage.dll
0x00007ff953cd0000 - 0x00007ff953eb4000 	C:\WINDOWS\SYSTEM32\DBGHELP.DLL
0x00007ff948a30000 - 0x00007ff948a5c000 	C:\WINDOWS\SYSTEM32\dbgcore.DLL
0x00007ff9563e0000 - 0x00007ff956462000 	C:\WINDOWS\System32\bcryptPrimitives.dll
0x00007ff928060000 - 0x00007ff928085000 	c:\Users\timot\.vscode\extensions\redhat.java-1.7.0-win32-x64\jre\17.0.3-win32-x86_64\bin\java.dll
0x00007ff92c030000 - 0x00007ff92c048000 	c:\Users\timot\.vscode\extensions\redhat.java-1.7.0-win32-x64\jre\17.0.3-win32-x86_64\bin\zip.dll
0x00007ff956ea0000 - 0x00007ff9575e4000 	C:\WINDOWS\System32\SHELL32.dll
0x00007ff954100000 - 0x00007ff954894000 	C:\WINDOWS\SYSTEM32\windows.storage.dll
0x00007ff956b40000 - 0x00007ff956e94000 	C:\WINDOWS\System32\combase.dll
0x00007ff955910000 - 0x00007ff95593c000 	C:\WINDOWS\SYSTEM32\Wldp.dll
0x00007ff9569a0000 - 0x00007ff956a4d000 	C:\WINDOWS\System32\SHCORE.dll
0x00007ff9582e0000 - 0x00007ff958335000 	C:\WINDOWS\System32\shlwapi.dll
0x00007ff955fa0000 - 0x00007ff955fbf000 	C:\WINDOWS\SYSTEM32\profapi.dll
0x00007ff928e40000 - 0x00007ff928e59000 	C:\Users\timot\.vscode\extensions\redhat.java-1.7.0-win32-x64\jre\17.0.3-win32-x86_64\bin\net.dll
0x00007ff94e9b0000 - 0x00007ff94eaba000 	C:\WINDOWS\SYSTEM32\WINHTTP.dll
0x00007ff9556f0000 - 0x00007ff95575a000 	C:\WINDOWS\system32\mswsock.dll
0x00007ff926b30000 - 0x00007ff926b45000 	C:\Users\timot\.vscode\extensions\redhat.java-1.7.0-win32-x64\jre\17.0.3-win32-x86_64\bin\nio.dll
0x00007ff9559c0000 - 0x00007ff9559d8000 	C:\WINDOWS\SYSTEM32\CRYPTSP.dll
0x00007ff955090000 - 0x00007ff9550c4000 	C:\WINDOWS\system32\rsaenh.dll
0x00007ff956560000 - 0x00007ff956587000 	C:\WINDOWS\System32\bcrypt.dll
0x00007ff955f60000 - 0x00007ff955f8e000 	C:\WINDOWS\SYSTEM32\USERENV.dll
0x00007ff955880000 - 0x00007ff95588c000 	C:\WINDOWS\SYSTEM32\CRYPTBASE.dll
0x00007ff955400000 - 0x00007ff95543b000 	C:\WINDOWS\SYSTEM32\IPHLPAPI.DLL
0x00007ff9577e0000 - 0x00007ff9577e8000 	C:\WINDOWS\System32\NSI.dll
0x00007ff94f740000 - 0x00007ff94f757000 	C:\WINDOWS\SYSTEM32\dhcpcsvc6.DLL
0x00007ff94f6a0000 - 0x00007ff94f6bd000 	C:\WINDOWS\SYSTEM32\dhcpcsvc.DLL
0x00007ff955440000 - 0x00007ff95550b000 	C:\WINDOWS\SYSTEM32\DNSAPI.dll
0x00007ff921a00000 - 0x00007ff921a3e000 	C:\Users\timot\AppData\Roaming\Code\User\globalStorage\redhat.java\1.7.0\config_win\org.eclipse.equinox.launcher\org.eclipse.equinox.launcher.win32.win32.x86_64_1.2.400.v20211117-0650\eclipse_11602.dll
0x00007ff957c70000 - 0x00007ff957d9a000 	C:\WINDOWS\System32\ole32.dll
0x00007ff950bc0000 - 0x00007ff950bd0000 	c:\Users\timot\.vscode\extensions\redhat.java-1.7.0-win32-x64\jre\17.0.3-win32-x86_64\bin\verify.dll
0x00007ff92c6c0000 - 0x00007ff92c704000 	C:\Users\timot\AppData\Local\Temp\jna-110364797\jna13306029969751301017.dll

dbghelp: loaded successfully - version: 4.0.5 - missing functions: none
symbol engine: initialized successfully - sym options: 0x614 - pdb path: .;c:\Users\timot\.vscode\extensions\redhat.java-1.7.0-win32-x64\jre\17.0.3-win32-x86_64\bin;C:\WINDOWS\SYSTEM32;C:\WINDOWS\WinSxS\amd64_microsoft.windows.common-controls_6595b64144ccf1df_6.0.19041.1110_none_60b5254171f9507e;c:\Users\timot\.vscode\extensions\redhat.java-1.7.0-win32-x64\jre\17.0.3-win32-x86_64\bin\server;C:\Users\timot\AppData\Roaming\Code\User\globalStorage\redhat.java\1.7.0\config_win\org.eclipse.equinox.launcher\org.eclipse.equinox.launcher.win32.win32.x86_64_1.2.400.v20211117-0650;C:\Users\timot\AppData\Local\Temp\jna-110364797

VM Arguments:
jvm_args: --add-modules=ALL-SYSTEM --add-opens=java.base/java.util=ALL-UNNAMED --add-opens=java.base/java.lang=ALL-UNNAMED --add-opens=java.base/sun.nio.fs=ALL-UNNAMED -Declipse.application=org.eclipse.jdt.ls.core.id1 -Dosgi.bundles.defaultStartLevel=4 -Declipse.product=org.eclipse.jdt.ls.core.product -Djava.import.generatesMetadataFilesAtProjectRoot=false -Dfile.encoding=utf8 -DwatchParentProcess=false -XX:+UseParallelGC -XX:GCTimeRatio=4 -XX:AdaptiveSizePolicyWeight=90 -Dsun.zip.disableMemoryMapping=true -Xmx1G -Xms100m -XX:+HeapDumpOnOutOfMemoryError -XX:HeapDumpPath=c:\Users\timot\AppData\Roaming\Code\User\workspaceStorage\61590eb05be9bdaa79b5291ad44b48cc\redhat.java 
java_command: c:\Users\timot\.vscode\extensions\redhat.java-1.7.0-win32-x64\server\plugins\org.eclipse.equinox.launcher_1.6.400.v20210924-0641.jar -configuration c:\Users\timot\AppData\Roaming\Code\User\globalStorage\redhat.java\1.7.0\config_win -data c:\Users\timot\AppData\Roaming\Code\User\workspaceStorage\61590eb05be9bdaa79b5291ad44b48cc\redhat.java\jdt_ws
java_class_path (initial): c:\Users\timot\.vscode\extensions\redhat.java-1.7.0-win32-x64\server\plugins\org.eclipse.equinox.launcher_1.6.400.v20210924-0641.jar
Launcher Type: SUN_STANDARD

[Global flags]
    uintx AdaptiveSizePolicyWeight                 = 90                                        {product} {command line}
     intx CICompilerCount                          = 3                                         {product} {ergonomic}
    uintx GCTimeRatio                              = 4                                         {product} {command line}
     bool HeapDumpOnOutOfMemoryError               = true                                   {manageable} {command line}
    ccstr HeapDumpPath                             = c:\Users\timot\AppData\Roaming\Code\User\workspaceStorage\61590eb05be9bdaa79b5291ad44b48cc\redhat.java         {manageable} {command line}
   size_t InitialHeapSize                          = 104857600                                 {product} {command line}
   size_t MaxHeapSize                              = 1073741824                                {product} {command line}
   size_t MaxNewSize                               = 357564416                                 {product} {ergonomic}
   size_t MinHeapDeltaBytes                        = 524288                                    {product} {ergonomic}
   size_t MinHeapSize                              = 104857600                                 {product} {command line}
   size_t NewSize                                  = 34603008                                  {product} {ergonomic}
    uintx NonNMethodCodeHeapSize                   = 5832780                                {pd product} {ergonomic}
    uintx NonProfiledCodeHeapSize                  = 122912730                              {pd product} {ergonomic}
   size_t OldSize                                  = 70254592                                  {product} {ergonomic}
    uintx ProfiledCodeHeapSize                     = 122912730                              {pd product} {ergonomic}
    uintx ReservedCodeCacheSize                    = 251658240                              {pd product} {ergonomic}
     bool SegmentedCodeCache                       = true                                      {product} {ergonomic}
   size_t SoftMaxHeapSize                          = 1073741824                             {manageable} {ergonomic}
     bool UseCompressedClassPointers               = true                           {product lp64_product} {ergonomic}
     bool UseCompressedOops                        = true                           {product lp64_product} {ergonomic}
     bool UseLargePagesIndividualAllocation        = false                                  {pd product} {ergonomic}
     bool UseParallelGC                            = true                                      {product} {command line}

Logging:
Log output configuration:
 #0: stdout all=warning uptime,level,tags
 #1: stderr all=off uptime,level,tags

Environment Variables:
CLASSPATH=..\class
PATH=C:\Program Files\Java\jdk-16.0.2\bin;C:\Program Files\Common Files\Oracle\Java\javapath;C:\Program Files (x86)\Common Files\Oracle\Java\javapath;C:\oracle\app\oracle\product\11.2.0\server\bin;C:\WINDOWS\system32;C:\WINDOWS;C:\WINDOWS\System32\Wbem;C:\WINDOWS\System32\WindowsPowerShell\v1.0\;C:\WINDOWS\System32\OpenSSH\;C:\Program Files\Git\cmd;C:\Program Files\MySQL\MySQL Shell 8.0\bin\;C:\Users\timot\AppData\Local\Microsoft\WindowsApps;C:\Users\timot\AppData\Local\Programs\Microsoft VS Code\bin;
USERNAME=timot
OS=Windows_NT
PROCESSOR_IDENTIFIER=Intel64 Family 6 Model 142 Stepping 9, GenuineIntel



---------------  S Y S T E M  ---------------

OS:
 Windows 10 , 64 bit Build 19041 (10.0.19041.1706)
OS uptime: 26 days 2:36 hours
Hyper-V role detected

CPU: total 4 (initial active 4) (2 cores per cpu, 2 threads per core) family 6 model 142 stepping 9 microcode 0xde, cx8, cmov, fxsr, ht, mmx, 3dnowpref, sse, sse2, sse3, ssse3, sse4.1, sse4.2, popcnt, lzcnt, tsc, tscinvbit, avx, avx2, aes, erms, clmul, bmi1, bmi2, adx, fma, vzeroupper, clflush, clflushopt, hv

Memory: 4k page, system-wide physical 4007M (289M free)
TotalPageFile size 16295M (AvailPageFile size 0M)
current process WorkingSet (physical memory assigned to process): 149M, peak: 149M
current process commit charge ("private bytes"): 241M, peak: 241M

vm_info: OpenJDK 64-Bit Server VM (17.0.3+7) for windows-amd64 JRE (17.0.3+7), built on Apr 19 2022 16:55:35 by "" with MS VC++ 16.7 (VS2019)

END.
