#
# There is insufficient memory for the Java Runtime Environment to continue.
# Native memory allocation (mmap) failed to map 65536 bytes for Failed to commit metaspace.
# Possible reasons:
#   The system is out of physical RAM or swap space
#   The process is running with CompressedOops enabled, and the Java Heap may be blocking the growth of the native heap
# Possible solutions:
#   Reduce memory load on the system
#   Increase physical memory or swap space
#   Check if swap backing store is full
#   Decrease Java heap size (-Xmx/-Xms)
#   Decrease number of Java threads
#   Decrease Java thread stack sizes (-Xss)
#   Set larger code cache with -XX:ReservedCodeCacheSize=
#   JVM is running with Unscaled Compressed Oops mode in which the Java heap is
#     placed in the first 4GB address space. The Java Heap base address is the
#     maximum limit for the native heap growth. Please use -XX:HeapBaseMinAddress
#     to set the Java Heap base and to place the Java Heap above 4GB virtual address.
# This output file may be truncated or incomplete.
#
#  Out of Memory Error (virtualSpaceNode.cpp:110), pid=27628, tid=18604
#
# JRE version: OpenJDK Runtime Environment Temurin-17.0.3+7 (17.0.3+7) (build 17.0.3+7)
# Java VM: OpenJDK 64-Bit Server VM Temurin-17.0.3+7 (17.0.3+7, mixed mode, tiered, compressed oops, compressed class ptrs, parallel gc, windows-amd64)
# No core dump will be written. Minidumps are not enabled by default on client versions of Windows
#

---------------  S U M M A R Y ------------

Command Line: --add-modules=ALL-SYSTEM --add-opens=java.base/java.util=ALL-UNNAMED --add-opens=java.base/java.lang=ALL-UNNAMED --add-opens=java.base/sun.nio.fs=ALL-UNNAMED -Declipse.application=org.eclipse.jdt.ls.core.id1 -Dosgi.bundles.defaultStartLevel=4 -Declipse.product=org.eclipse.jdt.ls.core.product -Djava.import.generatesMetadataFilesAtProjectRoot=false -Dfile.encoding=utf8 -DwatchParentProcess=false -XX:+UseParallelGC -XX:GCTimeRatio=4 -XX:AdaptiveSizePolicyWeight=90 -Dsun.zip.disableMemoryMapping=true -Xmx1G -Xms100m -XX:+HeapDumpOnOutOfMemoryError -XX:HeapDumpPath=c:\Users\timot\AppData\Roaming\Code\User\workspaceStorage\61590eb05be9bdaa79b5291ad44b48cc\redhat.java c:\Users\timot\.vscode\extensions\redhat.java-1.7.0-win32-x64\server\plugins\org.eclipse.equinox.launcher_1.6.400.v20210924-0641.jar -configuration c:\Users\timot\AppData\Roaming\Code\User\globalStorage\redhat.java\1.7.0\config_win -data c:\Users\timot\AppData\Roaming\Code\User\workspaceStorage\61590eb05be9bdaa79b5291ad44b48cc\redhat.java\jdt_ws

Host: Intel(R) Core(TM) i3-7020U CPU @ 2.30GHz, 4 cores, 3G,  Windows 10 , 64 bit Build 19041 (10.0.19041.1706)
Time: Sat Jun 18 11:18:33 2022 Paris, Madrid (heure duild 19041 (10.0.19041.1706) elapsed time: 4.104245 seconds (0d 0h 0m 4s)

---------------  T H R E A D  ---------------

Current thread (0x000001cbdb822b50):  JavaThread "Start Level: Equinox Container: 927f8cbd-4294-4c66-94e0-0ab5cac9f994" daemon [_thread_in_vm, id=18604, stack(0x000000184fb00000,0x000000184fc00000)]

Stack: [0x000000184fb00000,0x000000184fc00000]
Native frames: (J=compiled Java code, j=interpreted, Vv=VM code, C=native code)
V  [jvm.dll+0x675efa]
V  [jvm.dll+0x830a24]
V  [jvm.dll+0x8321ce]
V  [jvm.dll+0x832833]
V  [jvm.dll+0x2454b5]
V  [jvm.dll+0x82c9cb]
V  [jvm.dll+0x61ab26]
V  [jvm.dll+0x1c046e]
V  [jvm.dll+0x61d471]
V  [jvm.dll+0x61b4c6]
V  [jvm.dll+0x23ae70]
V  [jvm.dll+0x1eab7d]
V  [jvm.dll+0x1e05b1]
V  [jvm.dll+0x53bb80]
V  [jvm.dll+0x7aba28]
V  [jvm.dll+0x7abb14]
V  [jvm.dll+0x40c7c5]
V  [jvm.dll+0x4129b8]
C  [java.dll+0x17ec]

Java frames: (J=compiled Java code, j=interpreted, Vv=VM code)
J 1097  java.lang.ClassLoader.defineClass1(Ljava/lang/ClassLoader;Ljava/lang/String;[BIILjava/security/ProtectionDomain;Ljava/lang/String;)Ljava/lang/Class; java.base@17.0.3 (0 bytes) @ 0x000001cbcfd4b1db [0x000001cbcfd4b120+0x00000000000000bb]
J 1495 c1 java.lang.ClassLoader.defineClass(Ljava/lang/String;[BIILjava/security/ProtectionDomain;)Ljava/lang/Class; java.base@17.0.3 (43 bytes) @ 0x000001cbc8a78b54 [0x000001cbc8a78800+0x0000000000000354]
j  org.eclipse.osgi.internal.loader.ModuleClassLoader.defineClass(Ljava/lang/String;[BLorg/eclipse/osgi/internal/loader/classpath/ClasspathEntry;)Lorg/eclipse/osgi/internal/loader/ModuleClassLoader$DefineClassResult;+42
j  org.eclipse.osgi.internal.loader.classpath.ClasspathManager.defineClass(Ljava/lang/String;[BLorg/eclipse/osgi/internal/loader/classpath/ClasspathEntry;Lorg/eclipse/osgi/storage/bundlefile/BundleEntry;Ljava/util/List;)Ljava/lang/Class;+424
j  org.eclipse.osgi.internal.loader.classpath.ClasspathManager.findClassImpl(Ljava/lang/String;Lorg/eclipse/osgi/internal/loader/classpath/ClasspathEntry;Ljava/util/List;)Ljava/lang/Class;+269
j  org.eclipse.osgi.internal.loader.classpath.ClasspathManager.findLocalClassImpl(Ljava/lang/String;[Lorg/eclipse/osgi/internal/loader/classpath/ClasspathEntry;Ljava/util/List;)Ljava/lang/Class;+30
j  org.eclipse.osgi.internal.loader.classpath.ClasspathManager.findLocalClassImpl(Ljava/lang/String;Ljava/util/List;)Ljava/lang/Class;+69
j  org.eclipse.osgi.internal.loader.classpath.ClasspathManager.findLocalClass(Ljava/lang/String;)Ljava/lang/Class;+113
j  org.eclipse.osgi.internal.loader.ModuleClassLoader.findLocalClass(Ljava/lang/String;)Ljava/lang/Class;+5
j  org.eclipse.osgi.internal.loader.BundleLoader.findLocalClass(Ljava/lang/String;)Ljava/lang/Class;+57
j  org.eclipse.osgi.internal.loader.BundleLoader.findClass0(Ljava/lang/String;Z)Ljava/lang/Class;+305
J 1488 c1 org.eclipse.osgi.internal.loader.BundleLoader.findClass(Ljava/lang/String;)Ljava/lang/Class; (7 bytes) @ 0x000001cbc8a73e1c [0x000001cbc8a73da0+0x000000000000007c]
J 1489 c1 org.eclipse.osgi.internal.loader.ModuleClassLoader.loadClass(Ljava/lang/String;Z)Ljava/lang/Class; (20 bytes) @ 0x000001cbc8a7427c [0x000001cbc8a74160+0x000000000000011c]
J 656 c1 java.lang.ClassLoader.loadClass(Ljava/lang/String;)Ljava/lang/Class; java.base@17.0.3 (7 bytes) @ 0x000001cbc88ce4bc [0x000001cbc88ce3c0+0x00000000000000fc]
v  ~StubRoutines::call_stub
j  org.eclipse.core.internal.preferences.Activator.start(Lorg/osgi/framework/BundleContext;)V+44
j  org.eclipse.osgi.internal.framework.BundleContextImpl$2.run()Ljava/lang/Void;+23
j  org.eclipse.osgi.internal.framework.BundleContextImpl$2.run()Ljava/lang/Object;+1
J 1060 c1 java.security.AccessController.executePrivileged(Ljava/security/PrivilegedExceptionAction;Ljava/security/AccessControlContext;Ljava/lang/Class;)Ljava/lang/Object; java.base@17.0.3 (65 bytes) @ 0x000001cbc89904b4 [0x000001cbc8990360+0x0000000000000154]
j  java.security.AccessController.doPrivileged(Ljava/security/PrivilegedExceptionAction;)Ljava/lang/Object;+9 java.base@17.0.3
j  org.eclipse.osgi.internal.framework.BundleContextImpl.startActivator(Lorg/osgi/framework/BundleActivator;)V+9
j  org.eclipse.osgi.internal.framework.BundleContextImpl.start()V+134
j  org.eclipse.osgi.internal.framework.EquinoxBundle.startWorker0()V+35
j  org.eclipse.osgi.internal.framework.EquinoxBundle$EquinoxModule.startWorker()V+4
j  org.eclipse.osgi.container.Module.doStart([Lorg/eclipse/osgi/container/Module$StartOptions;)Lorg/eclipse/osgi/container/ModuleContainerAdaptor$ModuleEvent;+190
j  org.eclipse.osgi.container.Module.start([Lorg/eclipse/osgi/container/Module$StartOptions;)V+460
j  org.eclipse.osgi.framework.util.SecureAction.start(Lorg/eclipse/osgi/container/Module;[Lorg/eclipse/osgi/container/Module$StartOptions;)V+8
j  org.eclipse.osgi.internal.hooks.EclipseLazyStarter.postFindLocalClass(Ljava/lang/String;Ljava/lang/Class;Lorg/eclipse/osgi/internal/loader/classpath/ClasspathManager;)V+173
j  org.eclipse.osgi.internal.loader.classpath.ClasspathManager.findLocalClass(Ljava/lang/String;)Ljava/lang/Class;+148
j  org.eclipse.osgi.internal.loader.ModuleClassLoader.findLocalClass(Ljava/lang/String;)Ljava/lang/Class;+5
j  org.eclipse.osgi.internal.loader.BundleLoader.findLocalClass(Ljava/lang/String;)Ljava/lang/Class;+57
j  org.eclipse.osgi.internal.loader.sources.SingleSourcePackage.loadClass(Ljava/lang/String;)Ljava/lang/Class;+5
j  org.eclipse.osgi.internal.loader.BundleLoader.findClass0(Ljava/lang/String;Z)Ljava/lang/Class;+293
J 1488 c1 org.eclipse.osgi.internal.loader.BundleLoader.findClass(Ljava/lang/String;)Ljava/lang/Class; (7 bytes) @ 0x000001cbc8a73e1c [0x000001cbc8a73da0+0x000000000000007c]
J 1489 c1 org.eclipse.osgi.internal.loader.ModuleClassLoader.loadClass(Ljava/lang/String;Z)Ljava/lang/Class; (20 bytes) @ 0x000001cbc8a7427c [0x000001cbc8a74160+0x000000000000011c]
J 656 c1 java.lang.ClassLoader.loadClass(Ljava/lang/String;)Ljava/lang/Class; java.base@17.0.3 (7 bytes) @ 0x000001cbc88ce4bc [0x000001cbc88ce3c0+0x00000000000000fc]
v  ~StubRoutines::call_stub
j  java.lang.Class.getDeclaredConstructors0(Z)[Ljava/lang/reflect/Constructor;+0 java.base@17.0.3
j  java.lang.Class.privateGetDeclaredConstructors(Z)[Ljava/lang/reflect/Constructor;+52 java.base@17.0.3
j  java.lang.Class.getConstructors()[Ljava/lang/reflect/Constructor;+20 java.base@17.0.3
j  org.apache.felix.scr.impl.inject.internal.ComponentConstructorImpl.<init>(Lorg/apache/felix/scr/impl/metadata/ComponentMetadata;Ljava/lang/Class;Lorg/apache/felix/scr/impl/logger/ComponentLogger;)V+212
j  org.apache.felix.scr.impl.inject.internal.ComponentMethodsImpl.initComponentMethods(Lorg/apache/felix/scr/impl/metadata/ComponentMetadata;Ljava/lang/Class;Lorg/apache/felix/scr/impl/logger/ComponentLogger;)V+303
j  org.apache.felix.scr.impl.manager.AbstractComponentManager.initDependencyManagers(Lorg/apache/felix/scr/impl/manager/ComponentContextImpl;)V+147
j  org.apache.felix.scr.impl.manager.AbstractComponentManager.collectDependencies(Lorg/apache/felix/scr/impl/manager/ComponentContextImpl;)Z+2
j  org.apache.felix.scr.impl.manager.SingleComponentManager.getServiceInternal(Lorg/osgi/framework/ServiceRegistration;)Z+25
j  org.apache.felix.scr.impl.manager.AbstractComponentManager.activateInternal()V+427
j  org.apache.felix.scr.impl.manager.AbstractComponentManager.enableInternal()V+174
j  org.apache.felix.scr.impl.manager.AbstractComponentManager.enable(Z)Lorg/osgi/util/promise/Promise;+12
j  org.apache.felix.scr.impl.manager.ConfigurableComponentHolder.enableComponents(Z)Lorg/osgi/util/promise/Promise;+275
j  org.apache.felix.scr.impl.BundleComponentActivator.initialEnable()V+105
j  org.apache.felix.scr.impl.Activator.loadComponents(Lorg/osgi/framework/Bundle;)V+376
j  org.apache.felix.scr.impl.Activator.access$200(Lorg/apache/felix/scr/impl/Activator;Lorg/osgi/framework/Bundle;)V+2
j  org.apache.felix.scr.impl.Activator$ScrExtension.start()V+72
j  org.apache.felix.scr.impl.AbstractExtender.createExtension(Lorg/osgi/framework/Bundle;)V+71
j  org.apache.felix.scr.impl.AbstractExtender.modifiedBundle(Lorg/osgi/framework/Bundle;Lorg/osgi/framework/BundleEvent;Lorg/osgi/framework/Bundle;)V+115
j  org.apache.felix.scr.impl.AbstractExtender.addingBundle(Lorg/osgi/framework/Bundle;Lorg/osgi/framework/BundleEvent;)Lorg/osgi/framework/Bundle;+4
j  org.apache.felix.scr.impl.AbstractExtender.addingBundle(Lorg/osgi/framework/Bundle;Lorg/osgi/framework/BundleEvent;)Ljava/lang/Object;+3
j  org.osgi.util.tracker.BundleTracker$Tracked.customizerAdding(Lorg/osgi/framework/Bundle;Lorg/osgi/framework/BundleEvent;)Ljava/lang/Object;+9
j  org.osgi.util.tracker.BundleTracker$Tracked.customizerAdding(Ljava/lang/Object;Ljava/lang/Object;)Ljava/lang/Object;+9
j  org.osgi.util.tracker.AbstractTracked.trackAdding(Ljava/lang/Object;Ljava/lang/Object;)V+8
j  org.osgi.util.tracker.AbstractTracked.track(Ljava/lang/Object;Ljava/lang/Object;)V+83
j  org.osgi.util.tracker.BundleTracker$Tracked.bundleChanged(Lorg/osgi/framework/BundleEvent;)V+35
J 1338 c1 org.eclipse.osgi.internal.framework.BundleContextImpl.dispatchEvent(Ljava/lang/Object;Ljava/lang/Object;ILjava/lang/Object;)V (558 bytes) @ 0x000001cbc8a34cc4 [0x000001cbc8a33aa0+0x0000000000001224]
j  org.eclipse.osgi.framework.eventmgr.EventManager.dispatchEvent(Ljava/util/Set;Lorg/eclipse/osgi/framework/eventmgr/EventDispatcher;ILjava/lang/Object;)V+48
j  org.eclipse.osgi.framework.eventmgr.ListenerQueue.dispatchEventSynchronous(ILjava/lang/Object;)V+67
j  org.eclipse.osgi.internal.framework.EquinoxEventPublisher.publishBundleEventPrivileged(Lorg/osgi/framework/BundleEvent;)V+547
j  org.eclipse.osgi.internal.framework.EquinoxEventPublisher.publishBundleEvent(Lorg/osgi/framework/BundleEvent;)V+8
j  org.eclipse.osgi.internal.framework.EquinoxEventPublisher.publishBundleEvent(ILorg/osgi/framework/Bundle;Lorg/osgi/framework/Bundle;)V+15
j  org.eclipse.osgi.internal.framework.EquinoxContainerAdaptor.publishModuleEvent(Lorg/eclipse/osgi/container/ModuleContainerAdaptor$ModuleEvent;Lorg/eclipse/osgi/container/Module;Lorg/eclipse/osgi/container/Module;)V+29
j  org.eclipse.osgi.container.Module.publishEvent(Lorg/eclipse/osgi/container/ModuleContainerAdaptor$ModuleEvent;)V+13
j  org.eclipse.osgi.container.Module.start([Lorg/eclipse/osgi/container/Module$StartOptions;)V+588
j  org.eclipse.osgi.container.ModuleContainer$ContainerStartLevel$2.run()V+71
j  org.eclipse.osgi.internal.framework.EquinoxContainerAdaptor$1$1.execute(Ljava/lang/Runnable;)V+1
j  org.eclipse.osgi.container.ModuleContainer$ContainerStartLevel.incStartLevel(ILjava/util/List;Z)V+192
j  org.eclipse.osgi.container.ModuleContainer$ContainerStartLevel.incStartLevel(ILjava/util/List;Ljava/util/List;Ljava/util/List;Ljava/util/List;)V+4
j  org.eclipse.osgi.container.ModuleContainer$ContainerStartLevel.doContainerStartLevel(Lorg/eclipse/osgi/container/Module;I[Lorg/osgi/framework/FrameworkListener;)V+349
j  org.eclipse.osgi.container.ModuleContainer$ContainerStartLevel.dispatchEvent(Lorg/eclipse/osgi/container/Module;[Lorg/osgi/framework/FrameworkListener;ILjava/lang/Integer;)V+32
j  org.eclipse.osgi.container.ModuleContainer$ContainerStartLevel.dispatchEvent(Ljava/lang/Object;Ljava/lang/Object;ILjava/lang/Object;)V+15
j  org.eclipse.osgi.framework.eventmgr.EventManager.dispatchEvent(Ljava/util/Set;Lorg/eclipse/osgi/framework/eventmgr/EventDispatcher;ILjava/lang/Object;)V+48
j  org.eclipse.osgi.framework.eventmgr.EventManager$EventThread.run()V+26
v  ~StubRoutines::call_stub

---------------  P R O C E S S  ---------------

Threads class SMR info:
_java_thread_list=0x000001cbdb8d8cf0, length=17, elements={
0x000001cbc5591220, 0x000001cbd93a5750, 0x000001cbd93a64d0, 0x000001cbd93df020,
0x000001cbd93e1db0, 0x000001cbd93e4e40, 0x000001cbd93e6870, 0x000001cbd93e8520,
0x000001cbd93e96e0, 0x000001cbdae30020, 0x000001cbdaed4790, 0x000001cbdafde4a0,
0x000001cbdb564b40, 0x000001cbdb821fd0, 0x000001cbdb822b50, 0x000001cbdb80f110,
0x000001cbdb8b8640
}

Java Threads: ( => current thread )
  0x000001cbc5591220 JavaThread "main" [_thread_blocked, id=42580, stack(0x000000184ea00000,0x000000184eb00000)]
  0x000001cbd93a5750 JavaThread "Reference Handler" daemon [_thread_blocked, id=27916, stack(0x000000184ed00000,0x000000184ee00000)]
  0x000001cbd93a64d0 JavaThread "Finalizer" daemon [_thread_blocked, id=41648, stack(0x000000184ee00000,0x000000184ef00000)]
  0x000001cbd93df020 JavaThread "Signal Dispatcher" daemon [_thread_blocked, id=44352, stack(0x000000184ef00000,0x000000184f000000)]
  0x000001cbd93e1db0 JavaThread "Attach Listener" daemon [_thread_blocked, id=33108, stack(0x000000184f000000,0x000000184f100000)]
  0x000001cbd93e4e40 JavaThread "Service Thread" daemon [_thread_blocked, id=24392, stack(0x000000184f100000,0x000000184f200000)]
  0x000001cbd93e6870 JavaThread "Monitor Deflation Thread" daemon [_thread_blocked, id=13064, stack(0x000000184f200000,0x000000184f300000)]
  0x000001cbd93e8520 JavaThread "C2 CompilerThread0" daemon [_thread_blocked, id=41688, stack(0x000000184f300000,0x000000184f400000)]
  0x000001cbd93e96e0 JavaThread "C1 CompilerThread0" daemon [_thread_in_vm, id=45828, stack(0x000000184f400000,0x000000184f500000)]
  0x000001cbdae30020 JavaThread "Sweeper thread" daemon [_thread_blocked, id=41836, stack(0x000000184f500000,0x000000184f600000)]
  0x000001cbdaed4790 JavaThread "Common-Cleaner" daemon [_thread_blocked, id=43772, stack(0x000000184f600000,0x000000184f700000)]
  0x000001cbdafde4a0 JavaThread "Notification Thread" daemon [_thread_blocked, id=41500, stack(0x000000184f700000,0x000000184f800000)]
  0x000001cbdb564b40 JavaThread "Active Thread: Equinox Container: 927f8cbd-4294-4c66-94e0-0ab5cac9f994" [_thread_blocked, id=28692, stack(0x000000184f900000,0x000000184fa00000)]
  0x000001cbdb821fd0 JavaThread "Framework Event Dispatcher: Equinox Container: 927f8cbd-4294-4c66-94e0-0ab5cac9f994" daemon [_thread_blocked, id=30044, stack(0x000000184fa00000,0x000000184fb00000)]
=>0x000001cbdb822b50 JavaThread "Start Level: Equinox Container: 927f8cbd-4294-4c66-94e0-0ab5cac9f994" daemon [_thread_in_vm, id=18604, stack(0x000000184fb00000,0x000000184fc00000)]
  0x000001cbdb80f110 JavaThread "SCR Component Actor" daemon [_thread_blocked, id=40296, stack(0x000000184ff00000,0x0000001850000000)]
  0x000001cbdb8b8640 JavaThread "Timer-0" [_thread_blocked, id=13792, stack(0x0000001850000000,0x0000001850100000)]

Other Threads:
  0x000001cbd938afc0 VMThread "VM Thread" [stack: 0x000000184ec00000,0x000000184ed00000] [id=41220]
  0x000001cbdafde970 WatcherThread [stack: 0x000000184f800000,0x000000184f900000] [id=21028]
  0x000001cbc34ec660 GCTaskThread "GC Thread#0" [stack: 0x000000184eb00000,0x000000184ec00000] [id=35932]
  0x000001cbdb41bd40 GCTaskThread "GC Thread#1" [stack: 0x000000184fc00000,0x000000184fd00000] [id=42364]
  0x000001cbdb88a2c0 GCTaskThread "GC Thread#2" [stack: 0x000000184fd00000,0x000000184fe00000] [id=40696]
  0x000001cbdb88a570 GCTaskThread "GC Thread#3" [stack: 0x000000184fe00000,0x000000184ff00000] [id=41808]

Threads with active compile tasks:
C1 CompilerThread0     4162 1524       3       org.eclipse.osgi.internal.framework.FilterImpl$Item::compare (347 bytes)

VM state: not at safepoint (normal execution)

VM Mutex/Monitor currently owned by a thread:  ([mutex/lock_event])
[0x000001cbc558b590] Metaspace_lock - owner thread: 0x000001cbdb822b50
[0x000001cbc558d440] MethodData_lock - owner thread: 0x000001cbd93e96e0

Heap address: 0x00000000c0000000, size: 1024 MB, Compressed Oops mode: 32-bit

CDS archive(s) not mapped
Compressed class space mapped at: 0x0000000100000000-0x0000000140000000, reserved size: 1073741824
Narrow klass base: 0x0000000000000000, Narrow klass shift: 3, Narrow klass range: 0x140000000

GC Precious Log:
 CPUs: 4 total, 4 available
 Memory: 4007M
 Large Page Support: Disabled
 NUMA Support: Disabled
 Compressed Oops: Enabled (32-bit)
 Alignments: Space 512K, Generation 512K, Heap 2M
 Heap Min Capacity: 100M
 Heap Initial Capacity: 100M
 Heap Max Capacity: 1G
 Pre-touch: Disabled
 Parallel Workers: 4

Heap:
 PSYoungGen      total 29696K, used 9182K [0x00000000eab00000, 0x00000000ecc00000, 0x0000000100000000)
  eden space 25600K, 19% used [0x00000000eab00000,0x00000000eafff378,0x00000000ec400000)
  from space 4096K, 99% used [0x00000000ec400000,0x00000000ec7f8760,0x00000000ec800000)
  to   space 4096K, 0% used [0x00000000ec800000,0x00000000ec800000,0x00000000ecc00000)
 ParOldGen       total 68608K, used 557K [0x00000000c0000000, 0x00000000c4300000, 0x00000000eab00000)
  object space 68608K, 0% used [0x00000000c0000000,0x00000000c008b568,0x00000000c4300000)
 Metaspace       used 15148K, committed 15424K, reserved 1064960K
  class space    used 1567K, committed 1728K, reserved 1048576K

Card table byte_map: [0x000001cbc4f60000,0x000001cbc5170000] _byte_map_base: 0x000001cbc4960000

Marking Bits: (ParMarkBitMap*) 0x00007ff8ff114b80
 Begin Bits: [0x000001cbd7220000, 0x000001cbd8220000)
 End Bits:   [0x000001cbd8220000, 0x000001cbd9220000)

Polling page: 0x000001cbc34b0000

Metaspace:

Usage:
  Non-class:     13.26 MB used.
      Class:      1.53 MB used.
       Both:     14.79 MB used.

Virtual space:
  Non-class space:       16.00 MB reserved,      13.38 MB ( 84%) committed,  2 nodes.
      Class space:        1.00 GB reserved,       1.69 MB ( <1%) committed,  1 nodes.
             Both:        1.02 GB reserved,      15.06 MB (  1%) committed. 

Chunk freelists:
   Non-Class:  1.81 MB
       Class:  2.19 MB
        Both:  3.99 MB

MaxMetaspaceSize: unlimited
CompressedClassSpaceSize: 1.00 GB
Initial GC threshold: 21.00 MB
Current GC threshold: 21.00 MB
CDS: off
MetaspaceReclaimPolicy: balanced
 - commit_granule_bytes: 65536.
 - commit_granule_words: 8192.
 - virtual_space_node_default_size: 1048576.
 - enlarge_chunks_in_place: 1.
 - new_chunks_are_fully_committed: 0.
 - uncommit_free_chunks: 1.
 - use_allocation_guard: 0.
 - handle_deallocations: 1.


Internal statistics:

num_allocs_failed_limit: 0.
num_arena_births: 98.
num_arena_deaths: 0.
num_vsnodes_births: 3.
num_vsnodes_deaths: 0.
num_space_committed: 241.
num_space_uncommitted: 0.
num_chunks_returned_to_freelist: 0.
num_chunks_taken_from_freelist: 319.
num_chunk_merges: 0.
num_chunk_splits: 203.
num_chunks_enlarged: 147.
num_purges: 0.
num_inconsistent_stats: 0.

CodeHeap 'non-profiled nmethods': size=120000Kb used=517Kb max_used=517Kb free=119482Kb
 bounds [0x000001cbcfcf0000, 0x000001cbcff60000, 0x000001cbd7220000]
CodeHeap 'profiled nmethods': size=120000Kb used=2838Kb max_used=2838Kb free=117162Kb
 bounds [0x000001cbc87c0000, 0x000001cbc8a90000, 0x000001cbcfcf0000]
CodeHeap 'non-nmethods': size=5760Kb used=1159Kb max_used=1179Kb free=4600Kb
 bounds [0x000001cbc8220000, 0x000001cbc8490000, 0x000001cbc87c0000]
 total_blobs=1969 nmethods=1520 adapters=363
 compilation: enabled
              stopped_count=0, restarted_count=0
 full_count=0

Compilation events (20 events):
Event: 4.050 Thread 0x000001cbd93e96e0 1514       1       org.eclipse.osgi.internal.loader.classpath.ClasspathEntry::getDomain (5 bytes)
Event: 4.050 Thread 0x000001cbd93e96e0 nmethod 1514 0x000001cbcfd6e990 code [0x000001cbcfd6eb20, 0x000001cbcfd6ebf8]
Event: 4.050 Thread 0x000001cbd93e96e0 1509       1       org.eclipse.osgi.internal.hooks.DevClassLoadingHook::isProcessClassRecursionSupported (2 bytes)
Event: 4.050 Thread 0x000001cbd93e96e0 nmethod 1509 0x000001cbcfd6ec90 code [0x000001cbcfd6ee20, 0x000001cbcfd6eef8]
Event: 4.051 Thread 0x000001cbd93e96e0 1515       3       org.eclipse.osgi.container.ModuleDatabase::readLock (11 bytes)
Event: 4.051 Thread 0x000001cbd93e96e0 nmethod 1515 0x000001cbc8a82690 code [0x000001cbc8a82840, 0x000001cbc8a82a48]
Event: 4.051 Thread 0x000001cbd93e96e0 1516       3       org.eclipse.osgi.container.ModuleDatabase::readUnlock (11 bytes)
Event: 4.051 Thread 0x000001cbd93e96e0 nmethod 1516 0x000001cbc8a82b90 code [0x000001cbc8a82d60, 0x000001cbc8a830d8]
Event: 4.057 Thread 0x000001cbd93e8520 1517   !   4       java.util.concurrent.ConcurrentHashMap::putVal (433 bytes)
Event: 4.057 Thread 0x000001cbd93e96e0 1518       3       java.lang.ThreadLocal::set (30 bytes)
Event: 4.057 Thread 0x000001cbd93e96e0 nmethod 1518 0x000001cbc8a83290 code [0x000001cbc8a83460, 0x000001cbc8a837d8]
Event: 4.072 Thread 0x000001cbd93e96e0 1521   !   3       org.eclipse.osgi.internal.loader.BundleLoader::getImportedSources (114 bytes)
Event: 4.074 Thread 0x000001cbd93e96e0 nmethod 1521 0x000001cbc8a83910 code [0x000001cbc8a83b80, 0x000001cbc8a84858]
Event: 4.074 Thread 0x000001cbd93e96e0 1520   !   3       org.eclipse.osgi.internal.loader.BundleLoader::findImportedSource (29 bytes)
Event: 4.074 Thread 0x000001cbd93e96e0 nmethod 1520 0x000001cbc8a84d90 code [0x000001cbc8a84f60, 0x000001cbc8a85318]
Event: 4.075 Thread 0x000001cbd93e96e0 1522       1       org.eclipse.osgi.internal.framework.EquinoxConfiguration::getDebug (5 bytes)
Event: 4.075 Thread 0x000001cbd93e96e0 nmethod 1522 0x000001cbcfd6ef90 code [0x000001cbcfd6f120, 0x000001cbcfd6f1f8]
Event: 4.076 Thread 0x000001cbd93e96e0 1523       3       java.lang.StringBuilder::length (5 bytes)
Event: 4.076 Thread 0x000001cbd93e96e0 nmethod 1523 0x000001cbc8a85490 code [0x000001cbc8a85620, 0x000001cbc8a85738]
Event: 4.076 Thread 0x000001cbd93e96e0 1524       3       org.eclipse.osgi.internal.framework.FilterImpl$Item::compare (347 bytes)

GC Heap History (2 events):
Event: 3.607 GC heap before
{Heap before GC invocations=1 (full 0):
 PSYoungGen      total 29696K, used 25600K [0x00000000eab00000, 0x00000000ecc00000, 0x0000000100000000)
  eden space 25600K, 100% used [0x00000000eab00000,0x00000000ec400000,0x00000000ec400000)
  from space 4096K, 0% used [0x00000000ec800000,0x00000000ec800000,0x00000000ecc00000)
  to   space 4096K, 0% used [0x00000000ec400000,0x00000000ec400000,0x00000000ec800000)
 ParOldGen       total 68608K, used 0K [0x00000000c0000000, 0x00000000c4300000, 0x00000000eab00000)
  object space 68608K, 0% used [0x00000000c0000000,0x00000000c0000000,0x00000000c4300000)
 Metaspace       used 12861K, committed 13056K, reserved 1064960K
  class space    used 1296K, committed 1408K, reserved 1048576K
}
Event: 3.635 GC heap after
{Heap after GC invocations=1 (full 0):
 PSYoungGen      total 29696K, used 4065K [0x00000000eab00000, 0x00000000ecc00000, 0x0000000100000000)
  eden space 25600K, 0% used [0x00000000eab00000,0x00000000eab00000,0x00000000ec400000)
  from space 4096K, 99% used [0x00000000ec400000,0x00000000ec7f8760,0x00000000ec800000)
  to   space 4096K, 0% used [0x00000000ec800000,0x00000000ec800000,0x00000000ecc00000)
 ParOldGen       total 68608K, used 557K [0x00000000c0000000, 0x00000000c4300000, 0x00000000eab00000)
  object space 68608K, 0% used [0x00000000c0000000,0x00000000c008b568,0x00000000c4300000)
 Metaspace       used 12861K, committed 13056K, reserved 1064960K
  class space    used 1296K, committed 1408K, reserved 1048576K
}

Deoptimization events (20 events):
Event: 2.637 Thread 0x000001cbc5591220 DEOPT PACKING pc=0x000001cbc8905d56 sp=0x000000184eafdad0
Event: 2.637 Thread 0x000001cbc5591220 DEOPT UNPACKING pc=0x000001cbc8272843 sp=0x000000184eafcf70 mode 0
Event: 3.030 Thread 0x000001cbc5591220 Uncommon trap: trap_request=0xffffff45 fr.pc=0x000001cbcfd11208 relative=0x0000000000000088
Event: 3.030 Thread 0x000001cbc5591220 Uncommon trap: reason=unstable_if action=reinterpret pc=0x000001cbcfd11208 method=java.lang.invoke.VarForm.getMemberNameOrNull(I)Ljava/lang/invoke/MemberName; @ 8 c2
Event: 3.030 Thread 0x000001cbc5591220 DEOPT PACKING pc=0x000001cbcfd11208 sp=0x000000184eafe100
Event: 3.030 Thread 0x000001cbc5591220 DEOPT UNPACKING pc=0x000001cbc82720a3 sp=0x000000184eafe028 mode 2
Event: 3.121 Thread 0x000001cbc5591220 DEOPT PACKING pc=0x000001cbc8905d56 sp=0x000000184eaf6270
Event: 3.121 Thread 0x000001cbc5591220 DEOPT UNPACKING pc=0x000001cbc8272843 sp=0x000000184eaf56f8 mode 0
Event: 3.175 Thread 0x000001cbc5591220 Uncommon trap: trap_request=0xffffffde fr.pc=0x000001cbcfd2f050 relative=0x0000000000000990
Event: 3.175 Thread 0x000001cbc5591220 Uncommon trap: reason=class_check action=maybe_recompile pc=0x000001cbcfd2f050 method=java.util.HashMap.putVal(ILjava/lang/Object;Ljava/lang/Object;ZZ)Ljava/lang/Object; @ 253 c2
Event: 3.175 Thread 0x000001cbc5591220 DEOPT PACKING pc=0x000001cbcfd2f050 sp=0x000000184eafdb70
Event: 3.175 Thread 0x000001cbc5591220 DEOPT UNPACKING pc=0x000001cbc82720a3 sp=0x000000184eafdaf0 mode 2
Event: 3.179 Thread 0x000001cbc5591220 Uncommon trap: trap_request=0xffffffde fr.pc=0x000001cbcfd2f050 relative=0x0000000000000990
Event: 3.179 Thread 0x000001cbc5591220 Uncommon trap: reason=class_check action=maybe_recompile pc=0x000001cbcfd2f050 method=java.util.HashMap.putVal(ILjava/lang/Object;Ljava/lang/Object;ZZ)Ljava/lang/Object; @ 253 c2
Event: 3.179 Thread 0x000001cbc5591220 DEOPT PACKING pc=0x000001cbcfd2f050 sp=0x000000184eafdb70
Event: 3.179 Thread 0x000001cbc5591220 DEOPT UNPACKING pc=0x000001cbc82720a3 sp=0x000000184eafdaf0 mode 2
Event: 4.054 Thread 0x000001cbdb822b50 Uncommon trap: trap_request=0xffffff45 fr.pc=0x000001cbcfd0a638 relative=0x0000000000000178
Event: 4.054 Thread 0x000001cbdb822b50 Uncommon trap: reason=unstable_if action=reinterpret pc=0x000001cbcfd0a638 method=java.lang.invoke.VarHandle.checkExactAccessMode(Ljava/lang/invoke/VarHandle$AccessDescriptor;)V @ 4 c2
Event: 4.054 Thread 0x000001cbdb822b50 DEOPT PACKING pc=0x000001cbcfd0a638 sp=0x000000184fbfd6b0
Event: 4.054 Thread 0x000001cbdb822b50 DEOPT UNPACKING pc=0x000001cbc82720a3 sp=0x000000184fbfd5f0 mode 2

Classes unloaded (0 events):
No events

Classes redefined (0 events):
No events

Internal exceptions (20 events):
Event: 1.138 Thread 0x000001cbc5591220 Exception <a 'java/io/FileNotFoundException'{0x00000000eaf91748}> (0x00000000eaf91748) 
thrown [e:\jenkins\tmp\workspace\build\src\src\hotspot\share\prims\jni.cpp, line 516]
Event: 1.139 Thread 0x000001cbc5591220 Exception <a 'java/io/FileNotFoundException'{0x00000000eaf92830}> (0x00000000eaf92830) 
thrown [e:\jenkins\tmp\workspace\build\src\src\hotspot\share\prims\jni.cpp, line 516]
Event: 1.203 Thread 0x000001cbc5591220 Exception <a 'java/io/FileNotFoundException'{0x00000000eafba898}> (0x00000000eafba898) 
thrown [e:\jenkins\tmp\workspace\build\src\src\hotspot\share\prims\jni.cpp, line 516]
Event: 1.560 Thread 0x000001cbc5591220 Exception <a 'java/lang/ClassNotFoundException'{0x00000000eb646920}: sun/net/www/protocol/c/Handler> (0x00000000eb646920) 
thrown [e:\jenkins\tmp\workspace\build\src\src\hotspot\share\classfile\systemDictionary.cpp, line 256]
Event: 1.560 Thread 0x000001cbc5591220 Exception <a 'java/lang/ClassNotFoundException'{0x00000000eb647c68}: sun/net/www/protocol/c/Handler> (0x00000000eb647c68) 
thrown [e:\jenkins\tmp\workspace\build\src\src\hotspot\share\classfile\systemDictionary.cpp, line 256]
Event: 1.560 Thread 0x000001cbc5591220 Exception <a 'java/lang/ClassNotFoundException'{0x00000000eb648e08}: sun/net/www/protocol/c/Handler> (0x00000000eb648e08) 
thrown [e:\jenkins\tmp\workspace\build\src\src\hotspot\share\classfile\systemDictionary.cpp, line 256]
Event: 1.574 Thread 0x000001cbc5591220 Exception <a 'java/io/FileNotFoundException'{0x00000000eb66a480}> (0x00000000eb66a480) 
thrown [e:\jenkins\tmp\workspace\build\src\src\hotspot\share\prims\jni.cpp, line 516]
Event: 1.667 Thread 0x000001cbc5591220 Implicit null exception at 0x000001cbcfd1f780 to 0x000001cbcfd20188
Event: 1.876 Thread 0x000001cbc5591220 Exception <a 'java/lang/NoSuchMethodError'{0x00000000eb8456f8}: 'int java.lang.invoke.DirectMethodHandle$Holder.invokeStaticInit(java.lang.Object, java.lang.Object, java.lang.Object, java.lang.Object)'> (0x00000000eb8456f8) 
thrown [e:\jenkins\tmp\workspace\build\src\src\hotspot\share\interpreter\linkResolver.cpp, line 766]
Event: 1.878 Thread 0x000001cbc5591220 Exception <a 'java/lang/NoSuchMethodError'{0x00000000eb84fd68}: 'java.lang.Object java.lang.invoke.DirectMethodHandle$Holder.invokeInterface(java.lang.Object, java.lang.Object)'> (0x00000000eb84fd68) 
thrown [e:\jenkins\tmp\workspace\build\src\src\hotspot\share\interpreter\linkResolver.cpp, line 766]
Event: 1.879 Thread 0x000001cbc5591220 Exception <a 'java/lang/IncompatibleClassChangeError'{0x00000000eb853560}: Found class java.lang.Object, but interface was expected> (0x00000000eb853560) 
thrown [e:\jenkins\tmp\workspace\build\src\src\hotspot\share\interpreter\linkResolver.cpp, line 833]
Event: 1.900 Thread 0x000001cbc5591220 Exception <a 'java/lang/NoSuchMethodError'{0x00000000eb856480}: 'void java.lang.invoke.DirectMethodHandle$Holder.invokeStatic(java.lang.Object, java.lang.Object)'> (0x00000000eb856480) 
thrown [e:\jenkins\tmp\workspace\build\src\src\hotspot\share\interpreter\linkResolver.cpp, line 766]
Event: 1.903 Thread 0x000001cbc5591220 Exception <a 'java/lang/NoSuchMethodError'{0x00000000eb859c80}: 'void java.lang.invoke.DirectMethodHandle$Holder.invokeStaticInit(java.lang.Object, java.lang.Object)'> (0x00000000eb859c80) 
thrown [e:\jenkins\tmp\workspace\build\src\src\hotspot\share\interpreter\linkResolver.cpp, line 766]
Event: 1.908 Thread 0x000001cbc5591220 Exception <a 'java/lang/NoSuchMethodError'{0x00000000eb85fce0}: 'int java.lang.invoke.DirectMethodHandle$Holder.invokeStaticInit(java.lang.Object, java.lang.Object)'> (0x00000000eb85fce0) 
thrown [e:\jenkins\tmp\workspace\build\src\src\hotspot\share\interpreter\linkResolver.cpp, line 766]
Event: 2.059 Thread 0x000001cbc5591220 Exception <a 'java/lang/NoSuchMethodError'{0x00000000eb8b0ce0}: 'java.lang.Object java.lang.invoke.DirectMethodHandle$Holder.invokeStaticInit(java.lang.Object, int, int, int, int)'> (0x00000000eb8b0ce0) 
thrown [e:\jenkins\tmp\workspace\build\src\src\hotspot\share\interpreter\linkResolver.cpp, line 766]
Event: 2.546 Thread 0x000001cbc5591220 Exception <a 'java/lang/NoSuchMethodError'{0x00000000eb972918}: 'java.lang.Object java.lang.invoke.DirectMethodHandle$Holder.invokeStaticInit(java.lang.Object, java.lang.Object, int, int, int, int)'> (0x00000000eb972918) 
thrown [e:\jenkins\tmp\workspace\build\src\src\hotspot\share\interpreter\linkResolver.cpp, line 766]
Event: 2.605 Thread 0x000001cbc5591220 Exception <a 'java/lang/NoSuchMethodError'{0x00000000eba048e8}: 'void java.lang.invoke.DirectMethodHandle$Holder.invokeSpecial(java.lang.Object, java.lang.Object, java.lang.Object)'> (0x00000000eba048e8) 
thrown [e:\jenkins\tmp\workspace\build\src\src\hotspot\share\interpreter\linkResolver.cpp, line 766]
Event: 3.150 Thread 0x000001cbc5591220 Exception <a 'java/lang/NoSuchMethodError'{0x00000000ec087be0}: 'java.lang.Object java.lang.invoke.DirectMethodHandle$Holder.newInvokeSpecial(java.lang.Object, int, java.lang.Object)'> (0x00000000ec087be0) 
thrown [e:\jenkins\tmp\workspace\build\src\src\hotspot\share\interpreter\linkResolver.cpp, line 766]
Event: 3.599 Thread 0x000001cbc5591220 Exception <a 'java/lang/UnsatisfiedLinkError'{0x00000000ec3db138}: 'void org.eclipse.equinox.launcher.JNIBridge._update_splash()'> (0x00000000ec3db138) 
thrown [e:\jenkins\tmp\workspace\build\src\src\hotspot\share\prims\nativeLookup.cpp, line 543]
Event: 3.756 Thread 0x000001cbdb822b50 Exception <a 'java/lang/NoSuchMethodError'{0x00000000ead26f28}: 'java.lang.Object java.lang.invoke.DirectMethodHandle$Holder.invokeStaticInit(java.lang.Object)'> (0x00000000ead26f28) 
thrown [e:\jenkins\tmp\workspace\build\src\src\hotspot\share\interpreter\linkResolver.cpp, line 766]

VM Operations (16 events):
Event: 0.387 Executing VM operation: HandshakeAllThreads
Event: 0.387 Executing VM operation: HandshakeAllThreads done
Event: 1.398 Executing VM operation: Cleanup
Event: 1.399 Executing VM operation: Cleanup done
Event: 2.153 Executing VM operation: HandshakeAllThreads
Event: 2.153 Executing VM operation: HandshakeAllThreads done
Event: 3.088 Executing VM operation: HandshakeAllThreads
Event: 3.088 Executing VM operation: HandshakeAllThreads done
Event: 3.088 Executing VM operation: Cleanup
Event: 3.089 Executing VM operation: Cleanup done
Event: 3.102 Executing VM operation: HandshakeAllThreads
Event: 3.102 Executing VM operation: HandshakeAllThreads done
Event: 3.604 Executing VM operation: ParallelGCFailedAllocation
Event: 3.636 Executing VM operation: ParallelGCFailedAllocation done
Event: 3.813 Executing VM operation: HandshakeAllThreads
Event: 3.813 Executing VM operation: HandshakeAllThreads done

Events (20 events):
Event: 3.970 loading class com/sun/org/apache/xerces/internal/impl/Constants$ArrayEnumeration done
Event: 3.985 loading class com/sun/org/apache/xerces/internal/impl/io/MalformedByteSequenceException
Event: 3.985 loading class java/io/CharConversionException
Event: 3.985 loading class java/io/CharConversionException done
Event: 3.986 loading class com/sun/org/apache/xerces/internal/impl/io/MalformedByteSequenceException done
Event: 4.010 loading class java/util/concurrent/RejectedExecutionException
Event: 4.010 loading class java/util/concurrent/RejectedExecutionException done
Event: 4.013 loading class java/util/Timer
Event: 4.014 loading class java/util/Timer done
Event: 4.014 loading class java/util/TaskQueue
Event: 4.014 loading class java/util/TaskQueue done
Event: 4.014 loading class java/util/TimerThread
Event: 4.014 loading class java/util/TimerThread done
Event: 4.015 loading class java/util/Timer$ThreadReaper
Event: 4.015 loading class java/util/Timer$ThreadReaper done
Event: 4.015 Thread 0x000001cbdb8b8640 Thread added: 0x000001cbdb8b8640
Event: 4.036 loading class java/util/concurrent/locks/ReentrantLock$FairSync
Event: 4.036 loading class java/util/concurrent/locks/ReentrantLock$FairSync done
Event: 4.037 loading class java/util/Collections$ReverseComparator
Event: 4.038 loading class java/util/Collections$ReverseComparator done


Dynamic libraries:
0x00007ff7cedd0000 - 0x00007ff7cedde000 	c:\Users\timot\.vscode\extensions\redhat.java-1.7.0-win32-x64\jre\17.0.3-win32-x86_64\bin\java.exe
0x00007ff958950000 - 0x00007ff958b45000 	C:\WINDOWS\SYSTEM32\ntdll.dll
0x00007ff958850000 - 0x00007ff95890d000 	C:\WINDOWS\System32\KERNEL32.DLL
0x00007ff956060000 - 0x00007ff95632d000 	C:\WINDOWS\System32\KERNELBASE.dll
0x00007ff9568a0000 - 0x00007ff9569a0000 	C:\WINDOWS\System32\ucrtbase.dll
0x00007ff928020000 - 0x00007ff928038000 	c:\Users\timot\.vscode\extensions\redhat.java-1.7.0-win32-x64\jre\17.0.3-win32-x86_64\bin\jli.dll
0x00007ff957e90000 - 0x00007ff958030000 	C:\WINDOWS\System32\USER32.dll
0x00007ff9564e0000 - 0x00007ff956502000 	C:\WINDOWS\System32\win32u.dll
0x00007ff956a50000 - 0x00007ff956a7a000 	C:\WINDOWS\System32\GDI32.dll
0x00007ff956590000 - 0x00007ff95669b000 	C:\WINDOWS\System32\gdi32full.dll
0x00007ff956800000 - 0x00007ff95689d000 	C:\WINDOWS\System32\msvcp_win.dll
0x00007ff928000000 - 0x00007ff928019000 	c:\Users\timot\.vscode\extensions\redhat.java-1.7.0-win32-x64\jre\17.0.3-win32-x86_64\bin\VCRUNTIME140.dll
0x00007ff930e60000 - 0x00007ff9310fa000 	C:\WINDOWS\WinSxS\amd64_microsoft.windows.common-controls_6595b64144ccf1df_6.0.19041.1110_none_60b5254171f9507e\COMCTL32.dll
0x00007ff958030000 - 0x00007ff9580ce000 	C:\WINDOWS\System32\msvcrt.dll
0x00007ff958340000 - 0x00007ff958370000 	C:\WINDOWS\System32\IMM32.DLL
0x00007ff951770000 - 0x00007ff95177c000 	c:\Users\timot\.vscode\extensions\redhat.java-1.7.0-win32-x64\jre\17.0.3-win32-x86_64\bin\vcruntime140_1.dll
0x00007ff91bcb0000 - 0x00007ff91bd41000 	c:\Users\timot\.vscode\extensions\redhat.java-1.7.0-win32-x64\jre\17.0.3-win32-x86_64\bin\msvcp140.dll
0x00007ff8fe590000 - 0x00007ff8ff1d8000 	c:\Users\timot\.vscode\extensions\redhat.java-1.7.0-win32-x64\jre\17.0.3-win32-x86_64\bin\server\jvm.dll
0x00007ff956a80000 - 0x00007ff956b2e000 	C:\WINDOWS\System32\ADVAPI32.dll
0x00007ff957740000 - 0x00007ff9577dc000 	C:\WINDOWS\System32\sechost.dll
0x00007ff957b40000 - 0x00007ff957c65000 	C:\WINDOWS\System32\RPCRT4.dll
0x00007ff956b30000 - 0x00007ff956b38000 	C:\WINDOWS\System32\PSAPI.DLL
0x00007ff942960000 - 0x00007ff942969000 	C:\WINDOWS\SYSTEM32\WSOCK32.dll
0x00007ff9581c0000 - 0x00007ff95822b000 	C:\WINDOWS\System32\WS2_32.dll
0x00007ff949720000 - 0x00007ff949747000 	C:\WINDOWS\SYSTEM32\WINMM.dll
0x00007ff950d50000 - 0x00007ff950d5a000 	C:\WINDOWS\SYSTEM32\VERSION.dll
0x00007ff9548b0000 - 0x00007ff9548c2000 	C:\WINDOWS\SYSTEM32\kernel.appcore.dll
0x00007ff950bc0000 - 0x00007ff950bca000 	c:\Users\timot\.vscode\extensions\redhat.java-1.7.0-win32-x64\jre\17.0.3-win32-x86_64\bin\jimage.dll
0x00007ff953cd0000 - 0x00007ff953eb4000 	C:\WINDOWS\SYSTEM32\DBGHELP.DLL
0x00007ff948a30000 - 0x00007ff948a5c000 	C:\WINDOWS\SYSTEM32\dbgcore.DLL
0x00007ff9563e0000 - 0x00007ff956462000 	C:\WINDOWS\System32\bcryptPrimitives.dll
0x00007ff9258c0000 - 0x00007ff9258e5000 	c:\Users\timot\.vscode\extensions\redhat.java-1.7.0-win32-x64\jre\17.0.3-win32-x86_64\bin\java.dll
0x00007ff926b30000 - 0x00007ff926b48000 	c:\Users\timot\.vscode\extensions\redhat.java-1.7.0-win32-x64\jre\17.0.3-win32-x86_64\bin\zip.dll
0x00007ff956ea0000 - 0x00007ff9575e4000 	C:\WINDOWS\System32\SHELL32.dll
0x00007ff954100000 - 0x00007ff954894000 	C:\WINDOWS\SYSTEM32\windows.storage.dll
0x00007ff956b40000 - 0x00007ff956e94000 	C:\WINDOWS\System32\combase.dll
0x00007ff955910000 - 0x00007ff95593c000 	C:\WINDOWS\SYSTEM32\Wldp.dll
0x00007ff9569a0000 - 0x00007ff956a4d000 	C:\WINDOWS\System32\SHCORE.dll
0x00007ff9582e0000 - 0x00007ff958335000 	C:\WINDOWS\System32\shlwapi.dll
0x00007ff955fa0000 - 0x00007ff955fbf000 	C:\WINDOWS\SYSTEM32\profapi.dll
0x00007ff9269f0000 - 0x00007ff926a09000 	C:\Users\timot\.vscode\extensions\redhat.java-1.7.0-win32-x64\jre\17.0.3-win32-x86_64\bin\net.dll
0x00007ff94e9b0000 - 0x00007ff94eaba000 	C:\WINDOWS\SYSTEM32\WINHTTP.dll
0x00007ff9556f0000 - 0x00007ff95575a000 	C:\WINDOWS\system32\mswsock.dll
0x00007ff925c40000 - 0x00007ff925c55000 	C:\Users\timot\.vscode\extensions\redhat.java-1.7.0-win32-x64\jre\17.0.3-win32-x86_64\bin\nio.dll
0x00007ff9559c0000 - 0x00007ff9559d8000 	C:\WINDOWS\SYSTEM32\CRYPTSP.dll
0x00007ff955090000 - 0x00007ff9550c4000 	C:\WINDOWS\system32\rsaenh.dll
0x00007ff956560000 - 0x00007ff956587000 	C:\WINDOWS\System32\bcrypt.dll
0x00007ff955f60000 - 0x00007ff955f8e000 	C:\WINDOWS\SYSTEM32\USERENV.dll
0x00007ff955880000 - 0x00007ff95588c000 	C:\WINDOWS\SYSTEM32\CRYPTBASE.dll
0x00007ff955400000 - 0x00007ff95543b000 	C:\WINDOWS\SYSTEM32\IPHLPAPI.DLL
0x00007ff9577e0000 - 0x00007ff9577e8000 	C:\WINDOWS\System32\NSI.dll
0x00007ff94f740000 - 0x00007ff94f757000 	C:\WINDOWS\SYSTEM32\dhcpcsvc6.DLL
0x00007ff94f6a0000 - 0x00007ff94f6bd000 	C:\WINDOWS\SYSTEM32\dhcpcsvc.DLL
0x00007ff955440000 - 0x00007ff95550b000 	C:\WINDOWS\SYSTEM32\DNSAPI.dll
0x00007ff921a00000 - 0x00007ff921a3e000 	C:\Users\timot\AppData\Roaming\Code\User\globalStorage\redhat.java\1.7.0\config_win\org.eclipse.equinox.launcher\org.eclipse.equinox.launcher.win32.win32.x86_64_1.2.400.v20211117-0650\eclipse_11602.dll
0x00007ff957c70000 - 0x00007ff957d9a000 	C:\WINDOWS\System32\ole32.dll

dbghelp: loaded successfully - version: 4.0.5 - missing functions: none
symbol engine: initialized successfully - sym options: 0x614 - pdb path: .;c:\Users\timot\.vscode\extensions\redhat.java-1.7.0-win32-x64\jre\17.0.3-win32-x86_64\bin;C:\WINDOWS\SYSTEM32;C:\WINDOWS\WinSxS\amd64_microsoft.windows.common-controls_6595b64144ccf1df_6.0.19041.1110_none_60b5254171f9507e;c:\Users\timot\.vscode\extensions\redhat.java-1.7.0-win32-x64\jre\17.0.3-win32-x86_64\bin\server;C:\Users\timot\AppData\Roaming\Code\User\globalStorage\redhat.java\1.7.0\config_win\org.eclipse.equinox.launcher\org.eclipse.equinox.launcher.win32.win32.x86_64_1.2.400.v20211117-0650

VM Arguments:
jvm_args: --add-modules=ALL-SYSTEM --add-opens=java.base/java.util=ALL-UNNAMED --add-opens=java.base/java.lang=ALL-UNNAMED --add-opens=java.base/sun.nio.fs=ALL-UNNAMED -Declipse.application=org.eclipse.jdt.ls.core.id1 -Dosgi.bundles.defaultStartLevel=4 -Declipse.product=org.eclipse.jdt.ls.core.product -Djava.import.generatesMetadataFilesAtProjectRoot=false -Dfile.encoding=utf8 -DwatchParentProcess=false -XX:+UseParallelGC -XX:GCTimeRatio=4 -XX:AdaptiveSizePolicyWeight=90 -Dsun.zip.disableMemoryMapping=true -Xmx1G -Xms100m -XX:+HeapDumpOnOutOfMemoryError -XX:HeapDumpPath=c:\Users\timot\AppData\Roaming\Code\User\workspaceStorage\61590eb05be9bdaa79b5291ad44b48cc\redhat.java 
java_command: c:\Users\timot\.vscode\extensions\redhat.java-1.7.0-win32-x64\server\plugins\org.eclipse.equinox.launcher_1.6.400.v20210924-0641.jar -configuration c:\Users\timot\AppData\Roaming\Code\User\globalStorage\redhat.java\1.7.0\config_win -data c:\Users\timot\AppData\Roaming\Code\User\workspaceStorage\61590eb05be9bdaa79b5291ad44b48cc\redhat.java\jdt_ws
java_class_path (initial): c:\Users\timot\.vscode\extensions\redhat.java-1.7.0-win32-x64\server\plugins\org.eclipse.equinox.launcher_1.6.400.v20210924-0641.jar
Launcher Type: SUN_STANDARD

[Global flags]
    uintx AdaptiveSizePolicyWeight                 = 90                                        {product} {command line}
     intx CICompilerCount                          = 3                                         {product} {ergonomic}
    uintx GCTimeRatio                              = 4                                         {product} {command line}
     bool HeapDumpOnOutOfMemoryError               = true                                   {manageable} {command line}
    ccstr HeapDumpPath                             = c:\Users\timot\AppData\Roaming\Code\User\workspaceStorage\61590eb05be9bdaa79b5291ad44b48cc\redhat.java         {manageable} {command line}
   size_t InitialHeapSize                          = 104857600                                 {product} {command line}
   size_t MaxHeapSize                              = 1073741824                                {product} {command line}
   size_t MaxNewSize                               = 357564416                                 {product} {ergonomic}
   size_t MinHeapDeltaBytes                        = 524288                                    {product} {ergonomic}
   size_t MinHeapSize                              = 104857600                                 {product} {command line}
   size_t NewSize                                  = 34603008                                  {product} {ergonomic}
    uintx NonNMethodCodeHeapSize                   = 5832780                                {pd product} {ergonomic}
    uintx NonProfiledCodeHeapSize                  = 122912730                              {pd product} {ergonomic}
   size_t OldSize                                  = 70254592                                  {product} {ergonomic}
    uintx ProfiledCodeHeapSize                     = 122912730                              {pd product} {ergonomic}
    uintx ReservedCodeCacheSize                    = 251658240                              {pd product} {ergonomic}
     bool SegmentedCodeCache                       = true                                      {product} {ergonomic}
   size_t SoftMaxHeapSize                          = 1073741824                             {manageable} {ergonomic}
     bool UseCompressedClassPointers               = true                           {product lp64_product} {ergonomic}
     bool UseCompressedOops                        = true                           {product lp64_product} {ergonomic}
     bool UseLargePagesIndividualAllocation        = false                                  {pd product} {ergonomic}
     bool UseParallelGC                            = true                                      {product} {command line}

Logging:
Log output configuration:
 #0: stdout all=warning uptime,level,tags
 #1: stderr all=off uptime,level,tags

Environment Variables:
CLASSPATH=..\class
PATH=C:\Program Files\Java\jdk-16.0.2\bin;C:\Program Files\Common Files\Oracle\Java\javapath;C:\Program Files (x86)\Common Files\Oracle\Java\javapath;C:\oracle\app\oracle\product\11.2.0\server\bin;C:\WINDOWS\system32;C:\WINDOWS;C:\WINDOWS\System32\Wbem;C:\WINDOWS\System32\WindowsPowerShell\v1.0\;C:\WINDOWS\System32\OpenSSH\;C:\Program Files\Git\cmd;C:\Program Files\MySQL\MySQL Shell 8.0\bin\;C:\Users\timot\AppData\Local\Microsoft\WindowsApps;C:\Users\timot\AppData\Local\Programs\Microsoft VS Code\bin;
USERNAME=timot
OS=Windows_NT
PROCESSOR_IDENTIFIER=Intel64 Family 6 Model 142 Stepping 9, GenuineIntel



---------------  S Y S T E M  ---------------

OS:
 Windows 10 , 64 bit Build 19041 (10.0.19041.1706)
OS uptime: 26 days 2:37 hours
Hyper-V role detected

CPU: total 4 (initial active 4) (2 cores per cpu, 2 threads per core) family 6 model 142 stepping 9 microcode 0xde, cx8, cmov, fxsr, ht, mmx, 3dnowpref, sse, sse2, sse3, ssse3, sse4.1, sse4.2, popcnt, lzcnt, tsc, tscinvbit, avx, avx2, aes, erms, clmul, bmi1, bmi2, adx, fma, vzeroupper, clflush, clflushopt, hv

Memory: 4k page, system-wide physical 4007M (240M free)
TotalPageFile size 16295M (AvailPageFile size 1M)
current process WorkingSet (physical memory assigned to process): 83M, peak: 83M
current process commit charge ("private bytes"): 191M, peak: 191M

vm_info: OpenJDK 64-Bit Server VM (17.0.3+7) for windows-amd64 JRE (17.0.3+7), built on Apr 19 2022 16:55:35 by "" with MS VC++ 16.7 (VS2019)

END.
