#
# There is insufficient memory for the Java Runtime Environment to continue.
# Native memory allocation (malloc) failed to allocate 1177296 bytes for Chunk::new
# Possible reasons:
#   The system is out of physical RAM or swap space
#   The process is running with CompressedOops enabled, and the Java Heap may be blocking the growth of the native heap
# Possible solutions:
#   Reduce memory load on the system
#   Increase physical memory or swap space
#   Check if swap backing store is full
#   Decrease Java heap size (-Xmx/-Xms)
#   Decrease number of Java threads
#   Decrease Java thread stack sizes (-Xss)
#   Set larger code cache with -XX:ReservedCodeCacheSize=
#   JVM is running with Unscaled Compressed Oops mode in which the Java heap is
#     placed in the first 4GB address space. The Java Heap base address is the
#     maximum limit for the native heap growth. Please use -XX:HeapBaseMinAddress
#     to set the Java Heap base and to place the Java Heap above 4GB virtual address.
# This output file may be truncated or incomplete.
#
#  Out of Memory Error (arena.cpp:189), pid=37672, tid=18404
#
# JRE version: OpenJDK Runtime Environment Temurin-17.0.3+7 (17.0.3+7) (build 17.0.3+7)
# Java VM: OpenJDK 64-Bit Server VM Temurin-17.0.3+7 (17.0.3+7, mixed mode, tiered, compressed oops, compressed class ptrs, parallel gc, windows-amd64)
# No core dump will be written. Minidumps are not enabled by default on client versions of Windows
#

---------------  S U M M A R Y ------------

Command Line: --add-modules=ALL-SYSTEM --add-opens=java.base/java.util=ALL-UNNAMED --add-opens=java.base/java.lang=ALL-UNNAMED --add-opens=java.base/sun.nio.fs=ALL-UNNAMED -Declipse.application=org.eclipse.jdt.ls.core.id1 -Dosgi.bundles.defaultStartLevel=4 -Declipse.product=org.eclipse.jdt.ls.core.product -Djava.import.generatesMetadataFilesAtProjectRoot=false -Dfile.encoding=utf8 -DwatchParentProcess=false -XX:+UseParallelGC -XX:GCTimeRatio=4 -XX:AdaptiveSizePolicyWeight=90 -Dsun.zip.disableMemoryMapping=true -Xmx1G -Xms100m -XX:+HeapDumpOnOutOfMemoryError -XX:HeapDumpPath=c:\Users\timot\AppData\Roaming\Code\User\workspaceStorage\61590eb05be9bdaa79b5291ad44b48cc\redhat.java c:\Users\timot\.vscode\extensions\redhat.java-1.7.0-win32-x64\server\plugins\org.eclipse.equinox.launcher_1.6.400.v20210924-0641.jar -configuration c:\Users\timot\AppData\Roaming\Code\User\globalStorage\redhat.java\1.7.0\config_win -data c:\Users\timot\AppData\Roaming\Code\User\workspaceStorage\61590eb05be9bdaa79b5291ad44b48cc\redhat.java\jdt_ws

Host: Intel(R) Core(TM) i3-7020U CPU @ 2.30GHz, 4 cores, 3G,  Windows 10 , 64 bit Build 19041 (10.0.19041.1706)
Time: Fri Jun 17 16:25:19 2022 Paris, Madrid (heure duild 19041 (10.0.19041.1706) elapsed time: 45.833647 seconds (0d 0h 0m 45s)

---------------  T H R E A D  ---------------

Current thread (0x000001d5ffce71d0):  JavaThread "C2 CompilerThread0" daemon [_thread_in_native, id=18404, stack(0x0000002b99800000,0x0000002b99900000)]


Current CompileTask:
C2:  45834 5739       4       org.eclipse.jdt.internal.compiler.parser.Parser::consumeRule (7765 bytes)

Stack: [0x0000002b99800000,0x0000002b99900000]
Native frames: (J=compiled Java code, j=interpreted, Vv=VM code, C=native code)
V  [jvm.dll+0x675efa]
V  [jvm.dll+0x830a24]
V  [jvm.dll+0x8321ce]
V  [jvm.dll+0x832833]
V  [jvm.dll+0x2454b5]
V  [jvm.dll+0xabd7b]
V  [jvm.dll+0xac30c]
V  [jvm.dll+0x3635d2]
V  [jvm.dll+0x32dca1]
V  [jvm.dll+0x32d14a]
V  [jvm.dll+0x218361]
V  [jvm.dll+0x217781]
V  [jvm.dll+0x1a3ccd]
V  [jvm.dll+0x227178]
V  [jvm.dll+0x2252bc]
V  [jvm.dll+0x7e673b]
V  [jvm.dll+0x7e0cfa]
V  [jvm.dll+0x674d85]
C  [ucrtbase.dll+0x21bb2]
C  [KERNEL32.DLL+0x17034]
C  [ntdll.dll+0x52651]


---------------  P R O C E S S  ---------------

Threads class SMR info:
_java_thread_list=0x000001d59b103770, length=27, elements={
0x000001d5ffa4f970, 0x000001d5ffc9b590, 0x000001d5ffcb2f20, 0x000001d5ffcd8150,
0x000001d5ffcd8dd0, 0x000001d5ffcdc300, 0x000001d5ffce04e0, 0x000001d5ffce71d0,
0x000001d5ffce8270, 0x000001d5ffcfb010, 0x000001d5955d9060, 0x000001d595712a70,
0x000001d595bc4eb0, 0x000001d595e51ee0, 0x000001d595c4c200, 0x000001d595b16af0,
0x000001d595b61c90, 0x000001d59612d530, 0x000001d59612ddd0, 0x000001d5960e6d50,
0x000001d5960e5ee0, 0x000001d5960e5070, 0x000001d5960e76f0, 0x000001d5960e63b0,
0x000001d5960e7bc0, 0x000001d599629600, 0x000001d599629130
}

Java Threads: ( => current thread )
  0x000001d5ffa4f970 JavaThread "main" [_thread_blocked, id=6892, stack(0x0000002b98f00000,0x0000002b99000000)]
  0x000001d5ffc9b590 JavaThread "Reference Handler" daemon [_thread_blocked, id=29384, stack(0x0000002b99200000,0x0000002b99300000)]
  0x000001d5ffcb2f20 JavaThread "Finalizer" daemon [_thread_blocked, id=19032, stack(0x0000002b99300000,0x0000002b99400000)]
  0x000001d5ffcd8150 JavaThread "Signal Dispatcher" daemon [_thread_blocked, id=18872, stack(0x0000002b99400000,0x0000002b99500000)]
  0x000001d5ffcd8dd0 JavaThread "Attach Listener" daemon [_thread_blocked, id=26032, stack(0x0000002b99500000,0x0000002b99600000)]
  0x000001d5ffcdc300 JavaThread "Service Thread" daemon [_thread_blocked, id=1000, stack(0x0000002b99600000,0x0000002b99700000)]
  0x000001d5ffce04e0 JavaThread "Monitor Deflation Thread" daemon [_thread_blocked, id=13296, stack(0x0000002b99700000,0x0000002b99800000)]
=>0x000001d5ffce71d0 JavaThread "C2 CompilerThread0" daemon [_thread_in_native, id=18404, stack(0x0000002b99800000,0x0000002b99900000)]
  0x000001d5ffce8270 JavaThread "C1 CompilerThread0" daemon [_thread_in_vm, id=32128, stack(0x0000002b99900000,0x0000002b99a00000)]
  0x000001d5ffcfb010 JavaThread "Sweeper thread" daemon [_thread_blocked, id=8140, stack(0x0000002b99a00000,0x0000002b99b00000)]
  0x000001d5955d9060 JavaThread "Common-Cleaner" daemon [_thread_blocked, id=37724, stack(0x0000002b99b00000,0x0000002b99c00000)]
  0x000001d595712a70 JavaThread "Notification Thread" daemon [_thread_blocked, id=10116, stack(0x0000002b99c00000,0x0000002b99d00000)]
  0x000001d595bc4eb0 JavaThread "Active Thread: Equinox Container: b1519ed2-39ca-404c-acfc-b8f309c3626b" [_thread_blocked, id=32292, stack(0x0000002b99e00000,0x0000002b99f00000)]
  0x000001d595e51ee0 JavaThread "Framework Event Dispatcher: Equinox Container: b1519ed2-39ca-404c-acfc-b8f309c3626b" daemon [_thread_blocked, id=5012, stack(0x0000002b99f00000,0x0000002b9a000000)]
  0x000001d595c4c200 JavaThread "Start Level: Equinox Container: b1519ed2-39ca-404c-acfc-b8f309c3626b" daemon [_thread_blocked, id=20116, stack(0x0000002b9a300000,0x0000002b9a400000)]
  0x000001d595b16af0 JavaThread "SCR Component Actor" daemon [_thread_blocked, id=32600, stack(0x0000002b9a400000,0x0000002b9a500000)]
  0x000001d595b61c90 JavaThread "Worker-JM" [_thread_blocked, id=32488, stack(0x0000002b9a600000,0x0000002b9a700000)]
  0x000001d59612d530 JavaThread "Worker-0: Building" [_thread_blocked, id=33676, stack(0x0000002b9a500000,0x0000002b9a600000)]
  0x000001d59612ddd0 JavaThread "Worker-1" [_thread_blocked, id=19844, stack(0x0000002b9a700000,0x0000002b9a800000)]
  0x000001d5960e6d50 JavaThread "Worker-2: Update classpath Job" [_thread_blocked, id=19688, stack(0x0000002b9a900000,0x0000002b9aa00000)]
  0x000001d5960e5ee0 JavaThread "Java indexing" daemon [_thread_blocked, id=34236, stack(0x0000002b9aa00000,0x0000002b9ab00000)]
  0x000001d5960e5070 JavaThread "Worker-3" [_thread_blocked, id=19920, stack(0x0000002b9ab00000,0x0000002b9ac00000)]
  0x000001d5960e76f0 JavaThread "Worker-4" [_thread_blocked, id=26192, stack(0x0000002b9ac00000,0x0000002b9ad00000)]
  0x000001d5960e63b0 JavaThread "Worker-5" [_thread_blocked, id=17704, stack(0x0000002b9ad00000,0x0000002b9ae00000)]
  0x000001d5960e7bc0 JavaThread "pool-1-thread-1" [_thread_in_native, id=11764, stack(0x0000002b98c00000,0x0000002b98d00000)]
  0x000001d599629600 JavaThread "Bundle File Closer" daemon [_thread_blocked, id=9920, stack(0x0000002b9b100000,0x0000002b9b200000)]
  0x000001d599629130 JavaThread "Compiler Processing Task" daemon [_thread_in_Java, id=24424, stack(0x0000002b9b000000,0x0000002b9b100000)]

Other Threads:
  0x000001d5ffc98cc0 VMThread "VM Thread" [stack: 0x0000002b99100000,0x0000002b99200000] [id=33808]
  0x000001d595712f40 WatcherThread [stack: 0x0000002b99d00000,0x0000002b99e00000] [id=30004]
  0x000001d5ffa66e30 GCTaskThread "GC Thread#0" [stack: 0x0000002b99000000,0x0000002b99100000] [id=23404]
  0x000001d595b7a930 GCTaskThread "GC Thread#1" [stack: 0x0000002b9a000000,0x0000002b9a100000] [id=17692]
  0x000001d595ef3010 GCTaskThread "GC Thread#2" [stack: 0x0000002b9a100000,0x0000002b9a200000] [id=14664]
  0x000001d595b01920 GCTaskThread "GC Thread#3" [stack: 0x0000002b9a200000,0x0000002b9a300000] [id=23292]

Threads with active compile tasks:
C2 CompilerThread0    45957 5739       4       org.eclipse.jdt.internal.compiler.parser.Parser::consumeRule (7765 bytes)
C1 CompilerThread0    45957 5889       3       org.eclipse.jdt.internal.compiler.lookup.LookupEnvironment::getTypeFromConstantPoolName (104 bytes)

VM state: not at safepoint (normal execution)

VM Mutex/Monitor currently owned by a thread: None

Heap address: 0x00000000c0000000, size: 1024 MB, Compressed Oops mode: 32-bit

CDS archive(s) not mapped
Compressed class space mapped at: 0x0000000100000000-0x0000000140000000, reserved size: 1073741824
Narrow klass base: 0x0000000000000000, Narrow klass shift: 3, Narrow klass range: 0x140000000

GC Precious Log:
 CPUs: 4 total, 4 available
 Memory: 4007M
 Large Page Support: Disabled
 NUMA Support: Disabled
 Compressed Oops: Enabled (32-bit)
 Alignments: Space 512K, Generation 512K, Heap 2M
 Heap Min Capacity: 100M
 Heap Initial Capacity: 100M
 Heap Max Capacity: 1G
 Pre-touch: Disabled
 Parallel Workers: 4

Heap:
 PSYoungGen      total 24064K, used 7057K [0x00000000eab00000, 0x00000000ec680000, 0x0000000100000000)
  eden space 22016K, 24% used [0x00000000eab00000,0x00000000eb031f28,0x00000000ec080000)
  from space 2048K, 84% used [0x00000000ec480000,0x00000000ec632850,0x00000000ec680000)
  to   space 2048K, 0% used [0x00000000ec280000,0x00000000ec280000,0x00000000ec480000)
 ParOldGen       total 68608K, used 31357K [0x00000000c0000000, 0x00000000c4300000, 0x00000000eab00000)
  object space 68608K, 45% used [0x00000000c0000000,0x00000000c1e9f738,0x00000000c4300000)
 Metaspace       used 55820K, committed 56576K, reserved 1105920K
  class space    used 6025K, committed 6336K, reserved 1048576K

Card table byte_map: [0x000001d5ff440000,0x000001d5ff650000] _byte_map_base: 0x000001d5fee40000

Marking Bits: (ParMarkBitMap*) 0x00007ff8f2b74b80
 Begin Bits: [0x000001d591bb0000, 0x000001d592bb0000)
 End Bits:   [0x000001d592bb0000, 0x000001d593bb0000)

Polling page: 0x000001d5ff230000

Metaspace:

Usage:
  Non-class:     48.63 MB used.
      Class:      5.88 MB used.
       Both:     54.51 MB used.

Virtual space:
  Non-class space:       56.00 MB reserved,      49.06 MB ( 88%) committed,  7 nodes.
      Class space:        1.00 GB reserved,       6.19 MB ( <1%) committed,  1 nodes.
             Both:        1.05 GB reserved,      55.25 MB (  5%) committed. 

Chunk freelists:
   Non-Class:  2.95 MB
       Class:  1.86 MB
        Both:  4.81 MB

MaxMetaspaceSize: unlimited
CompressedClassSpaceSize: 1.00 GB
Initial GC threshold: 21.00 MB
Current GC threshold: 58.38 MB
CDS: off
MetaspaceReclaimPolicy: balanced
 - commit_granule_bytes: 65536.
 - commit_granule_words: 8192.
 - virtual_space_node_default_size: 1048576.
 - enlarge_chunks_in_place: 1.
 - new_chunks_are_fully_committed: 0.
 - uncommit_free_chunks: 1.
 - use_allocation_guard: 0.
 - handle_deallocations: 1.


Internal statistics:

num_allocs_failed_limit: 6.
num_arena_births: 328.
num_arena_deaths: 0.
num_vsnodes_births: 8.
num_vsnodes_deaths: 0.
num_space_committed: 884.
num_space_uncommitted: 0.
num_chunks_returned_to_freelist: 6.
num_chunks_taken_from_freelist: 2222.
num_chunk_merges: 6.
num_chunk_splits: 1416.
num_chunks_enlarged: 882.
num_purges: 0.
num_inconsistent_stats: 0.

CodeHeap 'non-profiled nmethods': size=120000Kb used=2121Kb max_used=2621Kb free=117879Kb
 bounds [0x000001d58a680000, 0x000001d58a910000, 0x000001d591bb0000]
CodeHeap 'profiled nmethods': size=120000Kb used=10182Kb max_used=11277Kb free=109817Kb
 bounds [0x000001d583150000, 0x000001d583c90000, 0x000001d58a680000]
CodeHeap 'non-nmethods': size=5760Kb used=1342Kb max_used=1427Kb free=4418Kb
 bounds [0x000001d582bb0000, 0x000001d582e20000, 0x000001d583150000]
 total_blobs=5682 nmethods=5004 adapters=591
 compilation: enabled
              stopped_count=0, restarted_count=0
 full_count=0

Compilation events (20 events):
Event: 45.751 Thread 0x000001d5ffce8270 5792       3       org.eclipse.jdt.internal.compiler.util.SortedCharArrays$$Lambda$319/0x0000000100610fa8::compare (12 bytes)
Event: 45.751 Thread 0x000001d5ffce8270 nmethod 5792 0x000001d58364e110 code [0x000001d58364e2c0, 0x000001d58364e5c8]
Event: 45.751 Thread 0x000001d5ffce8270 5793       3       java.util.Arrays::binarySearch0 (95 bytes)
Event: 45.752 Thread 0x000001d5ffce8270 nmethod 5793 0x000001d583988490 code [0x000001d583988660, 0x000001d583988a98]
Event: 45.752 Thread 0x000001d5ffce8270 5794       3       org.eclipse.jdt.internal.compiler.lookup.Scope::environment (8 bytes)
Event: 45.752 Thread 0x000001d5ffce8270 nmethod 5794 0x000001d58355f890 code [0x000001d58355fa20, 0x000001d58355fb38]
Event: 45.753 Thread 0x000001d5ffce8270 5795       3       org.eclipse.jdt.internal.compiler.lookup.ModuleBinding::getVisiblePackage (440 bytes)
Event: 45.757 Thread 0x000001d5ffce8270 nmethod 5795 0x000001d583899510 code [0x000001d5838999e0, 0x000001d58389c648]
Event: 45.757 Thread 0x000001d5ffce8270 5801 % !   3       org.eclipse.jdt.internal.compiler.classfmt.ClassFileReader::<init> @ 63 (2113 bytes)
Event: 45.774 Thread 0x000001d5ffce8270 nmethod 5801% 0x000001d583c61290 code [0x000001d583c61c40, 0x000001d583c6aa18]
Event: 45.774 Thread 0x000001d5ffce8270 5799       3       org.eclipse.jdt.internal.compiler.util.CharArrayMap::put (86 bytes)
Event: 45.775 Thread 0x000001d5ffce8270 nmethod 5799 0x000001d583542910 code [0x000001d583542b20, 0x000001d583543298]
Event: 45.775 Thread 0x000001d5ffce8270 5796       3       java.util.stream.AbstractPipeline::copyIntoWithCancel (46 bytes)
Event: 45.776 Thread 0x000001d5ffce8270 nmethod 5796 0x000001d583a5c510 code [0x000001d583a5c700, 0x000001d583a5cbd8]
Event: 45.776 Thread 0x000001d5ffce8270 5800       3       org.eclipse.jdt.internal.compiler.lookup.ImportBinding::isStatic (21 bytes)
Event: 45.777 Thread 0x000001d5ffce8270 nmethod 5800 0x000001d583673f10 code [0x000001d5836740c0, 0x000001d583674338]
Event: 45.777 Thread 0x000001d5ffce8270 5797       1       java.util.stream.MatchOps$BooleanTerminalSink::cancellationRequested (5 bytes)
Event: 45.777 Thread 0x000001d5ffce8270 nmethod 5797 0x000001d58a76ea90 code [0x000001d58a76ec20, 0x000001d58a76ecf8]
Event: 45.777 Thread 0x000001d5ffce8270 5798       3       org.eclipse.jdt.internal.compiler.lookup.PackageBinding::problemId (17 bytes)
Event: 45.778 Thread 0x000001d5ffce8270 nmethod 5798 0x000001d583654c90 code [0x000001d583654e20, 0x000001d583654fb8]

GC Heap History (20 events):
Event: 35.086 GC heap before
{Heap before GC invocations=9 (full 2):
 PSYoungGen      total 27136K, used 26738K [0x00000000eab00000, 0x00000000eca00000, 0x0000000100000000)
  eden space 25088K, 100% used [0x00000000eab00000,0x00000000ec380000,0x00000000ec380000)
  from space 2048K, 80% used [0x00000000ec800000,0x00000000ec99cb18,0x00000000eca00000)
  to   space 2560K, 0% used [0x00000000ec500000,0x00000000ec500000,0x00000000ec780000)
 ParOldGen       total 68608K, used 11770K [0x00000000c0000000, 0x00000000c4300000, 0x00000000eab00000)
  object space 68608K, 17% used [0x00000000c0000000,0x00000000c0b7ea90,0x00000000c4300000)
 Metaspace       used 47155K, committed 47744K, reserved 1097728K
  class space    used 5120K, committed 5376K, reserved 1048576K
}
Event: 35.093 GC heap after
{Heap after GC invocations=9 (full 2):
 PSYoungGen      total 27136K, used 2545K [0x00000000eab00000, 0x00000000ece00000, 0x0000000100000000)
  eden space 24576K, 0% used [0x00000000eab00000,0x00000000eab00000,0x00000000ec300000)
  from space 2560K, 99% used [0x00000000ec500000,0x00000000ec77c760,0x00000000ec780000)
  to   space 5632K, 0% used [0x00000000ec880000,0x00000000ec880000,0x00000000ece00000)
 ParOldGen       total 68608K, used 14110K [0x00000000c0000000, 0x00000000c4300000, 0x00000000eab00000)
  object space 68608K, 20% used [0x00000000c0000000,0x00000000c0dc79b0,0x00000000c4300000)
 Metaspace       used 47155K, committed 47744K, reserved 1097728K
  class space    used 5120K, committed 5376K, reserved 1048576K
}
Event: 36.291 GC heap before
{Heap before GC invocations=10 (full 2):
 PSYoungGen      total 27136K, used 27121K [0x00000000eab00000, 0x00000000ece00000, 0x0000000100000000)
  eden space 24576K, 99% used [0x00000000eab00000,0x00000000ec2fffc0,0x00000000ec300000)
  from space 2560K, 99% used [0x00000000ec500000,0x00000000ec77c760,0x00000000ec780000)
  to   space 5632K, 0% used [0x00000000ec880000,0x00000000ec880000,0x00000000ece00000)
 ParOldGen       total 68608K, used 14110K [0x00000000c0000000, 0x00000000c4300000, 0x00000000eab00000)
  object space 68608K, 20% used [0x00000000c0000000,0x00000000c0dc79b0,0x00000000c4300000)
 Metaspace       used 51246K, committed 51968K, reserved 1097728K
  class space    used 5630K, committed 5952K, reserved 1048576K
}
Event: 36.298 GC heap after
{Heap after GC invocations=10 (full 2):
 PSYoungGen      total 29696K, used 5157K [0x00000000eab00000, 0x00000000ece00000, 0x0000000100000000)
  eden space 24064K, 0% used [0x00000000eab00000,0x00000000eab00000,0x00000000ec280000)
  from space 5632K, 91% used [0x00000000ec880000,0x00000000ecd897f8,0x00000000ece00000)
  to   space 5632K, 0% used [0x00000000ec300000,0x00000000ec300000,0x00000000ec880000)
 ParOldGen       total 68608K, used 14118K [0x00000000c0000000, 0x00000000c4300000, 0x00000000eab00000)
  object space 68608K, 20% used [0x00000000c0000000,0x00000000c0dc99b0,0x00000000c4300000)
 Metaspace       used 51246K, committed 51968K, reserved 1097728K
  class space    used 5630K, committed 5952K, reserved 1048576K
}
Event: 36.502 GC heap before
{Heap before GC invocations=11 (full 2):
 PSYoungGen      total 29696K, used 29221K [0x00000000eab00000, 0x00000000ece00000, 0x0000000100000000)
  eden space 24064K, 100% used [0x00000000eab00000,0x00000000ec280000,0x00000000ec280000)
  from space 5632K, 91% used [0x00000000ec880000,0x00000000ecd897f8,0x00000000ece00000)
  to   space 5632K, 0% used [0x00000000ec300000,0x00000000ec300000,0x00000000ec880000)
 ParOldGen       total 68608K, used 14118K [0x00000000c0000000, 0x00000000c4300000, 0x00000000eab00000)
  object space 68608K, 20% used [0x00000000c0000000,0x00000000c0dc99b0,0x00000000c4300000)
 Metaspace       used 51312K, committed 52032K, reserved 1097728K
  class space    used 5634K, committed 5952K, reserved 1048576K
}
Event: 36.511 GC heap after
{Heap after GC invocations=11 (full 2):
 PSYoungGen      total 29184K, used 5631K [0x00000000eab00000, 0x00000000ed100000, 0x0000000100000000)
  eden space 23552K, 0% used [0x00000000eab00000,0x00000000eab00000,0x00000000ec200000)
  from space 5632K, 99% used [0x00000000ec300000,0x00000000ec87fc88,0x00000000ec880000)
  to   space 7680K, 0% used [0x00000000ec980000,0x00000000ec980000,0x00000000ed100000)
 ParOldGen       total 68608K, used 15476K [0x00000000c0000000, 0x00000000c4300000, 0x00000000eab00000)
  object space 68608K, 22% used [0x00000000c0000000,0x00000000c0f1d348,0x00000000c4300000)
 Metaspace       used 51312K, committed 52032K, reserved 1097728K
  class space    used 5634K, committed 5952K, reserved 1048576K
}
Event: 36.643 GC heap before
{Heap before GC invocations=12 (full 2):
 PSYoungGen      total 29184K, used 29183K [0x00000000eab00000, 0x00000000ed100000, 0x0000000100000000)
  eden space 23552K, 100% used [0x00000000eab00000,0x00000000ec200000,0x00000000ec200000)
  from space 5632K, 99% used [0x00000000ec300000,0x00000000ec87fc88,0x00000000ec880000)
  to   space 7680K, 0% used [0x00000000ec980000,0x00000000ec980000,0x00000000ed100000)
 ParOldGen       total 68608K, used 15476K [0x00000000c0000000, 0x00000000c4300000, 0x00000000eab00000)
  object space 68608K, 22% used [0x00000000c0000000,0x00000000c0f1d348,0x00000000c4300000)
 Metaspace       used 51338K, committed 52032K, reserved 1097728K
  class space    used 5634K, committed 5952K, reserved 1048576K
}
Event: 36.654 GC heap after
{Heap after GC invocations=12 (full 2):
 PSYoungGen      total 27136K, used 3776K [0x00000000eab00000, 0x00000000ecd80000, 0x0000000100000000)
  eden space 23040K, 0% used [0x00000000eab00000,0x00000000eab00000,0x00000000ec180000)
  from space 4096K, 92% used [0x00000000ec980000,0x00000000ecd30010,0x00000000ecd80000)
  to   space 5120K, 0% used [0x00000000ec380000,0x00000000ec380000,0x00000000ec880000)
 ParOldGen       total 68608K, used 19355K [0x00000000c0000000, 0x00000000c4300000, 0x00000000eab00000)
  object space 68608K, 28% used [0x00000000c0000000,0x00000000c12e6da8,0x00000000c4300000)
 Metaspace       used 51338K, committed 52032K, reserved 1097728K
  class space    used 5634K, committed 5952K, reserved 1048576K
}
Event: 36.739 GC heap before
{Heap before GC invocations=13 (full 2):
 PSYoungGen      total 27136K, used 26816K [0x00000000eab00000, 0x00000000ecd80000, 0x0000000100000000)
  eden space 23040K, 100% used [0x00000000eab00000,0x00000000ec180000,0x00000000ec180000)
  from space 4096K, 92% used [0x00000000ec980000,0x00000000ecd30010,0x00000000ecd80000)
  to   space 5120K, 0% used [0x00000000ec380000,0x00000000ec380000,0x00000000ec880000)
 ParOldGen       total 68608K, used 19355K [0x00000000c0000000, 0x00000000c4300000, 0x00000000eab00000)
  object space 68608K, 28% used [0x00000000c0000000,0x00000000c12e6da8,0x00000000c4300000)
 Metaspace       used 51346K, committed 52032K, reserved 1097728K
  class space    used 5635K, committed 5952K, reserved 1048576K
}
Event: 36.747 GC heap after
{Heap after GC invocations=13 (full 2):
 PSYoungGen      total 25088K, used 2432K [0x00000000eab00000, 0x00000000eca00000, 0x0000000100000000)
  eden space 22528K, 0% used [0x00000000eab00000,0x00000000eab00000,0x00000000ec100000)
  from space 2560K, 95% used [0x00000000ec380000,0x00000000ec5e0010,0x00000000ec600000)
  to   space 3584K, 0% used [0x00000000ec680000,0x00000000ec680000,0x00000000eca00000)
 ParOldGen       total 68608K, used 23041K [0x00000000c0000000, 0x00000000c4300000, 0x00000000eab00000)
  object space 68608K, 33% used [0x00000000c0000000,0x00000000c1680678,0x00000000c4300000)
 Metaspace       used 51346K, committed 52032K, reserved 1097728K
  class space    used 5635K, committed 5952K, reserved 1048576K
}
Event: 36.830 GC heap before
{Heap before GC invocations=14 (full 2):
 PSYoungGen      total 25088K, used 24960K [0x00000000eab00000, 0x00000000eca00000, 0x0000000100000000)
  eden space 22528K, 100% used [0x00000000eab00000,0x00000000ec100000,0x00000000ec100000)
  from space 2560K, 95% used [0x00000000ec380000,0x00000000ec5e0010,0x00000000ec600000)
  to   space 3584K, 0% used [0x00000000ec680000,0x00000000ec680000,0x00000000eca00000)
 ParOldGen       total 68608K, used 23041K [0x00000000c0000000, 0x00000000c4300000, 0x00000000eab00000)
  object space 68608K, 33% used [0x00000000c0000000,0x00000000c1680678,0x00000000c4300000)
 Metaspace       used 51346K, committed 52032K, reserved 1097728K
  class space    used 5635K, committed 5952K, reserved 1048576K
}
Event: 36.836 GC heap after
{Heap after GC invocations=14 (full 2):
 PSYoungGen      total 24064K, used 2016K [0x00000000eab00000, 0x00000000ec880000, 0x0000000100000000)
  eden space 22016K, 0% used [0x00000000eab00000,0x00000000eab00000,0x00000000ec080000)
  from space 2048K, 98% used [0x00000000ec680000,0x00000000ec878000,0x00000000ec880000)
  to   space 2560K, 0% used [0x00000000ec380000,0x00000000ec380000,0x00000000ec600000)
 ParOldGen       total 68608K, used 25422K [0x00000000c0000000, 0x00000000c4300000, 0x00000000eab00000)
  object space 68608K, 37% used [0x00000000c0000000,0x00000000c18d3bd8,0x00000000c4300000)
 Metaspace       used 51346K, committed 52032K, reserved 1097728K
  class space    used 5635K, committed 5952K, reserved 1048576K
}
Event: 36.935 GC heap before
{Heap before GC invocations=15 (full 2):
 PSYoungGen      total 24064K, used 24032K [0x00000000eab00000, 0x00000000ec880000, 0x0000000100000000)
  eden space 22016K, 100% used [0x00000000eab00000,0x00000000ec080000,0x00000000ec080000)
  from space 2048K, 98% used [0x00000000ec680000,0x00000000ec878000,0x00000000ec880000)
  to   space 2560K, 0% used [0x00000000ec380000,0x00000000ec380000,0x00000000ec600000)
 ParOldGen       total 68608K, used 25422K [0x00000000c0000000, 0x00000000c4300000, 0x00000000eab00000)
  object space 68608K, 37% used [0x00000000c0000000,0x00000000c18d3bd8,0x00000000c4300000)
 Metaspace       used 51346K, committed 52032K, reserved 1097728K
  class space    used 5635K, committed 5952K, reserved 1048576K
}
Event: 36.940 GC heap after
{Heap after GC invocations=15 (full 2):
 PSYoungGen      total 24576K, used 2048K [0x00000000eab00000, 0x00000000ec700000, 0x0000000100000000)
  eden space 22016K, 0% used [0x00000000eab00000,0x00000000eab00000,0x00000000ec080000)
  from space 2560K, 80% used [0x00000000ec380000,0x00000000ec580010,0x00000000ec600000)
  to   space 1024K, 0% used [0x00000000ec600000,0x00000000ec600000,0x00000000ec700000)
 ParOldGen       total 68608K, used 27398K [0x00000000c0000000, 0x00000000c4300000, 0x00000000eab00000)
  object space 68608K, 39% used [0x00000000c0000000,0x00000000c1ac1bd8,0x00000000c4300000)
 Metaspace       used 51346K, committed 52032K, reserved 1097728K
  class space    used 5635K, committed 5952K, reserved 1048576K
}
Event: 39.097 GC heap before
{Heap before GC invocations=16 (full 2):
 PSYoungGen      total 24576K, used 24064K [0x00000000eab00000, 0x00000000ec700000, 0x0000000100000000)
  eden space 22016K, 100% used [0x00000000eab00000,0x00000000ec080000,0x00000000ec080000)
  from space 2560K, 80% used [0x00000000ec380000,0x00000000ec580010,0x00000000ec600000)
  to   space 1024K, 0% used [0x00000000ec600000,0x00000000ec600000,0x00000000ec700000)
 ParOldGen       total 68608K, used 27398K [0x00000000c0000000, 0x00000000c4300000, 0x00000000eab00000)
  object space 68608K, 39% used [0x00000000c0000000,0x00000000c1ac1bd8,0x00000000c4300000)
 Metaspace       used 51619K, committed 52288K, reserved 1097728K
  class space    used 5651K, committed 5952K, reserved 1048576K
}
Event: 39.103 GC heap after
{Heap after GC invocations=16 (full 2):
 PSYoungGen      total 23040K, used 1024K [0x00000000eab00000, 0x00000000ec880000, 0x0000000100000000)
  eden space 22016K, 0% used [0x00000000eab00000,0x00000000eab00000,0x00000000ec080000)
  from space 1024K, 100% used [0x00000000ec600000,0x00000000ec700000,0x00000000ec700000)
  to   space 4096K, 0% used [0x00000000ec080000,0x00000000ec080000,0x00000000ec480000)
 ParOldGen       total 68608K, used 29885K [0x00000000c0000000, 0x00000000c4300000, 0x00000000eab00000)
  object space 68608K, 43% used [0x00000000c0000000,0x00000000c1d2f468,0x00000000c4300000)
 Metaspace       used 51619K, committed 52288K, reserved 1097728K
  class space    used 5651K, committed 5952K, reserved 1048576K
}
Event: 41.170 GC heap before
{Heap before GC invocations=17 (full 2):
 PSYoungGen      total 23040K, used 23040K [0x00000000eab00000, 0x00000000ec880000, 0x0000000100000000)
  eden space 22016K, 100% used [0x00000000eab00000,0x00000000ec080000,0x00000000ec080000)
  from space 1024K, 100% used [0x00000000ec600000,0x00000000ec700000,0x00000000ec700000)
  to   space 4096K, 0% used [0x00000000ec080000,0x00000000ec080000,0x00000000ec480000)
 ParOldGen       total 68608K, used 29885K [0x00000000c0000000, 0x00000000c4300000, 0x00000000eab00000)
  object space 68608K, 43% used [0x00000000c0000000,0x00000000c1d2f468,0x00000000c4300000)
 Metaspace       used 53911K, committed 54592K, reserved 1097728K
  class space    used 5858K, committed 6144K, reserved 1048576K
}
Event: 41.174 GC heap after
{Heap after GC invocations=17 (full 2):
 PSYoungGen      total 26112K, used 576K [0x00000000eab00000, 0x00000000ec680000, 0x0000000100000000)
  eden space 22016K, 0% used [0x00000000eab00000,0x00000000eab00000,0x00000000ec080000)
  from space 4096K, 14% used [0x00000000ec080000,0x00000000ec110000,0x00000000ec480000)
  to   space 2048K, 0% used [0x00000000ec480000,0x00000000ec480000,0x00000000ec680000)
 ParOldGen       total 68608K, used 30921K [0x00000000c0000000, 0x00000000c4300000, 0x00000000eab00000)
  object space 68608K, 45% used [0x00000000c0000000,0x00000000c1e327c0,0x00000000c4300000)
 Metaspace       used 53911K, committed 54592K, reserved 1097728K
  class space    used 5858K, committed 6144K, reserved 1048576K
}
Event: 45.411 GC heap before
{Heap before GC invocations=18 (full 2):
 PSYoungGen      total 26112K, used 22592K [0x00000000eab00000, 0x00000000ec680000, 0x0000000100000000)
  eden space 22016K, 100% used [0x00000000eab00000,0x00000000ec080000,0x00000000ec080000)
  from space 4096K, 14% used [0x00000000ec080000,0x00000000ec110000,0x00000000ec480000)
  to   space 2048K, 0% used [0x00000000ec480000,0x00000000ec480000,0x00000000ec680000)
 ParOldGen       total 68608K, used 30921K [0x00000000c0000000, 0x00000000c4300000, 0x00000000eab00000)
  object space 68608K, 45% used [0x00000000c0000000,0x00000000c1e327c0,0x00000000c4300000)
 Metaspace       used 55105K, committed 55872K, reserved 1105920K
  class space    used 5955K, committed 6272K, reserved 1048576K
}
Event: 45.417 GC heap after
{Heap after GC invocations=18 (full 2):
 PSYoungGen      total 24064K, used 1738K [0x00000000eab00000, 0x00000000ec680000, 0x0000000100000000)
  eden space 22016K, 0% used [0x00000000eab00000,0x00000000eab00000,0x00000000ec080000)
  from space 2048K, 84% used [0x00000000ec480000,0x00000000ec632850,0x00000000ec680000)
  to   space 2048K, 0% used [0x00000000ec280000,0x00000000ec280000,0x00000000ec480000)
 ParOldGen       total 68608K, used 31357K [0x00000000c0000000, 0x00000000c4300000, 0x00000000eab00000)
  object space 68608K, 45% used [0x00000000c0000000,0x00000000c1e9f738,0x00000000c4300000)
 Metaspace       used 55105K, committed 55872K, reserved 1105920K
  class space    used 5955K, committed 6272K, reserved 1048576K
}

Deoptimization events (20 events):
Event: 45.457 Thread 0x000001d599629ad0 DEOPT PACKING pc=0x000001d583647851 sp=0x0000002b9b2fe8f0
Event: 45.457 Thread 0x000001d599629ad0 DEOPT UNPACKING pc=0x000001d582c02843 sp=0x0000002b9b2fdde8 mode 0
Event: 45.472 Thread 0x000001d59612d530 DEOPT PACKING pc=0x000001d5832eed7f sp=0x0000002b9a5fe240
Event: 45.472 Thread 0x000001d59612d530 DEOPT UNPACKING pc=0x000001d582c02843 sp=0x0000002b9a5fd678 mode 0
Event: 45.541 Thread 0x000001d59612d530 Uncommon trap: trap_request=0xffffff45 fr.pc=0x000001d58a745e7c relative=0x000000000000007c
Event: 45.541 Thread 0x000001d59612d530 Uncommon trap: reason=unstable_if action=reinterpret pc=0x000001d58a745e7c method=org.eclipse.jdt.internal.compiler.parser.ScannerHelper.isJavaIdentifierPart(JC)Z @ 4 c2
Event: 45.541 Thread 0x000001d59612d530 DEOPT PACKING pc=0x000001d58a745e7c sp=0x0000002b9a5fe1b0
Event: 45.541 Thread 0x000001d59612d530 DEOPT UNPACKING pc=0x000001d582c020a3 sp=0x0000002b9a5fe148 mode 2
Event: 45.705 Thread 0x000001d59612d530 Uncommon trap: trap_request=0xffffff45 fr.pc=0x000001d58a6ae628 relative=0x0000000000002068
Event: 45.705 Thread 0x000001d59612d530 Uncommon trap: reason=unstable_if action=reinterpret pc=0x000001d58a6ae628 method=org.eclipse.jdt.internal.compiler.parser.Scanner.getNextToken0()I @ 1179 c2
Event: 45.705 Thread 0x000001d59612d530 DEOPT PACKING pc=0x000001d58a6ae628 sp=0x0000002b9a5fe360
Event: 45.705 Thread 0x000001d59612d530 DEOPT UNPACKING pc=0x000001d582c020a3 sp=0x0000002b9a5fe2f8 mode 2
Event: 45.727 Thread 0x000001d59612d530 Uncommon trap: trap_request=0xffffff45 fr.pc=0x000001d58a8824c8 relative=0x00000000000049e8
Event: 45.727 Thread 0x000001d59612d530 Uncommon trap: reason=unstable_if action=reinterpret pc=0x000001d58a8824c8 method=java.lang.String.regionMatches(ILjava/lang/String;II)Z @ 115 c2
Event: 45.727 Thread 0x000001d59612d530 DEOPT PACKING pc=0x000001d58a8824c8 sp=0x0000002b9a5fd4d0
Event: 45.727 Thread 0x000001d59612d530 DEOPT UNPACKING pc=0x000001d582c020a3 sp=0x0000002b9a5fd2d8 mode 2
Event: 45.809 Thread 0x000001d59612d530 Uncommon trap: trap_request=0xffffff6e fr.pc=0x000001d58a8f5af0 relative=0x00000000000003d0
Event: 45.809 Thread 0x000001d59612d530 Uncommon trap: reason=loop_limit_check action=maybe_recompile pc=0x000001d58a8f5af0 method=org.eclipse.jdt.internal.compiler.classfmt.ClassFileStruct.utf8At(II)[C @ 143 c2
Event: 45.809 Thread 0x000001d59612d530 DEOPT PACKING pc=0x000001d58a8f5af0 sp=0x0000002b9a5fd940
Event: 45.809 Thread 0x000001d59612d530 DEOPT UNPACKING pc=0x000001d582c020a3 sp=0x0000002b9a5fd8d8 mode 2

Classes unloaded (0 events):
No events

Classes redefined (0 events):
No events

Internal exceptions (20 events):
Event: 43.067 Thread 0x000001d59612d530 Exception <a 'sun/nio/fs/WindowsException'{0x00000000eba424e8}> (0x00000000eba424e8) 
thrown [e:\jenkins\tmp\workspace\build\src\src\hotspot\share\prims\jni.cpp, line 516]
Event: 43.069 Thread 0x000001d59612d530 Exception <a 'sun/nio/fs/WindowsException'{0x00000000eba47310}> (0x00000000eba47310) 
thrown [e:\jenkins\tmp\workspace\build\src\src\hotspot\share\prims\jni.cpp, line 516]
Event: 43.080 Thread 0x000001d59612d530 Exception <a 'sun/nio/fs/WindowsException'{0x00000000eba5d190}> (0x00000000eba5d190) 
thrown [e:\jenkins\tmp\workspace\build\src\src\hotspot\share\prims\jni.cpp, line 516]
Event: 43.083 Thread 0x000001d59612d530 Exception <a 'sun/nio/fs/WindowsException'{0x00000000eba628e8}> (0x00000000eba628e8) 
thrown [e:\jenkins\tmp\workspace\build\src\src\hotspot\share\prims\jni.cpp, line 516]
Event: 43.085 Thread 0x000001d59612d530 Exception <a 'sun/nio/fs/WindowsException'{0x00000000eba67840}> (0x00000000eba67840) 
thrown [e:\jenkins\tmp\workspace\build\src\src\hotspot\share\prims\jni.cpp, line 516]
Event: 43.121 Thread 0x000001d59612d530 Exception <a 'sun/nio/fs/WindowsException'{0x00000000eba7d648}> (0x00000000eba7d648) 
thrown [e:\jenkins\tmp\workspace\build\src\src\hotspot\share\prims\jni.cpp, line 516]
Event: 43.124 Thread 0x000001d59612d530 Exception <a 'sun/nio/fs/WindowsException'{0x00000000eba82d08}> (0x00000000eba82d08) 
thrown [e:\jenkins\tmp\workspace\build\src\src\hotspot\share\prims\jni.cpp, line 516]
Event: 43.127 Thread 0x000001d59612d530 Exception <a 'sun/nio/fs/WindowsException'{0x00000000eba87e28}> (0x00000000eba87e28) 
thrown [e:\jenkins\tmp\workspace\build\src\src\hotspot\share\prims\jni.cpp, line 516]
Event: 43.189 Thread 0x000001d59612d530 Exception <a 'sun/nio/fs/WindowsException'{0x00000000eba9dbb8}> (0x00000000eba9dbb8) 
thrown [e:\jenkins\tmp\workspace\build\src\src\hotspot\share\prims\jni.cpp, line 516]
Event: 43.191 Thread 0x000001d59612d530 Exception <a 'sun/nio/fs/WindowsException'{0x00000000ebaa3278}> (0x00000000ebaa3278) 
thrown [e:\jenkins\tmp\workspace\build\src\src\hotspot\share\prims\jni.cpp, line 516]
Event: 43.193 Thread 0x000001d59612d530 Exception <a 'sun/nio/fs/WindowsException'{0x00000000ebaa8158}> (0x00000000ebaa8158) 
thrown [e:\jenkins\tmp\workspace\build\src\src\hotspot\share\prims\jni.cpp, line 516]
Event: 43.275 Thread 0x000001d59612d530 Exception <a 'sun/nio/fs/WindowsException'{0x00000000ebabd958}> (0x00000000ebabd958) 
thrown [e:\jenkins\tmp\workspace\build\src\src\hotspot\share\prims\jni.cpp, line 516]
Event: 43.281 Thread 0x000001d59612d530 Exception <a 'sun/nio/fs/WindowsException'{0x00000000ebac2f58}> (0x00000000ebac2f58) 
thrown [e:\jenkins\tmp\workspace\build\src\src\hotspot\share\prims\jni.cpp, line 516]
Event: 43.284 Thread 0x000001d59612d530 Exception <a 'sun/nio/fs/WindowsException'{0x00000000ebac7d70}> (0x00000000ebac7d70) 
thrown [e:\jenkins\tmp\workspace\build\src\src\hotspot\share\prims\jni.cpp, line 516]
Event: 43.295 Thread 0x000001d59612d530 Exception <a 'sun/nio/fs/WindowsException'{0x00000000ebadd1e0}> (0x00000000ebadd1e0) 
thrown [e:\jenkins\tmp\workspace\build\src\src\hotspot\share\prims\jni.cpp, line 516]
Event: 43.328 Thread 0x000001d59612d530 Exception <a 'sun/nio/fs/WindowsException'{0x00000000ebaedc90}> (0x00000000ebaedc90) 
thrown [e:\jenkins\tmp\workspace\build\src\src\hotspot\share\prims\jni.cpp, line 516]
Event: 43.333 Thread 0x000001d59612d530 Exception <a 'sun/nio/fs/WindowsException'{0x00000000ebafaea8}> (0x00000000ebafaea8) 
thrown [e:\jenkins\tmp\workspace\build\src\src\hotspot\share\prims\jni.cpp, line 516]
Event: 43.336 Thread 0x000001d59612d530 Exception <a 'sun/nio/fs/WindowsException'{0x00000000ebb33ae8}> (0x00000000ebb33ae8) 
thrown [e:\jenkins\tmp\workspace\build\src\src\hotspot\share\prims\jni.cpp, line 516]
Event: 43.340 Thread 0x000001d59612d530 Exception <a 'sun/nio/fs/WindowsException'{0x00000000ebb40800}> (0x00000000ebb40800) 
thrown [e:\jenkins\tmp\workspace\build\src\src\hotspot\share\prims\jni.cpp, line 516]
Event: 45.730 Thread 0x000001d59612d530 Exception <a 'java/lang/NoSuchMethodError'{0x00000000ead692a8}: 'int java.lang.invoke.DirectMethodHandle$Holder.invokeVirtual(java.lang.Object, java.lang.Object, java.lang.Object)'> (0x00000000ead692a8) 
thrown [e:\jenkins\tmp\workspace\build\src\src\hotspot\share\interpreter\linkResolver.cpp, line 766]

VM Operations (20 events):
Event: 41.169 Executing VM operation: ParallelGCFailedAllocation
Event: 41.174 Executing VM operation: ParallelGCFailedAllocation done
Event: 41.940 Executing VM operation: HandshakeAllThreads
Event: 41.940 Executing VM operation: HandshakeAllThreads done
Event: 41.970 Executing VM operation: HandshakeAllThreads
Event: 41.970 Executing VM operation: HandshakeAllThreads done
Event: 41.992 Executing VM operation: HandshakeAllThreads
Event: 41.992 Executing VM operation: HandshakeAllThreads done
Event: 41.992 Executing VM operation: HandshakeAllThreads
Event: 41.992 Executing VM operation: HandshakeAllThreads done
Event: 43.000 Executing VM operation: Cleanup
Event: 43.001 Executing VM operation: Cleanup done
Event: 44.009 Executing VM operation: Cleanup
Event: 44.010 Executing VM operation: Cleanup done
Event: 45.020 Executing VM operation: Cleanup
Event: 45.020 Executing VM operation: Cleanup done
Event: 45.411 Executing VM operation: ParallelGCFailedAllocation
Event: 45.417 Executing VM operation: ParallelGCFailedAllocation done
Event: 45.777 Executing VM operation: HandshakeAllThreads
Event: 45.777 Executing VM operation: HandshakeAllThreads done

Events (20 events):
Event: 45.541 loading class java/util/IdentityHashMap$IdentityHashMapIterator done
Event: 45.541 loading class java/util/IdentityHashMap$KeyIterator done
Event: 45.541 Thread 0x000001d5996265e0 Thread exited: 0x000001d5996265e0
Event: 45.541 Thread 0x000001d5996282c0 Thread exited: 0x000001d5996282c0
Event: 45.542 Thread 0x000001d599626110 Thread exited: 0x000001d599626110
Event: 45.542 Thread 0x000001d599629ad0 Thread exited: 0x000001d599629ad0
Event: 45.575 loading class sun/security/ssl/Alert
Event: 45.575 loading class sun/security/ssl/Alert done
Event: 45.576 loading class sun/security/ssl/Alert$AlertConsumer
Event: 45.576 loading class sun/security/ssl/Alert$AlertConsumer done
Event: 45.576 loading class sun/security/ssl/Alert$Level
Event: 45.576 loading class sun/security/ssl/Alert$Level done
Event: 45.581 Thread 0x000001d5960e8a30 Thread exited: 0x000001d5960e8a30
Event: 45.696 Thread 0x000001d599627df0 Thread exited: 0x000001d599627df0
Event: 45.731 loading class java/util/stream/ReduceOps$4
Event: 45.732 loading class java/util/stream/ReduceOps$4 done
Event: 45.732 loading class java/util/stream/ReduceOps$4ReducingSink
Event: 45.734 loading class java/util/stream/ReduceOps$4ReducingSink done
Event: 45.738 loading class java/nio/file/Files$2
Event: 45.738 loading class java/nio/file/Files$2 done


Dynamic libraries:
0x00007ff7b52f0000 - 0x00007ff7b52fe000 	c:\Users\timot\.vscode\extensions\redhat.java-1.7.0-win32-x64\jre\17.0.3-win32-x86_64\bin\java.exe
0x00007ff958950000 - 0x00007ff958b45000 	C:\WINDOWS\SYSTEM32\ntdll.dll
0x00007ff958850000 - 0x00007ff95890d000 	C:\WINDOWS\System32\KERNEL32.DLL
0x00007ff956060000 - 0x00007ff95632d000 	C:\WINDOWS\System32\KERNELBASE.dll
0x00007ff9568a0000 - 0x00007ff9569a0000 	C:\WINDOWS\System32\ucrtbase.dll
0x00007ff926b80000 - 0x00007ff926b99000 	c:\Users\timot\.vscode\extensions\redhat.java-1.7.0-win32-x64\jre\17.0.3-win32-x86_64\bin\VCRUNTIME140.dll
0x00007ff9507b0000 - 0x00007ff9507c8000 	c:\Users\timot\.vscode\extensions\redhat.java-1.7.0-win32-x64\jre\17.0.3-win32-x86_64\bin\jli.dll
0x00007ff957e90000 - 0x00007ff958030000 	C:\WINDOWS\System32\USER32.dll
0x00007ff9564e0000 - 0x00007ff956502000 	C:\WINDOWS\System32\win32u.dll
0x00007ff956a50000 - 0x00007ff956a7a000 	C:\WINDOWS\System32\GDI32.dll
0x00007ff956590000 - 0x00007ff95669b000 	C:\WINDOWS\System32\gdi32full.dll
0x00007ff956800000 - 0x00007ff95689d000 	C:\WINDOWS\System32\msvcp_win.dll
0x00007ff930e60000 - 0x00007ff9310fa000 	C:\WINDOWS\WinSxS\amd64_microsoft.windows.common-controls_6595b64144ccf1df_6.0.19041.1110_none_60b5254171f9507e\COMCTL32.dll
0x00007ff958030000 - 0x00007ff9580ce000 	C:\WINDOWS\System32\msvcrt.dll
0x00007ff958340000 - 0x00007ff958370000 	C:\WINDOWS\System32\IMM32.DLL
0x00007ff9501d0000 - 0x00007ff9501dc000 	c:\Users\timot\.vscode\extensions\redhat.java-1.7.0-win32-x64\jre\17.0.3-win32-x86_64\bin\vcruntime140_1.dll
0x00007ff91dfc0000 - 0x00007ff91e051000 	c:\Users\timot\.vscode\extensions\redhat.java-1.7.0-win32-x64\jre\17.0.3-win32-x86_64\bin\msvcp140.dll
0x00007ff8f1ff0000 - 0x00007ff8f2c38000 	c:\Users\timot\.vscode\extensions\redhat.java-1.7.0-win32-x64\jre\17.0.3-win32-x86_64\bin\server\jvm.dll
0x00007ff956a80000 - 0x00007ff956b2e000 	C:\WINDOWS\System32\ADVAPI32.dll
0x00007ff957740000 - 0x00007ff9577dc000 	C:\WINDOWS\System32\sechost.dll
0x00007ff957b40000 - 0x00007ff957c65000 	C:\WINDOWS\System32\RPCRT4.dll
0x00007ff956b30000 - 0x00007ff956b38000 	C:\WINDOWS\System32\PSAPI.DLL
0x00007ff942960000 - 0x00007ff942969000 	C:\WINDOWS\SYSTEM32\WSOCK32.dll
0x00007ff9581c0000 - 0x00007ff95822b000 	C:\WINDOWS\System32\WS2_32.dll
0x00007ff949720000 - 0x00007ff949747000 	C:\WINDOWS\SYSTEM32\WINMM.dll
0x00007ff950d50000 - 0x00007ff950d5a000 	C:\WINDOWS\SYSTEM32\VERSION.dll
0x00007ff9548b0000 - 0x00007ff9548c2000 	C:\WINDOWS\SYSTEM32\kernel.appcore.dll
0x00007ff934dd0000 - 0x00007ff934dda000 	c:\Users\timot\.vscode\extensions\redhat.java-1.7.0-win32-x64\jre\17.0.3-win32-x86_64\bin\jimage.dll
0x00007ff953cd0000 - 0x00007ff953eb4000 	C:\WINDOWS\SYSTEM32\DBGHELP.DLL
0x00007ff948a30000 - 0x00007ff948a5c000 	C:\WINDOWS\SYSTEM32\dbgcore.DLL
0x00007ff9563e0000 - 0x00007ff956462000 	C:\WINDOWS\System32\bcryptPrimitives.dll
0x00007ff9258c0000 - 0x00007ff9258e5000 	c:\Users\timot\.vscode\extensions\redhat.java-1.7.0-win32-x64\jre\17.0.3-win32-x86_64\bin\java.dll
0x00007ff9269f0000 - 0x00007ff926a08000 	c:\Users\timot\.vscode\extensions\redhat.java-1.7.0-win32-x64\jre\17.0.3-win32-x86_64\bin\zip.dll
0x00007ff956ea0000 - 0x00007ff9575e4000 	C:\WINDOWS\System32\SHELL32.dll
0x00007ff954100000 - 0x00007ff954894000 	C:\WINDOWS\SYSTEM32\windows.storage.dll
0x00007ff956b40000 - 0x00007ff956e94000 	C:\WINDOWS\System32\combase.dll
0x00007ff955910000 - 0x00007ff95593c000 	C:\WINDOWS\SYSTEM32\Wldp.dll
0x00007ff9569a0000 - 0x00007ff956a4d000 	C:\WINDOWS\System32\SHCORE.dll
0x00007ff9582e0000 - 0x00007ff958335000 	C:\WINDOWS\System32\shlwapi.dll
0x00007ff955fa0000 - 0x00007ff955fbf000 	C:\WINDOWS\SYSTEM32\profapi.dll
0x00007ff925c40000 - 0x00007ff925c59000 	C:\Users\timot\.vscode\extensions\redhat.java-1.7.0-win32-x64\jre\17.0.3-win32-x86_64\bin\net.dll
0x00007ff94e9b0000 - 0x00007ff94eaba000 	C:\WINDOWS\SYSTEM32\WINHTTP.dll
0x00007ff9556f0000 - 0x00007ff95575a000 	C:\WINDOWS\system32\mswsock.dll
0x00007ff924f50000 - 0x00007ff924f65000 	C:\Users\timot\.vscode\extensions\redhat.java-1.7.0-win32-x64\jre\17.0.3-win32-x86_64\bin\nio.dll
0x00007ff9559c0000 - 0x00007ff9559d8000 	C:\WINDOWS\SYSTEM32\CRYPTSP.dll
0x00007ff955090000 - 0x00007ff9550c4000 	C:\WINDOWS\system32\rsaenh.dll
0x00007ff956560000 - 0x00007ff956587000 	C:\WINDOWS\System32\bcrypt.dll
0x00007ff955f60000 - 0x00007ff955f8e000 	C:\WINDOWS\SYSTEM32\USERENV.dll
0x00007ff955880000 - 0x00007ff95588c000 	C:\WINDOWS\SYSTEM32\CRYPTBASE.dll
0x00007ff955400000 - 0x00007ff95543b000 	C:\WINDOWS\SYSTEM32\IPHLPAPI.DLL
0x00007ff9577e0000 - 0x00007ff9577e8000 	C:\WINDOWS\System32\NSI.dll
0x00007ff94f740000 - 0x00007ff94f757000 	C:\WINDOWS\SYSTEM32\dhcpcsvc6.DLL
0x00007ff94f6a0000 - 0x00007ff94f6bd000 	C:\WINDOWS\SYSTEM32\dhcpcsvc.DLL
0x00007ff955440000 - 0x00007ff95550b000 	C:\WINDOWS\SYSTEM32\DNSAPI.dll
0x00007ff91ec20000 - 0x00007ff91ec5e000 	C:\Users\timot\AppData\Roaming\Code\User\globalStorage\redhat.java\1.7.0\config_win\org.eclipse.equinox.launcher\org.eclipse.equinox.launcher.win32.win32.x86_64_1.2.400.v20211117-0650\eclipse_11602.dll
0x00007ff957c70000 - 0x00007ff957d9a000 	C:\WINDOWS\System32\ole32.dll
0x00007ff947b30000 - 0x00007ff947b40000 	c:\Users\timot\.vscode\extensions\redhat.java-1.7.0-win32-x64\jre\17.0.3-win32-x86_64\bin\verify.dll
0x00007ff927a00000 - 0x00007ff927a44000 	C:\Users\timot\AppData\Local\Temp\jna-110364797\jna6738414232960846811.dll
0x00007ff947b20000 - 0x00007ff947b2e000 	C:\Users\timot\.vscode\extensions\redhat.java-1.7.0-win32-x64\jre\17.0.3-win32-x86_64\bin\sunmscapi.dll
0x00007ff9566a0000 - 0x00007ff9567f6000 	C:\WINDOWS\System32\CRYPT32.dll
0x00007ff955990000 - 0x00007ff9559b7000 	C:\WINDOWS\SYSTEM32\ncrypt.dll
0x00007ff955940000 - 0x00007ff95597b000 	C:\WINDOWS\SYSTEM32\NTASN1.dll
0x00007ff94e7e0000 - 0x00007ff94e7ea000 	C:\Windows\System32\rasadhlp.dll
0x00007ff94e840000 - 0x00007ff94e8c0000 	C:\WINDOWS\System32\fwpuclnt.dll

dbghelp: loaded successfully - version: 4.0.5 - missing functions: none
symbol engine: initialized successfully - sym options: 0x614 - pdb path: .;c:\Users\timot\.vscode\extensions\redhat.java-1.7.0-win32-x64\jre\17.0.3-win32-x86_64\bin;C:\WINDOWS\SYSTEM32;C:\WINDOWS\WinSxS\amd64_microsoft.windows.common-controls_6595b64144ccf1df_6.0.19041.1110_none_60b5254171f9507e;c:\Users\timot\.vscode\extensions\redhat.java-1.7.0-win32-x64\jre\17.0.3-win32-x86_64\bin\server;C:\Users\timot\AppData\Roaming\Code\User\globalStorage\redhat.java\1.7.0\config_win\org.eclipse.equinox.launcher\org.eclipse.equinox.launcher.win32.win32.x86_64_1.2.400.v20211117-0650;C:\Users\timot\AppData\Local\Temp\jna-110364797

VM Arguments:
jvm_args: --add-modules=ALL-SYSTEM --add-opens=java.base/java.util=ALL-UNNAMED --add-opens=java.base/java.lang=ALL-UNNAMED --add-opens=java.base/sun.nio.fs=ALL-UNNAMED -Declipse.application=org.eclipse.jdt.ls.core.id1 -Dosgi.bundles.defaultStartLevel=4 -Declipse.product=org.eclipse.jdt.ls.core.product -Djava.import.generatesMetadataFilesAtProjectRoot=false -Dfile.encoding=utf8 -DwatchParentProcess=false -XX:+UseParallelGC -XX:GCTimeRatio=4 -XX:AdaptiveSizePolicyWeight=90 -Dsun.zip.disableMemoryMapping=true -Xmx1G -Xms100m -XX:+HeapDumpOnOutOfMemoryError -XX:HeapDumpPath=c:\Users\timot\AppData\Roaming\Code\User\workspaceStorage\61590eb05be9bdaa79b5291ad44b48cc\redhat.java 
java_command: c:\Users\timot\.vscode\extensions\redhat.java-1.7.0-win32-x64\server\plugins\org.eclipse.equinox.launcher_1.6.400.v20210924-0641.jar -configuration c:\Users\timot\AppData\Roaming\Code\User\globalStorage\redhat.java\1.7.0\config_win -data c:\Users\timot\AppData\Roaming\Code\User\workspaceStorage\61590eb05be9bdaa79b5291ad44b48cc\redhat.java\jdt_ws
java_class_path (initial): c:\Users\timot\.vscode\extensions\redhat.java-1.7.0-win32-x64\server\plugins\org.eclipse.equinox.launcher_1.6.400.v20210924-0641.jar
Launcher Type: SUN_STANDARD

[Global flags]
    uintx AdaptiveSizePolicyWeight                 = 90                                        {product} {command line}
     intx CICompilerCount                          = 3                                         {product} {ergonomic}
    uintx GCTimeRatio                              = 4                                         {product} {command line}
     bool HeapDumpOnOutOfMemoryError               = true                                   {manageable} {command line}
    ccstr HeapDumpPath                             = c:\Users\timot\AppData\Roaming\Code\User\workspaceStorage\61590eb05be9bdaa79b5291ad44b48cc\redhat.java         {manageable} {command line}
   size_t InitialHeapSize                          = 104857600                                 {product} {command line}
   size_t MaxHeapSize                              = 1073741824                                {product} {command line}
   size_t MaxNewSize                               = 357564416                                 {product} {ergonomic}
   size_t MinHeapDeltaBytes                        = 524288                                    {product} {ergonomic}
   size_t MinHeapSize                              = 104857600                                 {product} {command line}
   size_t NewSize                                  = 34603008                                  {product} {ergonomic}
    uintx NonNMethodCodeHeapSize                   = 5832780                                {pd product} {ergonomic}
    uintx NonProfiledCodeHeapSize                  = 122912730                              {pd product} {ergonomic}
   size_t OldSize                                  = 70254592                                  {product} {ergonomic}
    uintx ProfiledCodeHeapSize                     = 122912730                              {pd product} {ergonomic}
    uintx ReservedCodeCacheSize                    = 251658240                              {pd product} {ergonomic}
     bool SegmentedCodeCache                       = true                                      {product} {ergonomic}
   size_t SoftMaxHeapSize                          = 1073741824                             {manageable} {ergonomic}
     bool UseCompressedClassPointers               = true                           {product lp64_product} {ergonomic}
     bool UseCompressedOops                        = true                           {product lp64_product} {ergonomic}
     bool UseLargePagesIndividualAllocation        = false                                  {pd product} {ergonomic}
     bool UseParallelGC                            = true                                      {product} {command line}

Logging:
Log output configuration:
 #0: stdout all=warning uptime,level,tags
 #1: stderr all=off uptime,level,tags

Environment Variables:
CLASSPATH=..\class
PATH=C:\Program Files\Java\jdk-16.0.2\bin;C:\Program Files\Common Files\Oracle\Java\javapath;C:\Program Files (x86)\Common Files\Oracle\Java\javapath;C:\oracle\app\oracle\product\11.2.0\server\bin;C:\WINDOWS\system32;C:\WINDOWS;C:\WINDOWS\System32\Wbem;C:\WINDOWS\System32\WindowsPowerShell\v1.0\;C:\WINDOWS\System32\OpenSSH\;C:\Program Files\Git\cmd;C:\Program Files\MySQL\MySQL Shell 8.0\bin\;C:\Users\timot\AppData\Local\Microsoft\WindowsApps;C:\Users\timot\AppData\Local\Programs\Microsoft VS Code\bin;
USERNAME=timot
OS=Windows_NT
PROCESSOR_IDENTIFIER=Intel64 Family 6 Model 142 Stepping 9, GenuineIntel



---------------  S Y S T E M  ---------------

OS:
 Windows 10 , 64 bit Build 19041 (10.0.19041.1706)
OS uptime: 25 days 7:44 hours
Hyper-V role detected

CPU: total 4 (initial active 4) (2 cores per cpu, 2 threads per core) family 6 model 142 stepping 9 microcode 0xde, cx8, cmov, fxsr, ht, mmx, 3dnowpref, sse, sse2, sse3, ssse3, sse4.1, sse4.2, popcnt, lzcnt, tsc, tscinvbit, avx, avx2, aes, erms, clmul, bmi1, bmi2, adx, fma, vzeroupper, clflush, clflushopt, hv

Memory: 4k page, system-wide physical 4007M (88M free)
TotalPageFile size 16295M (AvailPageFile size 2M)
current process WorkingSet (physical memory assigned to process): 184M, peak: 199M
current process commit charge ("private bytes"): 268M, peak: 286M

vm_info: OpenJDK 64-Bit Server VM (17.0.3+7) for windows-amd64 JRE (17.0.3+7), built on Apr 19 2022 16:55:35 by "" with MS VC++ 16.7 (VS2019)

END.
