#
# There is insufficient memory for the Java Runtime Environment to continue.
# Native memory allocation (mmap) failed to map 65536 bytes for Failed to commit metaspace.
# Possible reasons:
#   The system is out of physical RAM or swap space
#   The process is running with CompressedOops enabled, and the Java Heap may be blocking the growth of the native heap
# Possible solutions:
#   Reduce memory load on the system
#   Increase physical memory or swap space
#   Check if swap backing store is full
#   Decrease Java heap size (-Xmx/-Xms)
#   Decrease number of Java threads
#   Decrease Java thread stack sizes (-Xss)
#   Set larger code cache with -XX:ReservedCodeCacheSize=
#   JVM is running with Unscaled Compressed Oops mode in which the Java heap is
#     placed in the first 4GB address space. The Java Heap base address is the
#     maximum limit for the native heap growth. Please use -XX:HeapBaseMinAddress
#     to set the Java Heap base and to place the Java Heap above 4GB virtual address.
# This output file may be truncated or incomplete.
#
#  Out of Memory Error (virtualSpaceNode.cpp:110), pid=12884, tid=30636
#
# JRE version: OpenJDK Runtime Environment Temurin-17.0.3+7 (17.0.3+7) (build 17.0.3+7)
# Java VM: OpenJDK 64-Bit Server VM Temurin-17.0.3+7 (17.0.3+7, mixed mode, tiered, compressed oops, compressed class ptrs, parallel gc, windows-amd64)
# No core dump will be written. Minidumps are not enabled by default on client versions of Windows
#

---------------  S U M M A R Y ------------

Command Line: --add-modules=ALL-SYSTEM --add-opens=java.base/java.util=ALL-UNNAMED --add-opens=java.base/java.lang=ALL-UNNAMED --add-opens=java.base/sun.nio.fs=ALL-UNNAMED -Declipse.application=org.eclipse.jdt.ls.core.id1 -Dosgi.bundles.defaultStartLevel=4 -Declipse.product=org.eclipse.jdt.ls.core.product -Djava.import.generatesMetadataFilesAtProjectRoot=false -Dfile.encoding=utf8 -DwatchParentProcess=false -XX:+UseParallelGC -XX:GCTimeRatio=4 -XX:AdaptiveSizePolicyWeight=90 -Dsun.zip.disableMemoryMapping=true -Xmx1G -Xms100m c:\Users\timot\.vscode\extensions\redhat.java-1.7.0-win32-x64\server\plugins\org.eclipse.equinox.launcher_1.6.400.v20210924-0641.jar -configuration c:\Users\timot\AppData\Roaming\Code\User\globalStorage\redhat.java\1.7.0\config_ss_win -data c:\Users\timot\AppData\Roaming\Code\User\workspaceStorage\61590eb05be9bdaa79b5291ad44b48cc\redhat.java\ss_ws

Host: Intel(R) Core(TM) i3-7020U CPU @ 2.30GHz, 4 cores, 3G,  Windows 10 , 64 bit Build 19041 (10.0.19041.1706)
Time: Sat Jun 18 11:18:33 2022 Paris, Madrid (heure duild 19041 (10.0.19041.1706) elapsed time: 4.389607 seconds (0d 0h 0m 4s)

---------------  T H R E A D  ---------------

Current thread (0x000001c751ae9ac0):  JavaThread "Start Level: Equinox Container: 7bd8a0c9-2b0b-4516-a01e-bb86fd64f80d" daemon [_thread_in_vm, id=30636, stack(0x000000a4e1400000,0x000000a4e1500000)]

Stack: [0x000000a4e1400000,0x000000a4e1500000]
Native frames: (J=compiled Java code, j=interpreted, Vv=VM code, C=native code)
V  [jvm.dll+0x675efa]
V  [jvm.dll+0x830a24]
V  [jvm.dll+0x8321ce]
V  [jvm.dll+0x832833]
V  [jvm.dll+0x2454b5]
V  [jvm.dll+0x82c9cb]
V  [jvm.dll+0x61ab26]
V  [jvm.dll+0x1c046e]
V  [jvm.dll+0x61d471]
V  [jvm.dll+0x61b4c6]
V  [jvm.dll+0x36b4e2]
V  [jvm.dll+0x1e1e3b]
V  [jvm.dll+0x53bba9]
V  [jvm.dll+0x7aba28]
V  [jvm.dll+0x7abb14]
V  [jvm.dll+0x40c7c5]
V  [jvm.dll+0x4129b8]
C  [java.dll+0x17ec]

Java frames: (J=compiled Java code, j=interpreted, Vv=VM code)
J 1054  java.lang.ClassLoader.defineClass1(Ljava/lang/ClassLoader;Ljava/lang/String;[BIILjava/security/ProtectionDomain;Ljava/lang/String;)Ljava/lang/Class; java.base@17.0.3 (0 bytes) @ 0x000001c74625625b [0x000001c7462561a0+0x00000000000000bb]
J 1415 c1 java.lang.ClassLoader.defineClass(Ljava/lang/String;[BIILjava/security/ProtectionDomain;)Ljava/lang/Class; java.base@17.0.3 (43 bytes) @ 0x000001c73ef564d4 [0x000001c73ef56180+0x0000000000000354]
j  org.eclipse.osgi.internal.loader.ModuleClassLoader.defineClass(Ljava/lang/String;[BLorg/eclipse/osgi/internal/loader/classpath/ClasspathEntry;)Lorg/eclipse/osgi/internal/loader/ModuleClassLoader$DefineClassResult;+42
j  org.eclipse.osgi.internal.loader.classpath.ClasspathManager.defineClass(Ljava/lang/String;[BLorg/eclipse/osgi/internal/loader/classpath/ClasspathEntry;Lorg/eclipse/osgi/storage/bundlefile/BundleEntry;Ljava/util/List;)Ljava/lang/Class;+424
j  org.eclipse.osgi.internal.loader.classpath.ClasspathManager.findClassImpl(Ljava/lang/String;Lorg/eclipse/osgi/internal/loader/classpath/ClasspathEntry;Ljava/util/List;)Ljava/lang/Class;+269
j  org.eclipse.osgi.internal.loader.classpath.ClasspathManager.findLocalClassImpl(Ljava/lang/String;[Lorg/eclipse/osgi/internal/loader/classpath/ClasspathEntry;Ljava/util/List;)Ljava/lang/Class;+30
j  org.eclipse.osgi.internal.loader.classpath.ClasspathManager.findLocalClassImpl(Ljava/lang/String;Ljava/util/List;)Ljava/lang/Class;+69
j  org.eclipse.osgi.internal.loader.classpath.ClasspathManager.findLocalClass(Ljava/lang/String;)Ljava/lang/Class;+113
j  org.eclipse.osgi.internal.loader.ModuleClassLoader.findLocalClass(Ljava/lang/String;)Ljava/lang/Class;+5
j  org.eclipse.osgi.internal.loader.BundleLoader.findLocalClass(Ljava/lang/String;)Ljava/lang/Class;+57
J 1411 c1 org.eclipse.osgi.internal.loader.BundleLoader.findClass0(Ljava/lang/String;Z)Ljava/lang/Class; (461 bytes) @ 0x000001c73ef52f04 [0x000001c73ef50820+0x00000000000026e4]
J 1410 c1 org.eclipse.osgi.internal.loader.BundleLoader.findClass(Ljava/lang/String;)Ljava/lang/Class; (7 bytes) @ 0x000001c73ef4ff1c [0x000001c73ef4fea0+0x000000000000007c]
j  org.eclipse.osgi.internal.loader.ModuleClassLoader.loadClass(Ljava/lang/String;Z)Ljava/lang/Class;+5
J 656 c1 java.lang.ClassLoader.loadClass(Ljava/lang/String;)Ljava/lang/Class; java.base@17.0.3 (7 bytes) @ 0x000001c73edda7bc [0x000001c73edda6c0+0x00000000000000fc]
v  ~StubRoutines::call_stub
j  org.eclipse.core.internal.preferences.PreferencesOSGiUtils.openServices()V+26
j  org.eclipse.core.internal.preferences.Activator.start(Lorg/osgi/framework/BundleContext;)V+7
j  org.eclipse.osgi.internal.framework.BundleContextImpl$2.run()Ljava/lang/Void;+23
j  org.eclipse.osgi.internal.framework.BundleContextImpl$2.run()Ljava/lang/Object;+1
J 1021 c1 java.security.AccessController.executePrivileged(Ljava/security/PrivilegedExceptionAction;Ljava/security/AccessControlContext;Ljava/lang/Class;)Ljava/lang/Object; java.base@17.0.3 (65 bytes) @ 0x000001c73ee893b4 [0x000001c73ee89260+0x0000000000000154]
j  java.security.AccessController.doPrivileged(Ljava/security/PrivilegedExceptionAction;)Ljava/lang/Object;+9 java.base@17.0.3
j  org.eclipse.osgi.internal.framework.BundleContextImpl.startActivator(Lorg/osgi/framework/BundleActivator;)V+9
j  org.eclipse.osgi.internal.framework.BundleContextImpl.start()V+134
j  org.eclipse.osgi.internal.framework.EquinoxBundle.startWorker0()V+35
j  org.eclipse.osgi.internal.framework.EquinoxBundle$EquinoxModule.startWorker()V+4
j  org.eclipse.osgi.container.Module.doStart([Lorg/eclipse/osgi/container/Module$StartOptions;)Lorg/eclipse/osgi/container/ModuleContainerAdaptor$ModuleEvent;+190
j  org.eclipse.osgi.container.Module.start([Lorg/eclipse/osgi/container/Module$StartOptions;)V+460
j  org.eclipse.osgi.framework.util.SecureAction.start(Lorg/eclipse/osgi/container/Module;[Lorg/eclipse/osgi/container/Module$StartOptions;)V+8
j  org.eclipse.osgi.internal.hooks.EclipseLazyStarter.postFindLocalClass(Ljava/lang/String;Ljava/lang/Class;Lorg/eclipse/osgi/internal/loader/classpath/ClasspathManager;)V+173
j  org.eclipse.osgi.internal.loader.classpath.ClasspathManager.findLocalClass(Ljava/lang/String;)Ljava/lang/Class;+148
j  org.eclipse.osgi.internal.loader.ModuleClassLoader.findLocalClass(Ljava/lang/String;)Ljava/lang/Class;+5
j  org.eclipse.osgi.internal.loader.BundleLoader.findLocalClass(Ljava/lang/String;)Ljava/lang/Class;+57
j  org.eclipse.osgi.internal.loader.sources.SingleSourcePackage.loadClass(Ljava/lang/String;)Ljava/lang/Class;+5
J 1411 c1 org.eclipse.osgi.internal.loader.BundleLoader.findClass0(Ljava/lang/String;Z)Ljava/lang/Class; (461 bytes) @ 0x000001c73ef52e0c [0x000001c73ef50820+0x00000000000025ec]
J 1410 c1 org.eclipse.osgi.internal.loader.BundleLoader.findClass(Ljava/lang/String;)Ljava/lang/Class; (7 bytes) @ 0x000001c73ef4ff1c [0x000001c73ef4fea0+0x000000000000007c]
j  org.eclipse.osgi.internal.loader.ModuleClassLoader.loadClass(Ljava/lang/String;Z)Ljava/lang/Class;+5
J 656 c1 java.lang.ClassLoader.loadClass(Ljava/lang/String;)Ljava/lang/Class; java.base@17.0.3 (7 bytes) @ 0x000001c73edda7bc [0x000001c73edda6c0+0x00000000000000fc]
v  ~StubRoutines::call_stub
j  java.lang.Class.getDeclaredConstructors0(Z)[Ljava/lang/reflect/Constructor;+0 java.base@17.0.3
j  java.lang.Class.privateGetDeclaredConstructors(Z)[Ljava/lang/reflect/Constructor;+52 java.base@17.0.3
j  java.lang.Class.getConstructors()[Ljava/lang/reflect/Constructor;+20 java.base@17.0.3
j  org.apache.felix.scr.impl.inject.internal.ComponentConstructorImpl.<init>(Lorg/apache/felix/scr/impl/metadata/ComponentMetadata;Ljava/lang/Class;Lorg/apache/felix/scr/impl/logger/ComponentLogger;)V+212
j  org.apache.felix.scr.impl.inject.internal.ComponentMethodsImpl.initComponentMethods(Lorg/apache/felix/scr/impl/metadata/ComponentMetadata;Ljava/lang/Class;Lorg/apache/felix/scr/impl/logger/ComponentLogger;)V+303
j  org.apache.felix.scr.impl.manager.AbstractComponentManager.initDependencyManagers(Lorg/apache/felix/scr/impl/manager/ComponentContextImpl;)V+147
j  org.apache.felix.scr.impl.manager.AbstractComponentManager.collectDependencies(Lorg/apache/felix/scr/impl/manager/ComponentContextImpl;)Z+2
j  org.apache.felix.scr.impl.manager.SingleComponentManager.getServiceInternal(Lorg/osgi/framework/ServiceRegistration;)Z+25
j  org.apache.felix.scr.impl.manager.AbstractComponentManager.activateInternal()V+427
j  org.apache.felix.scr.impl.manager.AbstractComponentManager.enableInternal()V+174
j  org.apache.felix.scr.impl.manager.AbstractComponentManager.enable(Z)Lorg/osgi/util/promise/Promise;+12
j  org.apache.felix.scr.impl.manager.ConfigurableComponentHolder.enableComponents(Z)Lorg/osgi/util/promise/Promise;+275
j  org.apache.felix.scr.impl.BundleComponentActivator.initialEnable()V+105
j  org.apache.felix.scr.impl.Activator.loadComponents(Lorg/osgi/framework/Bundle;)V+376
j  org.apache.felix.scr.impl.Activator.access$200(Lorg/apache/felix/scr/impl/Activator;Lorg/osgi/framework/Bundle;)V+2
j  org.apache.felix.scr.impl.Activator$ScrExtension.start()V+72
j  org.apache.felix.scr.impl.AbstractExtender.createExtension(Lorg/osgi/framework/Bundle;)V+71
j  org.apache.felix.scr.impl.AbstractExtender.modifiedBundle(Lorg/osgi/framework/Bundle;Lorg/osgi/framework/BundleEvent;Lorg/osgi/framework/Bundle;)V+115
j  org.apache.felix.scr.impl.AbstractExtender.addingBundle(Lorg/osgi/framework/Bundle;Lorg/osgi/framework/BundleEvent;)Lorg/osgi/framework/Bundle;+4
j  org.apache.felix.scr.impl.AbstractExtender.addingBundle(Lorg/osgi/framework/Bundle;Lorg/osgi/framework/BundleEvent;)Ljava/lang/Object;+3
j  org.osgi.util.tracker.BundleTracker$Tracked.customizerAdding(Lorg/osgi/framework/Bundle;Lorg/osgi/framework/BundleEvent;)Ljava/lang/Object;+9
j  org.osgi.util.tracker.BundleTracker$Tracked.customizerAdding(Ljava/lang/Object;Ljava/lang/Object;)Ljava/lang/Object;+9
j  org.osgi.util.tracker.AbstractTracked.trackAdding(Ljava/lang/Object;Ljava/lang/Object;)V+8
j  org.osgi.util.tracker.AbstractTracked.track(Ljava/lang/Object;Ljava/lang/Object;)V+83
j  org.osgi.util.tracker.BundleTracker$Tracked.bundleChanged(Lorg/osgi/framework/BundleEvent;)V+35
J 1275 c1 org.eclipse.osgi.internal.framework.BundleContextImpl.dispatchEvent(Ljava/lang/Object;Ljava/lang/Object;ILjava/lang/Object;)V (558 bytes) @ 0x000001c73ef17744 [0x000001c73ef16520+0x0000000000001224]
j  org.eclipse.osgi.framework.eventmgr.EventManager.dispatchEvent(Ljava/util/Set;Lorg/eclipse/osgi/framework/eventmgr/EventDispatcher;ILjava/lang/Object;)V+48
j  org.eclipse.osgi.framework.eventmgr.ListenerQueue.dispatchEventSynchronous(ILjava/lang/Object;)V+67
j  org.eclipse.osgi.internal.framework.EquinoxEventPublisher.publishBundleEventPrivileged(Lorg/osgi/framework/BundleEvent;)V+547
j  org.eclipse.osgi.internal.framework.EquinoxEventPublisher.publishBundleEvent(Lorg/osgi/framework/BundleEvent;)V+8
j  org.eclipse.osgi.internal.framework.EquinoxEventPublisher.publishBundleEvent(ILorg/osgi/framework/Bundle;Lorg/osgi/framework/Bundle;)V+15
j  org.eclipse.osgi.internal.framework.EquinoxContainerAdaptor.publishModuleEvent(Lorg/eclipse/osgi/container/ModuleContainerAdaptor$ModuleEvent;Lorg/eclipse/osgi/container/Module;Lorg/eclipse/osgi/container/Module;)V+29
j  org.eclipse.osgi.container.Module.publishEvent(Lorg/eclipse/osgi/container/ModuleContainerAdaptor$ModuleEvent;)V+13
j  org.eclipse.osgi.container.Module.start([Lorg/eclipse/osgi/container/Module$StartOptions;)V+588
j  org.eclipse.osgi.container.ModuleContainer$ContainerStartLevel$2.run()V+71
j  org.eclipse.osgi.internal.framework.EquinoxContainerAdaptor$1$1.execute(Ljava/lang/Runnable;)V+1
j  org.eclipse.osgi.container.ModuleContainer$ContainerStartLevel.incStartLevel(ILjava/util/List;Z)V+192
j  org.eclipse.osgi.container.ModuleContainer$ContainerStartLevel.incStartLevel(ILjava/util/List;Ljava/util/List;Ljava/util/List;Ljava/util/List;)V+4
j  org.eclipse.osgi.container.ModuleContainer$ContainerStartLevel.doContainerStartLevel(Lorg/eclipse/osgi/container/Module;I[Lorg/osgi/framework/FrameworkListener;)V+349
j  org.eclipse.osgi.container.ModuleContainer$ContainerStartLevel.dispatchEvent(Lorg/eclipse/osgi/container/Module;[Lorg/osgi/framework/FrameworkListener;ILjava/lang/Integer;)V+32
j  org.eclipse.osgi.container.ModuleContainer$ContainerStartLevel.dispatchEvent(Ljava/lang/Object;Ljava/lang/Object;ILjava/lang/Object;)V+15
j  org.eclipse.osgi.framework.eventmgr.EventManager.dispatchEvent(Ljava/util/Set;Lorg/eclipse/osgi/framework/eventmgr/EventDispatcher;ILjava/lang/Object;)V+48
j  org.eclipse.osgi.framework.eventmgr.EventManager$EventThread.run()V+26
v  ~StubRoutines::call_stub

---------------  P R O C E S S  ---------------

Threads class SMR info:
_java_thread_list=0x000001c751c2a250, length=17, elements={
0x000001c73ba9e760, 0x000001c74f89a3c0, 0x000001c74f8b1500, 0x000001c74f8d7140,
0x000001c74f8d7ec0, 0x000001c74f8d8c40, 0x000001c74f8dc680, 0x000001c74f8e0340,
0x000001c74f8e0cf0, 0x000001c74f92e280, 0x000001c7513b22b0, 0x000001c7514e2360,
0x000001c751a43210, 0x000001c751adab50, 0x000001c751ae9ac0, 0x000001c751af6e80,
0x000001c751c15ac0
}

Java Threads: ( => current thread )
  0x000001c73ba9e760 JavaThread "main" [_thread_blocked, id=21860, stack(0x000000a4e0300000,0x000000a4e0400000)]
  0x000001c74f89a3c0 JavaThread "Reference Handler" daemon [_thread_blocked, id=44736, stack(0x000000a4e0600000,0x000000a4e0700000)]
  0x000001c74f8b1500 JavaThread "Finalizer" daemon [_thread_blocked, id=11460, stack(0x000000a4e0700000,0x000000a4e0800000)]
  0x000001c74f8d7140 JavaThread "Signal Dispatcher" daemon [_thread_blocked, id=21652, stack(0x000000a4e0800000,0x000000a4e0900000)]
  0x000001c74f8d7ec0 JavaThread "Attach Listener" daemon [_thread_blocked, id=41532, stack(0x000000a4e0900000,0x000000a4e0a00000)]
  0x000001c74f8d8c40 JavaThread "Service Thread" daemon [_thread_blocked, id=26368, stack(0x000000a4e0a00000,0x000000a4e0b00000)]
  0x000001c74f8dc680 JavaThread "Monitor Deflation Thread" daemon [_thread_blocked, id=28288, stack(0x000000a4e0b00000,0x000000a4e0c00000)]
  0x000001c74f8e0340 JavaThread "C2 CompilerThread0" daemon [_thread_blocked, id=38540, stack(0x000000a4e0c00000,0x000000a4e0d00000)]
  0x000001c74f8e0cf0 JavaThread "C1 CompilerThread0" daemon [_thread_blocked, id=42832, stack(0x000000a4e0d00000,0x000000a4e0e00000)]
  0x000001c74f92e280 JavaThread "Sweeper thread" daemon [_thread_blocked, id=41240, stack(0x000000a4e0e00000,0x000000a4e0f00000)]
  0x000001c7513b22b0 JavaThread "Common-Cleaner" daemon [_thread_blocked, id=38948, stack(0x000000a4e0f00000,0x000000a4e1000000)]
  0x000001c7514e2360 JavaThread "Notification Thread" daemon [_thread_blocked, id=6988, stack(0x000000a4e1000000,0x000000a4e1100000)]
  0x000001c751a43210 JavaThread "Active Thread: Equinox Container: 7bd8a0c9-2b0b-4516-a01e-bb86fd64f80d" [_thread_blocked, id=43792, stack(0x000000a4e1200000,0x000000a4e1300000)]
  0x000001c751adab50 JavaThread "Framework Event Dispatcher: Equinox Container: 7bd8a0c9-2b0b-4516-a01e-bb86fd64f80d" daemon [_thread_blocked, id=36236, stack(0x000000a4e1300000,0x000000a4e1400000)]
=>0x000001c751ae9ac0 JavaThread "Start Level: Equinox Container: 7bd8a0c9-2b0b-4516-a01e-bb86fd64f80d" daemon [_thread_in_vm, id=30636, stack(0x000000a4e1400000,0x000000a4e1500000)]
  0x000001c751af6e80 JavaThread "SCR Component Actor" daemon [_thread_blocked, id=13716, stack(0x000000a4e1500000,0x000000a4e1600000)]
  0x000001c751c15ac0 JavaThread "Timer-0" [_thread_blocked, id=34616, stack(0x000000a4e1900000,0x000000a4e1a00000)]

Other Threads:
  0x000001c74f897af0 VMThread "VM Thread" [stack: 0x000000a4e0500000,0x000000a4e0600000] [id=17424]
  0x000001c7514e2830 WatcherThread [stack: 0x000000a4e1100000,0x000000a4e1200000] [id=43692]
  0x000001c73bab7c30 GCTaskThread "GC Thread#0" [stack: 0x000000a4e0400000,0x000000a4e0500000] [id=24252]
  0x000001c751ad6220 GCTaskThread "GC Thread#1" [stack: 0x000000a4e1600000,0x000000a4e1700000] [id=39164]
  0x000001c751b10020 GCTaskThread "GC Thread#2" [stack: 0x000000a4e1700000,0x000000a4e1800000] [id=11924]
  0x000001c7518d7860 GCTaskThread "GC Thread#3" [stack: 0x000000a4e1800000,0x000000a4e1900000] [id=17908]

Threads with active compile tasks:

VM state: not at safepoint (normal execution)

VM Mutex/Monitor currently owned by a thread:  ([mutex/lock_event])
[0x000001c73ba99b60] Metaspace_lock - owner thread: 0x000001c751ae9ac0

Heap address: 0x00000000c0000000, size: 1024 MB, Compressed Oops mode: 32-bit

CDS archive(s) not mapped
Compressed class space mapped at: 0x0000000100000000-0x0000000140000000, reserved size: 1073741824
Narrow klass base: 0x0000000000000000, Narrow klass shift: 3, Narrow klass range: 0x140000000

GC Precious Log:
 CPUs: 4 total, 4 available
 Memory: 4007M
 Large Page Support: Disabled
 NUMA Support: Disabled
 Compressed Oops: Enabled (32-bit)
 Alignments: Space 512K, Generation 512K, Heap 2M
 Heap Min Capacity: 100M
 Heap Initial Capacity: 100M
 Heap Max Capacity: 1G
 Pre-touch: Disabled
 Parallel Workers: 4

Heap:
 PSYoungGen      total 29696K, used 7490K [0x00000000eab00000, 0x00000000ecc00000, 0x0000000100000000)
  eden space 25600K, 13% used [0x00000000eab00000,0x00000000eae68c78,0x00000000ec400000)
  from space 4096K, 97% used [0x00000000ec400000,0x00000000ec7e7d48,0x00000000ec800000)
  to   space 4096K, 0% used [0x00000000ec800000,0x00000000ec800000,0x00000000ecc00000)
 ParOldGen       total 68608K, used 16K [0x00000000c0000000, 0x00000000c4300000, 0x00000000eab00000)
  object space 68608K, 0% used [0x00000000c0000000,0x00000000c0004000,0x00000000c4300000)
 Metaspace       used 15107K, committed 15360K, reserved 1064960K
  class space    used 1566K, committed 1664K, reserved 1048576K

Card table byte_map: [0x000001c73b490000,0x000001c73b6a0000] _byte_map_base: 0x000001c73ae90000

Marking Bits: (ParMarkBitMap*) 0x00007ff8ff114b80
 Begin Bits: [0x000001c74d730000, 0x000001c74e730000)
 End Bits:   [0x000001c74e730000, 0x000001c74f730000)

Polling page: 0x000001c73b280000

Metaspace:

Usage:
  Non-class:     13.22 MB used.
      Class:      1.53 MB used.
       Both:     14.75 MB used.

Virtual space:
  Non-class space:       16.00 MB reserved,      13.38 MB ( 84%) committed,  2 nodes.
      Class space:        1.00 GB reserved,       1.62 MB ( <1%) committed,  1 nodes.
             Both:        1.02 GB reserved,      15.00 MB (  1%) committed. 

Chunk freelists:
   Non-Class:  1.80 MB
       Class:  2.19 MB
        Both:  3.98 MB

MaxMetaspaceSize: unlimited
CompressedClassSpaceSize: 1.00 GB
Initial GC threshold: 21.00 MB
Current GC threshold: 21.00 MB
CDS: off
MetaspaceReclaimPolicy: balanced
 - commit_granule_bytes: 65536.
 - commit_granule_words: 8192.
 - virtual_space_node_default_size: 1048576.
 - enlarge_chunks_in_place: 1.
 - new_chunks_are_fully_committed: 0.
 - uncommit_free_chunks: 1.
 - use_allocation_guard: 0.
 - handle_deallocations: 1.


Internal statistics:

num_allocs_failed_limit: 0.
num_arena_births: 98.
num_arena_deaths: 0.
num_vsnodes_births: 3.
num_vsnodes_deaths: 0.
num_space_committed: 240.
num_space_uncommitted: 0.
num_chunks_returned_to_freelist: 0.
num_chunks_taken_from_freelist: 318.
num_chunk_merges: 0.
num_chunk_splits: 203.
num_chunks_enlarged: 148.
num_purges: 0.
num_inconsistent_stats: 0.

CodeHeap 'non-profiled nmethods': size=120000Kb used=469Kb max_used=469Kb free=119530Kb
 bounds [0x000001c746200000, 0x000001c746470000, 0x000001c74d730000]
CodeHeap 'profiled nmethods': size=120000Kb used=2679Kb max_used=2679Kb free=117320Kb
 bounds [0x000001c73ecd0000, 0x000001c73ef70000, 0x000001c746200000]
CodeHeap 'non-nmethods': size=5760Kb used=1155Kb max_used=1174Kb free=4604Kb
 bounds [0x000001c73e730000, 0x000001c73e9a0000, 0x000001c73ecd0000]
 total_blobs=1900 nmethods=1451 adapters=363
 compilation: enabled
              stopped_count=0, restarted_count=0
 full_count=0

Compilation events (20 events):
Event: 4.319 Thread 0x000001c74f8e0cf0 nmethod 1440 0x000001c746272c10 code [0x000001c746272da0, 0x000001c746272e78]
Event: 4.319 Thread 0x000001c74f8e0cf0 1441       1       org.eclipse.osgi.internal.weaving.WovenClassImpl::setState (6 bytes)
Event: 4.319 Thread 0x000001c74f8e0cf0 nmethod 1441 0x000001c746272f10 code [0x000001c7462730a0, 0x000001c746273178]
Event: 4.319 Thread 0x000001c74f8e0cf0 1442       1       org.eclipse.osgi.internal.loader.classpath.ClasspathEntry::getDomain (5 bytes)
Event: 4.319 Thread 0x000001c74f8e0cf0 nmethod 1442 0x000001c746273210 code [0x000001c7462733a0, 0x000001c746273478]
Event: 4.320 Thread 0x000001c74f8e0cf0 1443       3       org.eclipse.osgi.internal.serviceregistry.ServiceRegistry::notifyHooksPrivileged (58 bytes)
Event: 4.321 Thread 0x000001c74f8e0cf0 nmethod 1443 0x000001c73ef62c90 code [0x000001c73ef62ea0, 0x000001c73ef63518]
Event: 4.323 Thread 0x000001c74f8e0cf0 1444   !   3       jdk.internal.loader.Resource::getBytes (244 bytes)
Event: 4.325 Thread 0x000001c74f8e0cf0 nmethod 1444 0x000001c73ef63790 code [0x000001c73ef63a80, 0x000001c73ef64f58]
Event: 4.325 Thread 0x000001c74f8e0cf0 1445       3       org.eclipse.osgi.container.ModuleDatabase::readLock (11 bytes)
Event: 4.325 Thread 0x000001c74f8e0cf0 nmethod 1445 0x000001c73ef65910 code [0x000001c73ef65ac0, 0x000001c73ef65cc8]
Event: 4.325 Thread 0x000001c74f8e0cf0 1446       3       org.eclipse.osgi.container.ModuleDatabase::readUnlock (11 bytes)
Event: 4.326 Thread 0x000001c74f8e0cf0 nmethod 1446 0x000001c73ef65e10 code [0x000001c73ef65fe0, 0x000001c73ef66358]
Event: 4.332 Thread 0x000001c74f8e0cf0 1447       3       java.lang.ThreadLocal::set (30 bytes)
Event: 4.332 Thread 0x000001c74f8e0cf0 nmethod 1447 0x000001c73ef66510 code [0x000001c73ef666e0, 0x000001c73ef66a58]
Event: 4.335 Thread 0x000001c74f8e0340 1448   !   4       java.util.concurrent.ConcurrentHashMap::putVal (433 bytes)
Event: 4.341 Thread 0x000001c74f8e0cf0 1450       3       java.util.ArrayList$SubList::checkForComodification (23 bytes)
Event: 4.341 Thread 0x000001c74f8e0cf0 nmethod 1450 0x000001c73ef66b90 code [0x000001c73ef66d40, 0x000001c73ef66f68]
Event: 4.341 Thread 0x000001c74f8e0cf0 1451   !   3       java.io.WinNTFileSystem::resolve (362 bytes)
Event: 4.349 Thread 0x000001c74f8e0cf0 nmethod 1451 0x000001c73ef67090 code [0x000001c73ef67a40, 0x000001c73ef6c3a8]

GC Heap History (2 events):
Event: 4.063 GC heap before
{Heap before GC invocations=1 (full 0):
 PSYoungGen      total 29696K, used 25600K [0x00000000eab00000, 0x00000000ecc00000, 0x0000000100000000)
  eden space 25600K, 100% used [0x00000000eab00000,0x00000000ec400000,0x00000000ec400000)
  from space 4096K, 0% used [0x00000000ec800000,0x00000000ec800000,0x00000000ecc00000)
  to   space 4096K, 0% used [0x00000000ec400000,0x00000000ec400000,0x00000000ec800000)
 ParOldGen       total 68608K, used 0K [0x00000000c0000000, 0x00000000c4300000, 0x00000000eab00000)
  object space 68608K, 0% used [0x00000000c0000000,0x00000000c0000000,0x00000000c4300000)
 Metaspace       used 13207K, committed 13440K, reserved 1064960K
  class space    used 1340K, committed 1472K, reserved 1048576K
}
Event: 4.072 GC heap after
{Heap after GC invocations=1 (full 0):
 PSYoungGen      total 29696K, used 3999K [0x00000000eab00000, 0x00000000ecc00000, 0x0000000100000000)
  eden space 25600K, 0% used [0x00000000eab00000,0x00000000eab00000,0x00000000ec400000)
  from space 4096K, 97% used [0x00000000ec400000,0x00000000ec7e7d48,0x00000000ec800000)
  to   space 4096K, 0% used [0x00000000ec800000,0x00000000ec800000,0x00000000ecc00000)
 ParOldGen       total 68608K, used 16K [0x00000000c0000000, 0x00000000c4300000, 0x00000000eab00000)
  object space 68608K, 0% used [0x00000000c0000000,0x00000000c0004000,0x00000000c4300000)
 Metaspace       used 13207K, committed 13440K, reserved 1064960K
  class space    used 1340K, committed 1472K, reserved 1048576K
}

Deoptimization events (20 events):
Event: 3.467 Thread 0x000001c73ba9e760 Uncommon trap: trap_request=0xffffffde fr.pc=0x000001c74625318c relative=0x000000000000098c
Event: 3.467 Thread 0x000001c73ba9e760 Uncommon trap: reason=class_check action=maybe_recompile pc=0x000001c74625318c method=java.util.HashMap.putVal(ILjava/lang/Object;Ljava/lang/Object;ZZ)Ljava/lang/Object; @ 253 c2
Event: 3.467 Thread 0x000001c73ba9e760 DEOPT PACKING pc=0x000001c74625318c sp=0x000000a4e03fdda0
Event: 3.467 Thread 0x000001c73ba9e760 DEOPT UNPACKING pc=0x000001c73e7820a3 sp=0x000000a4e03fdcc8 mode 2
Event: 3.468 Thread 0x000001c73ba9e760 Uncommon trap: trap_request=0xffffffde fr.pc=0x000001c74625318c relative=0x000000000000098c
Event: 3.468 Thread 0x000001c73ba9e760 Uncommon trap: reason=class_check action=maybe_recompile pc=0x000001c74625318c method=java.util.HashMap.putVal(ILjava/lang/Object;Ljava/lang/Object;ZZ)Ljava/lang/Object; @ 253 c2
Event: 3.468 Thread 0x000001c73ba9e760 DEOPT PACKING pc=0x000001c74625318c sp=0x000000a4e03fdca0
Event: 3.468 Thread 0x000001c73ba9e760 DEOPT UNPACKING pc=0x000001c73e7820a3 sp=0x000000a4e03fdbc8 mode 2
Event: 3.471 Thread 0x000001c73ba9e760 Uncommon trap: trap_request=0xffffffde fr.pc=0x000001c74625318c relative=0x000000000000098c
Event: 3.471 Thread 0x000001c73ba9e760 Uncommon trap: reason=class_check action=maybe_recompile pc=0x000001c74625318c method=java.util.HashMap.putVal(ILjava/lang/Object;Ljava/lang/Object;ZZ)Ljava/lang/Object; @ 253 c2
Event: 3.471 Thread 0x000001c73ba9e760 DEOPT PACKING pc=0x000001c74625318c sp=0x000000a4e03fdd20
Event: 3.471 Thread 0x000001c73ba9e760 DEOPT UNPACKING pc=0x000001c73e7820a3 sp=0x000000a4e03fdc48 mode 2
Event: 3.472 Thread 0x000001c73ba9e760 Uncommon trap: trap_request=0xffffffde fr.pc=0x000001c74620e400 relative=0x00000000000003a0
Event: 3.472 Thread 0x000001c73ba9e760 Uncommon trap: reason=class_check action=maybe_recompile pc=0x000001c74620e400 method=java.util.HashMap.putVal(ILjava/lang/Object;Ljava/lang/Object;ZZ)Ljava/lang/Object; @ 253 c2
Event: 3.472 Thread 0x000001c73ba9e760 DEOPT PACKING pc=0x000001c74620e400 sp=0x000000a4e03fdca0
Event: 3.472 Thread 0x000001c73ba9e760 DEOPT UNPACKING pc=0x000001c73e7820a3 sp=0x000000a4e03fdc40 mode 2
Event: 4.328 Thread 0x000001c751ae9ac0 Uncommon trap: trap_request=0xffffff45 fr.pc=0x000001c7462195b8 relative=0x0000000000000178
Event: 4.328 Thread 0x000001c751ae9ac0 Uncommon trap: reason=unstable_if action=reinterpret pc=0x000001c7462195b8 method=java.lang.invoke.VarHandle.checkExactAccessMode(Ljava/lang/invoke/VarHandle$AccessDescriptor;)V @ 4 c2
Event: 4.328 Thread 0x000001c751ae9ac0 DEOPT PACKING pc=0x000001c7462195b8 sp=0x000000a4e14fd710
Event: 4.328 Thread 0x000001c751ae9ac0 DEOPT UNPACKING pc=0x000001c73e7820a3 sp=0x000000a4e14fd650 mode 2

Classes unloaded (0 events):
No events

Classes redefined (0 events):
No events

Internal exceptions (20 events):
Event: 0.834 Thread 0x000001c73ba9e760 Exception <a 'java/io/FileNotFoundException'{0x00000000eaf89c70}> (0x00000000eaf89c70) 
thrown [e:\jenkins\tmp\workspace\build\src\src\hotspot\share\prims\jni.cpp, line 516]
Event: 0.835 Thread 0x000001c73ba9e760 Exception <a 'java/io/FileNotFoundException'{0x00000000eaf8ad58}> (0x00000000eaf8ad58) 
thrown [e:\jenkins\tmp\workspace\build\src\src\hotspot\share\prims\jni.cpp, line 516]
Event: 0.875 Thread 0x000001c73ba9e760 Exception <a 'java/io/FileNotFoundException'{0x00000000eafb3578}> (0x00000000eafb3578) 
thrown [e:\jenkins\tmp\workspace\build\src\src\hotspot\share\prims\jni.cpp, line 516]
Event: 1.587 Thread 0x000001c73ba9e760 Exception <a 'java/lang/ClassNotFoundException'{0x00000000eb63e898}: sun/net/www/protocol/c/Handler> (0x00000000eb63e898) 
thrown [e:\jenkins\tmp\workspace\build\src\src\hotspot\share\classfile\systemDictionary.cpp, line 256]
Event: 1.588 Thread 0x000001c73ba9e760 Exception <a 'java/lang/ClassNotFoundException'{0x00000000eb63fbe0}: sun/net/www/protocol/c/Handler> (0x00000000eb63fbe0) 
thrown [e:\jenkins\tmp\workspace\build\src\src\hotspot\share\classfile\systemDictionary.cpp, line 256]
Event: 1.588 Thread 0x000001c73ba9e760 Exception <a 'java/lang/ClassNotFoundException'{0x00000000eb640d80}: sun/net/www/protocol/c/Handler> (0x00000000eb640d80) 
thrown [e:\jenkins\tmp\workspace\build\src\src\hotspot\share\classfile\systemDictionary.cpp, line 256]
Event: 1.647 Thread 0x000001c73ba9e760 Exception <a 'java/io/FileNotFoundException'{0x00000000eb65aab0}> (0x00000000eb65aab0) 
thrown [e:\jenkins\tmp\workspace\build\src\src\hotspot\share\prims\jni.cpp, line 516]
Event: 1.958 Thread 0x000001c73ba9e760 Implicit null exception at 0x000001c7462215c0 to 0x000001c746221f14
Event: 2.207 Thread 0x000001c73ba9e760 Exception <a 'java/lang/NoSuchMethodError'{0x00000000eb834330}: 'int java.lang.invoke.DirectMethodHandle$Holder.invokeStaticInit(java.lang.Object, java.lang.Object, java.lang.Object, java.lang.Object)'> (0x00000000eb834330) 
thrown [e:\jenkins\tmp\workspace\build\src\src\hotspot\share\interpreter\linkResolver.cpp, line 766]
Event: 2.211 Thread 0x000001c73ba9e760 Exception <a 'java/lang/NoSuchMethodError'{0x00000000eb83e9a0}: 'java.lang.Object java.lang.invoke.DirectMethodHandle$Holder.invokeInterface(java.lang.Object, java.lang.Object)'> (0x00000000eb83e9a0) 
thrown [e:\jenkins\tmp\workspace\build\src\src\hotspot\share\interpreter\linkResolver.cpp, line 766]
Event: 2.213 Thread 0x000001c73ba9e760 Exception <a 'java/lang/IncompatibleClassChangeError'{0x00000000eb842198}: Found class java.lang.Object, but interface was expected> (0x00000000eb842198) 
thrown [e:\jenkins\tmp\workspace\build\src\src\hotspot\share\interpreter\linkResolver.cpp, line 833]
Event: 2.216 Thread 0x000001c73ba9e760 Exception <a 'java/lang/NoSuchMethodError'{0x00000000eb8450b8}: 'void java.lang.invoke.DirectMethodHandle$Holder.invokeStatic(java.lang.Object, java.lang.Object)'> (0x00000000eb8450b8) 
thrown [e:\jenkins\tmp\workspace\build\src\src\hotspot\share\interpreter\linkResolver.cpp, line 766]
Event: 2.217 Thread 0x000001c73ba9e760 Exception <a 'java/lang/NoSuchMethodError'{0x00000000eb8488b8}: 'void java.lang.invoke.DirectMethodHandle$Holder.invokeStaticInit(java.lang.Object, java.lang.Object)'> (0x00000000eb8488b8) 
thrown [e:\jenkins\tmp\workspace\build\src\src\hotspot\share\interpreter\linkResolver.cpp, line 766]
Event: 2.231 Thread 0x000001c73ba9e760 Exception <a 'java/lang/NoSuchMethodError'{0x00000000eb84e458}: 'int java.lang.invoke.DirectMethodHandle$Holder.invokeStaticInit(java.lang.Object, java.lang.Object)'> (0x00000000eb84e458) 
thrown [e:\jenkins\tmp\workspace\build\src\src\hotspot\share\interpreter\linkResolver.cpp, line 766]
Event: 2.345 Thread 0x000001c73ba9e760 Exception <a 'java/lang/NoSuchMethodError'{0x00000000eb89f9f0}: 'java.lang.Object java.lang.invoke.DirectMethodHandle$Holder.invokeStaticInit(java.lang.Object, int, int, int, int)'> (0x00000000eb89f9f0) 
thrown [e:\jenkins\tmp\workspace\build\src\src\hotspot\share\interpreter\linkResolver.cpp, line 766]
Event: 2.830 Thread 0x000001c73ba9e760 Exception <a 'java/lang/NoSuchMethodError'{0x00000000eb960958}: 'java.lang.Object java.lang.invoke.DirectMethodHandle$Holder.invokeStaticInit(java.lang.Object, java.lang.Object, int, int, int, int)'> (0x00000000eb960958) 
thrown [e:\jenkins\tmp\workspace\build\src\src\hotspot\share\interpreter\linkResolver.cpp, line 766]
Event: 2.874 Thread 0x000001c73ba9e760 Exception <a 'java/lang/NoSuchMethodError'{0x00000000eb9d8a78}: 'void java.lang.invoke.DirectMethodHandle$Holder.invokeSpecial(java.lang.Object, java.lang.Object, java.lang.Object)'> (0x00000000eb9d8a78) 
thrown [e:\jenkins\tmp\workspace\build\src\src\hotspot\share\interpreter\linkResolver.cpp, line 766]
Event: 3.437 Thread 0x000001c73ba9e760 Exception <a 'java/lang/NoSuchMethodError'{0x00000000ebf50990}: 'java.lang.Object java.lang.invoke.DirectMethodHandle$Holder.newInvokeSpecial(java.lang.Object, int, java.lang.Object)'> (0x00000000ebf50990) 
thrown [e:\jenkins\tmp\workspace\build\src\src\hotspot\share\interpreter\linkResolver.cpp, line 766]
Event: 3.842 Thread 0x000001c73ba9e760 Exception <a 'java/lang/UnsatisfiedLinkError'{0x00000000ec258380}: 'void org.eclipse.equinox.launcher.JNIBridge._update_splash()'> (0x00000000ec258380) 
thrown [e:\jenkins\tmp\workspace\build\src\src\hotspot\share\prims\nativeLookup.cpp, line 543]
Event: 4.043 Thread 0x000001c751ae9ac0 Exception <a 'java/lang/NoSuchMethodError'{0x00000000ec3e4db0}: 'java.lang.Object java.lang.invoke.DirectMethodHandle$Holder.invokeStaticInit(java.lang.Object)'> (0x00000000ec3e4db0) 
thrown [e:\jenkins\tmp\workspace\build\src\src\hotspot\share\interpreter\linkResolver.cpp, line 766]

VM Operations (18 events):
Event: 0.357 Executing VM operation: HandshakeAllThreads
Event: 0.357 Executing VM operation: HandshakeAllThreads done
Event: 1.360 Executing VM operation: Cleanup
Event: 1.360 Executing VM operation: Cleanup done
Event: 1.493 Executing VM operation: HandshakeAllThreads
Event: 1.493 Executing VM operation: HandshakeAllThreads done
Event: 2.436 Executing VM operation: HandshakeAllThreads
Event: 2.436 Executing VM operation: HandshakeAllThreads done
Event: 2.436 Executing VM operation: Cleanup
Event: 2.437 Executing VM operation: Cleanup done
Event: 3.305 Executing VM operation: HandshakeAllThreads
Event: 3.318 Executing VM operation: HandshakeAllThreads done
Event: 3.332 Executing VM operation: HandshakeAllThreads
Event: 3.351 Executing VM operation: HandshakeAllThreads done
Event: 4.062 Executing VM operation: ParallelGCFailedAllocation
Event: 4.072 Executing VM operation: ParallelGCFailedAllocation done
Event: 4.097 Executing VM operation: HandshakeAllThreads
Event: 4.097 Executing VM operation: HandshakeAllThreads done

Events (20 events):
Event: 4.243 loading class com/sun/org/apache/xerces/internal/impl/Constants$ArrayEnumeration done
Event: 4.252 loading class com/sun/org/apache/xerces/internal/impl/io/MalformedByteSequenceException
Event: 4.257 loading class java/io/CharConversionException
Event: 4.257 loading class java/io/CharConversionException done
Event: 4.257 loading class com/sun/org/apache/xerces/internal/impl/io/MalformedByteSequenceException done
Event: 4.275 loading class java/util/concurrent/RejectedExecutionException
Event: 4.275 loading class java/util/concurrent/RejectedExecutionException done
Event: 4.282 loading class java/util/Timer
Event: 4.282 loading class java/util/Timer done
Event: 4.282 loading class java/util/TaskQueue
Event: 4.283 loading class java/util/TaskQueue done
Event: 4.283 loading class java/util/TimerThread
Event: 4.283 loading class java/util/TimerThread done
Event: 4.283 loading class java/util/Timer$ThreadReaper
Event: 4.283 loading class java/util/Timer$ThreadReaper done
Event: 4.283 Thread 0x000001c751c15ac0 Thread added: 0x000001c751c15ac0
Event: 4.302 loading class java/util/concurrent/locks/ReentrantLock$FairSync
Event: 4.303 loading class java/util/concurrent/locks/ReentrantLock$FairSync done
Event: 4.305 loading class java/util/Collections$ReverseComparator
Event: 4.305 loading class java/util/Collections$ReverseComparator done


Dynamic libraries:
0x00007ff7cedd0000 - 0x00007ff7cedde000 	c:\Users\timot\.vscode\extensions\redhat.java-1.7.0-win32-x64\jre\17.0.3-win32-x86_64\bin\java.exe
0x00007ff958950000 - 0x00007ff958b45000 	C:\WINDOWS\SYSTEM32\ntdll.dll
0x00007ff958850000 - 0x00007ff95890d000 	C:\WINDOWS\System32\KERNEL32.DLL
0x00007ff956060000 - 0x00007ff95632d000 	C:\WINDOWS\System32\KERNELBASE.dll
0x00007ff9568a0000 - 0x00007ff9569a0000 	C:\WINDOWS\System32\ucrtbase.dll
0x00007ff928020000 - 0x00007ff928038000 	c:\Users\timot\.vscode\extensions\redhat.java-1.7.0-win32-x64\jre\17.0.3-win32-x86_64\bin\jli.dll
0x00007ff957e90000 - 0x00007ff958030000 	C:\WINDOWS\System32\USER32.dll
0x00007ff928000000 - 0x00007ff928019000 	c:\Users\timot\.vscode\extensions\redhat.java-1.7.0-win32-x64\jre\17.0.3-win32-x86_64\bin\VCRUNTIME140.dll
0x00007ff9564e0000 - 0x00007ff956502000 	C:\WINDOWS\System32\win32u.dll
0x00007ff930e60000 - 0x00007ff9310fa000 	C:\WINDOWS\WinSxS\amd64_microsoft.windows.common-controls_6595b64144ccf1df_6.0.19041.1110_none_60b5254171f9507e\COMCTL32.dll
0x00007ff958030000 - 0x00007ff9580ce000 	C:\WINDOWS\System32\msvcrt.dll
0x00007ff956a50000 - 0x00007ff956a7a000 	C:\WINDOWS\System32\GDI32.dll
0x00007ff956590000 - 0x00007ff95669b000 	C:\WINDOWS\System32\gdi32full.dll
0x00007ff956800000 - 0x00007ff95689d000 	C:\WINDOWS\System32\msvcp_win.dll
0x00007ff958340000 - 0x00007ff958370000 	C:\WINDOWS\System32\IMM32.DLL
0x00007ff951770000 - 0x00007ff95177c000 	c:\Users\timot\.vscode\extensions\redhat.java-1.7.0-win32-x64\jre\17.0.3-win32-x86_64\bin\vcruntime140_1.dll
0x00007ff91bcb0000 - 0x00007ff91bd41000 	c:\Users\timot\.vscode\extensions\redhat.java-1.7.0-win32-x64\jre\17.0.3-win32-x86_64\bin\msvcp140.dll
0x00007ff8fe590000 - 0x00007ff8ff1d8000 	c:\Users\timot\.vscode\extensions\redhat.java-1.7.0-win32-x64\jre\17.0.3-win32-x86_64\bin\server\jvm.dll
0x00007ff956a80000 - 0x00007ff956b2e000 	C:\WINDOWS\System32\ADVAPI32.dll
0x00007ff957740000 - 0x00007ff9577dc000 	C:\WINDOWS\System32\sechost.dll
0x00007ff957b40000 - 0x00007ff957c65000 	C:\WINDOWS\System32\RPCRT4.dll
0x00007ff956b30000 - 0x00007ff956b38000 	C:\WINDOWS\System32\PSAPI.DLL
0x00007ff942960000 - 0x00007ff942969000 	C:\WINDOWS\SYSTEM32\WSOCK32.dll
0x00007ff9581c0000 - 0x00007ff95822b000 	C:\WINDOWS\System32\WS2_32.dll
0x00007ff950d50000 - 0x00007ff950d5a000 	C:\WINDOWS\SYSTEM32\VERSION.dll
0x00007ff949720000 - 0x00007ff949747000 	C:\WINDOWS\SYSTEM32\WINMM.dll
0x00007ff9548b0000 - 0x00007ff9548c2000 	C:\WINDOWS\SYSTEM32\kernel.appcore.dll
0x00007ff950bc0000 - 0x00007ff950bca000 	c:\Users\timot\.vscode\extensions\redhat.java-1.7.0-win32-x64\jre\17.0.3-win32-x86_64\bin\jimage.dll
0x00007ff953cd0000 - 0x00007ff953eb4000 	C:\WINDOWS\SYSTEM32\DBGHELP.DLL
0x00007ff948a30000 - 0x00007ff948a5c000 	C:\WINDOWS\SYSTEM32\dbgcore.DLL
0x00007ff9563e0000 - 0x00007ff956462000 	C:\WINDOWS\System32\bcryptPrimitives.dll
0x00007ff9258c0000 - 0x00007ff9258e5000 	c:\Users\timot\.vscode\extensions\redhat.java-1.7.0-win32-x64\jre\17.0.3-win32-x86_64\bin\java.dll
0x00007ff926b30000 - 0x00007ff926b48000 	c:\Users\timot\.vscode\extensions\redhat.java-1.7.0-win32-x64\jre\17.0.3-win32-x86_64\bin\zip.dll
0x00007ff956ea0000 - 0x00007ff9575e4000 	C:\WINDOWS\System32\SHELL32.dll
0x00007ff954100000 - 0x00007ff954894000 	C:\WINDOWS\SYSTEM32\windows.storage.dll
0x00007ff956b40000 - 0x00007ff956e94000 	C:\WINDOWS\System32\combase.dll
0x00007ff955910000 - 0x00007ff95593c000 	C:\WINDOWS\SYSTEM32\Wldp.dll
0x00007ff9569a0000 - 0x00007ff956a4d000 	C:\WINDOWS\System32\SHCORE.dll
0x00007ff9582e0000 - 0x00007ff958335000 	C:\WINDOWS\System32\shlwapi.dll
0x00007ff955fa0000 - 0x00007ff955fbf000 	C:\WINDOWS\SYSTEM32\profapi.dll
0x00007ff9269f0000 - 0x00007ff926a09000 	C:\Users\timot\.vscode\extensions\redhat.java-1.7.0-win32-x64\jre\17.0.3-win32-x86_64\bin\net.dll
0x00007ff94e9b0000 - 0x00007ff94eaba000 	C:\WINDOWS\SYSTEM32\WINHTTP.dll
0x00007ff9556f0000 - 0x00007ff95575a000 	C:\WINDOWS\system32\mswsock.dll
0x00007ff925c40000 - 0x00007ff925c55000 	C:\Users\timot\.vscode\extensions\redhat.java-1.7.0-win32-x64\jre\17.0.3-win32-x86_64\bin\nio.dll
0x00007ff9559c0000 - 0x00007ff9559d8000 	C:\WINDOWS\SYSTEM32\CRYPTSP.dll
0x00007ff955090000 - 0x00007ff9550c4000 	C:\WINDOWS\system32\rsaenh.dll
0x00007ff956560000 - 0x00007ff956587000 	C:\WINDOWS\System32\bcrypt.dll
0x00007ff955f60000 - 0x00007ff955f8e000 	C:\WINDOWS\SYSTEM32\USERENV.dll
0x00007ff955880000 - 0x00007ff95588c000 	C:\WINDOWS\SYSTEM32\CRYPTBASE.dll
0x00007ff955400000 - 0x00007ff95543b000 	C:\WINDOWS\SYSTEM32\IPHLPAPI.DLL
0x00007ff9577e0000 - 0x00007ff9577e8000 	C:\WINDOWS\System32\NSI.dll
0x00007ff94f740000 - 0x00007ff94f757000 	C:\WINDOWS\SYSTEM32\dhcpcsvc6.DLL
0x00007ff94f6a0000 - 0x00007ff94f6bd000 	C:\WINDOWS\SYSTEM32\dhcpcsvc.DLL
0x00007ff955440000 - 0x00007ff95550b000 	C:\WINDOWS\SYSTEM32\DNSAPI.dll
0x00007ff924060000 - 0x00007ff92409e000 	C:\Users\timot\AppData\Roaming\Code\User\globalStorage\redhat.java\1.7.0\config_ss_win\org.eclipse.equinox.launcher\org.eclipse.equinox.launcher.win32.win32.x86_64_1.2.400.v20211117-0650\eclipse_11602.dll
0x00007ff957c70000 - 0x00007ff957d9a000 	C:\WINDOWS\System32\ole32.dll

dbghelp: loaded successfully - version: 4.0.5 - missing functions: none
symbol engine: initialized successfully - sym options: 0x614 - pdb path: .;c:\Users\timot\.vscode\extensions\redhat.java-1.7.0-win32-x64\jre\17.0.3-win32-x86_64\bin;C:\WINDOWS\SYSTEM32;C:\WINDOWS\WinSxS\amd64_microsoft.windows.common-controls_6595b64144ccf1df_6.0.19041.1110_none_60b5254171f9507e;c:\Users\timot\.vscode\extensions\redhat.java-1.7.0-win32-x64\jre\17.0.3-win32-x86_64\bin\server;C:\Users\timot\AppData\Roaming\Code\User\globalStorage\redhat.java\1.7.0\config_ss_win\org.eclipse.equinox.launcher\org.eclipse.equinox.launcher.win32.win32.x86_64_1.2.400.v20211117-0650

VM Arguments:
jvm_args: --add-modules=ALL-SYSTEM --add-opens=java.base/java.util=ALL-UNNAMED --add-opens=java.base/java.lang=ALL-UNNAMED --add-opens=java.base/sun.nio.fs=ALL-UNNAMED -Declipse.application=org.eclipse.jdt.ls.core.id1 -Dosgi.bundles.defaultStartLevel=4 -Declipse.product=org.eclipse.jdt.ls.core.product -Djava.import.generatesMetadataFilesAtProjectRoot=false -Dfile.encoding=utf8 -DwatchParentProcess=false -XX:+UseParallelGC -XX:GCTimeRatio=4 -XX:AdaptiveSizePolicyWeight=90 -Dsun.zip.disableMemoryMapping=true -Xmx1G -Xms100m 
java_command: c:\Users\timot\.vscode\extensions\redhat.java-1.7.0-win32-x64\server\plugins\org.eclipse.equinox.launcher_1.6.400.v20210924-0641.jar -configuration c:\Users\timot\AppData\Roaming\Code\User\globalStorage\redhat.java\1.7.0\config_ss_win -data c:\Users\timot\AppData\Roaming\Code\User\workspaceStorage\61590eb05be9bdaa79b5291ad44b48cc\redhat.java\ss_ws
java_class_path (initial): c:\Users\timot\.vscode\extensions\redhat.java-1.7.0-win32-x64\server\plugins\org.eclipse.equinox.launcher_1.6.400.v20210924-0641.jar
Launcher Type: SUN_STANDARD

[Global flags]
    uintx AdaptiveSizePolicyWeight                 = 90                                        {product} {command line}
     intx CICompilerCount                          = 3                                         {product} {ergonomic}
    uintx GCTimeRatio                              = 4                                         {product} {command line}
   size_t InitialHeapSize                          = 104857600                                 {product} {command line}
   size_t MaxHeapSize                              = 1073741824                                {product} {command line}
   size_t MaxNewSize                               = 357564416                                 {product} {ergonomic}
   size_t MinHeapDeltaBytes                        = 524288                                    {product} {ergonomic}
   size_t MinHeapSize                              = 104857600                                 {product} {command line}
   size_t NewSize                                  = 34603008                                  {product} {ergonomic}
    uintx NonNMethodCodeHeapSize                   = 5832780                                {pd product} {ergonomic}
    uintx NonProfiledCodeHeapSize                  = 122912730                              {pd product} {ergonomic}
   size_t OldSize                                  = 70254592                                  {product} {ergonomic}
    uintx ProfiledCodeHeapSize                     = 122912730                              {pd product} {ergonomic}
    uintx ReservedCodeCacheSize                    = 251658240                              {pd product} {ergonomic}
     bool SegmentedCodeCache                       = true                                      {product} {ergonomic}
   size_t SoftMaxHeapSize                          = 1073741824                             {manageable} {ergonomic}
     bool UseCompressedClassPointers               = true                           {product lp64_product} {ergonomic}
     bool UseCompressedOops                        = true                           {product lp64_product} {ergonomic}
     bool UseLargePagesIndividualAllocation        = false                                  {pd product} {ergonomic}
     bool UseParallelGC                            = true                                      {product} {command line}

Logging:
Log output configuration:
 #0: stdout all=warning uptime,level,tags
 #1: stderr all=off uptime,level,tags

Environment Variables:
CLASSPATH=..\class
PATH=C:\Program Files\Java\jdk-16.0.2\bin;C:\Program Files\Common Files\Oracle\Java\javapath;C:\Program Files (x86)\Common Files\Oracle\Java\javapath;C:\oracle\app\oracle\product\11.2.0\server\bin;C:\WINDOWS\system32;C:\WINDOWS;C:\WINDOWS\System32\Wbem;C:\WINDOWS\System32\WindowsPowerShell\v1.0\;C:\WINDOWS\System32\OpenSSH\;C:\Program Files\Git\cmd;C:\Program Files\MySQL\MySQL Shell 8.0\bin\;C:\Users\timot\AppData\Local\Microsoft\WindowsApps;C:\Users\timot\AppData\Local\Programs\Microsoft VS Code\bin;
USERNAME=timot
OS=Windows_NT
PROCESSOR_IDENTIFIER=Intel64 Family 6 Model 142 Stepping 9, GenuineIntel



---------------  S Y S T E M  ---------------

OS:
 Windows 10 , 64 bit Build 19041 (10.0.19041.1706)
OS uptime: 26 days 2:37 hours
Hyper-V role detected

CPU: total 4 (initial active 4) (2 cores per cpu, 2 threads per core) family 6 model 142 stepping 9 microcode 0xde, cx8, cmov, fxsr, ht, mmx, 3dnowpref, sse, sse2, sse3, ssse3, sse4.1, sse4.2, popcnt, lzcnt, tsc, tscinvbit, avx, avx2, aes, erms, clmul, bmi1, bmi2, adx, fma, vzeroupper, clflush, clflushopt, hv

Memory: 4k page, system-wide physical 4007M (242M free)
TotalPageFile size 16295M (AvailPageFile size 1M)
current process WorkingSet (physical memory assigned to process): 81M, peak: 81M
current process commit charge ("private bytes"): 190M, peak: 190M

vm_info: OpenJDK 64-Bit Server VM (17.0.3+7) for windows-amd64 JRE (17.0.3+7), built on Apr 19 2022 16:55:35 by "" with MS VC++ 16.7 (VS2019)

END.
