#
# There is insufficient memory for the Java Runtime Environment to continue.
# Native memory allocation (mmap) failed to map 65536 bytes for Failed to commit metaspace.
# Possible reasons:
#   The system is out of physical RAM or swap space
#   The process is running with CompressedOops enabled, and the Java Heap may be blocking the growth of the native heap
# Possible solutions:
#   Reduce memory load on the system
#   Increase physical memory or swap space
#   Check if swap backing store is full
#   Decrease Java heap size (-Xmx/-Xms)
#   Decrease number of Java threads
#   Decrease Java thread stack sizes (-Xss)
#   Set larger code cache with -XX:ReservedCodeCacheSize=
#   JVM is running with Unscaled Compressed Oops mode in which the Java heap is
#     placed in the first 4GB address space. The Java Heap base address is the
#     maximum limit for the native heap growth. Please use -XX:HeapBaseMinAddress
#     to set the Java Heap base and to place the Java Heap above 4GB virtual address.
# This output file may be truncated or incomplete.
#
#  Out of Memory Error (virtualSpaceNode.cpp:110), pid=40360, tid=27960
#
# JRE version: OpenJDK Runtime Environment Temurin-17.0.3+7 (17.0.3+7) (build 17.0.3+7)
# Java VM: OpenJDK 64-Bit Server VM Temurin-17.0.3+7 (17.0.3+7, mixed mode, tiered, compressed oops, compressed class ptrs, parallel gc, windows-amd64)
# No core dump will be written. Minidumps are not enabled by default on client versions of Windows
#

---------------  S U M M A R Y ------------

Command Line: --add-modules=ALL-SYSTEM --add-opens=java.base/java.util=ALL-UNNAMED --add-opens=java.base/java.lang=ALL-UNNAMED --add-opens=java.base/sun.nio.fs=ALL-UNNAMED -Declipse.application=org.eclipse.jdt.ls.core.id1 -Dosgi.bundles.defaultStartLevel=4 -Declipse.product=org.eclipse.jdt.ls.core.product -Djava.import.generatesMetadataFilesAtProjectRoot=false -Dfile.encoding=utf8 -DwatchParentProcess=false -XX:+UseParallelGC -XX:GCTimeRatio=4 -XX:AdaptiveSizePolicyWeight=90 -Dsun.zip.disableMemoryMapping=true -Xmx1G -Xms100m c:\Users\timot\.vscode\extensions\redhat.java-1.7.0-win32-x64\server\plugins\org.eclipse.equinox.launcher_1.6.400.v20210924-0641.jar -configuration c:\Users\timot\AppData\Roaming\Code\User\globalStorage\redhat.java\1.7.0\config_ss_win -data c:\Users\timot\AppData\Roaming\Code\User\workspaceStorage\61590eb05be9bdaa79b5291ad44b48cc\redhat.java\ss_ws

Host: Intel(R) Core(TM) i3-7020U CPU @ 2.30GHz, 4 cores, 3G,  Windows 10 , 64 bit Build 19041 (10.0.19041.1706)
Time: Sat Jun 18 11:16:51 2022 Paris, Madrid (heure duild 19041 (10.0.19041.1706) elapsed time: 13.906897 seconds (0d 0h 0m 13s)

---------------  T H R E A D  ---------------

Current thread (0x00000247b5a3e810):  JavaThread "main" [_thread_in_vm, id=27960, stack(0x0000005f88d00000,0x0000005f88e00000)]

Stack: [0x0000005f88d00000,0x0000005f88e00000]
Native frames: (J=compiled Java code, j=interpreted, Vv=VM code, C=native code)
V  [jvm.dll+0x675efa]
V  [jvm.dll+0x830a24]
V  [jvm.dll+0x8321ce]
V  [jvm.dll+0x832833]
V  [jvm.dll+0x2454b5]
V  [jvm.dll+0x82c9cb]
V  [jvm.dll+0x61ab26]
V  [jvm.dll+0x1c046e]
V  [jvm.dll+0x61d471]
V  [jvm.dll+0x61b4c6]
V  [jvm.dll+0x23ae26]
V  [jvm.dll+0x1eab7d]
V  [jvm.dll+0x1e05b1]
V  [jvm.dll+0x53bb80]
V  [jvm.dll+0x7aba28]
V  [jvm.dll+0x7abb14]
V  [jvm.dll+0x40c7c5]
V  [jvm.dll+0x4129b8]
C  [java.dll+0x17ec]

Java frames: (J=compiled Java code, j=interpreted, Vv=VM code)
J 1063  java.lang.ClassLoader.defineClass1(Ljava/lang/ClassLoader;Ljava/lang/String;[BIILjava/security/ProtectionDomain;Ljava/lang/String;)Ljava/lang/Class; java.base@17.0.3 (0 bytes) @ 0x00000247c01f70db [0x00000247c01f7020+0x00000000000000bb]
J 1438 c1 java.lang.ClassLoader.defineClass(Ljava/lang/String;[BIILjava/security/ProtectionDomain;)Ljava/lang/Class; java.base@17.0.3 (43 bytes) @ 0x00000247b8ef78d4 [0x00000247b8ef7580+0x0000000000000354]
J 1838 c1 org.eclipse.osgi.internal.loader.ModuleClassLoader.defineClass(Ljava/lang/String;[BLorg/eclipse/osgi/internal/loader/classpath/ClasspathEntry;)Lorg/eclipse/osgi/internal/loader/ModuleClassLoader$DefineClassResult; (138 bytes) @ 0x00000247b8ff631c [0x00000247b8ff60c0+0x000000000000025c]
J 1739 c1 org.eclipse.osgi.internal.loader.classpath.ClasspathManager.defineClass(Ljava/lang/String;[BLorg/eclipse/osgi/internal/loader/classpath/ClasspathEntry;Lorg/eclipse/osgi/storage/bundlefile/BundleEntry;Ljava/util/List;)Ljava/lang/Class; (636 bytes) @ 0x00000247b8fb9634 [0x00000247b8fb7c60+0x00000000000019d4]
J 1511 c1 org.eclipse.osgi.internal.loader.classpath.ClasspathManager.findClassImpl(Ljava/lang/String;Lorg/eclipse/osgi/internal/loader/classpath/ClasspathEntry;Ljava/util/List;)Ljava/lang/Class; (308 bytes) @ 0x00000247b8f3b7f4 [0x00000247b8f38a40+0x0000000000002db4]
J 1510 c1 org.eclipse.osgi.internal.loader.classpath.ClasspathManager.findLocalClassImpl(Ljava/lang/String;[Lorg/eclipse/osgi/internal/loader/classpath/ClasspathEntry;Ljava/util/List;)Ljava/lang/Class; (55 bytes) @ 0x00000247b8f37ecc [0x00000247b8f37d40+0x000000000000018c]
J 1732 c1 org.eclipse.osgi.internal.loader.classpath.ClasspathManager.findLocalClassImpl(Ljava/lang/String;Ljava/util/List;)Ljava/lang/Class; (132 bytes) @ 0x00000247b8fb4b54 [0x00000247b8fb4640+0x0000000000000514]
J 1505 c1 org.eclipse.osgi.internal.loader.classpath.ClasspathManager.findLocalClass(Ljava/lang/String;)Ljava/lang/Class; (210 bytes) @ 0x00000247b8f33a3c [0x00000247b8f32da0+0x0000000000000c9c]
J 1503 c1 org.eclipse.osgi.internal.loader.BundleLoader.findLocalClass(Ljava/lang/String;)Ljava/lang/Class; (152 bytes) @ 0x00000247b8f2fbec [0x00000247b8f2f3a0+0x000000000000084c]
J 1743 c1 org.eclipse.osgi.internal.loader.sources.SingleSourcePackage.loadClass(Ljava/lang/String;)Ljava/lang/Class; (9 bytes) @ 0x00000247b8fbeebc [0x00000247b8fbedc0+0x00000000000000fc]
J 1477 c1 org.eclipse.osgi.internal.loader.BundleLoader.findClass0(Ljava/lang/String;Z)Ljava/lang/Class; (461 bytes) @ 0x00000247b8f1d8fc [0x00000247b8f1b320+0x00000000000025dc]
J 1427 c1 org.eclipse.osgi.internal.loader.BundleLoader.findClass(Ljava/lang/String;)Ljava/lang/Class; (7 bytes) @ 0x00000247b8ef181c [0x00000247b8ef17a0+0x000000000000007c]
J 1428 c1 org.eclipse.osgi.internal.loader.ModuleClassLoader.loadClass(Ljava/lang/String;Z)Ljava/lang/Class; (20 bytes) @ 0x00000247b8ef1c7c [0x00000247b8ef1b60+0x000000000000011c]
J 657 c1 java.lang.ClassLoader.loadClass(Ljava/lang/String;)Ljava/lang/Class; java.base@17.0.3 (7 bytes) @ 0x00000247b8d7c93c [0x00000247b8d7c840+0x00000000000000fc]
v  ~StubRoutines::call_stub
j  org.eclipse.jdt.ls.core.internal.JavaLanguageServerPlugin.startConnection()V+11
j  org.eclipse.jdt.ls.core.internal.JavaLanguageServerPlugin.startLanguageServer(Lorg/eclipse/jdt/ls/core/internal/LanguageServer;)V+16
j  org.eclipse.jdt.ls.core.internal.LanguageServer.start(Lorg/eclipse/equinox/app/IApplicationContext;)Ljava/lang/Object;+1
j  org.eclipse.equinox.internal.app.EclipseAppHandle.run(Ljava/lang/Object;)Ljava/lang/Object;+138
j  org.eclipse.core.runtime.internal.adaptor.EclipseAppLauncher.runApplication(Ljava/lang/Object;)Ljava/lang/Object;+85
j  org.eclipse.core.runtime.internal.adaptor.EclipseAppLauncher.start(Ljava/lang/Object;)Ljava/lang/Object;+79
j  org.eclipse.core.runtime.adaptor.EclipseStarter.run(Ljava/lang/Object;)Ljava/lang/Object;+99
j  org.eclipse.core.runtime.adaptor.EclipseStarter.run([Ljava/lang/String;Ljava/lang/Runnable;)Ljava/lang/Object;+132
v  ~StubRoutines::call_stub
j  jdk.internal.reflect.NativeMethodAccessorImpl.invoke0(Ljava/lang/reflect/Method;Ljava/lang/Object;[Ljava/lang/Object;)Ljava/lang/Object;+0 java.base@17.0.3
j  jdk.internal.reflect.NativeMethodAccessorImpl.invoke(Ljava/lang/Object;[Ljava/lang/Object;)Ljava/lang/Object;+133 java.base@17.0.3
j  jdk.internal.reflect.DelegatingMethodAccessorImpl.invoke(Ljava/lang/Object;[Ljava/lang/Object;)Ljava/lang/Object;+6 java.base@17.0.3
j  java.lang.reflect.Method.invoke(Ljava/lang/Object;[Ljava/lang/Object;)Ljava/lang/Object;+59 java.base@17.0.3
j  org.eclipse.equinox.launcher.Main.invokeFramework([Ljava/lang/String;[Ljava/net/URL;)V+201
j  org.eclipse.equinox.launcher.Main.basicRun([Ljava/lang/String;)V+159
j  org.eclipse.equinox.launcher.Main.run([Ljava/lang/String;)I+4
j  org.eclipse.equinox.launcher.Main.main([Ljava/lang/String;)V+10
v  ~StubRoutines::call_stub

---------------  P R O C E S S  ---------------

Threads class SMR info:
_java_thread_list=0x00000247cd604b80, length=19, elements={
0x00000247b5a3e810, 0x00000247c9850b70, 0x00000247c9851b70, 0x00000247c987b040,
0x00000247c987bdc0, 0x00000247c987f2f0, 0x00000247c98834d0, 0x00000247c98a00e0,
0x00000247c98a2e50, 0x00000247c98abf00, 0x00000247cb4050b0, 0x00000247cb5bf5f0,
0x00000247cbad8a10, 0x00000247cbb78940, 0x00000247cbd89900, 0x00000247cbb57420,
0x00000247cbcaa480, 0x00000247cbdbf440, 0x00000247cb4fd540
}

Java Threads: ( => current thread )
=>0x00000247b5a3e810 JavaThread "main" [_thread_in_vm, id=27960, stack(0x0000005f88d00000,0x0000005f88e00000)]
  0x00000247c9850b70 JavaThread "Reference Handler" daemon [_thread_blocked, id=10840, stack(0x0000005f89000000,0x0000005f89100000)]
  0x00000247c9851b70 JavaThread "Finalizer" daemon [_thread_blocked, id=17296, stack(0x0000005f89100000,0x0000005f89200000)]
  0x00000247c987b040 JavaThread "Signal Dispatcher" daemon [_thread_blocked, id=44444, stack(0x0000005f89200000,0x0000005f89300000)]
  0x00000247c987bdc0 JavaThread "Attach Listener" daemon [_thread_blocked, id=45252, stack(0x0000005f89300000,0x0000005f89400000)]
  0x00000247c987f2f0 JavaThread "Service Thread" daemon [_thread_blocked, id=43064, stack(0x0000005f89400000,0x0000005f89500000)]
  0x00000247c98834d0 JavaThread "Monitor Deflation Thread" daemon [_thread_blocked, id=20900, stack(0x0000005f89500000,0x0000005f89600000)]
  0x00000247c98a00e0 JavaThread "C2 CompilerThread0" daemon [_thread_blocked, id=27916, stack(0x0000005f89600000,0x0000005f89700000)]
  0x00000247c98a2e50 JavaThread "C1 CompilerThread0" daemon [_thread_blocked, id=38540, stack(0x0000005f89700000,0x0000005f89800000)]
  0x00000247c98abf00 JavaThread "Sweeper thread" daemon [_thread_blocked, id=41220, stack(0x0000005f89800000,0x0000005f89900000)]
  0x00000247cb4050b0 JavaThread "Common-Cleaner" daemon [_thread_blocked, id=17424, stack(0x0000005f89900000,0x0000005f89a00000)]
  0x00000247cb5bf5f0 JavaThread "Notification Thread" daemon [_thread_blocked, id=41256, stack(0x0000005f89a00000,0x0000005f89b00000)]
  0x00000247cbad8a10 JavaThread "Active Thread: Equinox Container: efc84671-9520-46a3-91f2-7ffe124e2b23" [_thread_blocked, id=29060, stack(0x0000005f89c00000,0x0000005f89d00000)]
  0x00000247cbb78940 JavaThread "Framework Event Dispatcher: Equinox Container: efc84671-9520-46a3-91f2-7ffe124e2b23" daemon [_thread_blocked, id=42580, stack(0x0000005f89d00000,0x0000005f89e00000)]
  0x00000247cbd89900 JavaThread "Start Level: Equinox Container: efc84671-9520-46a3-91f2-7ffe124e2b23" daemon [_thread_blocked, id=39636, stack(0x0000005f89e00000,0x0000005f89f00000)]
  0x00000247cbb57420 JavaThread "SCR Component Actor" daemon [_thread_blocked, id=6988, stack(0x0000005f89f00000,0x0000005f8a000000)]
  0x00000247cbcaa480 JavaThread "Worker-JM" [_thread_blocked, id=28972, stack(0x0000005f8a400000,0x0000005f8a500000)]
  0x00000247cbdbf440 JavaThread "Worker-0" [_thread_blocked, id=25284, stack(0x0000005f8a500000,0x0000005f8a600000)]
  0x00000247cb4fd540 JavaThread "Worker-1" [_thread_blocked, id=22060, stack(0x0000005f8a600000,0x0000005f8a700000)]

Other Threads:
  0x00000247c98369a0 VMThread "VM Thread" [stack: 0x0000005f88f00000,0x0000005f89000000] [id=36068]
  0x00000247cb5bfac0 WatcherThread [stack: 0x0000005f89b00000,0x0000005f89c00000] [id=14428]
  0x00000247b37eb740 GCTaskThread "GC Thread#0" [stack: 0x0000005f88e00000,0x0000005f88f00000] [id=43772]
  0x00000247cb578f80 GCTaskThread "GC Thread#1" [stack: 0x0000005f8a000000,0x0000005f8a100000] [id=26368]
  0x00000247cbbf0f30 GCTaskThread "GC Thread#2" [stack: 0x0000005f8a100000,0x0000005f8a200000] [id=41088]
  0x00000247cbbf11e0 GCTaskThread "GC Thread#3" [stack: 0x0000005f8a200000,0x0000005f8a300000] [id=14420]

Threads with active compile tasks:

VM state: not at safepoint (normal execution)

VM Mutex/Monitor currently owned by a thread:  ([mutex/lock_event])
[0x00000247b5a375c0] Metaspace_lock - owner thread: 0x00000247b5a3e810

Heap address: 0x00000000c0000000, size: 1024 MB, Compressed Oops mode: 32-bit

CDS archive(s) not mapped
Compressed class space mapped at: 0x0000000100000000-0x0000000140000000, reserved size: 1073741824
Narrow klass base: 0x0000000000000000, Narrow klass shift: 3, Narrow klass range: 0x140000000

GC Precious Log:
 CPUs: 4 total, 4 available
 Memory: 4007M
 Large Page Support: Disabled
 NUMA Support: Disabled
 Compressed Oops: Enabled (32-bit)
 Alignments: Space 512K, Generation 512K, Heap 2M
 Heap Min Capacity: 100M
 Heap Initial Capacity: 100M
 Heap Max Capacity: 1G
 Pre-touch: Disabled
 Parallel Workers: 4

Heap:
 PSYoungGen      total 29696K, used 2656K [0x00000000eab00000, 0x00000000ecc00000, 0x0000000100000000)
  eden space 25600K, 3% used [0x00000000eab00000,0x00000000eabedda0,0x00000000ec400000)
  from space 4096K, 41% used [0x00000000ec400000,0x00000000ec5aa570,0x00000000ec800000)
  to   space 4096K, 0% used [0x00000000ec800000,0x00000000ec800000,0x00000000ecc00000)
 ParOldGen       total 68608K, used 6359K [0x00000000c0000000, 0x00000000c4300000, 0x00000000eab00000)
  object space 68608K, 9% used [0x00000000c0000000,0x00000000c0635e08,0x00000000c4300000)
 Metaspace       used 28283K, committed 28672K, reserved 1081344K
  class space    used 2796K, committed 2944K, reserved 1048576K

Card table byte_map: [0x00000247b5400000,0x00000247b5610000] _byte_map_base: 0x00000247b4e00000

Marking Bits: (ParMarkBitMap*) 0x00007ff8ff114b80
 Begin Bits: [0x00000247c76d0000, 0x00000247c86d0000)
 End Bits:   [0x00000247c86d0000, 0x00000247c96d0000)

Polling page: 0x00000247b39b0000

Metaspace:

Usage:
  Non-class:     24.89 MB used.
      Class:      2.73 MB used.
       Both:     27.62 MB used.

Virtual space:
  Non-class space:       32.00 MB reserved,      25.12 MB ( 79%) committed,  4 nodes.
      Class space:        1.00 GB reserved,       2.88 MB ( <1%) committed,  1 nodes.
             Both:        1.03 GB reserved,      28.00 MB (  3%) committed. 

Chunk freelists:
   Non-Class:  2.25 MB
       Class:  966.00 KB
        Both:  3.19 MB

MaxMetaspaceSize: unlimited
CompressedClassSpaceSize: 1.00 GB
Initial GC threshold: 21.00 MB
Current GC threshold: 35.00 MB
CDS: off
MetaspaceReclaimPolicy: balanced
 - commit_granule_bytes: 65536.
 - commit_granule_words: 8192.
 - virtual_space_node_default_size: 1048576.
 - enlarge_chunks_in_place: 1.
 - new_chunks_are_fully_committed: 0.
 - uncommit_free_chunks: 1.
 - use_allocation_guard: 0.
 - handle_deallocations: 1.


Internal statistics:

num_allocs_failed_limit: 3.
num_arena_births: 170.
num_arena_deaths: 0.
num_vsnodes_births: 5.
num_vsnodes_deaths: 0.
num_space_committed: 448.
num_space_uncommitted: 0.
num_chunks_returned_to_freelist: 3.
num_chunks_taken_from_freelist: 879.
num_chunk_merges: 3.
num_chunk_splits: 618.
num_chunks_enlarged: 466.
num_purges: 0.
num_inconsistent_stats: 0.

CodeHeap 'non-profiled nmethods': size=120000Kb used=768Kb max_used=768Kb free=119231Kb
 bounds [0x00000247c01a0000, 0x00000247c0410000, 0x00000247c76d0000]
CodeHeap 'profiled nmethods': size=120000Kb used=4361Kb max_used=4361Kb free=115638Kb
 bounds [0x00000247b8c70000, 0x00000247b90c0000, 0x00000247c01a0000]
CodeHeap 'non-nmethods': size=5760Kb used=1239Kb max_used=1255Kb free=4521Kb
 bounds [0x00000247b86d0000, 0x00000247b8940000, 0x00000247b8c70000]
 total_blobs=2779 nmethods=2227 adapters=466
 compilation: enabled
              stopped_count=0, restarted_count=0
 full_count=0

Compilation events (20 events):
Event: 13.875 Thread 0x00000247c98a2e50 nmethod 2221 0x00000247b90ac990 code [0x00000247b90acb80, 0x00000247b90ad098]
Event: 13.876 Thread 0x00000247c98a2e50 2222       3       jdk.internal.org.objectweb.asm.SymbolTable::put (150 bytes)
Event: 13.876 Thread 0x00000247c98a00e0 nmethod 2220 0x00000247c025f590 code [0x00000247c025f720, 0x00000247c025f818]
Event: 13.876 Thread 0x00000247c98a2e50 nmethod 2222 0x00000247b90ad210 code [0x00000247b90ad3e0, 0x00000247b90adaf8]
Event: 13.888 Thread 0x00000247c98a2e50 2223   !   3       java.util.concurrent.ConcurrentHashMap::replaceNode (438 bytes)
Event: 13.891 Thread 0x00000247c98a2e50 nmethod 2223 0x00000247b90ade10 code [0x00000247b90ae160, 0x00000247b90af8f8]
Event: 13.891 Thread 0x00000247c98a2e50 2224       1       java.lang.reflect.Method::getDeclaringClass (5 bytes)
Event: 13.891 Thread 0x00000247c98a2e50 nmethod 2224 0x00000247c025f910 code [0x00000247c025faa0, 0x00000247c025fb78]
Event: 13.894 Thread 0x00000247c98a2e50 2225       1       java.lang.reflect.Method::getModifiers (5 bytes)
Event: 13.894 Thread 0x00000247c98a2e50 nmethod 2225 0x00000247c025fc10 code [0x00000247c025fda0, 0x00000247c025fe78]
Event: 13.898 Thread 0x00000247c98a2e50 2226       3       org.eclipse.osgi.container.Module::checkValid (47 bytes)
Event: 13.899 Thread 0x00000247c98a2e50 nmethod 2226 0x00000247b90b0590 code [0x00000247b90b0820, 0x00000247b90b12a8]
Event: 13.899 Thread 0x00000247c98a2e50 2227       3       java.util.HashMap::keysToArray (81 bytes)
Event: 13.900 Thread 0x00000247c98a2e50 nmethod 2227 0x00000247b90b1690 code [0x00000247b90b1860, 0x00000247b90b1cb8]
Event: 13.902 Thread 0x00000247c98a00e0 2228       4       java.lang.ref.Reference::<init> (25 bytes)
Event: 13.902 Thread 0x00000247c98a2e50 2229       3       java.lang.Class$ReflectionData::<init> (10 bytes)
Event: 13.902 Thread 0x00000247c98a2e50 nmethod 2229 0x00000247b90b1e90 code [0x00000247b90b2020, 0x00000247b90b2198]
Event: 13.902 Thread 0x00000247c98a2e50 2230       3       java.lang.Class$Atomic::casReflectionData (13 bytes)
Event: 13.902 Thread 0x00000247c98a2e50 nmethod 2230 0x00000247b90b2290 code [0x00000247b90b2420, 0x00000247b90b2538]
Event: 13.903 Thread 0x00000247c98a00e0 nmethod 2228 0x00000247c025ff10 code [0x00000247c0260080, 0x00000247c0260178]

GC Heap History (8 events):
Event: 4.600 GC heap before
{Heap before GC invocations=1 (full 0):
 PSYoungGen      total 29696K, used 25600K [0x00000000eab00000, 0x00000000ecc00000, 0x0000000100000000)
  eden space 25600K, 100% used [0x00000000eab00000,0x00000000ec400000,0x00000000ec400000)
  from space 4096K, 0% used [0x00000000ec800000,0x00000000ec800000,0x00000000ecc00000)
  to   space 4096K, 0% used [0x00000000ec400000,0x00000000ec400000,0x00000000ec800000)
 ParOldGen       total 68608K, used 0K [0x00000000c0000000, 0x00000000c4300000, 0x00000000eab00000)
  object space 68608K, 0% used [0x00000000c0000000,0x00000000c0000000,0x00000000c4300000)
 Metaspace       used 13068K, committed 13312K, reserved 1064960K
  class space    used 1328K, committed 1472K, reserved 1048576K
}
Event: 4.612 GC heap after
{Heap after GC invocations=1 (full 0):
 PSYoungGen      total 29696K, used 3944K [0x00000000eab00000, 0x00000000ecc00000, 0x0000000100000000)
  eden space 25600K, 0% used [0x00000000eab00000,0x00000000eab00000,0x00000000ec400000)
  from space 4096K, 96% used [0x00000000ec400000,0x00000000ec7da2f8,0x00000000ec800000)
  to   space 4096K, 0% used [0x00000000ec800000,0x00000000ec800000,0x00000000ecc00000)
 ParOldGen       total 68608K, used 16K [0x00000000c0000000, 0x00000000c4300000, 0x00000000eab00000)
  object space 68608K, 0% used [0x00000000c0000000,0x00000000c0004000,0x00000000c4300000)
 Metaspace       used 13068K, committed 13312K, reserved 1064960K
  class space    used 1328K, committed 1472K, reserved 1048576K
}
Event: 9.143 GC heap before
{Heap before GC invocations=2 (full 0):
 PSYoungGen      total 29696K, used 22091K [0x00000000eab00000, 0x00000000ecc00000, 0x0000000100000000)
  eden space 25600K, 70% used [0x00000000eab00000,0x00000000ebcb89f8,0x00000000ec400000)
  from space 4096K, 96% used [0x00000000ec400000,0x00000000ec7da2f8,0x00000000ec800000)
  to   space 4096K, 0% used [0x00000000ec800000,0x00000000ec800000,0x00000000ecc00000)
 ParOldGen       total 68608K, used 16K [0x00000000c0000000, 0x00000000c4300000, 0x00000000eab00000)
  object space 68608K, 0% used [0x00000000c0000000,0x00000000c0004000,0x00000000c4300000)
 Metaspace       used 21173K, committed 21504K, reserved 1073152K
  class space    used 2148K, committed 2304K, reserved 1048576K
}
Event: 9.161 GC heap after
{Heap after GC invocations=2 (full 0):
 PSYoungGen      total 29696K, used 4086K [0x00000000eab00000, 0x00000000ecc00000, 0x0000000100000000)
  eden space 25600K, 0% used [0x00000000eab00000,0x00000000eab00000,0x00000000ec400000)
  from space 4096K, 99% used [0x00000000ec800000,0x00000000ecbfd850,0x00000000ecc00000)
  to   space 4096K, 0% used [0x00000000ec400000,0x00000000ec400000,0x00000000ec800000)
 ParOldGen       total 68608K, used 2327K [0x00000000c0000000, 0x00000000c4300000, 0x00000000eab00000)
  object space 68608K, 3% used [0x00000000c0000000,0x00000000c0245f38,0x00000000c4300000)
 Metaspace       used 21173K, committed 21504K, reserved 1073152K
  class space    used 2148K, committed 2304K, reserved 1048576K
}
Event: 9.161 GC heap before
{Heap before GC invocations=3 (full 1):
 PSYoungGen      total 29696K, used 4086K [0x00000000eab00000, 0x00000000ecc00000, 0x0000000100000000)
  eden space 25600K, 0% used [0x00000000eab00000,0x00000000eab00000,0x00000000ec400000)
  from space 4096K, 99% used [0x00000000ec800000,0x00000000ecbfd850,0x00000000ecc00000)
  to   space 4096K, 0% used [0x00000000ec400000,0x00000000ec400000,0x00000000ec800000)
 ParOldGen       total 68608K, used 2327K [0x00000000c0000000, 0x00000000c4300000, 0x00000000eab00000)
  object space 68608K, 3% used [0x00000000c0000000,0x00000000c0245f38,0x00000000c4300000)
 Metaspace       used 21173K, committed 21504K, reserved 1073152K
  class space    used 2148K, committed 2304K, reserved 1048576K
}
Event: 9.212 GC heap after
{Heap after GC invocations=3 (full 1):
 PSYoungGen      total 29696K, used 0K [0x00000000eab00000, 0x00000000ecc00000, 0x0000000100000000)
  eden space 25600K, 0% used [0x00000000eab00000,0x00000000eab00000,0x00000000ec400000)
  from space 4096K, 0% used [0x00000000ec800000,0x00000000ec800000,0x00000000ecc00000)
  to   space 4096K, 0% used [0x00000000ec400000,0x00000000ec400000,0x00000000ec800000)
 ParOldGen       total 68608K, used 6351K [0x00000000c0000000, 0x00000000c4300000, 0x00000000eab00000)
  object space 68608K, 9% used [0x00000000c0000000,0x00000000c0633e08,0x00000000c4300000)
 Metaspace       used 21173K, committed 21504K, reserved 1073152K
  class space    used 2148K, committed 2304K, reserved 1048576K
}
Event: 13.883 GC heap before
{Heap before GC invocations=4 (full 1):
 PSYoungGen      total 29696K, used 25600K [0x00000000eab00000, 0x00000000ecc00000, 0x0000000100000000)
  eden space 25600K, 100% used [0x00000000eab00000,0x00000000ec400000,0x00000000ec400000)
  from space 4096K, 0% used [0x00000000ec800000,0x00000000ec800000,0x00000000ecc00000)
  to   space 4096K, 0% used [0x00000000ec400000,0x00000000ec400000,0x00000000ec800000)
 ParOldGen       total 68608K, used 6351K [0x00000000c0000000, 0x00000000c4300000, 0x00000000eab00000)
  object space 68608K, 9% used [0x00000000c0000000,0x00000000c0633e08,0x00000000c4300000)
 Metaspace       used 28257K, committed 28672K, reserved 1081344K
  class space    used 2793K, committed 2944K, reserved 1048576K
}
Event: 13.887 GC heap after
{Heap after GC invocations=4 (full 1):
 PSYoungGen      total 29696K, used 1705K [0x00000000eab00000, 0x00000000ecc00000, 0x0000000100000000)
  eden space 25600K, 0% used [0x00000000eab00000,0x00000000eab00000,0x00000000ec400000)
  from space 4096K, 41% used [0x00000000ec400000,0x00000000ec5aa570,0x00000000ec800000)
  to   space 4096K, 0% used [0x00000000ec800000,0x00000000ec800000,0x00000000ecc00000)
 ParOldGen       total 68608K, used 6359K [0x00000000c0000000, 0x00000000c4300000, 0x00000000eab00000)
  object space 68608K, 9% used [0x00000000c0000000,0x00000000c0635e08,0x00000000c4300000)
 Metaspace       used 28257K, committed 28672K, reserved 1081344K
  class space    used 2793K, committed 2944K, reserved 1048576K
}

Deoptimization events (20 events):
Event: 11.591 Thread 0x00000247cbd89900 Uncommon trap: trap_request=0xffffff45 fr.pc=0x00000247c024e46c relative=0x0000000000000fec
Event: 11.591 Thread 0x00000247cbd89900 Uncommon trap: reason=unstable_if action=reinterpret pc=0x00000247c024e46c method=java.util.Properties$LineReader.readLine()I @ 256 c2
Event: 11.591 Thread 0x00000247cbd89900 DEOPT PACKING pc=0x00000247c024e46c sp=0x0000005f89efb250
Event: 11.591 Thread 0x00000247cbd89900 DEOPT UNPACKING pc=0x00000247b87220a3 sp=0x0000005f89efb1e8 mode 2
Event: 13.662 Thread 0x00000247cbd89900 Uncommon trap: trap_request=0xffffff45 fr.pc=0x00000247c0259734 relative=0x0000000000000114
Event: 13.662 Thread 0x00000247cbd89900 Uncommon trap: reason=unstable_if action=reinterpret pc=0x00000247c0259734 method=jdk.internal.org.objectweb.asm.SymbolTable.put(Ljdk/internal/org/objectweb/asm/SymbolTable$Entry;)Ljdk/internal/org/objectweb/asm/SymbolTable$Entry; @ 13 c2
Event: 13.662 Thread 0x00000247cbd89900 DEOPT PACKING pc=0x00000247c0259734 sp=0x0000005f89efbbc0
Event: 13.662 Thread 0x00000247cbd89900 DEOPT UNPACKING pc=0x00000247b87220a3 sp=0x0000005f89efbb20 mode 2
Event: 13.753 Thread 0x00000247cbd89900 Uncommon trap: trap_request=0xffffff76 fr.pc=0x00000247c0255a9c relative=0x000000000000065c
Event: 13.753 Thread 0x00000247cbd89900 Uncommon trap: reason=predicate action=maybe_recompile pc=0x00000247c0255a9c method=java.util.TreeMap.getEntryUsingComparator(Ljava/lang/Object;)Ljava/util/TreeMap$Entry; @ 19 c2
Event: 13.753 Thread 0x00000247cbd89900 DEOPT PACKING pc=0x00000247c0255a9c sp=0x0000005f89efc7d0
Event: 13.753 Thread 0x00000247cbd89900 DEOPT UNPACKING pc=0x00000247b87220a3 sp=0x0000005f89efc6f0 mode 2
Event: 13.877 Thread 0x00000247cbd89900 Uncommon trap: trap_request=0xffffffc6 fr.pc=0x00000247c023a5e8 relative=0x0000000000000228
Event: 13.877 Thread 0x00000247cbd89900 Uncommon trap: reason=bimorphic_or_optimized_type_check action=maybe_recompile pc=0x00000247c023a5e8 method=java.util.Collections$UnmodifiableCollection$1.<init>(Ljava/util/Collections$UnmodifiableCollection;)V @ 17 c2
Event: 13.877 Thread 0x00000247cbd89900 DEOPT PACKING pc=0x00000247c023a5e8 sp=0x0000005f89efc430
Event: 13.877 Thread 0x00000247cbd89900 DEOPT UNPACKING pc=0x00000247b87220a3 sp=0x0000005f89efc360 mode 2
Event: 13.902 Thread 0x00000247b5a3e810 Uncommon trap: trap_request=0xffffff76 fr.pc=0x00000247c0253b98 relative=0x0000000000000658
Event: 13.902 Thread 0x00000247b5a3e810 Uncommon trap: reason=predicate action=maybe_recompile pc=0x00000247c0253b98 method=java.util.TreeMap.getEntryUsingComparator(Ljava/lang/Object;)Ljava/util/TreeMap$Entry; @ 19 c2
Event: 13.902 Thread 0x00000247b5a3e810 DEOPT PACKING pc=0x00000247c0253b98 sp=0x0000005f88dfe1f0
Event: 13.902 Thread 0x00000247b5a3e810 DEOPT UNPACKING pc=0x00000247b87220a3 sp=0x0000005f88dfe1a0 mode 2

Classes unloaded (0 events):
No events

Classes redefined (0 events):
No events

Internal exceptions (20 events):
Event: 3.459 Thread 0x00000247b5a3e810 Exception <a 'java/lang/NoSuchMethodError'{0x00000000eb9d7f68}: 'void java.lang.invoke.DirectMethodHandle$Holder.invokeSpecial(java.lang.Object, java.lang.Object, java.lang.Object)'> (0x00000000eb9d7f68) 
thrown [e:\jenkins\tmp\workspace\build\src\src\hotspot\share\interpreter\linkResolver.cpp, line 766]
Event: 3.955 Thread 0x00000247b5a3e810 Exception <a 'java/lang/NoSuchMethodError'{0x00000000ebf505e0}: 'java.lang.Object java.lang.invoke.DirectMethodHandle$Holder.newInvokeSpecial(java.lang.Object, int, java.lang.Object)'> (0x00000000ebf505e0) 
thrown [e:\jenkins\tmp\workspace\build\src\src\hotspot\share\interpreter\linkResolver.cpp, line 766]
Event: 4.346 Thread 0x00000247b5a3e810 Exception <a 'java/lang/UnsatisfiedLinkError'{0x00000000ec2590a0}: 'void org.eclipse.equinox.launcher.JNIBridge._update_splash()'> (0x00000000ec2590a0) 
thrown [e:\jenkins\tmp\workspace\build\src\src\hotspot\share\prims\nativeLookup.cpp, line 543]
Event: 4.688 Thread 0x00000247cbd89900 Exception <a 'java/lang/NoSuchMethodError'{0x00000000eacbb140}: 'java.lang.Object java.lang.invoke.DirectMethodHandle$Holder.invokeStaticInit(java.lang.Object)'> (0x00000000eacbb140) 
thrown [e:\jenkins\tmp\workspace\build\src\src\hotspot\share\interpreter\linkResolver.cpp, line 766]
Event: 6.189 Thread 0x00000247cbd89900 Exception <a 'java/io/FileNotFoundException'{0x00000000eaf9e3f0}> (0x00000000eaf9e3f0) 
thrown [e:\jenkins\tmp\workspace\build\src\src\hotspot\share\prims\jni.cpp, line 516]
Event: 7.571 Thread 0x00000247cbd89900 Exception <a 'java/lang/NoSuchMethodError'{0x00000000eb419a18}: 'void java.lang.invoke.DirectMethodHandle$Holder.invokeInterface(java.lang.Object, java.lang.Object, java.lang.Object)'> (0x00000000eb419a18) 
thrown [e:\jenkins\tmp\workspace\build\src\src\hotspot\share\interpreter\linkResolver.cpp, line 766]
Event: 7.749 Thread 0x00000247cbd89900 Exception <a 'java/lang/NoSuchMethodError'{0x00000000eb5b34a8}: 'java.lang.Object java.lang.invoke.Invokers$Holder.invokeExact_MT(java.lang.Object, java.lang.Object, java.lang.Object, java.lang.Object, java.lang.Object, java.lang.Object)'> (0x00000000eb5b34a8) 
thrown [e:\jenkins\tmp\workspace\build\src\src\hotspot\share\interpreter\linkResolver.cpp, line 766]
Event: 7.850 Thread 0x00000247cbd89900 Exception <a 'java/io/FileNotFoundException'{0x00000000eb5f9120}> (0x00000000eb5f9120) 
thrown [e:\jenkins\tmp\workspace\build\src\src\hotspot\share\prims\jni.cpp, line 516]
Event: 8.410 Thread 0x00000247cbd89900 Exception <a 'java/lang/NoSuchMethodError'{0x00000000eb953c90}: 'int java.lang.invoke.DirectMethodHandle$Holder.invokeStaticInit(java.lang.Object, java.lang.Object, java.lang.Object)'> (0x00000000eb953c90) 
thrown [e:\jenkins\tmp\workspace\build\src\src\hotspot\share\interpreter\linkResolver.cpp, line 766]
Event: 8.424 Thread 0x00000247cbd89900 Exception <a 'java/lang/IncompatibleClassChangeError'{0x00000000eb987378}: Found class java.lang.Object, but interface was expected> (0x00000000eb987378) 
thrown [e:\jenkins\tmp\workspace\build\src\src\hotspot\share\interpreter\linkResolver.cpp, line 833]
Event: 10.136 Thread 0x00000247cbd89900 Exception <a 'java/lang/ClassNotFoundException'{0x00000000ebbf12a0}: com/sun/org/apache/xerces/internal/impl/msg/spi/DOMMessagesProvider> (0x00000000ebbf12a0) 
thrown [e:\jenkins\tmp\workspace\build\src\src\hotspot\share\classfile\systemDictionary.cpp, line 256]
Event: 10.139 Thread 0x00000247cbd89900 Implicit null exception at 0x00000247c022f68d to 0x00000247c0230384
Event: 10.168 Thread 0x00000247cbd89900 Exception <a 'java/lang/ClassNotFoundException'{0x00000000ebc1a040}: com/sun/org/apache/xerces/internal/impl/msg/spi/XMLSerializerMessagesProvider> (0x00000000ebc1a040) 
thrown [e:\jenkins\tmp\workspace\build\src\src\hotspot\share\classfile\systemDictionary.cpp, line 256]
Event: 10.172 Thread 0x00000247cbd89900 Exception <a 'java/lang/ClassNotFoundException'{0x00000000ebc32688}: com/sun/org/apache/xerces/internal/impl/msg/spi/XMLMessagesProvider> (0x00000000ebc32688) 
thrown [e:\jenkins\tmp\workspace\build\src\src\hotspot\share\classfile\systemDictionary.cpp, line 256]
Event: 10.898 Thread 0x00000247cbd89900 Exception <a 'java/lang/ClassNotFoundException'{0x00000000ebf476c8}: com/sun/org/apache/xml/internal/serializer/spi/XMLEntitiesProvider> (0x00000000ebf476c8) 
thrown [e:\jenkins\tmp\workspace\build\src\src\hotspot\share\classfile\systemDictionary.cpp, line 256]
Event: 11.548 Thread 0x00000247cbd89900 Exception <a 'java/io/FileNotFoundException'{0x00000000ec153e70}> (0x00000000ec153e70) 
thrown [e:\jenkins\tmp\workspace\build\src\src\hotspot\share\prims\jni.cpp, line 516]
Event: 13.671 Thread 0x00000247cbd89900 Exception <a 'java/lang/UnsatisfiedLinkError'{0x00000000ec2bfd58}: La procédure spécifiée est introuvable.
> (0x00000000ec2bfd58) 
thrown [e:\jenkins\tmp\workspace\build\src\src\hotspot\share\prims\jni.cpp, line 535]
Event: 13.678 Thread 0x00000247cbd89900 Exception <a 'java/io/FileNotFoundException'{0x00000000ec2cbe48}> (0x00000000ec2cbe48) 
thrown [e:\jenkins\tmp\workspace\build\src\src\hotspot\share\prims\jni.cpp, line 516]
Event: 13.771 Thread 0x00000247cbd89900 Exception <a 'java/io/FileNotFoundException'{0x00000000ec2f63a0}> (0x00000000ec2f63a0) 
thrown [e:\jenkins\tmp\workspace\build\src\src\hotspot\share\prims\jni.cpp, line 516]
Event: 13.879 Thread 0x00000247cbd89900 Exception <a 'java/lang/UnsatisfiedLinkError'{0x00000000ec3fc080}: La procédure spécifiée est introuvable.
> (0x00000000ec3fc080) 
thrown [e:\jenkins\tmp\workspace\build\src\src\hotspot\share\prims\jni.cpp, line 535]

VM Operations (20 events):
Event: 9.143 Executing VM operation: CollectForMetadataAllocation
Event: 9.212 Executing VM operation: CollectForMetadataAllocation done
Event: 10.212 Executing VM operation: Cleanup
Event: 10.212 Executing VM operation: Cleanup done
Event: 10.233 Executing VM operation: HandshakeAllThreads
Event: 10.233 Executing VM operation: HandshakeAllThreads done
Event: 10.273 Executing VM operation: HandshakeAllThreads
Event: 10.274 Executing VM operation: HandshakeAllThreads done
Event: 11.274 Executing VM operation: Cleanup
Event: 11.313 Executing VM operation: Cleanup done
Event: 11.379 Executing VM operation: HandshakeAllThreads
Event: 11.379 Executing VM operation: HandshakeAllThreads done
Event: 12.379 Executing VM operation: Cleanup
Event: 12.379 Executing VM operation: Cleanup done
Event: 13.645 Executing VM operation: HandshakeAllThreads
Event: 13.645 Executing VM operation: HandshakeAllThreads done
Event: 13.650 Executing VM operation: HandshakeAllThreads
Event: 13.650 Executing VM operation: HandshakeAllThreads done
Event: 13.883 Executing VM operation: ParallelGCFailedAllocation
Event: 13.887 Executing VM operation: ParallelGCFailedAllocation done

Events (20 events):
Event: 13.757 loading class javax/crypto/IllegalBlockSizeException
Event: 13.757 loading class javax/crypto/IllegalBlockSizeException done
Event: 13.769 loading class java/security/InvalidAlgorithmParameterException
Event: 13.769 loading class java/security/InvalidAlgorithmParameterException done
Event: 13.769 loading class java/security/spec/InvalidKeySpecException
Event: 13.769 loading class java/security/spec/InvalidKeySpecException done
Event: 13.769 loading class javax/crypto/NoSuchPaddingException
Event: 13.769 loading class javax/crypto/NoSuchPaddingException done
Event: 13.769 loading class java/security/spec/InvalidParameterSpecException
Event: 13.769 loading class java/security/spec/InvalidParameterSpecException done
Event: 13.770 loading class javax/crypto/spec/PBEKeySpec
Event: 13.770 loading class javax/crypto/spec/PBEKeySpec done
Event: 13.874 loading class java/lang/annotation/Documented
Event: 13.874 loading class java/lang/annotation/Documented done
Event: 13.877 loading class java/lang/Class$AnnotationData
Event: 13.877 loading class java/lang/Class$AnnotationData done
Event: 13.878 loading class jdk/internal/reflect/UnsafeBooleanFieldAccessorImpl
Event: 13.878 loading class jdk/internal/reflect/UnsafeBooleanFieldAccessorImpl done
Event: 13.902 loading class java/util/concurrent/Executors$DefaultThreadFactory
Event: 13.902 loading class java/util/concurrent/Executors$DefaultThreadFactory done


Dynamic libraries:
0x00007ff7d08a0000 - 0x00007ff7d08ae000 	c:\Users\timot\.vscode\extensions\redhat.java-1.7.0-win32-x64\jre\17.0.3-win32-x86_64\bin\java.exe
0x00007ff958950000 - 0x00007ff958b45000 	C:\WINDOWS\SYSTEM32\ntdll.dll
0x00007ff958850000 - 0x00007ff95890d000 	C:\WINDOWS\System32\KERNEL32.DLL
0x00007ff956060000 - 0x00007ff95632d000 	C:\WINDOWS\System32\KERNELBASE.dll
0x00007ff9568a0000 - 0x00007ff9569a0000 	C:\WINDOWS\System32\ucrtbase.dll
0x00007ff92c5b0000 - 0x00007ff92c5c8000 	c:\Users\timot\.vscode\extensions\redhat.java-1.7.0-win32-x64\jre\17.0.3-win32-x86_64\bin\jli.dll
0x00007ff957e90000 - 0x00007ff958030000 	C:\WINDOWS\System32\USER32.dll
0x00007ff9564e0000 - 0x00007ff956502000 	C:\WINDOWS\System32\win32u.dll
0x00007ff956a50000 - 0x00007ff956a7a000 	C:\WINDOWS\System32\GDI32.dll
0x00007ff956590000 - 0x00007ff95669b000 	C:\WINDOWS\System32\gdi32full.dll
0x00007ff956800000 - 0x00007ff95689d000 	C:\WINDOWS\System32\msvcp_win.dll
0x00007ff92c240000 - 0x00007ff92c259000 	c:\Users\timot\.vscode\extensions\redhat.java-1.7.0-win32-x64\jre\17.0.3-win32-x86_64\bin\VCRUNTIME140.dll
0x00007ff930e60000 - 0x00007ff9310fa000 	C:\WINDOWS\WinSxS\amd64_microsoft.windows.common-controls_6595b64144ccf1df_6.0.19041.1110_none_60b5254171f9507e\COMCTL32.dll
0x00007ff958030000 - 0x00007ff9580ce000 	C:\WINDOWS\System32\msvcrt.dll
0x00007ff958340000 - 0x00007ff958370000 	C:\WINDOWS\System32\IMM32.DLL
0x00007ff9517a0000 - 0x00007ff9517ac000 	c:\Users\timot\.vscode\extensions\redhat.java-1.7.0-win32-x64\jre\17.0.3-win32-x86_64\bin\vcruntime140_1.dll
0x00007ff91d3f0000 - 0x00007ff91d481000 	c:\Users\timot\.vscode\extensions\redhat.java-1.7.0-win32-x64\jre\17.0.3-win32-x86_64\bin\msvcp140.dll
0x00007ff8fe590000 - 0x00007ff8ff1d8000 	c:\Users\timot\.vscode\extensions\redhat.java-1.7.0-win32-x64\jre\17.0.3-win32-x86_64\bin\server\jvm.dll
0x00007ff956a80000 - 0x00007ff956b2e000 	C:\WINDOWS\System32\ADVAPI32.dll
0x00007ff957740000 - 0x00007ff9577dc000 	C:\WINDOWS\System32\sechost.dll
0x00007ff957b40000 - 0x00007ff957c65000 	C:\WINDOWS\System32\RPCRT4.dll
0x00007ff956b30000 - 0x00007ff956b38000 	C:\WINDOWS\System32\PSAPI.DLL
0x00007ff942960000 - 0x00007ff942969000 	C:\WINDOWS\SYSTEM32\WSOCK32.dll
0x00007ff9581c0000 - 0x00007ff95822b000 	C:\WINDOWS\System32\WS2_32.dll
0x00007ff949720000 - 0x00007ff949747000 	C:\WINDOWS\SYSTEM32\WINMM.dll
0x00007ff950d50000 - 0x00007ff950d5a000 	C:\WINDOWS\SYSTEM32\VERSION.dll
0x00007ff9548b0000 - 0x00007ff9548c2000 	C:\WINDOWS\SYSTEM32\kernel.appcore.dll
0x00007ff951770000 - 0x00007ff95177a000 	c:\Users\timot\.vscode\extensions\redhat.java-1.7.0-win32-x64\jre\17.0.3-win32-x86_64\bin\jimage.dll
0x00007ff953cd0000 - 0x00007ff953eb4000 	C:\WINDOWS\SYSTEM32\DBGHELP.DLL
0x00007ff948a30000 - 0x00007ff948a5c000 	C:\WINDOWS\SYSTEM32\dbgcore.DLL
0x00007ff9563e0000 - 0x00007ff956462000 	C:\WINDOWS\System32\bcryptPrimitives.dll
0x00007ff928060000 - 0x00007ff928085000 	c:\Users\timot\.vscode\extensions\redhat.java-1.7.0-win32-x64\jre\17.0.3-win32-x86_64\bin\java.dll
0x00007ff92c030000 - 0x00007ff92c048000 	c:\Users\timot\.vscode\extensions\redhat.java-1.7.0-win32-x64\jre\17.0.3-win32-x86_64\bin\zip.dll
0x00007ff956ea0000 - 0x00007ff9575e4000 	C:\WINDOWS\System32\SHELL32.dll
0x00007ff954100000 - 0x00007ff954894000 	C:\WINDOWS\SYSTEM32\windows.storage.dll
0x00007ff956b40000 - 0x00007ff956e94000 	C:\WINDOWS\System32\combase.dll
0x00007ff955910000 - 0x00007ff95593c000 	C:\WINDOWS\SYSTEM32\Wldp.dll
0x00007ff9569a0000 - 0x00007ff956a4d000 	C:\WINDOWS\System32\SHCORE.dll
0x00007ff9582e0000 - 0x00007ff958335000 	C:\WINDOWS\System32\shlwapi.dll
0x00007ff955fa0000 - 0x00007ff955fbf000 	C:\WINDOWS\SYSTEM32\profapi.dll
0x00007ff928e40000 - 0x00007ff928e59000 	C:\Users\timot\.vscode\extensions\redhat.java-1.7.0-win32-x64\jre\17.0.3-win32-x86_64\bin\net.dll
0x00007ff94e9b0000 - 0x00007ff94eaba000 	C:\WINDOWS\SYSTEM32\WINHTTP.dll
0x00007ff9556f0000 - 0x00007ff95575a000 	C:\WINDOWS\system32\mswsock.dll
0x00007ff926b30000 - 0x00007ff926b45000 	C:\Users\timot\.vscode\extensions\redhat.java-1.7.0-win32-x64\jre\17.0.3-win32-x86_64\bin\nio.dll
0x00007ff9559c0000 - 0x00007ff9559d8000 	C:\WINDOWS\SYSTEM32\CRYPTSP.dll
0x00007ff955090000 - 0x00007ff9550c4000 	C:\WINDOWS\system32\rsaenh.dll
0x00007ff956560000 - 0x00007ff956587000 	C:\WINDOWS\System32\bcrypt.dll
0x00007ff955f60000 - 0x00007ff955f8e000 	C:\WINDOWS\SYSTEM32\USERENV.dll
0x00007ff955880000 - 0x00007ff95588c000 	C:\WINDOWS\SYSTEM32\CRYPTBASE.dll
0x00007ff955400000 - 0x00007ff95543b000 	C:\WINDOWS\SYSTEM32\IPHLPAPI.DLL
0x00007ff9577e0000 - 0x00007ff9577e8000 	C:\WINDOWS\System32\NSI.dll
0x00007ff94f740000 - 0x00007ff94f757000 	C:\WINDOWS\SYSTEM32\dhcpcsvc6.DLL
0x00007ff94f6a0000 - 0x00007ff94f6bd000 	C:\WINDOWS\SYSTEM32\dhcpcsvc.DLL
0x00007ff955440000 - 0x00007ff95550b000 	C:\WINDOWS\SYSTEM32\DNSAPI.dll
0x00007ff924060000 - 0x00007ff92409e000 	C:\Users\timot\AppData\Roaming\Code\User\globalStorage\redhat.java\1.7.0\config_ss_win\org.eclipse.equinox.launcher\org.eclipse.equinox.launcher.win32.win32.x86_64_1.2.400.v20211117-0650\eclipse_11602.dll
0x00007ff957c70000 - 0x00007ff957d9a000 	C:\WINDOWS\System32\ole32.dll
0x00007ff950bc0000 - 0x00007ff950bd0000 	c:\Users\timot\.vscode\extensions\redhat.java-1.7.0-win32-x64\jre\17.0.3-win32-x86_64\bin\verify.dll
0x00007ff92d840000 - 0x00007ff92d884000 	C:\Users\timot\AppData\Local\Temp\jna-110364797\jna14727321013515470108.dll

dbghelp: loaded successfully - version: 4.0.5 - missing functions: none
symbol engine: initialized successfully - sym options: 0x614 - pdb path: .;c:\Users\timot\.vscode\extensions\redhat.java-1.7.0-win32-x64\jre\17.0.3-win32-x86_64\bin;C:\WINDOWS\SYSTEM32;C:\WINDOWS\WinSxS\amd64_microsoft.windows.common-controls_6595b64144ccf1df_6.0.19041.1110_none_60b5254171f9507e;c:\Users\timot\.vscode\extensions\redhat.java-1.7.0-win32-x64\jre\17.0.3-win32-x86_64\bin\server;C:\Users\timot\AppData\Roaming\Code\User\globalStorage\redhat.java\1.7.0\config_ss_win\org.eclipse.equinox.launcher\org.eclipse.equinox.launcher.win32.win32.x86_64_1.2.400.v20211117-0650;C:\Users\timot\AppData\Local\Temp\jna-110364797

VM Arguments:
jvm_args: --add-modules=ALL-SYSTEM --add-opens=java.base/java.util=ALL-UNNAMED --add-opens=java.base/java.lang=ALL-UNNAMED --add-opens=java.base/sun.nio.fs=ALL-UNNAMED -Declipse.application=org.eclipse.jdt.ls.core.id1 -Dosgi.bundles.defaultStartLevel=4 -Declipse.product=org.eclipse.jdt.ls.core.product -Djava.import.generatesMetadataFilesAtProjectRoot=false -Dfile.encoding=utf8 -DwatchParentProcess=false -XX:+UseParallelGC -XX:GCTimeRatio=4 -XX:AdaptiveSizePolicyWeight=90 -Dsun.zip.disableMemoryMapping=true -Xmx1G -Xms100m 
java_command: c:\Users\timot\.vscode\extensions\redhat.java-1.7.0-win32-x64\server\plugins\org.eclipse.equinox.launcher_1.6.400.v20210924-0641.jar -configuration c:\Users\timot\AppData\Roaming\Code\User\globalStorage\redhat.java\1.7.0\config_ss_win -data c:\Users\timot\AppData\Roaming\Code\User\workspaceStorage\61590eb05be9bdaa79b5291ad44b48cc\redhat.java\ss_ws
java_class_path (initial): c:\Users\timot\.vscode\extensions\redhat.java-1.7.0-win32-x64\server\plugins\org.eclipse.equinox.launcher_1.6.400.v20210924-0641.jar
Launcher Type: SUN_STANDARD

[Global flags]
    uintx AdaptiveSizePolicyWeight                 = 90                                        {product} {command line}
     intx CICompilerCount                          = 3                                         {product} {ergonomic}
    uintx GCTimeRatio                              = 4                                         {product} {command line}
   size_t InitialHeapSize                          = 104857600                                 {product} {command line}
   size_t MaxHeapSize                              = 1073741824                                {product} {command line}
   size_t MaxNewSize                               = 357564416                                 {product} {ergonomic}
   size_t MinHeapDeltaBytes                        = 524288                                    {product} {ergonomic}
   size_t MinHeapSize                              = 104857600                                 {product} {command line}
   size_t NewSize                                  = 34603008                                  {product} {ergonomic}
    uintx NonNMethodCodeHeapSize                   = 5832780                                {pd product} {ergonomic}
    uintx NonProfiledCodeHeapSize                  = 122912730                              {pd product} {ergonomic}
   size_t OldSize                                  = 70254592                                  {product} {ergonomic}
    uintx ProfiledCodeHeapSize                     = 122912730                              {pd product} {ergonomic}
    uintx ReservedCodeCacheSize                    = 251658240                              {pd product} {ergonomic}
     bool SegmentedCodeCache                       = true                                      {product} {ergonomic}
   size_t SoftMaxHeapSize                          = 1073741824                             {manageable} {ergonomic}
     bool UseCompressedClassPointers               = true                           {product lp64_product} {ergonomic}
     bool UseCompressedOops                        = true                           {product lp64_product} {ergonomic}
     bool UseLargePagesIndividualAllocation        = false                                  {pd product} {ergonomic}
     bool UseParallelGC                            = true                                      {product} {command line}

Logging:
Log output configuration:
 #0: stdout all=warning uptime,level,tags
 #1: stderr all=off uptime,level,tags

Environment Variables:
CLASSPATH=..\class
PATH=C:\Program Files\Java\jdk-16.0.2\bin;C:\Program Files\Common Files\Oracle\Java\javapath;C:\Program Files (x86)\Common Files\Oracle\Java\javapath;C:\oracle\app\oracle\product\11.2.0\server\bin;C:\WINDOWS\system32;C:\WINDOWS;C:\WINDOWS\System32\Wbem;C:\WINDOWS\System32\WindowsPowerShell\v1.0\;C:\WINDOWS\System32\OpenSSH\;C:\Program Files\Git\cmd;C:\Program Files\MySQL\MySQL Shell 8.0\bin\;C:\Users\timot\AppData\Local\Microsoft\WindowsApps;C:\Users\timot\AppData\Local\Programs\Microsoft VS Code\bin;
USERNAME=timot
OS=Windows_NT
PROCESSOR_IDENTIFIER=Intel64 Family 6 Model 142 Stepping 9, GenuineIntel



---------------  S Y S T E M  ---------------

OS:
 Windows 10 , 64 bit Build 19041 (10.0.19041.1706)
OS uptime: 26 days 2:36 hours
Hyper-V role detected

CPU: total 4 (initial active 4) (2 cores per cpu, 2 threads per core) family 6 model 142 stepping 9 microcode 0xde, cx8, cmov, fxsr, ht, mmx, 3dnowpref, sse, sse2, sse3, ssse3, sse4.1, sse4.2, popcnt, lzcnt, tsc, tscinvbit, avx, avx2, aes, erms, clmul, bmi1, bmi2, adx, fma, vzeroupper, clflush, clflushopt, hv

Memory: 4k page, system-wide physical 4007M (288M free)
TotalPageFile size 16295M (AvailPageFile size 0M)
current process WorkingSet (physical memory assigned to process): 115M, peak: 115M
current process commit charge ("private bytes"): 210M, peak: 210M

vm_info: OpenJDK 64-Bit Server VM (17.0.3+7) for windows-amd64 JRE (17.0.3+7), built on Apr 19 2022 16:55:35 by "" with MS VC++ 16.7 (VS2019)

END.
