#
# There is insufficient memory for the Java Runtime Environment to continue.
# Native memory allocation (malloc) failed to allocate 496176 bytes for Chunk::new
# Possible reasons:
#   The system is out of physical RAM or swap space
#   The process is running with CompressedOops enabled, and the Java Heap may be blocking the growth of the native heap
# Possible solutions:
#   Reduce memory load on the system
#   Increase physical memory or swap space
#   Check if swap backing store is full
#   Decrease Java heap size (-Xmx/-Xms)
#   Decrease number of Java threads
#   Decrease Java thread stack sizes (-Xss)
#   Set larger code cache with -XX:ReservedCodeCacheSize=
#   JVM is running with Unscaled Compressed Oops mode in which the Java heap is
#     placed in the first 4GB address space. The Java Heap base address is the
#     maximum limit for the native heap growth. Please use -XX:HeapBaseMinAddress
#     to set the Java Heap base and to place the Java Heap above 4GB virtual address.
# This output file may be truncated or incomplete.
#
#  Out of Memory Error (arena.cpp:189), pid=35044, tid=33428
#
# JRE version: OpenJDK Runtime Environment Temurin-17.0.3+7 (17.0.3+7) (build 17.0.3+7)
# Java VM: OpenJDK 64-Bit Server VM Temurin-17.0.3+7 (17.0.3+7, mixed mode, tiered, compressed oops, compressed class ptrs, parallel gc, windows-amd64)
# No core dump will be written. Minidumps are not enabled by default on client versions of Windows
#

---------------  S U M M A R Y ------------

Command Line: --add-modules=ALL-SYSTEM --add-opens=java.base/java.util=ALL-UNNAMED --add-opens=java.base/java.lang=ALL-UNNAMED --add-opens=java.base/sun.nio.fs=ALL-UNNAMED -Declipse.application=org.eclipse.jdt.ls.core.id1 -Dosgi.bundles.defaultStartLevel=4 -Declipse.product=org.eclipse.jdt.ls.core.product -Djava.import.generatesMetadataFilesAtProjectRoot=false -Dfile.encoding=utf8 -DwatchParentProcess=false -XX:+UseParallelGC -XX:GCTimeRatio=4 -XX:AdaptiveSizePolicyWeight=90 -Dsun.zip.disableMemoryMapping=true -Xmx1G -Xms100m c:\Users\timot\.vscode\extensions\redhat.java-1.7.0-win32-x64\server\plugins\org.eclipse.equinox.launcher_1.6.400.v20210924-0641.jar -configuration c:\Users\timot\AppData\Roaming\Code\User\globalStorage\redhat.java\1.7.0\config_ss_win -data c:\Users\timot\AppData\Roaming\Code\User\workspaceStorage\61590eb05be9bdaa79b5291ad44b48cc\redhat.java\ss_ws

Host: Intel(R) Core(TM) i3-7020U CPU @ 2.30GHz, 4 cores, 3G,  Windows 10 , 64 bit Build 19041 (10.0.19041.1706)
Time: Sat Jun 18 11:17:06 2022 Paris, Madrid (heure duild 19041 (10.0.19041.1706) elapsed time: 10.959878 seconds (0d 0h 0m 10s)

---------------  T H R E A D  ---------------

Current thread (0x00000232bdc6ed60):  JavaThread "C2 CompilerThread0" daemon [_thread_in_native, id=33428, stack(0x000000399f300000,0x000000399f400000)]


Current CompileTask:
C2:  10960 2987   !   4       java.nio.file.FileTreeWalker::next (144 bytes)

Stack: [0x000000399f300000,0x000000399f400000]
Native frames: (J=compiled Java code, j=interpreted, Vv=VM code, C=native code)
V  [jvm.dll+0x675efa]
V  [jvm.dll+0x830a24]
V  [jvm.dll+0x8321ce]
V  [jvm.dll+0x832833]
V  [jvm.dll+0x2454b5]
V  [jvm.dll+0xabd7b]
V  [jvm.dll+0xac30c]
V  [jvm.dll+0x2ac5bf]
V  [jvm.dll+0x57cd09]
V  [jvm.dll+0x22056d]
V  [jvm.dll+0x219f54]
V  [jvm.dll+0x21767b]
V  [jvm.dll+0x1a3ccd]
V  [jvm.dll+0x227178]
V  [jvm.dll+0x2252bc]
V  [jvm.dll+0x7e673b]
V  [jvm.dll+0x7e0cfa]
V  [jvm.dll+0x674d85]
C  [ucrtbase.dll+0x21bb2]
C  [KERNEL32.DLL+0x17034]
C  [ntdll.dll+0x52651]


---------------  P R O C E S S  ---------------

Threads class SMR info:
_java_thread_list=0x00000232bf9c4b70, length=21, elements={
0x00000232a9e2eac0, 0x00000232bdc41770, 0x00000232bdc425e0, 0x00000232bdc83050,
0x00000232bdc56cb0, 0x00000232bdc581d0, 0x00000232bdc6abb0, 0x00000232bdc6ed60,
0x00000232bdc71210, 0x00000232bdc8d2d0, 0x00000232bf6be350, 0x00000232bf7ea460,
0x00000232bfdd2950, 0x00000232c01c9430, 0x00000232c0110280, 0x00000232bffd9570,
0x00000232bff8a050, 0x00000232c0fe2260, 0x00000232bff7e550, 0x00000232bff7ea20,
0x00000232bff7d6e0
}

Java Threads: ( => current thread )
  0x00000232a9e2eac0 JavaThread "main" [_thread_blocked, id=27712, stack(0x000000399ea00000,0x000000399eb00000)]
  0x00000232bdc41770 JavaThread "Reference Handler" daemon [_thread_blocked, id=39216, stack(0x000000399ed00000,0x000000399ee00000)]
  0x00000232bdc425e0 JavaThread "Finalizer" daemon [_thread_blocked, id=13792, stack(0x000000399ee00000,0x000000399ef00000)]
  0x00000232bdc83050 JavaThread "Signal Dispatcher" daemon [_thread_blocked, id=26592, stack(0x000000399ef00000,0x000000399f000000)]
  0x00000232bdc56cb0 JavaThread "Attach Listener" daemon [_thread_blocked, id=19408, stack(0x000000399f000000,0x000000399f100000)]
  0x00000232bdc581d0 JavaThread "Service Thread" daemon [_thread_blocked, id=45884, stack(0x000000399f100000,0x000000399f200000)]
  0x00000232bdc6abb0 JavaThread "Monitor Deflation Thread" daemon [_thread_blocked, id=45072, stack(0x000000399f200000,0x000000399f300000)]
=>0x00000232bdc6ed60 JavaThread "C2 CompilerThread0" daemon [_thread_in_native, id=33428, stack(0x000000399f300000,0x000000399f400000)]
  0x00000232bdc71210 JavaThread "C1 CompilerThread0" daemon [_thread_in_vm, id=42440, stack(0x000000399f400000,0x000000399f500000)]
  0x00000232bdc8d2d0 JavaThread "Sweeper thread" daemon [_thread_blocked, id=41940, stack(0x000000399f500000,0x000000399f600000)]
  0x00000232bf6be350 JavaThread "Common-Cleaner" daemon [_thread_blocked, id=40532, stack(0x000000399f600000,0x000000399f700000)]
  0x00000232bf7ea460 JavaThread "Notification Thread" daemon [_thread_blocked, id=45504, stack(0x000000399f700000,0x000000399f800000)]
  0x00000232bfdd2950 JavaThread "Active Thread: Equinox Container: 610258f3-3377-4a08-a73d-2f70be21ed41" [_thread_blocked, id=39536, stack(0x000000399fa00000,0x000000399fb00000)]
  0x00000232c01c9430 JavaThread "Framework Event Dispatcher: Equinox Container: 610258f3-3377-4a08-a73d-2f70be21ed41" daemon [_thread_blocked, id=20232, stack(0x000000399fb00000,0x000000399fc00000)]
  0x00000232c0110280 JavaThread "Start Level: Equinox Container: 610258f3-3377-4a08-a73d-2f70be21ed41" daemon [_thread_blocked, id=39972, stack(0x000000399fc00000,0x000000399fd00000)]
  0x00000232bffd9570 JavaThread "SCR Component Actor" daemon [_thread_blocked, id=18580, stack(0x000000399fd00000,0x000000399fe00000)]
  0x00000232bff8a050 JavaThread "Worker-JM" [_thread_blocked, id=39872, stack(0x00000039a0200000,0x00000039a0300000)]
  0x00000232c0fe2260 JavaThread "Worker-0" [_thread_blocked, id=28460, stack(0x000000399f900000,0x000000399fa00000)]
  0x00000232bff7e550 JavaThread "Worker-1" [_thread_blocked, id=43504, stack(0x00000039a0300000,0x00000039a0400000)]
  0x00000232bff7ea20 JavaThread "Worker-2: Initialize Workspace" [_thread_in_native, id=41876, stack(0x00000039a0400000,0x00000039a0500000)]
  0x00000232bff7d6e0 JavaThread "pool-1-thread-1" [_thread_blocked, id=20156, stack(0x00000039a0100000,0x00000039a0200000)]

Other Threads:
  0x00000232bdc26e10 VMThread "VM Thread" [stack: 0x000000399ec00000,0x000000399ed00000] [id=8304]
  0x00000232bf7ea930 WatcherThread [stack: 0x000000399f800000,0x000000399f900000] [id=10808]
  0x00000232a7b4a850 GCTaskThread "GC Thread#0" [stack: 0x000000399eb00000,0x000000399ec00000] [id=7928]
  0x00000232a7c2ddd0 GCTaskThread "GC Thread#1" [stack: 0x000000399fe00000,0x000000399ff00000] [id=40164]
  0x00000232bfadab30 GCTaskThread "GC Thread#2" [stack: 0x000000399ff00000,0x00000039a0000000] [id=23896]
  0x00000232c01c5090 GCTaskThread "GC Thread#3" [stack: 0x00000039a0000000,0x00000039a0100000] [id=44776]

Threads with active compile tasks:
C2 CompilerThread0    11056 2987   !   4       java.nio.file.FileTreeWalker::next (144 bytes)
C1 CompilerThread0    11056 3052       2       org.eclipse.jdt.internal.core.JavaModelManager::getTemporaryCache (33 bytes)

VM state: not at safepoint (normal execution)

VM Mutex/Monitor currently owned by a thread: None

Heap address: 0x00000000c0000000, size: 1024 MB, Compressed Oops mode: 32-bit

CDS archive(s) not mapped
Compressed class space mapped at: 0x0000000100000000-0x0000000140000000, reserved size: 1073741824
Narrow klass base: 0x0000000000000000, Narrow klass shift: 3, Narrow klass range: 0x140000000

GC Precious Log:
 CPUs: 4 total, 4 available
 Memory: 4007M
 Large Page Support: Disabled
 NUMA Support: Disabled
 Compressed Oops: Enabled (32-bit)
 Alignments: Space 512K, Generation 512K, Heap 2M
 Heap Min Capacity: 100M
 Heap Initial Capacity: 100M
 Heap Max Capacity: 1G
 Pre-touch: Disabled
 Parallel Workers: 4

Heap:
 PSYoungGen      total 31232K, used 10749K [0x00000000eab00000, 0x00000000ed400000, 0x0000000100000000)
  eden space 23552K, 14% used [0x00000000eab00000,0x00000000eae47798,0x00000000ec200000)
  from space 7680K, 96% used [0x00000000ecc80000,0x00000000ed3b8020,0x00000000ed400000)
  to   space 8192K, 0% used [0x00000000ec400000,0x00000000ec400000,0x00000000ecc00000)
 ParOldGen       total 68608K, used 13419K [0x00000000c0000000, 0x00000000c4300000, 0x00000000eab00000)
  object space 68608K, 19% used [0x00000000c0000000,0x00000000c0d1af50,0x00000000c4300000)
 Metaspace       used 33462K, committed 34112K, reserved 1081344K
  class space    used 3406K, committed 3712K, reserved 1048576K

Card table byte_map: [0x00000232a97f0000,0x00000232a9a00000] _byte_map_base: 0x00000232a91f0000

Marking Bits: (ParMarkBitMap*) 0x00007ff90bb04b80
 Begin Bits: [0x00000232bbac0000, 0x00000232bcac0000)
 End Bits:   [0x00000232bcac0000, 0x00000232bdac0000)

Polling page: 0x00000232a7d80000

Metaspace:

Usage:
  Non-class:     29.35 MB used.
      Class:      3.33 MB used.
       Both:     32.68 MB used.

Virtual space:
  Non-class space:       32.00 MB reserved,      29.69 MB ( 93%) committed,  4 nodes.
      Class space:        1.00 GB reserved,       3.62 MB ( <1%) committed,  1 nodes.
             Both:        1.03 GB reserved,      33.31 MB (  3%) committed. 

Chunk freelists:
   Non-Class:  1.59 MB
       Class:  355.00 KB
        Both:  1.94 MB

MaxMetaspaceSize: unlimited
CompressedClassSpaceSize: 1.00 GB
Initial GC threshold: 21.00 MB
Current GC threshold: 35.00 MB
CDS: off
MetaspaceReclaimPolicy: balanced
 - commit_granule_bytes: 65536.
 - commit_granule_words: 8192.
 - virtual_space_node_default_size: 1048576.
 - enlarge_chunks_in_place: 1.
 - new_chunks_are_fully_committed: 0.
 - uncommit_free_chunks: 1.
 - use_allocation_guard: 0.
 - handle_deallocations: 1.


Internal statistics:

num_allocs_failed_limit: 3.
num_arena_births: 216.
num_arena_deaths: 0.
num_vsnodes_births: 5.
num_vsnodes_deaths: 0.
num_space_committed: 533.
num_space_uncommitted: 0.
num_chunks_returned_to_freelist: 3.
num_chunks_taken_from_freelist: 1171.
num_chunk_merges: 3.
num_chunk_splits: 791.
num_chunks_enlarged: 573.
num_purges: 0.
num_inconsistent_stats: 0.

CodeHeap 'non-profiled nmethods': size=120000Kb used=1065Kb max_used=1065Kb free=118934Kb
 bounds [0x00000232b4590000, 0x00000232b4800000, 0x00000232bbac0000]
CodeHeap 'profiled nmethods': size=120000Kb used=6005Kb max_used=6005Kb free=113994Kb
 bounds [0x00000232ad060000, 0x00000232ad640000, 0x00000232b4590000]
CodeHeap 'non-nmethods': size=5760Kb used=1252Kb max_used=1289Kb free=4507Kb
 bounds [0x00000232acac0000, 0x00000232acd30000, 0x00000232ad060000]
 total_blobs=3594 nmethods=3027 adapters=481
 compilation: enabled
              stopped_count=0, restarted_count=0
 full_count=0

Compilation events (20 events):
Event: 10.720 Thread 0x00000232bdc6ed60 nmethod 2981 0x00000232b4693090 code [0x00000232b4693220, 0x00000232b4693558]
Event: 10.720 Thread 0x00000232bdc6ed60 2885       4       java.util.stream.StreamSpliterators$AbstractWrappingSpliterator::fillBuffer (64 bytes)
Event: 10.735 Thread 0x00000232bdc6ed60 nmethod 2885 0x00000232b4693710 code [0x00000232b4693920, 0x00000232b4693f88]
Event: 10.735 Thread 0x00000232bdc6ed60 2886       4       jdk.internal.jrtfs.JrtFileSystem::checkNode (40 bytes)
Event: 10.753 Thread 0x00000232bdc6ed60 nmethod 2886 0x00000232b4694790 code [0x00000232b4694960, 0x00000232b4694df8]
Event: 10.753 Thread 0x00000232bdc6ed60 2887       4       jdk.internal.jrtfs.JrtPath::getResolvedPath (39 bytes)
Event: 10.759 Thread 0x00000232bdc6ed60 nmethod 2887 0x00000232b4695310 code [0x00000232b46954a0, 0x00000232b46957a8]
Event: 10.759 Thread 0x00000232bdc6ed60 2888   !   4       jdk.internal.jrtfs.JrtFileSystem::lookup (23 bytes)
Event: 10.762 Thread 0x00000232bdc6ed60 nmethod 2888 0x00000232b4695a10 code [0x00000232b4695ba0, 0x00000232b4695d08]
Event: 10.762 Thread 0x00000232bdc6ed60 2890       4       jdk.internal.jrtfs.SystemImage$1::findNode (9 bytes)
Event: 10.763 Thread 0x00000232bdc6ed60 nmethod 2890 0x00000232b4695f10 code [0x00000232b46960a0, 0x00000232b4696188]
Event: 10.763 Thread 0x00000232bdc6ed60 2958       4       jdk.internal.jrtfs.JrtPath::getFileSystem (5 bytes)
Event: 10.764 Thread 0x00000232bdc6ed60 nmethod 2958 0x00000232b4696290 code [0x00000232b4696400, 0x00000232b4696478]
Event: 10.764 Thread 0x00000232bdc6ed60 2884       4       jdk.internal.jrtfs.JrtPath::getResolved (50 bytes)
Event: 10.767 Thread 0x00000232bdc6ed60 nmethod 2884 0x00000232b4696590 code [0x00000232b4696720, 0x00000232b4696938]
Event: 10.767 Thread 0x00000232bdc6ed60 2991       4       jdk.internal.jrtfs.JrtPath::getNameCount (10 bytes)
Event: 10.781 Thread 0x00000232bdc6ed60 nmethod 2991 0x00000232b4696b10 code [0x00000232b4696ce0, 0x00000232b4697538]
Event: 10.782 Thread 0x00000232bdc6ed60 2959       4       jdk.internal.jrtfs.JrtPath::getFileName (78 bytes)
Event: 10.799 Thread 0x00000232bdc6ed60 nmethod 2959 0x00000232b4697b10 code [0x00000232b4697cc0, 0x00000232b46984f8]
Event: 10.799 Thread 0x00000232bdc6ed60 2987   !   4       java.nio.file.FileTreeWalker::next (144 bytes)

GC Heap History (16 events):
Event: 2.207 GC heap before
{Heap before GC invocations=1 (full 0):
 PSYoungGen      total 29696K, used 25600K [0x00000000eab00000, 0x00000000ecc00000, 0x0000000100000000)
  eden space 25600K, 100% used [0x00000000eab00000,0x00000000ec400000,0x00000000ec400000)
  from space 4096K, 0% used [0x00000000ec800000,0x00000000ec800000,0x00000000ecc00000)
  to   space 4096K, 0% used [0x00000000ec400000,0x00000000ec400000,0x00000000ec800000)
 ParOldGen       total 68608K, used 0K [0x00000000c0000000, 0x00000000c4300000, 0x00000000eab00000)
  object space 68608K, 0% used [0x00000000c0000000,0x00000000c0000000,0x00000000c4300000)
 Metaspace       used 13076K, committed 13312K, reserved 1064960K
  class space    used 1328K, committed 1472K, reserved 1048576K
}
Event: 2.218 GC heap after
{Heap after GC invocations=1 (full 0):
 PSYoungGen      total 29696K, used 4001K [0x00000000eab00000, 0x00000000ecc00000, 0x0000000100000000)
  eden space 25600K, 0% used [0x00000000eab00000,0x00000000eab00000,0x00000000ec400000)
  from space 4096K, 97% used [0x00000000ec400000,0x00000000ec7e8760,0x00000000ec800000)
  to   space 4096K, 0% used [0x00000000ec800000,0x00000000ec800000,0x00000000ecc00000)
 ParOldGen       total 68608K, used 24K [0x00000000c0000000, 0x00000000c4300000, 0x00000000eab00000)
  object space 68608K, 0% used [0x00000000c0000000,0x00000000c0006000,0x00000000c4300000)
 Metaspace       used 13076K, committed 13312K, reserved 1064960K
  class space    used 1328K, committed 1472K, reserved 1048576K
}
Event: 3.511 GC heap before
{Heap before GC invocations=2 (full 0):
 PSYoungGen      total 29696K, used 22475K [0x00000000eab00000, 0x00000000ecc00000, 0x0000000100000000)
  eden space 25600K, 72% used [0x00000000eab00000,0x00000000ebd0a510,0x00000000ec400000)
  from space 4096K, 97% used [0x00000000ec400000,0x00000000ec7e8760,0x00000000ec800000)
  to   space 4096K, 0% used [0x00000000ec800000,0x00000000ec800000,0x00000000ecc00000)
 ParOldGen       total 68608K, used 24K [0x00000000c0000000, 0x00000000c4300000, 0x00000000eab00000)
  object space 68608K, 0% used [0x00000000c0000000,0x00000000c0006000,0x00000000c4300000)
 Metaspace       used 21116K, committed 21504K, reserved 1073152K
  class space    used 2139K, committed 2368K, reserved 1048576K
}
Event: 3.521 GC heap after
{Heap after GC invocations=2 (full 0):
 PSYoungGen      total 29696K, used 4086K [0x00000000eab00000, 0x00000000ecc00000, 0x0000000100000000)
  eden space 25600K, 0% used [0x00000000eab00000,0x00000000eab00000,0x00000000ec400000)
  from space 4096K, 99% used [0x00000000ec800000,0x00000000ecbfdb68,0x00000000ecc00000)
  to   space 4096K, 0% used [0x00000000ec400000,0x00000000ec400000,0x00000000ec800000)
 ParOldGen       total 68608K, used 2826K [0x00000000c0000000, 0x00000000c4300000, 0x00000000eab00000)
  object space 68608K, 4% used [0x00000000c0000000,0x00000000c02c2898,0x00000000c4300000)
 Metaspace       used 21116K, committed 21504K, reserved 1073152K
  class space    used 2139K, committed 2368K, reserved 1048576K
}
Event: 3.521 GC heap before
{Heap before GC invocations=3 (full 1):
 PSYoungGen      total 29696K, used 4086K [0x00000000eab00000, 0x00000000ecc00000, 0x0000000100000000)
  eden space 25600K, 0% used [0x00000000eab00000,0x00000000eab00000,0x00000000ec400000)
  from space 4096K, 99% used [0x00000000ec800000,0x00000000ecbfdb68,0x00000000ecc00000)
  to   space 4096K, 0% used [0x00000000ec400000,0x00000000ec400000,0x00000000ec800000)
 ParOldGen       total 68608K, used 2826K [0x00000000c0000000, 0x00000000c4300000, 0x00000000eab00000)
  object space 68608K, 4% used [0x00000000c0000000,0x00000000c02c2898,0x00000000c4300000)
 Metaspace       used 21116K, committed 21504K, reserved 1073152K
  class space    used 2139K, committed 2368K, reserved 1048576K
}
Event: 3.551 GC heap after
{Heap after GC invocations=3 (full 1):
 PSYoungGen      total 29696K, used 0K [0x00000000eab00000, 0x00000000ecc00000, 0x0000000100000000)
  eden space 25600K, 0% used [0x00000000eab00000,0x00000000eab00000,0x00000000ec400000)
  from space 4096K, 0% used [0x00000000ec800000,0x00000000ec800000,0x00000000ecc00000)
  to   space 4096K, 0% used [0x00000000ec400000,0x00000000ec400000,0x00000000ec800000)
 ParOldGen       total 68608K, used 6846K [0x00000000c0000000, 0x00000000c4300000, 0x00000000eab00000)
  object space 68608K, 9% used [0x00000000c0000000,0x00000000c06afaa0,0x00000000c4300000)
 Metaspace       used 21116K, committed 21504K, reserved 1073152K
  class space    used 2139K, committed 2368K, reserved 1048576K
}
Event: 7.120 GC heap before
{Heap before GC invocations=4 (full 1):
 PSYoungGen      total 29696K, used 25600K [0x00000000eab00000, 0x00000000ecc00000, 0x0000000100000000)
  eden space 25600K, 100% used [0x00000000eab00000,0x00000000ec400000,0x00000000ec400000)
  from space 4096K, 0% used [0x00000000ec800000,0x00000000ec800000,0x00000000ecc00000)
  to   space 4096K, 0% used [0x00000000ec400000,0x00000000ec400000,0x00000000ec800000)
 ParOldGen       total 68608K, used 6846K [0x00000000c0000000, 0x00000000c4300000, 0x00000000eab00000)
  object space 68608K, 9% used [0x00000000c0000000,0x00000000c06afaa0,0x00000000c4300000)
 Metaspace       used 28519K, committed 28992K, reserved 1081344K
  class space    used 2826K, committed 3008K, reserved 1048576K
}
Event: 7.123 GC heap after
{Heap after GC invocations=4 (full 1):
 PSYoungGen      total 29696K, used 1598K [0x00000000eab00000, 0x00000000ecc00000, 0x0000000100000000)
  eden space 25600K, 0% used [0x00000000eab00000,0x00000000eab00000,0x00000000ec400000)
  from space 4096K, 39% used [0x00000000ec400000,0x00000000ec58fa40,0x00000000ec800000)
  to   space 4096K, 0% used [0x00000000ec800000,0x00000000ec800000,0x00000000ecc00000)
 ParOldGen       total 68608K, used 6854K [0x00000000c0000000, 0x00000000c4300000, 0x00000000eab00000)
  object space 68608K, 9% used [0x00000000c0000000,0x00000000c06b1aa0,0x00000000c4300000)
 Metaspace       used 28519K, committed 28992K, reserved 1081344K
  class space    used 2826K, committed 3008K, reserved 1048576K
}
Event: 10.184 GC heap before
{Heap before GC invocations=5 (full 1):
 PSYoungGen      total 29696K, used 27198K [0x00000000eab00000, 0x00000000ecc00000, 0x0000000100000000)
  eden space 25600K, 100% used [0x00000000eab00000,0x00000000ec400000,0x00000000ec400000)
  from space 4096K, 39% used [0x00000000ec400000,0x00000000ec58fa40,0x00000000ec800000)
  to   space 4096K, 0% used [0x00000000ec800000,0x00000000ec800000,0x00000000ecc00000)
 ParOldGen       total 68608K, used 6854K [0x00000000c0000000, 0x00000000c4300000, 0x00000000eab00000)
  object space 68608K, 9% used [0x00000000c0000000,0x00000000c06b1aa0,0x00000000c4300000)
 Metaspace       used 33115K, committed 33728K, reserved 1081344K
  class space    used 3367K, committed 3648K, reserved 1048576K
}
Event: 10.191 GC heap after
{Heap after GC invocations=5 (full 1):
 PSYoungGen      total 29696K, used 4038K [0x00000000eab00000, 0x00000000ecc00000, 0x0000000100000000)
  eden space 25600K, 0% used [0x00000000eab00000,0x00000000eab00000,0x00000000ec400000)
  from space 4096K, 98% used [0x00000000ec800000,0x00000000ecbf19b8,0x00000000ecc00000)
  to   space 4096K, 0% used [0x00000000ec400000,0x00000000ec400000,0x00000000ec800000)
 ParOldGen       total 68608K, used 6862K [0x00000000c0000000, 0x00000000c4300000, 0x00000000eab00000)
  object space 68608K, 10% used [0x00000000c0000000,0x00000000c06b3aa0,0x00000000c4300000)
 Metaspace       used 33115K, committed 33728K, reserved 1081344K
  class space    used 3367K, committed 3648K, reserved 1048576K
}
Event: 10.541 GC heap before
{Heap before GC invocations=6 (full 1):
 PSYoungGen      total 29696K, used 29638K [0x00000000eab00000, 0x00000000ecc00000, 0x0000000100000000)
  eden space 25600K, 100% used [0x00000000eab00000,0x00000000ec400000,0x00000000ec400000)
  from space 4096K, 98% used [0x00000000ec800000,0x00000000ecbf19b8,0x00000000ecc00000)
  to   space 4096K, 0% used [0x00000000ec400000,0x00000000ec400000,0x00000000ec800000)
 ParOldGen       total 68608K, used 6862K [0x00000000c0000000, 0x00000000c4300000, 0x00000000eab00000)
  object space 68608K, 10% used [0x00000000c0000000,0x00000000c06b3aa0,0x00000000c4300000)
 Metaspace       used 33310K, committed 33920K, reserved 1081344K
  class space    used 3385K, committed 3712K, reserved 1048576K
}
Event: 10.549 GC heap after
{Heap after GC invocations=6 (full 1):
 PSYoungGen      total 29184K, used 4086K [0x00000000eab00000, 0x00000000ed180000, 0x0000000100000000)
  eden space 25088K, 0% used [0x00000000eab00000,0x00000000eab00000,0x00000000ec380000)
  from space 4096K, 99% used [0x00000000ec400000,0x00000000ec7fd988,0x00000000ec800000)
  to   space 7168K, 0% used [0x00000000eca80000,0x00000000eca80000,0x00000000ed180000)
 ParOldGen       total 68608K, used 9054K [0x00000000c0000000, 0x00000000c4300000, 0x00000000eab00000)
  object space 68608K, 13% used [0x00000000c0000000,0x00000000c08d7aa0,0x00000000c4300000)
 Metaspace       used 33310K, committed 33920K, reserved 1081344K
  class space    used 3385K, committed 3712K, reserved 1048576K
}
Event: 10.699 GC heap before
{Heap before GC invocations=7 (full 1):
 PSYoungGen      total 29184K, used 29174K [0x00000000eab00000, 0x00000000ed180000, 0x0000000100000000)
  eden space 25088K, 100% used [0x00000000eab00000,0x00000000ec380000,0x00000000ec380000)
  from space 4096K, 99% used [0x00000000ec400000,0x00000000ec7fd988,0x00000000ec800000)
  to   space 7168K, 0% used [0x00000000eca80000,0x00000000eca80000,0x00000000ed180000)
 ParOldGen       total 68608K, used 9054K [0x00000000c0000000, 0x00000000c4300000, 0x00000000eab00000)
  object space 68608K, 13% used [0x00000000c0000000,0x00000000c08d7aa0,0x00000000c4300000)
 Metaspace       used 33378K, committed 33984K, reserved 1081344K
  class space    used 3397K, committed 3712K, reserved 1048576K
}
Event: 10.708 GC heap after
{Heap after GC invocations=7 (full 1):
 PSYoungGen      total 31744K, used 6902K [0x00000000eab00000, 0x00000000ed180000, 0x0000000100000000)
  eden space 24576K, 0% used [0x00000000eab00000,0x00000000eab00000,0x00000000ec300000)
  from space 7168K, 96% used [0x00000000eca80000,0x00000000ed13d9b8,0x00000000ed180000)
  to   space 7168K, 0% used [0x00000000ec380000,0x00000000ec380000,0x00000000eca80000)
 ParOldGen       total 68608K, used 9054K [0x00000000c0000000, 0x00000000c4300000, 0x00000000eab00000)
  object space 68608K, 13% used [0x00000000c0000000,0x00000000c08d7aa0,0x00000000c4300000)
 Metaspace       used 33378K, committed 33984K, reserved 1081344K
  class space    used 3397K, committed 3712K, reserved 1048576K
}
Event: 10.888 GC heap before
{Heap before GC invocations=8 (full 1):
 PSYoungGen      total 31744K, used 31478K [0x00000000eab00000, 0x00000000ed180000, 0x0000000100000000)
  eden space 24576K, 100% used [0x00000000eab00000,0x00000000ec300000,0x00000000ec300000)
  from space 7168K, 96% used [0x00000000eca80000,0x00000000ed13d9b8,0x00000000ed180000)
  to   space 7168K, 0% used [0x00000000ec380000,0x00000000ec380000,0x00000000eca80000)
 ParOldGen       total 68608K, used 9054K [0x00000000c0000000, 0x00000000c4300000, 0x00000000eab00000)
  object space 68608K, 13% used [0x00000000c0000000,0x00000000c08d7aa0,0x00000000c4300000)
 Metaspace       used 33378K, committed 33984K, reserved 1081344K
  class space    used 3397K, committed 3712K, reserved 1048576K
}
Event: 10.899 GC heap after
{Heap after GC invocations=8 (full 1):
 PSYoungGen      total 31232K, used 7158K [0x00000000eab00000, 0x00000000ed680000, 0x0000000100000000)
  eden space 24064K, 0% used [0x00000000eab00000,0x00000000eab00000,0x00000000ec280000)
  from space 7168K, 99% used [0x00000000ec380000,0x00000000eca7d988,0x00000000eca80000)
  to   space 10240K, 0% used [0x00000000ecc80000,0x00000000ecc80000,0x00000000ed680000)
 ParOldGen       total 68608K, used 11279K [0x00000000c0000000, 0x00000000c4300000, 0x00000000eab00000)
  object space 68608K, 16% used [0x00000000c0000000,0x00000000c0b03c08,0x00000000c4300000)
 Metaspace       used 33378K, committed 33984K, reserved 1081344K
  class space    used 3397K, committed 3712K, reserved 1048576K
}

Deoptimization events (20 events):
Event: 10.093 Thread 0x00000232bff7ea20 DEOPT PACKING pc=0x00000232b467619c sp=0x00000039a04fdb20
Event: 10.093 Thread 0x00000232bff7ea20 DEOPT UNPACKING pc=0x00000232acb120a3 sp=0x00000039a04fda50 mode 2
Event: 10.095 Thread 0x00000232bff7ea20 Uncommon trap: trap_request=0xffffff45 fr.pc=0x00000232b45ec120 relative=0x0000000000000260
Event: 10.096 Thread 0x00000232bff7ea20 Uncommon trap: reason=unstable_if action=reinterpret pc=0x00000232b45ec120 method=java.util.HashMap.getNode(Ljava/lang/Object;)Ljava/util/HashMap$Node; @ 66 c2
Event: 10.096 Thread 0x00000232bff7ea20 DEOPT PACKING pc=0x00000232b45ec120 sp=0x00000039a04fe3c0
Event: 10.096 Thread 0x00000232bff7ea20 DEOPT UNPACKING pc=0x00000232acb120a3 sp=0x00000039a04fe340 mode 2
Event: 10.194 Thread 0x00000232bff7ea20 Uncommon trap: trap_request=0xffffff45 fr.pc=0x00000232b467b844 relative=0x0000000000000284
Event: 10.194 Thread 0x00000232bff7ea20 Uncommon trap: reason=unstable_if action=reinterpret pc=0x00000232b467b844 method=java.util.HashMap.getNode(Ljava/lang/Object;)Ljava/util/HashMap$Node; @ 131 c2
Event: 10.194 Thread 0x00000232bff7ea20 DEOPT PACKING pc=0x00000232b467b844 sp=0x00000039a04fe400
Event: 10.194 Thread 0x00000232bff7ea20 DEOPT UNPACKING pc=0x00000232acb120a3 sp=0x00000039a04fe320 mode 2
Event: 10.194 Thread 0x00000232bff7ea20 Uncommon trap: trap_request=0xffffffc6 fr.pc=0x00000232b467acc0 relative=0x00000000000007c0
Event: 10.194 Thread 0x00000232bff7ea20 Uncommon trap: reason=bimorphic_or_optimized_type_check action=maybe_recompile pc=0x00000232b467acc0 method=java.util.HashMap.putVal(ILjava/lang/Object;Ljava/lang/Object;ZZ)Ljava/lang/Object; @ 203 c2
Event: 10.194 Thread 0x00000232bff7ea20 DEOPT PACKING pc=0x00000232b467acc0 sp=0x00000039a04fe3f0
Event: 10.194 Thread 0x00000232bff7ea20 DEOPT UNPACKING pc=0x00000232acb120a3 sp=0x00000039a04fe360 mode 2
Event: 10.195 Thread 0x00000232bff7ea20 Uncommon trap: trap_request=0xffffffc6 fr.pc=0x00000232b467acc0 relative=0x00000000000007c0
Event: 10.195 Thread 0x00000232bff7ea20 Uncommon trap: reason=bimorphic_or_optimized_type_check action=maybe_recompile pc=0x00000232b467acc0 method=java.util.HashMap.putVal(ILjava/lang/Object;Ljava/lang/Object;ZZ)Ljava/lang/Object; @ 203 c2
Event: 10.195 Thread 0x00000232bff7ea20 DEOPT PACKING pc=0x00000232b467acc0 sp=0x00000039a04fe350
Event: 10.195 Thread 0x00000232bff7ea20 DEOPT UNPACKING pc=0x00000232acb120a3 sp=0x00000039a04fe2c0 mode 2
Event: 10.296 Thread 0x00000232bff7ea20 DEOPT PACKING pc=0x00000232ad39e14e sp=0x00000039a04fd750
Event: 10.296 Thread 0x00000232bff7ea20 DEOPT UNPACKING pc=0x00000232acb12843 sp=0x00000039a04fcb98 mode 0

Classes unloaded (0 events):
No events

Classes redefined (0 events):
No events

Internal exceptions (20 events):
Event: 3.384 Thread 0x00000232c0110280 Exception <a 'java/lang/NoSuchMethodError'{0x00000000eb955470}: 'int java.lang.invoke.DirectMethodHandle$Holder.invokeStaticInit(java.lang.Object, java.lang.Object, java.lang.Object)'> (0x00000000eb955470) 
thrown [e:\jenkins\tmp\workspace\build\src\src\hotspot\share\interpreter\linkResolver.cpp, line 766]
Event: 3.391 Thread 0x00000232c0110280 Exception <a 'java/lang/IncompatibleClassChangeError'{0x00000000eb9a89d8}: Found class java.lang.Object, but interface was expected> (0x00000000eb9a89d8) 
thrown [e:\jenkins\tmp\workspace\build\src\src\hotspot\share\interpreter\linkResolver.cpp, line 833]
Event: 4.992 Thread 0x00000232c0110280 Exception <a 'java/lang/ClassNotFoundException'{0x00000000ebc5d790}: com/sun/org/apache/xerces/internal/impl/msg/spi/DOMMessagesProvider> (0x00000000ebc5d790) 
thrown [e:\jenkins\tmp\workspace\build\src\src\hotspot\share\classfile\systemDictionary.cpp, line 256]
Event: 4.996 Thread 0x00000232c0110280 Implicit null exception at 0x00000232b461ea8d to 0x00000232b461f7b8
Event: 5.000 Thread 0x00000232c0110280 Exception <a 'java/lang/ClassNotFoundException'{0x00000000ebc860a8}: com/sun/org/apache/xerces/internal/impl/msg/spi/XMLSerializerMessagesProvider> (0x00000000ebc860a8) 
thrown [e:\jenkins\tmp\workspace\build\src\src\hotspot\share\classfile\systemDictionary.cpp, line 256]
Event: 5.003 Thread 0x00000232c0110280 Exception <a 'java/lang/ClassNotFoundException'{0x00000000ebc9e6f0}: com/sun/org/apache/xerces/internal/impl/msg/spi/XMLMessagesProvider> (0x00000000ebc9e6f0) 
thrown [e:\jenkins\tmp\workspace\build\src\src\hotspot\share\classfile\systemDictionary.cpp, line 256]
Event: 5.694 Thread 0x00000232c0110280 Exception <a 'java/lang/ClassNotFoundException'{0x00000000ebf043a0}: com/sun/org/apache/xml/internal/serializer/spi/XMLEntitiesProvider> (0x00000000ebf043a0) 
thrown [e:\jenkins\tmp\workspace\build\src\src\hotspot\share\classfile\systemDictionary.cpp, line 256]
Event: 5.859 Thread 0x00000232c0110280 Exception <a 'java/io/FileNotFoundException'{0x00000000ec10fba0}> (0x00000000ec10fba0) 
thrown [e:\jenkins\tmp\workspace\build\src\src\hotspot\share\prims\jni.cpp, line 516]
Event: 6.230 Thread 0x00000232c0110280 Exception <a 'java/lang/UnsatisfiedLinkError'{0x00000000ec25abf0}: La procédure spécifiée est introuvable.
> (0x00000000ec25abf0) 
thrown [e:\jenkins\tmp\workspace\build\src\src\hotspot\share\prims\jni.cpp, line 535]
Event: 6.242 Thread 0x00000232c0110280 Exception <a 'java/io/FileNotFoundException'{0x00000000ec266ce0}> (0x00000000ec266ce0) 
thrown [e:\jenkins\tmp\workspace\build\src\src\hotspot\share\prims\jni.cpp, line 516]
Event: 6.254 Thread 0x00000232c0110280 Exception <a 'java/io/FileNotFoundException'{0x00000000ec292728}> (0x00000000ec292728) 
thrown [e:\jenkins\tmp\workspace\build\src\src\hotspot\share\prims\jni.cpp, line 516]
Event: 6.324 Thread 0x00000232c0110280 Exception <a 'java/lang/UnsatisfiedLinkError'{0x00000000ec397ea0}: La procédure spécifiée est introuvable.
> (0x00000000ec397ea0) 
thrown [e:\jenkins\tmp\workspace\build\src\src\hotspot\share\prims\jni.cpp, line 535]
Event: 7.182 Thread 0x00000232a9e2eac0 Exception <a 'java/lang/NoSuchMethodError'{0x00000000eab9bf90}: 'void java.lang.invoke.DirectMethodHandle$Holder.invokeStatic(java.lang.Object, java.lang.Object, java.lang.Object, java.lang.Object)'> (0x00000000eab9bf90) 
thrown [e:\jenkins\tmp\workspace\build\src\src\hotspot\share\interpreter\linkResolver.cpp, line 766]
Event: 7.846 Thread 0x00000232a9e2eac0 Exception <a 'java/lang/NoSuchMethodError'{0x00000000eaee7dc8}: 'java.lang.Object java.lang.invoke.DirectMethodHandle$Holder.newInvokeSpecial(java.lang.Object, java.lang.Object, java.lang.Object, java.lang.Object, java.lang.Object)'> (0x00000000eaee7dc8) 
thrown [e:\jenkins\tmp\workspace\build\src\src\hotspot\share\interpreter\linkResolver.cpp, line 766]
Event: 8.017 Thread 0x00000232bff7d6e0 Exception <a 'java/io/FileNotFoundException'{0x00000000eb100360}> (0x00000000eb100360) 
thrown [e:\jenkins\tmp\workspace\build\src\src\hotspot\share\prims\jni.cpp, line 516]
Event: 8.216 Thread 0x00000232bff7d6e0 Exception <a 'java/lang/NoSuchMethodError'{0x00000000eb25b2e0}: 'int java.lang.invoke.DirectMethodHandle$Holder.invokeVirtual(java.lang.Object, java.lang.Object)'> (0x00000000eb25b2e0) 
thrown [e:\jenkins\tmp\workspace\build\src\src\hotspot\share\interpreter\linkResolver.cpp, line 766]
Event: 9.101 Thread 0x00000232bff7ea20 Exception <a 'java/lang/NoSuchMethodError'{0x00000000eb578168}: 'java.lang.Object java.lang.invoke.Invokers$Holder.invoke_MT(java.lang.Object, java.lang.Object, java.lang.Object)'> (0x00000000eb578168) 
thrown [e:\jenkins\tmp\workspace\build\src\src\hotspot\share\interpreter\linkResolver.cpp, line 766]
Event: 10.297 Thread 0x00000232bff7ea20 Exception <a 'java/io/FileNotFoundException'{0x00000000eb261528}> (0x00000000eb261528) 
thrown [e:\jenkins\tmp\workspace\build\src\src\hotspot\share\prims\jni.cpp, line 516]
Event: 10.298 Thread 0x00000232bff7ea20 Exception <a 'java/io/FileNotFoundException'{0x00000000eb263090}> (0x00000000eb263090) 
thrown [e:\jenkins\tmp\workspace\build\src\src\hotspot\share\prims\jni.cpp, line 516]
Event: 10.303 Thread 0x00000232bff7ea20 Exception <a 'java/lang/NoSuchMethodError'{0x00000000eb27c428}: 'void java.lang.invoke.DirectMethodHandle$Holder.invokeStaticInit(java.lang.Object, java.lang.Object, java.lang.Object)'> (0x00000000eb27c428) 
thrown [e:\jenkins\tmp\workspace\build\src\src\hotspot\share\interpreter\linkResolver.cpp, line 766]

VM Operations (20 events):
Event: 6.198 Executing VM operation: HandshakeAllThreads
Event: 6.198 Executing VM operation: HandshakeAllThreads done
Event: 7.120 Executing VM operation: ParallelGCFailedAllocation
Event: 7.123 Executing VM operation: ParallelGCFailedAllocation done
Event: 8.002 Executing VM operation: HandshakeAllThreads
Event: 8.002 Executing VM operation: HandshakeAllThreads done
Event: 8.907 Executing VM operation: HandshakeAllThreads
Event: 8.907 Executing VM operation: HandshakeAllThreads done
Event: 8.907 Executing VM operation: Cleanup
Event: 8.908 Executing VM operation: Cleanup done
Event: 9.228 Executing VM operation: HandshakeAllThreads
Event: 9.228 Executing VM operation: HandshakeAllThreads done
Event: 10.184 Executing VM operation: ParallelGCFailedAllocation
Event: 10.191 Executing VM operation: ParallelGCFailedAllocation done
Event: 10.541 Executing VM operation: ParallelGCFailedAllocation
Event: 10.549 Executing VM operation: ParallelGCFailedAllocation done
Event: 10.699 Executing VM operation: ParallelGCFailedAllocation
Event: 10.708 Executing VM operation: ParallelGCFailedAllocation done
Event: 10.888 Executing VM operation: ParallelGCFailedAllocation
Event: 10.899 Executing VM operation: ParallelGCFailedAllocation done

Events (20 events):
Event: 9.854 loading class java/util/regex/Pattern$BackRef
Event: 9.854 loading class java/util/regex/Pattern$BackRef done
Event: 9.854 loading class java/util/regex/Pattern$Curly
Event: 9.855 loading class java/util/regex/Pattern$Curly done
Event: 9.855 loading class java/util/regex/Pattern$GroupCurly
Event: 9.855 loading class java/util/regex/Pattern$GroupCurly done
Event: 9.855 loading class java/util/regex/Pattern$Dollar
Event: 9.855 loading class java/util/regex/Pattern$Dollar done
Event: 9.907 loading class java/lang/ThreadLocal$SuppliedThreadLocal
Event: 9.907 loading class java/lang/ThreadLocal$SuppliedThreadLocal done
Event: 10.042 loading class java/nio/channels/Channels
Event: 10.042 loading class java/nio/channels/Channels done
Event: 10.042 loading class java/nio/channels/Channels$ReadableByteChannelImpl
Event: 10.043 loading class java/nio/channels/Channels$ReadableByteChannelImpl done
Event: 10.043 loading class java/nio/channels/NonWritableChannelException
Event: 10.043 loading class java/nio/channels/NonWritableChannelException done
Event: 10.043 loading class sun/nio/ch/ChannelInputStream
Event: 10.076 loading class sun/nio/ch/ChannelInputStream done
Event: 10.076 loading class java/nio/channels/SelectableChannel
Event: 10.076 loading class java/nio/channels/SelectableChannel done


Dynamic libraries:
0x00007ff7d08a0000 - 0x00007ff7d08ae000 	c:\Users\timot\.vscode\extensions\redhat.java-1.7.0-win32-x64\jre\17.0.3-win32-x86_64\bin\java.exe
0x00007ff958950000 - 0x00007ff958b45000 	C:\WINDOWS\SYSTEM32\ntdll.dll
0x00007ff958850000 - 0x00007ff95890d000 	C:\WINDOWS\System32\KERNEL32.DLL
0x00007ff956060000 - 0x00007ff95632d000 	C:\WINDOWS\System32\KERNELBASE.dll
0x00007ff9568a0000 - 0x00007ff9569a0000 	C:\WINDOWS\System32\ucrtbase.dll
0x00007ff94df60000 - 0x00007ff94df78000 	c:\Users\timot\.vscode\extensions\redhat.java-1.7.0-win32-x64\jre\17.0.3-win32-x86_64\bin\jli.dll
0x00007ff957e90000 - 0x00007ff958030000 	C:\WINDOWS\System32\USER32.dll
0x00007ff9564e0000 - 0x00007ff956502000 	C:\WINDOWS\System32\win32u.dll
0x00007ff956a50000 - 0x00007ff956a7a000 	C:\WINDOWS\System32\GDI32.dll
0x00007ff956590000 - 0x00007ff95669b000 	C:\WINDOWS\System32\gdi32full.dll
0x00007ff956800000 - 0x00007ff95689d000 	C:\WINDOWS\System32\msvcp_win.dll
0x00007ff931d20000 - 0x00007ff931d39000 	c:\Users\timot\.vscode\extensions\redhat.java-1.7.0-win32-x64\jre\17.0.3-win32-x86_64\bin\VCRUNTIME140.dll
0x00007ff930e60000 - 0x00007ff9310fa000 	C:\WINDOWS\WinSxS\amd64_microsoft.windows.common-controls_6595b64144ccf1df_6.0.19041.1110_none_60b5254171f9507e\COMCTL32.dll
0x00007ff958030000 - 0x00007ff9580ce000 	C:\WINDOWS\System32\msvcrt.dll
0x00007ff958340000 - 0x00007ff958370000 	C:\WINDOWS\System32\IMM32.DLL
0x00007ff9517a0000 - 0x00007ff9517ac000 	c:\Users\timot\.vscode\extensions\redhat.java-1.7.0-win32-x64\jre\17.0.3-win32-x86_64\bin\vcruntime140_1.dll
0x00007ff9217a0000 - 0x00007ff921831000 	c:\Users\timot\.vscode\extensions\redhat.java-1.7.0-win32-x64\jre\17.0.3-win32-x86_64\bin\msvcp140.dll
0x00007ff90af80000 - 0x00007ff90bbc8000 	c:\Users\timot\.vscode\extensions\redhat.java-1.7.0-win32-x64\jre\17.0.3-win32-x86_64\bin\server\jvm.dll
0x00007ff956a80000 - 0x00007ff956b2e000 	C:\WINDOWS\System32\ADVAPI32.dll
0x00007ff957740000 - 0x00007ff9577dc000 	C:\WINDOWS\System32\sechost.dll
0x00007ff957b40000 - 0x00007ff957c65000 	C:\WINDOWS\System32\RPCRT4.dll
0x00007ff956b30000 - 0x00007ff956b38000 	C:\WINDOWS\System32\PSAPI.DLL
0x00007ff942960000 - 0x00007ff942969000 	C:\WINDOWS\SYSTEM32\WSOCK32.dll
0x00007ff9581c0000 - 0x00007ff95822b000 	C:\WINDOWS\System32\WS2_32.dll
0x00007ff949720000 - 0x00007ff949747000 	C:\WINDOWS\SYSTEM32\WINMM.dll
0x00007ff950d50000 - 0x00007ff950d5a000 	C:\WINDOWS\SYSTEM32\VERSION.dll
0x00007ff9548b0000 - 0x00007ff9548c2000 	C:\WINDOWS\SYSTEM32\kernel.appcore.dll
0x00007ff951770000 - 0x00007ff95177a000 	c:\Users\timot\.vscode\extensions\redhat.java-1.7.0-win32-x64\jre\17.0.3-win32-x86_64\bin\jimage.dll
0x00007ff953cd0000 - 0x00007ff953eb4000 	C:\WINDOWS\SYSTEM32\DBGHELP.DLL
0x00007ff948a30000 - 0x00007ff948a5c000 	C:\WINDOWS\SYSTEM32\dbgcore.DLL
0x00007ff9563e0000 - 0x00007ff956462000 	C:\WINDOWS\System32\bcryptPrimitives.dll
0x00007ff92d860000 - 0x00007ff92d885000 	c:\Users\timot\.vscode\extensions\redhat.java-1.7.0-win32-x64\jre\17.0.3-win32-x86_64\bin\java.dll
0x00007ff931580000 - 0x00007ff931598000 	c:\Users\timot\.vscode\extensions\redhat.java-1.7.0-win32-x64\jre\17.0.3-win32-x86_64\bin\zip.dll
0x00007ff956ea0000 - 0x00007ff9575e4000 	C:\WINDOWS\System32\SHELL32.dll
0x00007ff954100000 - 0x00007ff954894000 	C:\WINDOWS\SYSTEM32\windows.storage.dll
0x00007ff956b40000 - 0x00007ff956e94000 	C:\WINDOWS\System32\combase.dll
0x00007ff955910000 - 0x00007ff95593c000 	C:\WINDOWS\SYSTEM32\Wldp.dll
0x00007ff9569a0000 - 0x00007ff956a4d000 	C:\WINDOWS\System32\SHCORE.dll
0x00007ff9582e0000 - 0x00007ff958335000 	C:\WINDOWS\System32\shlwapi.dll
0x00007ff955fa0000 - 0x00007ff955fbf000 	C:\WINDOWS\SYSTEM32\profapi.dll
0x00007ff92d840000 - 0x00007ff92d859000 	C:\Users\timot\.vscode\extensions\redhat.java-1.7.0-win32-x64\jre\17.0.3-win32-x86_64\bin\net.dll
0x00007ff94e9b0000 - 0x00007ff94eaba000 	C:\WINDOWS\SYSTEM32\WINHTTP.dll
0x00007ff9556f0000 - 0x00007ff95575a000 	C:\WINDOWS\system32\mswsock.dll
0x00007ff92d820000 - 0x00007ff92d835000 	C:\Users\timot\.vscode\extensions\redhat.java-1.7.0-win32-x64\jre\17.0.3-win32-x86_64\bin\nio.dll
0x00007ff9559c0000 - 0x00007ff9559d8000 	C:\WINDOWS\SYSTEM32\CRYPTSP.dll
0x00007ff955090000 - 0x00007ff9550c4000 	C:\WINDOWS\system32\rsaenh.dll
0x00007ff956560000 - 0x00007ff956587000 	C:\WINDOWS\System32\bcrypt.dll
0x00007ff955f60000 - 0x00007ff955f8e000 	C:\WINDOWS\SYSTEM32\USERENV.dll
0x00007ff955880000 - 0x00007ff95588c000 	C:\WINDOWS\SYSTEM32\CRYPTBASE.dll
0x00007ff955400000 - 0x00007ff95543b000 	C:\WINDOWS\SYSTEM32\IPHLPAPI.DLL
0x00007ff9577e0000 - 0x00007ff9577e8000 	C:\WINDOWS\System32\NSI.dll
0x00007ff94f740000 - 0x00007ff94f757000 	C:\WINDOWS\SYSTEM32\dhcpcsvc6.DLL
0x00007ff94f6a0000 - 0x00007ff94f6bd000 	C:\WINDOWS\SYSTEM32\dhcpcsvc.DLL
0x00007ff955440000 - 0x00007ff95550b000 	C:\WINDOWS\SYSTEM32\DNSAPI.dll
0x00007ff92c6d0000 - 0x00007ff92c70e000 	C:\Users\timot\AppData\Roaming\Code\User\globalStorage\redhat.java\1.7.0\config_ss_win\org.eclipse.equinox.launcher\org.eclipse.equinox.launcher.win32.win32.x86_64_1.2.400.v20211117-0650\eclipse_11602.dll
0x00007ff957c70000 - 0x00007ff957d9a000 	C:\WINDOWS\System32\ole32.dll
0x00007ff950bc0000 - 0x00007ff950bd0000 	c:\Users\timot\.vscode\extensions\redhat.java-1.7.0-win32-x64\jre\17.0.3-win32-x86_64\bin\verify.dll
0x00007ff920ad0000 - 0x00007ff920b14000 	C:\Users\timot\AppData\Local\Temp\jna-110364797\jna8562589613375385739.dll

dbghelp: loaded successfully - version: 4.0.5 - missing functions: none
symbol engine: initialized successfully - sym options: 0x614 - pdb path: .;c:\Users\timot\.vscode\extensions\redhat.java-1.7.0-win32-x64\jre\17.0.3-win32-x86_64\bin;C:\WINDOWS\SYSTEM32;C:\WINDOWS\WinSxS\amd64_microsoft.windows.common-controls_6595b64144ccf1df_6.0.19041.1110_none_60b5254171f9507e;c:\Users\timot\.vscode\extensions\redhat.java-1.7.0-win32-x64\jre\17.0.3-win32-x86_64\bin\server;C:\Users\timot\AppData\Roaming\Code\User\globalStorage\redhat.java\1.7.0\config_ss_win\org.eclipse.equinox.launcher\org.eclipse.equinox.launcher.win32.win32.x86_64_1.2.400.v20211117-0650;C:\Users\timot\AppData\Local\Temp\jna-110364797

VM Arguments:
jvm_args: --add-modules=ALL-SYSTEM --add-opens=java.base/java.util=ALL-UNNAMED --add-opens=java.base/java.lang=ALL-UNNAMED --add-opens=java.base/sun.nio.fs=ALL-UNNAMED -Declipse.application=org.eclipse.jdt.ls.core.id1 -Dosgi.bundles.defaultStartLevel=4 -Declipse.product=org.eclipse.jdt.ls.core.product -Djava.import.generatesMetadataFilesAtProjectRoot=false -Dfile.encoding=utf8 -DwatchParentProcess=false -XX:+UseParallelGC -XX:GCTimeRatio=4 -XX:AdaptiveSizePolicyWeight=90 -Dsun.zip.disableMemoryMapping=true -Xmx1G -Xms100m 
java_command: c:\Users\timot\.vscode\extensions\redhat.java-1.7.0-win32-x64\server\plugins\org.eclipse.equinox.launcher_1.6.400.v20210924-0641.jar -configuration c:\Users\timot\AppData\Roaming\Code\User\globalStorage\redhat.java\1.7.0\config_ss_win -data c:\Users\timot\AppData\Roaming\Code\User\workspaceStorage\61590eb05be9bdaa79b5291ad44b48cc\redhat.java\ss_ws
java_class_path (initial): c:\Users\timot\.vscode\extensions\redhat.java-1.7.0-win32-x64\server\plugins\org.eclipse.equinox.launcher_1.6.400.v20210924-0641.jar
Launcher Type: SUN_STANDARD

[Global flags]
    uintx AdaptiveSizePolicyWeight                 = 90                                        {product} {command line}
     intx CICompilerCount                          = 3                                         {product} {ergonomic}
    uintx GCTimeRatio                              = 4                                         {product} {command line}
   size_t InitialHeapSize                          = 104857600                                 {product} {command line}
   size_t MaxHeapSize                              = 1073741824                                {product} {command line}
   size_t MaxNewSize                               = 357564416                                 {product} {ergonomic}
   size_t MinHeapDeltaBytes                        = 524288                                    {product} {ergonomic}
   size_t MinHeapSize                              = 104857600                                 {product} {command line}
   size_t NewSize                                  = 34603008                                  {product} {ergonomic}
    uintx NonNMethodCodeHeapSize                   = 5832780                                {pd product} {ergonomic}
    uintx NonProfiledCodeHeapSize                  = 122912730                              {pd product} {ergonomic}
   size_t OldSize                                  = 70254592                                  {product} {ergonomic}
    uintx ProfiledCodeHeapSize                     = 122912730                              {pd product} {ergonomic}
    uintx ReservedCodeCacheSize                    = 251658240                              {pd product} {ergonomic}
     bool SegmentedCodeCache                       = true                                      {product} {ergonomic}
   size_t SoftMaxHeapSize                          = 1073741824                             {manageable} {ergonomic}
     bool UseCompressedClassPointers               = true                           {product lp64_product} {ergonomic}
     bool UseCompressedOops                        = true                           {product lp64_product} {ergonomic}
     bool UseLargePagesIndividualAllocation        = false                                  {pd product} {ergonomic}
     bool UseParallelGC                            = true                                      {product} {command line}

Logging:
Log output configuration:
 #0: stdout all=warning uptime,level,tags
 #1: stderr all=off uptime,level,tags

Environment Variables:
CLASSPATH=..\class
PATH=C:\Program Files\Java\jdk-16.0.2\bin;C:\Program Files\Common Files\Oracle\Java\javapath;C:\Program Files (x86)\Common Files\Oracle\Java\javapath;C:\oracle\app\oracle\product\11.2.0\server\bin;C:\WINDOWS\system32;C:\WINDOWS;C:\WINDOWS\System32\Wbem;C:\WINDOWS\System32\WindowsPowerShell\v1.0\;C:\WINDOWS\System32\OpenSSH\;C:\Program Files\Git\cmd;C:\Program Files\MySQL\MySQL Shell 8.0\bin\;C:\Users\timot\AppData\Local\Microsoft\WindowsApps;C:\Users\timot\AppData\Local\Programs\Microsoft VS Code\bin;
USERNAME=timot
OS=Windows_NT
PROCESSOR_IDENTIFIER=Intel64 Family 6 Model 142 Stepping 9, GenuineIntel



---------------  S Y S T E M  ---------------

OS:
 Windows 10 , 64 bit Build 19041 (10.0.19041.1706)
OS uptime: 26 days 2:36 hours
Hyper-V role detected

CPU: total 4 (initial active 4) (2 cores per cpu, 2 threads per core) family 6 model 142 stepping 9 microcode 0xde, cx8, cmov, fxsr, ht, mmx, 3dnowpref, sse, sse2, sse3, ssse3, sse4.1, sse4.2, popcnt, lzcnt, tsc, tscinvbit, avx, avx2, aes, erms, clmul, bmi1, bmi2, adx, fma, vzeroupper, clflush, clflushopt, hv

Memory: 4k page, system-wide physical 4007M (319M free)
TotalPageFile size 16295M (AvailPageFile size 5M)
current process WorkingSet (physical memory assigned to process): 147M, peak: 147M
current process commit charge ("private bytes"): 233M, peak: 235M

vm_info: OpenJDK 64-Bit Server VM (17.0.3+7) for windows-amd64 JRE (17.0.3+7), built on Apr 19 2022 16:55:35 by "" with MS VC++ 16.7 (VS2019)

END.
